INFO - 2024-02-19 01:16:57 --> Session: Class initialized using 'CodeIgniter\Session\Handlers\FileHandler' driver.
INFO - 2024-02-19 01:17:10 --> Session: Class initialized using 'CodeIgniter\Session\Handlers\FileHandler' driver.
INFO - 2024-02-19 01:17:10 --> Session: Class initialized using 'CodeIgniter\Session\Handlers\FileHandler' driver.
INFO - 2024-02-19 01:17:19 --> Session: Class initialized using 'CodeIgniter\Session\Handlers\FileHandler' driver.
INFO - 2024-02-19 01:17:31 --> Session: Class initialized using 'CodeIgniter\Session\Handlers\FileHandler' driver.
CRITICAL - 2024-02-19 01:18:16 --> ArgumentCountError: Too few arguments to function App\Controllers\MonitoringControllers::detail_mondriver(), 0 passed in C:\xampp\htdocs\sisi\project-booking-sisi\system\CodeIgniter.php on line 941 and exactly 1 expected
in APPPATH\Controllers\MonitoringControllers.php on line 38.
 1 SYSTEMPATH\CodeIgniter.php(941): App\Controllers\MonitoringControllers->detail_mondriver()
 2 SYSTEMPATH\CodeIgniter.php(502): CodeIgniter\CodeIgniter->runController(Object(App\Controllers\MonitoringControllers))
 3 SYSTEMPATH\CodeIgniter.php(361): CodeIgniter\CodeIgniter->handleRequest(null, Object(Config\Cache), false)
 4 FCPATH\index.php(79): CodeIgniter\CodeIgniter->run()
 5 SYSTEMPATH\Commands\Server\rewrite.php(47): require_once('C:\\xampp\\htdocs\\sisi\\project-booking-sisi\\public\\index.php')
CRITICAL - 2024-02-19 01:23:07 --> ArgumentCountError: Too few arguments to function App\Controllers\MonitoringControllers::detail_mondriver(), 0 passed in C:\xampp\htdocs\sisi\project-booking-sisi\system\CodeIgniter.php on line 941 and exactly 1 expected
in APPPATH\Controllers\MonitoringControllers.php on line 38.
 1 SYSTEMPATH\CodeIgniter.php(941): App\Controllers\MonitoringControllers->detail_mondriver()
 2 SYSTEMPATH\CodeIgniter.php(502): CodeIgniter\CodeIgniter->runController(Object(App\Controllers\MonitoringControllers))
 3 SYSTEMPATH\CodeIgniter.php(361): CodeIgniter\CodeIgniter->handleRequest(null, Object(Config\Cache), false)
 4 FCPATH\index.php(79): CodeIgniter\CodeIgniter->run()
 5 SYSTEMPATH\Commands\Server\rewrite.php(47): require_once('C:\\xampp\\htdocs\\sisi\\project-booking-sisi\\public\\index.php')
CRITICAL - 2024-02-19 01:33:26 --> ArgumentCountError: Too few arguments to function App\Controllers\MonitoringControllers::detail_mondriver(), 0 passed in C:\xampp\htdocs\sisi\project-booking-sisi\system\CodeIgniter.php on line 941 and exactly 1 expected
in APPPATH\Controllers\MonitoringControllers.php on line 38.
 1 SYSTEMPATH\CodeIgniter.php(941): App\Controllers\MonitoringControllers->detail_mondriver()
 2 SYSTEMPATH\CodeIgniter.php(502): CodeIgniter\CodeIgniter->runController(Object(App\Controllers\MonitoringControllers))
 3 SYSTEMPATH\CodeIgniter.php(361): CodeIgniter\CodeIgniter->handleRequest(null, Object(Config\Cache), false)
 4 FCPATH\index.php(79): CodeIgniter\CodeIgniter->run()
 5 SYSTEMPATH\Commands\Server\rewrite.php(47): require_once('C:\\xampp\\htdocs\\sisi\\project-booking-sisi\\public\\index.php')
CRITICAL - 2024-02-19 01:39:32 --> ErrorException: Undefined variable $bookdriver
in APPPATH\Views\admin\detail_mondriver.php on line 17.
 1 APPPATH\Views\admin\detail_mondriver.php(17): CodeIgniter\Debug\Exceptions->errorHandler(2, 'Undefined variable $bookdriver', 'C:\\xampp\\htdocs\\sisi\\project-booking-sisi\\app\\Views\\admin\\detail_mondriver.php', 17)
 2 SYSTEMPATH\View\View.php(228): include('C:\\xampp\\htdocs\\sisi\\project-booking-sisi\\app\\Views\\admin\\detail_mondriver.php')
 3 SYSTEMPATH\View\View.php(231): CodeIgniter\View\View->CodeIgniter\View\{closure}()
 4 SYSTEMPATH\Common.php(1178): CodeIgniter\View\View->render('admin/detail_mondriver', [], true)
 5 APPPATH\Controllers\MonitoringControllers.php(43): view('admin/detail_mondriver', [...])
 6 SYSTEMPATH\CodeIgniter.php(941): App\Controllers\MonitoringControllers->detail_mondriver('BD_009')
 7 SYSTEMPATH\CodeIgniter.php(502): CodeIgniter\CodeIgniter->runController(Object(App\Controllers\MonitoringControllers))
 8 SYSTEMPATH\CodeIgniter.php(361): CodeIgniter\CodeIgniter->handleRequest(null, Object(Config\Cache), false)
 9 FCPATH\index.php(79): CodeIgniter\CodeIgniter->run()
10 SYSTEMPATH\Commands\Server\rewrite.php(47): require_once('C:\\xampp\\htdocs\\sisi\\project-booking-sisi\\public\\index.php')
CRITICAL - 2024-02-19 01:40:10 --> ErrorException: Undefined variable $bookdriver
in APPPATH\Views\admin\detail_mondriver.php on line 17.
 1 APPPATH\Views\admin\detail_mondriver.php(17): CodeIgniter\Debug\Exceptions->errorHandler(2, 'Undefined variable $bookdriver', 'C:\\xampp\\htdocs\\sisi\\project-booking-sisi\\app\\Views\\admin\\detail_mondriver.php', 17)
 2 SYSTEMPATH\View\View.php(228): include('C:\\xampp\\htdocs\\sisi\\project-booking-sisi\\app\\Views\\admin\\detail_mondriver.php')
 3 SYSTEMPATH\View\View.php(231): CodeIgniter\View\View->CodeIgniter\View\{closure}()
 4 SYSTEMPATH\Common.php(1178): CodeIgniter\View\View->render('admin/detail_mondriver', [], true)
 5 APPPATH\Controllers\MonitoringControllers.php(43): view('admin/detail_mondriver', [...])
 6 SYSTEMPATH\CodeIgniter.php(941): App\Controllers\MonitoringControllers->detail_mondriver('BD_009')
 7 SYSTEMPATH\CodeIgniter.php(502): CodeIgniter\CodeIgniter->runController(Object(App\Controllers\MonitoringControllers))
 8 SYSTEMPATH\CodeIgniter.php(361): CodeIgniter\CodeIgniter->handleRequest(null, Object(Config\Cache), false)
 9 FCPATH\index.php(79): CodeIgniter\CodeIgniter->run()
10 SYSTEMPATH\Commands\Server\rewrite.php(47): require_once('C:\\xampp\\htdocs\\sisi\\project-booking-sisi\\public\\index.php')
CRITICAL - 2024-02-19 01:40:12 --> ErrorException: Undefined variable $data
in APPPATH\Views\admin\mondriver.php on line 30.
 1 APPPATH\Views\admin\mondriver.php(30): CodeIgniter\Debug\Exceptions->errorHandler(2, 'Undefined variable $data', 'C:\\xampp\\htdocs\\sisi\\project-booking-sisi\\app\\Views\\admin\\mondriver.php', 30)
 2 SYSTEMPATH\View\View.php(228): include('C:\\xampp\\htdocs\\sisi\\project-booking-sisi\\app\\Views\\admin\\mondriver.php')
 3 SYSTEMPATH\View\View.php(231): CodeIgniter\View\View->CodeIgniter\View\{closure}()
 4 SYSTEMPATH\Common.php(1178): CodeIgniter\View\View->render('admin/mondriver', [], true)
 5 APPPATH\Controllers\MonitoringControllers.php(35): view('admin/mondriver', [...])
 6 SYSTEMPATH\CodeIgniter.php(941): App\Controllers\MonitoringControllers->mondriver()
 7 SYSTEMPATH\CodeIgniter.php(502): CodeIgniter\CodeIgniter->runController(Object(App\Controllers\MonitoringControllers))
 8 SYSTEMPATH\CodeIgniter.php(361): CodeIgniter\CodeIgniter->handleRequest(null, Object(Config\Cache), false)
 9 FCPATH\index.php(79): CodeIgniter\CodeIgniter->run()
10 SYSTEMPATH\Commands\Server\rewrite.php(47): require_once('C:\\xampp\\htdocs\\sisi\\project-booking-sisi\\public\\index.php')
CRITICAL - 2024-02-19 01:40:32 --> ErrorException: Undefined variable $bookdriver
in APPPATH\Views\admin\detail_mondriver.php on line 17.
 1 APPPATH\Views\admin\detail_mondriver.php(17): CodeIgniter\Debug\Exceptions->errorHandler(2, 'Undefined variable $bookdriver', 'C:\\xampp\\htdocs\\sisi\\project-booking-sisi\\app\\Views\\admin\\detail_mondriver.php', 17)
 2 SYSTEMPATH\View\View.php(228): include('C:\\xampp\\htdocs\\sisi\\project-booking-sisi\\app\\Views\\admin\\detail_mondriver.php')
 3 SYSTEMPATH\View\View.php(231): CodeIgniter\View\View->CodeIgniter\View\{closure}()
 4 SYSTEMPATH\Common.php(1178): CodeIgniter\View\View->render('admin/detail_mondriver', [], true)
 5 APPPATH\Controllers\MonitoringControllers.php(43): view('admin/detail_mondriver', [...])
 6 SYSTEMPATH\CodeIgniter.php(941): App\Controllers\MonitoringControllers->detail_mondriver('BD_009')
 7 SYSTEMPATH\CodeIgniter.php(502): CodeIgniter\CodeIgniter->runController(Object(App\Controllers\MonitoringControllers))
 8 SYSTEMPATH\CodeIgniter.php(361): CodeIgniter\CodeIgniter->handleRequest(null, Object(Config\Cache), false)
 9 FCPATH\index.php(79): CodeIgniter\CodeIgniter->run()
10 SYSTEMPATH\Commands\Server\rewrite.php(47): require_once('C:\\xampp\\htdocs\\sisi\\project-booking-sisi\\public\\index.php')
CRITICAL - 2024-02-19 01:42:11 --> ErrorException: Undefined variable $bookdriver
in APPPATH\Views\admin\detail_mondriver.php on line 33.
 1 APPPATH\Views\admin\detail_mondriver.php(33): CodeIgniter\Debug\Exceptions->errorHandler(2, 'Undefined variable $bookdriver', 'C:\\xampp\\htdocs\\sisi\\project-booking-sisi\\app\\Views\\admin\\detail_mondriver.php', 33)
 2 SYSTEMPATH\View\View.php(228): include('C:\\xampp\\htdocs\\sisi\\project-booking-sisi\\app\\Views\\admin\\detail_mondriver.php')
 3 SYSTEMPATH\View\View.php(231): CodeIgniter\View\View->CodeIgniter\View\{closure}()
 4 SYSTEMPATH\Common.php(1178): CodeIgniter\View\View->render('admin/detail_mondriver', [], true)
 5 APPPATH\Controllers\MonitoringControllers.php(43): view('admin/detail_mondriver', [...])
 6 SYSTEMPATH\CodeIgniter.php(941): App\Controllers\MonitoringControllers->detail_mondriver('BD_009')
 7 SYSTEMPATH\CodeIgniter.php(502): CodeIgniter\CodeIgniter->runController(Object(App\Controllers\MonitoringControllers))
 8 SYSTEMPATH\CodeIgniter.php(361): CodeIgniter\CodeIgniter->handleRequest(null, Object(Config\Cache), false)
 9 FCPATH\index.php(79): CodeIgniter\CodeIgniter->run()
10 SYSTEMPATH\Commands\Server\rewrite.php(47): require_once('C:\\xampp\\htdocs\\sisi\\project-booking-sisi\\public\\index.php')
CRITICAL - 2024-02-19 01:43:59 --> ErrorException: Undefined array key "driver"
in APPPATH\Views\admin\detail_mondriver.php on line 37.
 1 APPPATH\Views\admin\detail_mondriver.php(37): CodeIgniter\Debug\Exceptions->errorHandler(2, 'Undefined array key "driver"', 'C:\\xampp\\htdocs\\sisi\\project-booking-sisi\\app\\Views\\admin\\detail_mondriver.php', 37)
 2 SYSTEMPATH\View\View.php(228): include('C:\\xampp\\htdocs\\sisi\\project-booking-sisi\\app\\Views\\admin\\detail_mondriver.php')
 3 SYSTEMPATH\View\View.php(231): CodeIgniter\View\View->CodeIgniter\View\{closure}()
 4 SYSTEMPATH\Common.php(1178): CodeIgniter\View\View->render('admin/detail_mondriver', [], true)
 5 APPPATH\Controllers\MonitoringControllers.php(43): view('admin/detail_mondriver', [...])
 6 SYSTEMPATH\CodeIgniter.php(941): App\Controllers\MonitoringControllers->detail_mondriver('BD_009')
 7 SYSTEMPATH\CodeIgniter.php(502): CodeIgniter\CodeIgniter->runController(Object(App\Controllers\MonitoringControllers))
 8 SYSTEMPATH\CodeIgniter.php(361): CodeIgniter\CodeIgniter->handleRequest(null, Object(Config\Cache), false)
 9 FCPATH\index.php(79): CodeIgniter\CodeIgniter->run()
10 SYSTEMPATH\Commands\Server\rewrite.php(47): require_once('C:\\xampp\\htdocs\\sisi\\project-booking-sisi\\public\\index.php')
CRITICAL - 2024-02-19 01:46:40 --> ErrorException: Undefined array key "nama_driver"
in APPPATH\Views\admin\detail_mondriver.php on line 37.
 1 APPPATH\Views\admin\detail_mondriver.php(37): CodeIgniter\Debug\Exceptions->errorHandler(2, 'Undefined array key "nama_driver"', 'C:\\xampp\\htdocs\\sisi\\project-booking-sisi\\app\\Views\\admin\\detail_mondriver.php', 37)
 2 SYSTEMPATH\View\View.php(228): include('C:\\xampp\\htdocs\\sisi\\project-booking-sisi\\app\\Views\\admin\\detail_mondriver.php')
 3 SYSTEMPATH\View\View.php(231): CodeIgniter\View\View->CodeIgniter\View\{closure}()
 4 SYSTEMPATH\Common.php(1178): CodeIgniter\View\View->render('admin/detail_mondriver', [], true)
 5 APPPATH\Controllers\MonitoringControllers.php(43): view('admin/detail_mondriver', [...])
 6 SYSTEMPATH\CodeIgniter.php(941): App\Controllers\MonitoringControllers->detail_mondriver('BD_009')
 7 SYSTEMPATH\CodeIgniter.php(502): CodeIgniter\CodeIgniter->runController(Object(App\Controllers\MonitoringControllers))
 8 SYSTEMPATH\CodeIgniter.php(361): CodeIgniter\CodeIgniter->handleRequest(null, Object(Config\Cache), false)
 9 FCPATH\index.php(79): CodeIgniter\CodeIgniter->run()
10 SYSTEMPATH\Commands\Server\rewrite.php(47): require_once('C:\\xampp\\htdocs\\sisi\\project-booking-sisi\\public\\index.php')
CRITICAL - 2024-02-19 02:09:04 --> ErrorException: Undefined array key "jabatan"
in APPPATH\Views\admin\User.php on line 59.
 1 APPPATH\Views\admin\User.php(59): CodeIgniter\Debug\Exceptions->errorHandler(2, 'Undefined array key "jabatan"', 'C:\\xampp\\htdocs\\sisi\\project-booking-sisi\\app\\Views\\admin\\User.php', 59)
 2 SYSTEMPATH\View\View.php(228): include('C:\\xampp\\htdocs\\sisi\\project-booking-sisi\\app\\Views\\admin\\User.php')
 3 SYSTEMPATH\View\View.php(231): CodeIgniter\View\View->CodeIgniter\View\{closure}()
 4 SYSTEMPATH\Common.php(1178): CodeIgniter\View\View->render('admin/User', [], true)
 5 APPPATH\Controllers\Auth.php(24): view('admin/User', [...])
 6 SYSTEMPATH\CodeIgniter.php(941): App\Controllers\Auth->index()
 7 SYSTEMPATH\CodeIgniter.php(502): CodeIgniter\CodeIgniter->runController(Object(App\Controllers\Auth))
 8 SYSTEMPATH\CodeIgniter.php(361): CodeIgniter\CodeIgniter->handleRequest(null, Object(Config\Cache), false)
 9 FCPATH\index.php(79): CodeIgniter\CodeIgniter->run()
10 SYSTEMPATH\Commands\Server\rewrite.php(47): require_once('C:\\xampp\\htdocs\\sisi\\project-booking-sisi\\public\\index.php')
CRITICAL - 2024-02-19 02:09:05 --> ErrorException: Undefined array key "jabatan"
in APPPATH\Views\admin\User.php on line 59.
 1 APPPATH\Views\admin\User.php(59): CodeIgniter\Debug\Exceptions->errorHandler(2, 'Undefined array key "jabatan"', 'C:\\xampp\\htdocs\\sisi\\project-booking-sisi\\app\\Views\\admin\\User.php', 59)
 2 SYSTEMPATH\View\View.php(228): include('C:\\xampp\\htdocs\\sisi\\project-booking-sisi\\app\\Views\\admin\\User.php')
 3 SYSTEMPATH\View\View.php(231): CodeIgniter\View\View->CodeIgniter\View\{closure}()
 4 SYSTEMPATH\Common.php(1178): CodeIgniter\View\View->render('admin/User', [], true)
 5 APPPATH\Controllers\Auth.php(24): view('admin/User', [...])
 6 SYSTEMPATH\CodeIgniter.php(941): App\Controllers\Auth->index()
 7 SYSTEMPATH\CodeIgniter.php(502): CodeIgniter\CodeIgniter->runController(Object(App\Controllers\Auth))
 8 SYSTEMPATH\CodeIgniter.php(361): CodeIgniter\CodeIgniter->handleRequest(null, Object(Config\Cache), false)
 9 FCPATH\index.php(79): CodeIgniter\CodeIgniter->run()
10 SYSTEMPATH\Commands\Server\rewrite.php(47): require_once('C:\\xampp\\htdocs\\sisi\\project-booking-sisi\\public\\index.php')
