INFO - 2024-02-17 07:08:17 --> Session: Class initialized using 'CodeIgniter\Session\Handlers\FileHandler' driver.
INFO - 2024-02-17 07:08:19 --> Session: Class initialized using 'CodeIgniter\Session\Handlers\FileHandler' driver.
INFO - 2024-02-17 07:47:44 --> Session: Class initialized using 'CodeIgniter\Session\Handlers\FileHandler' driver.
CRITICAL - 2024-02-17 07:48:02 --> ErrorException: Undefined variable $bookings
in APPPATH\Views\user\dashboard.php on line 116.
 1 APPPATH\Views\user\dashboard.php(116): CodeIgniter\Debug\Exceptions->errorHandler(2, 'Undefined variable $bookings', 'C:\\xampp\\htdocs\\sisi\\project-booking-sisi\\app\\Views\\user\\dashboard.php', 116)
 2 SYSTEMPATH\View\View.php(228): include('C:\\xampp\\htdocs\\sisi\\project-booking-sisi\\app\\Views\\user\\dashboard.php')
 3 SYSTEMPATH\View\View.php(231): CodeIgniter\View\View->CodeIgniter\View\{closure}()
 4 SYSTEMPATH\Common.php(1178): CodeIgniter\View\View->render('user/dashboard', [], true)
 5 APPPATH\Controllers\RuanganControllers.php(131): view('user/dashboard')
 6 SYSTEMPATH\CodeIgniter.php(941): App\Controllers\RuanganControllers->booking_ruangan()
 7 SYSTEMPATH\CodeIgniter.php(502): CodeIgniter\CodeIgniter->runController(Object(App\Controllers\RuanganControllers))
 8 SYSTEMPATH\CodeIgniter.php(361): CodeIgniter\CodeIgniter->handleRequest(null, Object(Config\Cache), false)
 9 FCPATH\index.php(79): CodeIgniter\CodeIgniter->run()
10 SYSTEMPATH\Commands\Server\rewrite.php(47): require_once('C:\\xampp\\htdocs\\sisi\\project-booking-sisi\\public\\index.php')
CRITICAL - 2024-02-17 07:49:06 --> ErrorException: Undefined variable $bookings
in APPPATH\Views\user\dashboard.php on line 116.
 1 APPPATH\Views\user\dashboard.php(116): CodeIgniter\Debug\Exceptions->errorHandler(2, 'Undefined variable $bookings', 'C:\\xampp\\htdocs\\sisi\\project-booking-sisi\\app\\Views\\user\\dashboard.php', 116)
 2 SYSTEMPATH\View\View.php(228): include('C:\\xampp\\htdocs\\sisi\\project-booking-sisi\\app\\Views\\user\\dashboard.php')
 3 SYSTEMPATH\View\View.php(231): CodeIgniter\View\View->CodeIgniter\View\{closure}()
 4 SYSTEMPATH\Common.php(1178): CodeIgniter\View\View->render('user/dashboard', [], true)
 5 APPPATH\Controllers\RuanganControllers.php(131): view('user/dashboard')
 6 SYSTEMPATH\CodeIgniter.php(941): App\Controllers\RuanganControllers->booking_ruangan()
 7 SYSTEMPATH\CodeIgniter.php(502): CodeIgniter\CodeIgniter->runController(Object(App\Controllers\RuanganControllers))
 8 SYSTEMPATH\CodeIgniter.php(361): CodeIgniter\CodeIgniter->handleRequest(null, Object(Config\Cache), false)
 9 FCPATH\index.php(79): CodeIgniter\CodeIgniter->run()
10 SYSTEMPATH\Commands\Server\rewrite.php(47): require_once('C:\\xampp\\htdocs\\sisi\\project-booking-sisi\\public\\index.php')
CRITICAL - 2024-02-17 07:49:07 --> ErrorException: Undefined variable $bookings
in APPPATH\Views\user\dashboard.php on line 116.
 1 APPPATH\Views\user\dashboard.php(116): CodeIgniter\Debug\Exceptions->errorHandler(2, 'Undefined variable $bookings', 'C:\\xampp\\htdocs\\sisi\\project-booking-sisi\\app\\Views\\user\\dashboard.php', 116)
 2 SYSTEMPATH\View\View.php(228): include('C:\\xampp\\htdocs\\sisi\\project-booking-sisi\\app\\Views\\user\\dashboard.php')
 3 SYSTEMPATH\View\View.php(231): CodeIgniter\View\View->CodeIgniter\View\{closure}()
 4 SYSTEMPATH\Common.php(1178): CodeIgniter\View\View->render('user/dashboard', [], true)
 5 APPPATH\Controllers\RuanganControllers.php(131): view('user/dashboard')
 6 SYSTEMPATH\CodeIgniter.php(941): App\Controllers\RuanganControllers->booking_ruangan()
 7 SYSTEMPATH\CodeIgniter.php(502): CodeIgniter\CodeIgniter->runController(Object(App\Controllers\RuanganControllers))
 8 SYSTEMPATH\CodeIgniter.php(361): CodeIgniter\CodeIgniter->handleRequest(null, Object(Config\Cache), false)
 9 FCPATH\index.php(79): CodeIgniter\CodeIgniter->run()
10 SYSTEMPATH\Commands\Server\rewrite.php(47): require_once('C:\\xampp\\htdocs\\sisi\\project-booking-sisi\\public\\index.php')
CRITICAL - 2024-02-17 07:49:08 --> ErrorException: Undefined variable $bookings
in APPPATH\Views\user\dashboard.php on line 116.
 1 APPPATH\Views\user\dashboard.php(116): CodeIgniter\Debug\Exceptions->errorHandler(2, 'Undefined variable $bookings', 'C:\\xampp\\htdocs\\sisi\\project-booking-sisi\\app\\Views\\user\\dashboard.php', 116)
 2 SYSTEMPATH\View\View.php(228): include('C:\\xampp\\htdocs\\sisi\\project-booking-sisi\\app\\Views\\user\\dashboard.php')
 3 SYSTEMPATH\View\View.php(231): CodeIgniter\View\View->CodeIgniter\View\{closure}()
 4 SYSTEMPATH\Common.php(1178): CodeIgniter\View\View->render('user/dashboard', [], true)
 5 APPPATH\Controllers\RuanganControllers.php(131): view('user/dashboard')
 6 SYSTEMPATH\CodeIgniter.php(941): App\Controllers\RuanganControllers->booking_ruangan()
 7 SYSTEMPATH\CodeIgniter.php(502): CodeIgniter\CodeIgniter->runController(Object(App\Controllers\RuanganControllers))
 8 SYSTEMPATH\CodeIgniter.php(361): CodeIgniter\CodeIgniter->handleRequest(null, Object(Config\Cache), false)
 9 FCPATH\index.php(79): CodeIgniter\CodeIgniter->run()
10 SYSTEMPATH\Commands\Server\rewrite.php(47): require_once('C:\\xampp\\htdocs\\sisi\\project-booking-sisi\\public\\index.php')
INFO - 2024-02-17 07:49:10 --> Session: Class initialized using 'CodeIgniter\Session\Handlers\FileHandler' driver.
INFO - 2024-02-17 07:49:12 --> Session: Class initialized using 'CodeIgniter\Session\Handlers\FileHandler' driver.
CRITICAL - 2024-02-17 07:49:18 --> ErrorException: Undefined variable $bookings
in APPPATH\Views\user\dashboard.php on line 116.
 1 APPPATH\Views\user\dashboard.php(116): CodeIgniter\Debug\Exceptions->errorHandler(2, 'Undefined variable $bookings', 'C:\\xampp\\htdocs\\sisi\\project-booking-sisi\\app\\Views\\user\\dashboard.php', 116)
 2 SYSTEMPATH\View\View.php(228): include('C:\\xampp\\htdocs\\sisi\\project-booking-sisi\\app\\Views\\user\\dashboard.php')
 3 SYSTEMPATH\View\View.php(231): CodeIgniter\View\View->CodeIgniter\View\{closure}()
 4 SYSTEMPATH\Common.php(1178): CodeIgniter\View\View->render('user/dashboard', [], true)
 5 APPPATH\Controllers\RuanganControllers.php(131): view('user/dashboard')
 6 SYSTEMPATH\CodeIgniter.php(941): App\Controllers\RuanganControllers->booking_ruangan()
 7 SYSTEMPATH\CodeIgniter.php(502): CodeIgniter\CodeIgniter->runController(Object(App\Controllers\RuanganControllers))
 8 SYSTEMPATH\CodeIgniter.php(361): CodeIgniter\CodeIgniter->handleRequest(null, Object(Config\Cache), false)
 9 FCPATH\index.php(79): CodeIgniter\CodeIgniter->run()
10 SYSTEMPATH\Commands\Server\rewrite.php(47): require_once('C:\\xampp\\htdocs\\sisi\\project-booking-sisi\\public\\index.php')
CRITICAL - 2024-02-17 07:53:06 --> ErrorException: Undefined variable $bookings
in APPPATH\Views\user\dashboard.php on line 116.
 1 APPPATH\Views\user\dashboard.php(116): CodeIgniter\Debug\Exceptions->errorHandler(2, 'Undefined variable $bookings', 'C:\\xampp\\htdocs\\sisi\\project-booking-sisi\\app\\Views\\user\\dashboard.php', 116)
 2 SYSTEMPATH\View\View.php(228): include('C:\\xampp\\htdocs\\sisi\\project-booking-sisi\\app\\Views\\user\\dashboard.php')
 3 SYSTEMPATH\View\View.php(231): CodeIgniter\View\View->CodeIgniter\View\{closure}()
 4 SYSTEMPATH\Common.php(1178): CodeIgniter\View\View->render('user/dashboard', [], true)
 5 APPPATH\Controllers\RuanganControllers.php(131): view('user/dashboard')
 6 SYSTEMPATH\CodeIgniter.php(941): App\Controllers\RuanganControllers->booking_ruangan()
 7 SYSTEMPATH\CodeIgniter.php(502): CodeIgniter\CodeIgniter->runController(Object(App\Controllers\RuanganControllers))
 8 SYSTEMPATH\CodeIgniter.php(361): CodeIgniter\CodeIgniter->handleRequest(null, Object(Config\Cache), false)
 9 FCPATH\index.php(79): CodeIgniter\CodeIgniter->run()
10 SYSTEMPATH\Commands\Server\rewrite.php(47): require_once('C:\\xampp\\htdocs\\sisi\\project-booking-sisi\\public\\index.php')
CRITICAL - 2024-02-17 07:55:29 --> ErrorException: Undefined variable $bookings
in APPPATH\Views\user\dashboard.php on line 116.
 1 APPPATH\Views\user\dashboard.php(116): CodeIgniter\Debug\Exceptions->errorHandler(2, 'Undefined variable $bookings', 'C:\\xampp\\htdocs\\sisi\\project-booking-sisi\\app\\Views\\user\\dashboard.php', 116)
 2 SYSTEMPATH\View\View.php(228): include('C:\\xampp\\htdocs\\sisi\\project-booking-sisi\\app\\Views\\user\\dashboard.php')
 3 SYSTEMPATH\View\View.php(231): CodeIgniter\View\View->CodeIgniter\View\{closure}()
 4 SYSTEMPATH\Common.php(1178): CodeIgniter\View\View->render('user/dashboard', [], true)
 5 APPPATH\Controllers\RuanganControllers.php(131): view('user/dashboard')
 6 SYSTEMPATH\CodeIgniter.php(941): App\Controllers\RuanganControllers->booking_ruangan()
 7 SYSTEMPATH\CodeIgniter.php(502): CodeIgniter\CodeIgniter->runController(Object(App\Controllers\RuanganControllers))
 8 SYSTEMPATH\CodeIgniter.php(361): CodeIgniter\CodeIgniter->handleRequest(null, Object(Config\Cache), false)
 9 FCPATH\index.php(79): CodeIgniter\CodeIgniter->run()
10 SYSTEMPATH\Commands\Server\rewrite.php(47): require_once('C:\\xampp\\htdocs\\sisi\\project-booking-sisi\\public\\index.php')
INFO - 2024-02-17 07:55:30 --> Session: Class initialized using 'CodeIgniter\Session\Handlers\FileHandler' driver.
INFO - 2024-02-17 07:55:36 --> Session: Class initialized using 'CodeIgniter\Session\Handlers\FileHandler' driver.
CRITICAL - 2024-02-17 07:55:36 --> ErrorException: Undefined variable $bookings
in APPPATH\Views\user\dashboard.php on line 116.
 1 APPPATH\Views\user\dashboard.php(116): CodeIgniter\Debug\Exceptions->errorHandler(2, 'Undefined variable $bookings', 'C:\\xampp\\htdocs\\sisi\\project-booking-sisi\\app\\Views\\user\\dashboard.php', 116)
 2 SYSTEMPATH\View\View.php(228): include('C:\\xampp\\htdocs\\sisi\\project-booking-sisi\\app\\Views\\user\\dashboard.php')
 3 SYSTEMPATH\View\View.php(231): CodeIgniter\View\View->CodeIgniter\View\{closure}()
 4 SYSTEMPATH\Common.php(1178): CodeIgniter\View\View->render('user/dashboard', [], true)
 5 APPPATH\Controllers\RuanganControllers.php(131): view('user/dashboard')
 6 SYSTEMPATH\CodeIgniter.php(941): App\Controllers\RuanganControllers->booking_ruangan()
 7 SYSTEMPATH\CodeIgniter.php(502): CodeIgniter\CodeIgniter->runController(Object(App\Controllers\RuanganControllers))
 8 SYSTEMPATH\CodeIgniter.php(361): CodeIgniter\CodeIgniter->handleRequest(null, Object(Config\Cache), false)
 9 FCPATH\index.php(79): CodeIgniter\CodeIgniter->run()
10 SYSTEMPATH\Commands\Server\rewrite.php(47): require_once('C:\\xampp\\htdocs\\sisi\\project-booking-sisi\\public\\index.php')
INFO - 2024-02-17 07:56:29 --> Session: Class initialized using 'CodeIgniter\Session\Handlers\FileHandler' driver.
INFO - 2024-02-17 07:56:38 --> Session: Class initialized using 'CodeIgniter\Session\Handlers\FileHandler' driver.
CRITICAL - 2024-02-17 07:56:38 --> ErrorException: Undefined variable $bookings
in APPPATH\Views\user\dashboard.php on line 116.
 1 APPPATH\Views\user\dashboard.php(116): CodeIgniter\Debug\Exceptions->errorHandler(2, 'Undefined variable $bookings', 'C:\\xampp\\htdocs\\sisi\\project-booking-sisi\\app\\Views\\user\\dashboard.php', 116)
 2 SYSTEMPATH\View\View.php(228): include('C:\\xampp\\htdocs\\sisi\\project-booking-sisi\\app\\Views\\user\\dashboard.php')
 3 SYSTEMPATH\View\View.php(231): CodeIgniter\View\View->CodeIgniter\View\{closure}()
 4 SYSTEMPATH\Common.php(1178): CodeIgniter\View\View->render('user/dashboard', [], true)
 5 APPPATH\Controllers\RuanganControllers.php(131): view('user/dashboard')
 6 SYSTEMPATH\CodeIgniter.php(941): App\Controllers\RuanganControllers->booking_ruangan()
 7 SYSTEMPATH\CodeIgniter.php(502): CodeIgniter\CodeIgniter->runController(Object(App\Controllers\RuanganControllers))
 8 SYSTEMPATH\CodeIgniter.php(361): CodeIgniter\CodeIgniter->handleRequest(null, Object(Config\Cache), false)
 9 FCPATH\index.php(79): CodeIgniter\CodeIgniter->run()
10 SYSTEMPATH\Commands\Server\rewrite.php(47): require_once('C:\\xampp\\htdocs\\sisi\\project-booking-sisi\\public\\index.php')
INFO - 2024-02-17 07:57:08 --> Session: Class initialized using 'CodeIgniter\Session\Handlers\FileHandler' driver.
CRITICAL - 2024-02-17 07:57:08 --> ErrorException: Undefined array key "nama"
in APPPATH\Views\admin\detail_booking_driver.php on line 51.
 1 APPPATH\Views\admin\detail_booking_driver.php(51): CodeIgniter\Debug\Exceptions->errorHandler(2, 'Undefined array key "nama"', 'C:\\xampp\\htdocs\\sisi\\project-booking-sisi\\app\\Views\\admin\\detail_booking_driver.php', 51)
 2 SYSTEMPATH\View\View.php(228): include('C:\\xampp\\htdocs\\sisi\\project-booking-sisi\\app\\Views\\admin\\detail_booking_driver.php')
 3 SYSTEMPATH\View\View.php(231): CodeIgniter\View\View->CodeIgniter\View\{closure}()
 4 SYSTEMPATH\Common.php(1178): CodeIgniter\View\View->render('admin/detail_booking_driver', [], true)
 5 APPPATH\Controllers\BokDriver.php(46): view('admin/detail_booking_driver', [...])
 6 SYSTEMPATH\CodeIgniter.php(941): App\Controllers\BokDriver->detail_booking_driver('BD_003')
 7 SYSTEMPATH\CodeIgniter.php(502): CodeIgniter\CodeIgniter->runController(Object(App\Controllers\BokDriver))
 8 SYSTEMPATH\CodeIgniter.php(361): CodeIgniter\CodeIgniter->handleRequest(null, Object(Config\Cache), false)
 9 FCPATH\index.php(79): CodeIgniter\CodeIgniter->run()
10 SYSTEMPATH\Commands\Server\rewrite.php(47): require_once('C:\\xampp\\htdocs\\sisi\\project-booking-sisi\\public\\index.php')
INFO - 2024-02-17 07:58:17 --> Session: Class initialized using 'CodeIgniter\Session\Handlers\FileHandler' driver.
CRITICAL - 2024-02-17 07:58:17 --> ErrorException: Undefined array key "nama"
in APPPATH\Views\admin\detail_booking_room.php on line 50.
 1 APPPATH\Views\admin\detail_booking_room.php(50): CodeIgniter\Debug\Exceptions->errorHandler(2, 'Undefined array key "nama"', 'C:\\xampp\\htdocs\\sisi\\project-booking-sisi\\app\\Views\\admin\\detail_booking_room.php', 50)
 2 SYSTEMPATH\View\View.php(228): include('C:\\xampp\\htdocs\\sisi\\project-booking-sisi\\app\\Views\\admin\\detail_booking_room.php')
 3 SYSTEMPATH\View\View.php(231): CodeIgniter\View\View->CodeIgniter\View\{closure}()
 4 SYSTEMPATH\Common.php(1178): CodeIgniter\View\View->render('admin/detail_booking_room', [], true)
 5 APPPATH\Controllers\BokRoomController.php(44): view('admin/detail_booking_room', [...])
 6 SYSTEMPATH\CodeIgniter.php(941): App\Controllers\BokRoomController->request_detail('BR_001')
 7 SYSTEMPATH\CodeIgniter.php(502): CodeIgniter\CodeIgniter->runController(Object(App\Controllers\BokRoomController))
 8 SYSTEMPATH\CodeIgniter.php(361): CodeIgniter\CodeIgniter->handleRequest(null, Object(Config\Cache), false)
 9 FCPATH\index.php(79): CodeIgniter\CodeIgniter->run()
10 SYSTEMPATH\Commands\Server\rewrite.php(47): require_once('C:\\xampp\\htdocs\\sisi\\project-booking-sisi\\public\\index.php')
INFO - 2024-02-17 08:00:32 --> Session: Class initialized using 'CodeIgniter\Session\Handlers\FileHandler' driver.
INFO - 2024-02-17 08:00:41 --> Session: Class initialized using 'CodeIgniter\Session\Handlers\FileHandler' driver.
CRITICAL - 2024-02-17 08:00:42 --> ErrorException: Undefined variable $bookings
in APPPATH\Views\user\dashboard.php on line 116.
 1 APPPATH\Views\user\dashboard.php(116): CodeIgniter\Debug\Exceptions->errorHandler(2, 'Undefined variable $bookings', 'C:\\xampp\\htdocs\\sisi\\project-booking-sisi\\app\\Views\\user\\dashboard.php', 116)
 2 SYSTEMPATH\View\View.php(228): include('C:\\xampp\\htdocs\\sisi\\project-booking-sisi\\app\\Views\\user\\dashboard.php')
 3 SYSTEMPATH\View\View.php(231): CodeIgniter\View\View->CodeIgniter\View\{closure}()
 4 SYSTEMPATH\Common.php(1178): CodeIgniter\View\View->render('user/dashboard', [], true)
 5 APPPATH\Controllers\RuanganControllers.php(131): view('user/dashboard')
 6 SYSTEMPATH\CodeIgniter.php(941): App\Controllers\RuanganControllers->booking_ruangan()
 7 SYSTEMPATH\CodeIgniter.php(502): CodeIgniter\CodeIgniter->runController(Object(App\Controllers\RuanganControllers))
 8 SYSTEMPATH\CodeIgniter.php(361): CodeIgniter\CodeIgniter->handleRequest(null, Object(Config\Cache), false)
 9 FCPATH\index.php(79): CodeIgniter\CodeIgniter->run()
10 SYSTEMPATH\Commands\Server\rewrite.php(47): require_once('C:\\xampp\\htdocs\\sisi\\project-booking-sisi\\public\\index.php')
INFO - 2024-02-17 08:25:17 --> Session: Class initialized using 'CodeIgniter\Session\Handlers\FileHandler' driver.
INFO - 2024-02-17 08:25:31 --> Session: Class initialized using 'CodeIgniter\Session\Handlers\FileHandler' driver.
INFO - 2024-02-17 08:26:14 --> Session: Class initialized using 'CodeIgniter\Session\Handlers\FileHandler' driver.
CRITICAL - 2024-02-17 08:26:14 --> ErrorException: Undefined array key "nama"
in APPPATH\Views\admin\detail_booking_room.php on line 50.
 1 APPPATH\Views\admin\detail_booking_room.php(50): CodeIgniter\Debug\Exceptions->errorHandler(2, 'Undefined array key "nama"', 'C:\\xampp\\htdocs\\sisi\\project-booking-sisi\\app\\Views\\admin\\detail_booking_room.php', 50)
 2 SYSTEMPATH\View\View.php(228): include('C:\\xampp\\htdocs\\sisi\\project-booking-sisi\\app\\Views\\admin\\detail_booking_room.php')
 3 SYSTEMPATH\View\View.php(231): CodeIgniter\View\View->CodeIgniter\View\{closure}()
 4 SYSTEMPATH\Common.php(1178): CodeIgniter\View\View->render('admin/detail_booking_room', [], true)
 5 APPPATH\Controllers\BokRoomController.php(44): view('admin/detail_booking_room', [...])
 6 SYSTEMPATH\CodeIgniter.php(941): App\Controllers\BokRoomController->request_detail('BR_010')
 7 SYSTEMPATH\CodeIgniter.php(502): CodeIgniter\CodeIgniter->runController(Object(App\Controllers\BokRoomController))
 8 SYSTEMPATH\CodeIgniter.php(361): CodeIgniter\CodeIgniter->handleRequest(null, Object(Config\Cache), false)
 9 FCPATH\index.php(79): CodeIgniter\CodeIgniter->run()
10 SYSTEMPATH\Commands\Server\rewrite.php(47): require_once('C:\\xampp\\htdocs\\sisi\\project-booking-sisi\\public\\index.php')
INFO - 2024-02-17 08:26:19 --> Session: Class initialized using 'CodeIgniter\Session\Handlers\FileHandler' driver.
CRITICAL - 2024-02-17 08:26:19 --> ErrorException: Undefined array key "nama"
in APPPATH\Views\admin\detail_booking_room.php on line 50.
 1 APPPATH\Views\admin\detail_booking_room.php(50): CodeIgniter\Debug\Exceptions->errorHandler(2, 'Undefined array key "nama"', 'C:\\xampp\\htdocs\\sisi\\project-booking-sisi\\app\\Views\\admin\\detail_booking_room.php', 50)
 2 SYSTEMPATH\View\View.php(228): include('C:\\xampp\\htdocs\\sisi\\project-booking-sisi\\app\\Views\\admin\\detail_booking_room.php')
 3 SYSTEMPATH\View\View.php(231): CodeIgniter\View\View->CodeIgniter\View\{closure}()
 4 SYSTEMPATH\Common.php(1178): CodeIgniter\View\View->render('admin/detail_booking_room', [], true)
 5 APPPATH\Controllers\BokRoomController.php(44): view('admin/detail_booking_room', [...])
 6 SYSTEMPATH\CodeIgniter.php(941): App\Controllers\BokRoomController->request_detail('BR_010')
 7 SYSTEMPATH\CodeIgniter.php(502): CodeIgniter\CodeIgniter->runController(Object(App\Controllers\BokRoomController))
 8 SYSTEMPATH\CodeIgniter.php(361): CodeIgniter\CodeIgniter->handleRequest(null, Object(Config\Cache), false)
 9 FCPATH\index.php(79): CodeIgniter\CodeIgniter->run()
10 SYSTEMPATH\Commands\Server\rewrite.php(47): require_once('C:\\xampp\\htdocs\\sisi\\project-booking-sisi\\public\\index.php')
INFO - 2024-02-17 08:26:44 --> Session: Class initialized using 'CodeIgniter\Session\Handlers\FileHandler' driver.
CRITICAL - 2024-02-17 08:26:44 --> ErrorException: Undefined array key "nama"
in APPPATH\Views\admin\detail_booking_room.php on line 50.
 1 APPPATH\Views\admin\detail_booking_room.php(50): CodeIgniter\Debug\Exceptions->errorHandler(2, 'Undefined array key "nama"', 'C:\\xampp\\htdocs\\sisi\\project-booking-sisi\\app\\Views\\admin\\detail_booking_room.php', 50)
 2 SYSTEMPATH\View\View.php(228): include('C:\\xampp\\htdocs\\sisi\\project-booking-sisi\\app\\Views\\admin\\detail_booking_room.php')
 3 SYSTEMPATH\View\View.php(231): CodeIgniter\View\View->CodeIgniter\View\{closure}()
 4 SYSTEMPATH\Common.php(1178): CodeIgniter\View\View->render('admin/detail_booking_room', [], true)
 5 APPPATH\Controllers\BokRoomController.php(44): view('admin/detail_booking_room', [...])
 6 SYSTEMPATH\CodeIgniter.php(941): App\Controllers\BokRoomController->request_detail('BR_010')
 7 SYSTEMPATH\CodeIgniter.php(502): CodeIgniter\CodeIgniter->runController(Object(App\Controllers\BokRoomController))
 8 SYSTEMPATH\CodeIgniter.php(361): CodeIgniter\CodeIgniter->handleRequest(null, Object(Config\Cache), false)
 9 FCPATH\index.php(79): CodeIgniter\CodeIgniter->run()
10 SYSTEMPATH\Commands\Server\rewrite.php(47): require_once('C:\\xampp\\htdocs\\sisi\\project-booking-sisi\\public\\index.php')
INFO - 2024-02-17 08:27:36 --> Session: Class initialized using 'CodeIgniter\Session\Handlers\FileHandler' driver.
INFO - 2024-02-17 08:28:07 --> Session: Class initialized using 'CodeIgniter\Session\Handlers\FileHandler' driver.
INFO - 2024-02-17 08:28:13 --> Session: Class initialized using 'CodeIgniter\Session\Handlers\FileHandler' driver.
INFO - 2024-02-17 08:28:13 --> Session: Class initialized using 'CodeIgniter\Session\Handlers\FileHandler' driver.
INFO - 2024-02-17 08:28:20 --> Session: Class initialized using 'CodeIgniter\Session\Handlers\FileHandler' driver.
INFO - 2024-02-17 08:28:28 --> Session: Class initialized using 'CodeIgniter\Session\Handlers\FileHandler' driver.
CRITICAL - 2024-02-17 08:28:29 --> BadMethodCallException: Call to undefined method App\Models\bokruanganModel::getBookingByUser
in SYSTEMPATH\Model.php on line 874.
 1 APPPATH\Controllers\HistoryController.php(16): CodeIgniter\Model->__call('getBookingByUser', [...])
 2 SYSTEMPATH\CodeIgniter.php(941): App\Controllers\HistoryController->historyRuangan()
 3 SYSTEMPATH\CodeIgniter.php(502): CodeIgniter\CodeIgniter->runController(Object(App\Controllers\HistoryController))
 4 SYSTEMPATH\CodeIgniter.php(361): CodeIgniter\CodeIgniter->handleRequest(null, Object(Config\Cache), false)
 5 FCPATH\index.php(79): CodeIgniter\CodeIgniter->run()
 6 SYSTEMPATH\Commands\Server\rewrite.php(47): require_once('C:\\xampp\\htdocs\\sisi\\project-booking-sisi\\public\\index.php')
INFO - 2024-02-17 08:33:09 --> Session: Class initialized using 'CodeIgniter\Session\Handlers\FileHandler' driver.
INFO - 2024-02-17 08:33:12 --> Session: Class initialized using 'CodeIgniter\Session\Handlers\FileHandler' driver.
INFO - 2024-02-17 08:33:14 --> Session: Class initialized using 'CodeIgniter\Session\Handlers\FileHandler' driver.
INFO - 2024-02-17 08:33:19 --> Session: Class initialized using 'CodeIgniter\Session\Handlers\FileHandler' driver.
INFO - 2024-02-17 08:33:23 --> Session: Class initialized using 'CodeIgniter\Session\Handlers\FileHandler' driver.
INFO - 2024-02-17 08:33:24 --> Session: Class initialized using 'CodeIgniter\Session\Handlers\FileHandler' driver.
INFO - 2024-02-17 08:33:51 --> Session: Class initialized using 'CodeIgniter\Session\Handlers\FileHandler' driver.
INFO - 2024-02-17 08:33:56 --> Session: Class initialized using 'CodeIgniter\Session\Handlers\FileHandler' driver.
INFO - 2024-02-17 08:34:04 --> Session: Class initialized using 'CodeIgniter\Session\Handlers\FileHandler' driver.
INFO - 2024-02-17 08:34:08 --> Session: Class initialized using 'CodeIgniter\Session\Handlers\FileHandler' driver.
INFO - 2024-02-17 08:34:10 --> Session: Class initialized using 'CodeIgniter\Session\Handlers\FileHandler' driver.
INFO - 2024-02-17 08:34:13 --> Session: Class initialized using 'CodeIgniter\Session\Handlers\FileHandler' driver.
INFO - 2024-02-17 08:34:19 --> Session: Class initialized using 'CodeIgniter\Session\Handlers\FileHandler' driver.
INFO - 2024-02-17 08:34:21 --> Session: Class initialized using 'CodeIgniter\Session\Handlers\FileHandler' driver.
INFO - 2024-02-17 08:34:32 --> Session: Class initialized using 'CodeIgniter\Session\Handlers\FileHandler' driver.
CRITICAL - 2024-02-17 08:34:32 --> ErrorException: Undefined array key "nama"
in APPPATH\Views\admin\detail_booking_driver.php on line 51.
 1 APPPATH\Views\admin\detail_booking_driver.php(51): CodeIgniter\Debug\Exceptions->errorHandler(2, 'Undefined array key "nama"', 'C:\\xampp\\htdocs\\sisi\\project-booking-sisi\\app\\Views\\admin\\detail_booking_driver.php', 51)
 2 SYSTEMPATH\View\View.php(228): include('C:\\xampp\\htdocs\\sisi\\project-booking-sisi\\app\\Views\\admin\\detail_booking_driver.php')
 3 SYSTEMPATH\View\View.php(231): CodeIgniter\View\View->CodeIgniter\View\{closure}()
 4 SYSTEMPATH\Common.php(1178): CodeIgniter\View\View->render('admin/detail_booking_driver', [], true)
 5 APPPATH\Controllers\BokDriver.php(46): view('admin/detail_booking_driver', [...])
 6 SYSTEMPATH\CodeIgniter.php(941): App\Controllers\BokDriver->detail_booking_driver('BD_009')
 7 SYSTEMPATH\CodeIgniter.php(502): CodeIgniter\CodeIgniter->runController(Object(App\Controllers\BokDriver))
 8 SYSTEMPATH\CodeIgniter.php(361): CodeIgniter\CodeIgniter->handleRequest(null, Object(Config\Cache), false)
 9 FCPATH\index.php(79): CodeIgniter\CodeIgniter->run()
10 SYSTEMPATH\Commands\Server\rewrite.php(47): require_once('C:\\xampp\\htdocs\\sisi\\project-booking-sisi\\public\\index.php')
CRITICAL - 2024-02-17 08:37:55 --> ErrorException: Undefined array key "nama_driver"
in APPPATH\Views\admin\booking_driver.php on line 41.
 1 APPPATH\Views\admin\booking_driver.php(41): CodeIgniter\Debug\Exceptions->errorHandler(2, 'Undefined array key "nama_driver"', 'C:\\xampp\\htdocs\\sisi\\project-booking-sisi\\app\\Views\\admin\\booking_driver.php', 41)
 2 SYSTEMPATH\View\View.php(228): include('C:\\xampp\\htdocs\\sisi\\project-booking-sisi\\app\\Views\\admin\\booking_driver.php')
 3 SYSTEMPATH\View\View.php(231): CodeIgniter\View\View->CodeIgniter\View\{closure}()
 4 SYSTEMPATH\Common.php(1178): CodeIgniter\View\View->render('admin/booking_driver', [], true)
 5 APPPATH\Controllers\BokDriver.php(30): view('admin/booking_driver', [...])
 6 SYSTEMPATH\CodeIgniter.php(941): App\Controllers\BokDriver->booking_driver()
 7 SYSTEMPATH\CodeIgniter.php(502): CodeIgniter\CodeIgniter->runController(Object(App\Controllers\BokDriver))
 8 SYSTEMPATH\CodeIgniter.php(361): CodeIgniter\CodeIgniter->handleRequest(null, Object(Config\Cache), false)
 9 FCPATH\index.php(79): CodeIgniter\CodeIgniter->run()
10 SYSTEMPATH\Commands\Server\rewrite.php(47): require_once('C:\\xampp\\htdocs\\sisi\\project-booking-sisi\\public\\index.php')
INFO - 2024-02-17 08:38:20 --> Session: Class initialized using 'CodeIgniter\Session\Handlers\FileHandler' driver.
INFO - 2024-02-17 08:38:29 --> Session: Class initialized using 'CodeIgniter\Session\Handlers\FileHandler' driver.
INFO - 2024-02-17 10:58:02 --> Session: Class initialized using 'CodeIgniter\Session\Handlers\FileHandler' driver.
INFO - 2024-02-17 10:58:05 --> Session: Class initialized using 'CodeIgniter\Session\Handlers\FileHandler' driver.
INFO - 2024-02-17 10:58:08 --> Session: Class initialized using 'CodeIgniter\Session\Handlers\FileHandler' driver.
INFO - 2024-02-17 11:05:06 --> Session: Class initialized using 'CodeIgniter\Session\Handlers\FileHandler' driver.
CRITICAL - 2024-02-17 11:05:08 --> ErrorException: Undefined variable $loginInput
in APPPATH\Views\user\dashboard.php on line 39.
 1 APPPATH\Views\user\dashboard.php(39): CodeIgniter\Debug\Exceptions->errorHandler(2, 'Undefined variable $loginInput', 'C:\\xampp\\htdocs\\sisi\\project-booking-sisi\\app\\Views\\user\\dashboard.php', 39)
 2 SYSTEMPATH\View\View.php(228): include('C:\\xampp\\htdocs\\sisi\\project-booking-sisi\\app\\Views\\user\\dashboard.php')
 3 SYSTEMPATH\View\View.php(231): CodeIgniter\View\View->CodeIgniter\View\{closure}()
 4 SYSTEMPATH\Common.php(1178): CodeIgniter\View\View->render('user/dashboard', [], true)
 5 APPPATH\Controllers\UserBRController.php(25): view('user/dashboard', [...])
 6 SYSTEMPATH\CodeIgniter.php(941): App\Controllers\UserBRController->showBookings()
 7 SYSTEMPATH\CodeIgniter.php(502): CodeIgniter\CodeIgniter->runController(Object(App\Controllers\UserBRController))
 8 SYSTEMPATH\CodeIgniter.php(361): CodeIgniter\CodeIgniter->handleRequest(null, Object(Config\Cache), false)
 9 FCPATH\index.php(79): CodeIgniter\CodeIgniter->run()
10 SYSTEMPATH\Commands\Server\rewrite.php(47): require_once('C:\\xampp\\htdocs\\sisi\\project-booking-sisi\\public\\index.php')
CRITICAL - 2024-02-17 11:06:55 --> ParseError: syntax error, unexpected token "?"
in APPPATH\Views\user\dashboard.php on line 39.
 1 SYSTEMPATH\View\View.php(231): CodeIgniter\View\View->CodeIgniter\View\{closure}()
 2 SYSTEMPATH\Common.php(1178): CodeIgniter\View\View->render('user/dashboard', [], true)
 3 APPPATH\Controllers\UserBRController.php(25): view('user/dashboard', [...])
 4 SYSTEMPATH\CodeIgniter.php(941): App\Controllers\UserBRController->showBookings()
 5 SYSTEMPATH\CodeIgniter.php(502): CodeIgniter\CodeIgniter->runController(Object(App\Controllers\UserBRController))
 6 SYSTEMPATH\CodeIgniter.php(361): CodeIgniter\CodeIgniter->handleRequest(null, Object(Config\Cache), false)
 7 FCPATH\index.php(79): CodeIgniter\CodeIgniter->run()
 8 SYSTEMPATH\Commands\Server\rewrite.php(47): require_once('C:\\xampp\\htdocs\\sisi\\project-booking-sisi\\public\\index.php')
CRITICAL - 2024-02-17 11:07:51 --> ErrorException: Undefined variable $username
in APPPATH\Views\user\dashboard.php on line 39.
 1 APPPATH\Views\user\dashboard.php(39): CodeIgniter\Debug\Exceptions->errorHandler(2, 'Undefined variable $username', 'C:\\xampp\\htdocs\\sisi\\project-booking-sisi\\app\\Views\\user\\dashboard.php', 39)
 2 SYSTEMPATH\View\View.php(228): include('C:\\xampp\\htdocs\\sisi\\project-booking-sisi\\app\\Views\\user\\dashboard.php')
 3 SYSTEMPATH\View\View.php(231): CodeIgniter\View\View->CodeIgniter\View\{closure}()
 4 SYSTEMPATH\Common.php(1178): CodeIgniter\View\View->render('user/dashboard', [], true)
 5 APPPATH\Controllers\UserBRController.php(25): view('user/dashboard', [...])
 6 SYSTEMPATH\CodeIgniter.php(941): App\Controllers\UserBRController->showBookings()
 7 SYSTEMPATH\CodeIgniter.php(502): CodeIgniter\CodeIgniter->runController(Object(App\Controllers\UserBRController))
 8 SYSTEMPATH\CodeIgniter.php(361): CodeIgniter\CodeIgniter->handleRequest(null, Object(Config\Cache), false)
 9 FCPATH\index.php(79): CodeIgniter\CodeIgniter->run()
10 SYSTEMPATH\Commands\Server\rewrite.php(47): require_once('C:\\xampp\\htdocs\\sisi\\project-booking-sisi\\public\\index.php')
INFO - 2024-02-17 11:11:53 --> Session: Class initialized using 'CodeIgniter\Session\Handlers\FileHandler' driver.
CRITICAL - 2024-02-17 11:13:46 --> ErrorException: Undefined variable $booking
in APPPATH\Views\user\dashboard.php on line 39.
 1 APPPATH\Views\user\dashboard.php(39): CodeIgniter\Debug\Exceptions->errorHandler(2, 'Undefined variable $booking', 'C:\\xampp\\htdocs\\sisi\\project-booking-sisi\\app\\Views\\user\\dashboard.php', 39)
 2 SYSTEMPATH\View\View.php(228): include('C:\\xampp\\htdocs\\sisi\\project-booking-sisi\\app\\Views\\user\\dashboard.php')
 3 SYSTEMPATH\View\View.php(231): CodeIgniter\View\View->CodeIgniter\View\{closure}()
 4 SYSTEMPATH\Common.php(1178): CodeIgniter\View\View->render('user/dashboard', [], true)
 5 APPPATH\Controllers\UserBRController.php(25): view('user/dashboard', [...])
 6 SYSTEMPATH\CodeIgniter.php(941): App\Controllers\UserBRController->showBookings()
 7 SYSTEMPATH\CodeIgniter.php(502): CodeIgniter\CodeIgniter->runController(Object(App\Controllers\UserBRController))
 8 SYSTEMPATH\CodeIgniter.php(361): CodeIgniter\CodeIgniter->handleRequest(null, Object(Config\Cache), false)
 9 FCPATH\index.php(79): CodeIgniter\CodeIgniter->run()
10 SYSTEMPATH\Commands\Server\rewrite.php(47): require_once('C:\\xampp\\htdocs\\sisi\\project-booking-sisi\\public\\index.php')
INFO - 2024-02-17 11:17:54 --> Session: Class initialized using 'CodeIgniter\Session\Handlers\FileHandler' driver.
INFO - 2024-02-17 11:18:06 --> Session: Class initialized using 'CodeIgniter\Session\Handlers\FileHandler' driver.
INFO - 2024-02-17 11:18:22 --> Session: Class initialized using 'CodeIgniter\Session\Handlers\FileHandler' driver.
INFO - 2024-02-17 11:18:31 --> Session: Class initialized using 'CodeIgniter\Session\Handlers\FileHandler' driver.
INFO - 2024-02-17 11:18:38 --> Session: Class initialized using 'CodeIgniter\Session\Handlers\FileHandler' driver.
INFO - 2024-02-17 11:18:39 --> Session: Class initialized using 'CodeIgniter\Session\Handlers\FileHandler' driver.
INFO - 2024-02-17 11:18:48 --> Session: Class initialized using 'CodeIgniter\Session\Handlers\FileHandler' driver.
INFO - 2024-02-17 11:28:27 --> Session: Class initialized using 'CodeIgniter\Session\Handlers\FileHandler' driver.
INFO - 2024-02-17 11:28:37 --> Session: Class initialized using 'CodeIgniter\Session\Handlers\FileHandler' driver.
INFO - 2024-02-17 11:35:43 --> Session: Class initialized using 'CodeIgniter\Session\Handlers\FileHandler' driver.
INFO - 2024-02-17 11:35:57 --> Session: Class initialized using 'CodeIgniter\Session\Handlers\FileHandler' driver.
INFO - 2024-02-17 11:36:04 --> Session: Class initialized using 'CodeIgniter\Session\Handlers\FileHandler' driver.
INFO - 2024-02-17 11:40:48 --> Session: Class initialized using 'CodeIgniter\Session\Handlers\FileHandler' driver.
INFO - 2024-02-17 11:40:53 --> Session: Class initialized using 'CodeIgniter\Session\Handlers\FileHandler' driver.
INFO - 2024-02-17 11:40:55 --> Session: Class initialized using 'CodeIgniter\Session\Handlers\FileHandler' driver.
INFO - 2024-02-17 11:40:58 --> Session: Class initialized using 'CodeIgniter\Session\Handlers\FileHandler' driver.
INFO - 2024-02-17 11:41:34 --> Session: Class initialized using 'CodeIgniter\Session\Handlers\FileHandler' driver.
INFO - 2024-02-17 11:43:10 --> Session: Class initialized using 'CodeIgniter\Session\Handlers\FileHandler' driver.
INFO - 2024-02-17 11:48:03 --> Session: Class initialized using 'CodeIgniter\Session\Handlers\FileHandler' driver.
INFO - 2024-02-17 11:51:40 --> Session: Class initialized using 'CodeIgniter\Session\Handlers\FileHandler' driver.
INFO - 2024-02-17 11:51:42 --> Session: Class initialized using 'CodeIgniter\Session\Handlers\FileHandler' driver.
INFO - 2024-02-17 11:57:17 --> Session: Class initialized using 'CodeIgniter\Session\Handlers\FileHandler' driver.
INFO - 2024-02-17 11:57:35 --> Session: Class initialized using 'CodeIgniter\Session\Handlers\FileHandler' driver.
INFO - 2024-02-17 11:57:45 --> Session: Class initialized using 'CodeIgniter\Session\Handlers\FileHandler' driver.
INFO - 2024-02-17 11:57:45 --> Session: Class initialized using 'CodeIgniter\Session\Handlers\FileHandler' driver.
INFO - 2024-02-17 11:57:55 --> Session: Class initialized using 'CodeIgniter\Session\Handlers\FileHandler' driver.
INFO - 2024-02-17 11:57:55 --> Session: Class initialized using 'CodeIgniter\Session\Handlers\FileHandler' driver.
INFO - 2024-02-17 11:58:08 --> Session: Class initialized using 'CodeIgniter\Session\Handlers\FileHandler' driver.
INFO - 2024-02-17 11:58:26 --> Session: Class initialized using 'CodeIgniter\Session\Handlers\FileHandler' driver.
INFO - 2024-02-17 11:58:26 --> Session: Class initialized using 'CodeIgniter\Session\Handlers\FileHandler' driver.
INFO - 2024-02-17 11:58:44 --> Session: Class initialized using 'CodeIgniter\Session\Handlers\FileHandler' driver.
INFO - 2024-02-17 11:58:54 --> Session: Class initialized using 'CodeIgniter\Session\Handlers\FileHandler' driver.
INFO - 2024-02-17 12:00:49 --> Session: Class initialized using 'CodeIgniter\Session\Handlers\FileHandler' driver.
INFO - 2024-02-17 12:00:53 --> Session: Class initialized using 'CodeIgniter\Session\Handlers\FileHandler' driver.
INFO - 2024-02-17 12:01:02 --> Session: Class initialized using 'CodeIgniter\Session\Handlers\FileHandler' driver.
INFO - 2024-02-17 12:01:37 --> Session: Class initialized using 'CodeIgniter\Session\Handlers\FileHandler' driver.
CRITICAL - 2024-02-17 12:01:52 --> ErrorException: Undefined array key "nama_ruangan"
in APPPATH\Views\admin\BookRoom.php on line 41.
 1 APPPATH\Views\admin\BookRoom.php(41): CodeIgniter\Debug\Exceptions->errorHandler(2, 'Undefined array key "nama_ruangan"', 'C:\\xampp\\htdocs\\sisi\\project-booking-sisi\\app\\Views\\admin\\BookRoom.php', 41)
 2 SYSTEMPATH\View\View.php(228): include('C:\\xampp\\htdocs\\sisi\\project-booking-sisi\\app\\Views\\admin\\BookRoom.php')
 3 SYSTEMPATH\View\View.php(231): CodeIgniter\View\View->CodeIgniter\View\{closure}()
 4 SYSTEMPATH\Common.php(1178): CodeIgniter\View\View->render('admin/BookRoom', [], true)
 5 APPPATH\Controllers\BokRoomController.php(27): view('admin/BookRoom', [...])
 6 SYSTEMPATH\CodeIgniter.php(941): App\Controllers\BokRoomController->booking_room()
 7 SYSTEMPATH\CodeIgniter.php(502): CodeIgniter\CodeIgniter->runController(Object(App\Controllers\BokRoomController))
 8 SYSTEMPATH\CodeIgniter.php(361): CodeIgniter\CodeIgniter->handleRequest(null, Object(Config\Cache), false)
 9 FCPATH\index.php(79): CodeIgniter\CodeIgniter->run()
10 SYSTEMPATH\Commands\Server\rewrite.php(47): require_once('C:\\xampp\\htdocs\\sisi\\project-booking-sisi\\public\\index.php')
INFO - 2024-02-17 12:02:06 --> Session: Class initialized using 'CodeIgniter\Session\Handlers\FileHandler' driver.
INFO - 2024-02-17 12:02:24 --> Session: Class initialized using 'CodeIgniter\Session\Handlers\FileHandler' driver.
INFO - 2024-02-17 12:02:27 --> Session: Class initialized using 'CodeIgniter\Session\Handlers\FileHandler' driver.
INFO - 2024-02-17 12:02:27 --> Session: Class initialized using 'CodeIgniter\Session\Handlers\FileHandler' driver.
INFO - 2024-02-17 12:02:51 --> Session: Class initialized using 'CodeIgniter\Session\Handlers\FileHandler' driver.
INFO - 2024-02-17 12:02:54 --> Session: Class initialized using 'CodeIgniter\Session\Handlers\FileHandler' driver.
INFO - 2024-02-17 12:02:55 --> Session: Class initialized using 'CodeIgniter\Session\Handlers\FileHandler' driver.
CRITICAL - 2024-02-17 12:03:17 --> ErrorException: Undefined array key "nama_ruangan"
in APPPATH\Views\admin\BookRoom.php on line 41.
 1 APPPATH\Views\admin\BookRoom.php(41): CodeIgniter\Debug\Exceptions->errorHandler(2, 'Undefined array key "nama_ruangan"', 'C:\\xampp\\htdocs\\sisi\\project-booking-sisi\\app\\Views\\admin\\BookRoom.php', 41)
 2 SYSTEMPATH\View\View.php(228): include('C:\\xampp\\htdocs\\sisi\\project-booking-sisi\\app\\Views\\admin\\BookRoom.php')
 3 SYSTEMPATH\View\View.php(231): CodeIgniter\View\View->CodeIgniter\View\{closure}()
 4 SYSTEMPATH\Common.php(1178): CodeIgniter\View\View->render('admin/BookRoom', [], true)
 5 APPPATH\Controllers\BokRoomController.php(27): view('admin/BookRoom', [...])
 6 SYSTEMPATH\CodeIgniter.php(941): App\Controllers\BokRoomController->booking_room()
 7 SYSTEMPATH\CodeIgniter.php(502): CodeIgniter\CodeIgniter->runController(Object(App\Controllers\BokRoomController))
 8 SYSTEMPATH\CodeIgniter.php(361): CodeIgniter\CodeIgniter->handleRequest(null, Object(Config\Cache), false)
 9 FCPATH\index.php(79): CodeIgniter\CodeIgniter->run()
10 SYSTEMPATH\Commands\Server\rewrite.php(47): require_once('C:\\xampp\\htdocs\\sisi\\project-booking-sisi\\public\\index.php')
INFO - 2024-02-17 12:06:10 --> Session: Class initialized using 'CodeIgniter\Session\Handlers\FileHandler' driver.
INFO - 2024-02-17 12:06:19 --> Session: Class initialized using 'CodeIgniter\Session\Handlers\FileHandler' driver.
INFO - 2024-02-17 12:06:25 --> Session: Class initialized using 'CodeIgniter\Session\Handlers\FileHandler' driver.
INFO - 2024-02-17 12:06:50 --> Session: Class initialized using 'CodeIgniter\Session\Handlers\FileHandler' driver.
INFO - 2024-02-17 12:06:56 --> Session: Class initialized using 'CodeIgniter\Session\Handlers\FileHandler' driver.
INFO - 2024-02-17 12:07:19 --> Session: Class initialized using 'CodeIgniter\Session\Handlers\FileHandler' driver.
INFO - 2024-02-17 12:07:20 --> Session: Class initialized using 'CodeIgniter\Session\Handlers\FileHandler' driver.
INFO - 2024-02-17 12:07:33 --> Session: Class initialized using 'CodeIgniter\Session\Handlers\FileHandler' driver.
INFO - 2024-02-17 12:07:40 --> Session: Class initialized using 'CodeIgniter\Session\Handlers\FileHandler' driver.
INFO - 2024-02-17 12:07:42 --> Session: Class initialized using 'CodeIgniter\Session\Handlers\FileHandler' driver.
INFO - 2024-02-17 12:10:27 --> Session: Class initialized using 'CodeIgniter\Session\Handlers\FileHandler' driver.
INFO - 2024-02-17 12:10:30 --> Session: Class initialized using 'CodeIgniter\Session\Handlers\FileHandler' driver.
INFO - 2024-02-17 12:10:35 --> Session: Class initialized using 'CodeIgniter\Session\Handlers\FileHandler' driver.
INFO - 2024-02-17 12:10:56 --> Session: Class initialized using 'CodeIgniter\Session\Handlers\FileHandler' driver.
INFO - 2024-02-17 12:11:18 --> Session: Class initialized using 'CodeIgniter\Session\Handlers\FileHandler' driver.
CRITICAL - 2024-02-17 12:11:26 --> ErrorException: Undefined array key "nama_ruangan"
in APPPATH\Views\admin\BookRoom.php on line 41.
 1 APPPATH\Views\admin\BookRoom.php(41): CodeIgniter\Debug\Exceptions->errorHandler(2, 'Undefined array key "nama_ruangan"', 'C:\\xampp\\htdocs\\sisi\\project-booking-sisi\\app\\Views\\admin\\BookRoom.php', 41)
 2 SYSTEMPATH\View\View.php(228): include('C:\\xampp\\htdocs\\sisi\\project-booking-sisi\\app\\Views\\admin\\BookRoom.php')
 3 SYSTEMPATH\View\View.php(231): CodeIgniter\View\View->CodeIgniter\View\{closure}()
 4 SYSTEMPATH\Common.php(1178): CodeIgniter\View\View->render('admin/BookRoom', [], true)
 5 APPPATH\Controllers\BokRoomController.php(27): view('admin/BookRoom', [...])
 6 SYSTEMPATH\CodeIgniter.php(941): App\Controllers\BokRoomController->booking_room()
 7 SYSTEMPATH\CodeIgniter.php(502): CodeIgniter\CodeIgniter->runController(Object(App\Controllers\BokRoomController))
 8 SYSTEMPATH\CodeIgniter.php(361): CodeIgniter\CodeIgniter->handleRequest(null, Object(Config\Cache), false)
 9 FCPATH\index.php(79): CodeIgniter\CodeIgniter->run()
10 SYSTEMPATH\Commands\Server\rewrite.php(47): require_once('C:\\xampp\\htdocs\\sisi\\project-booking-sisi\\public\\index.php')
INFO - 2024-02-17 12:12:18 --> Session: Class initialized using 'CodeIgniter\Session\Handlers\FileHandler' driver.
INFO - 2024-02-17 12:13:35 --> Session: Class initialized using 'CodeIgniter\Session\Handlers\FileHandler' driver.
INFO - 2024-02-17 12:13:49 --> Session: Class initialized using 'CodeIgniter\Session\Handlers\FileHandler' driver.
INFO - 2024-02-17 14:35:05 --> Session: Class initialized using 'CodeIgniter\Session\Handlers\FileHandler' driver.
INFO - 2024-02-17 14:35:27 --> Session: Class initialized using 'CodeIgniter\Session\Handlers\FileHandler' driver.
INFO - 2024-02-17 14:36:09 --> Session: Class initialized using 'CodeIgniter\Session\Handlers\FileHandler' driver.
INFO - 2024-02-17 14:45:35 --> Session: Class initialized using 'CodeIgniter\Session\Handlers\FileHandler' driver.
INFO - 2024-02-17 14:45:37 --> Session: Class initialized using 'CodeIgniter\Session\Handlers\FileHandler' driver.
INFO - 2024-02-17 14:46:43 --> Session: Class initialized using 'CodeIgniter\Session\Handlers\FileHandler' driver.
INFO - 2024-02-17 14:46:48 --> Session: Class initialized using 'CodeIgniter\Session\Handlers\FileHandler' driver.
INFO - 2024-02-17 14:46:58 --> Session: Class initialized using 'CodeIgniter\Session\Handlers\FileHandler' driver.
INFO - 2024-02-17 15:00:35 --> Session: Class initialized using 'CodeIgniter\Session\Handlers\FileHandler' driver.
INFO - 2024-02-17 15:04:36 --> Session: Class initialized using 'CodeIgniter\Session\Handlers\FileHandler' driver.
INFO - 2024-02-17 15:04:45 --> Session: Class initialized using 'CodeIgniter\Session\Handlers\FileHandler' driver.
INFO - 2024-02-17 15:04:46 --> Session: Class initialized using 'CodeIgniter\Session\Handlers\FileHandler' driver.
INFO - 2024-02-17 15:04:49 --> Session: Class initialized using 'CodeIgniter\Session\Handlers\FileHandler' driver.
INFO - 2024-02-17 15:05:39 --> Session: Class initialized using 'CodeIgniter\Session\Handlers\FileHandler' driver.
INFO - 2024-02-17 15:05:39 --> Session: Class initialized using 'CodeIgniter\Session\Handlers\FileHandler' driver.
INFO - 2024-02-17 15:05:48 --> Session: Class initialized using 'CodeIgniter\Session\Handlers\FileHandler' driver.
INFO - 2024-02-17 15:05:59 --> Session: Class initialized using 'CodeIgniter\Session\Handlers\FileHandler' driver.
INFO - 2024-02-17 15:06:08 --> Session: Class initialized using 'CodeIgniter\Session\Handlers\FileHandler' driver.
INFO - 2024-02-17 15:06:08 --> Session: Class initialized using 'CodeIgniter\Session\Handlers\FileHandler' driver.
INFO - 2024-02-17 15:06:15 --> Session: Class initialized using 'CodeIgniter\Session\Handlers\FileHandler' driver.
INFO - 2024-02-17 15:06:15 --> Session: Class initialized using 'CodeIgniter\Session\Handlers\FileHandler' driver.
INFO - 2024-02-17 15:07:07 --> Session: Class initialized using 'CodeIgniter\Session\Handlers\FileHandler' driver.
INFO - 2024-02-17 15:07:07 --> Session: Class initialized using 'CodeIgniter\Session\Handlers\FileHandler' driver.
INFO - 2024-02-17 15:07:14 --> Session: Class initialized using 'CodeIgniter\Session\Handlers\FileHandler' driver.
INFO - 2024-02-17 15:07:27 --> Session: Class initialized using 'CodeIgniter\Session\Handlers\FileHandler' driver.
INFO - 2024-02-17 15:07:35 --> Session: Class initialized using 'CodeIgniter\Session\Handlers\FileHandler' driver.
CRITICAL - 2024-02-17 15:07:35 --> ErrorException: Undefined variable $bookingDrivers
in APPPATH\Views\admin\mondriver.php on line 30.
 1 APPPATH\Views\admin\mondriver.php(30): CodeIgniter\Debug\Exceptions->errorHandler(2, 'Undefined variable $bookingDrivers', 'C:\\xampp\\htdocs\\sisi\\project-booking-sisi\\app\\Views\\admin\\mondriver.php', 30)
 2 SYSTEMPATH\View\View.php(228): include('C:\\xampp\\htdocs\\sisi\\project-booking-sisi\\app\\Views\\admin\\mondriver.php')
 3 SYSTEMPATH\View\View.php(231): CodeIgniter\View\View->CodeIgniter\View\{closure}()
 4 SYSTEMPATH\Common.php(1178): CodeIgniter\View\View->render('admin/mondriver', [], true)
 5 APPPATH\Controllers\MonitoringControllers.php(37): view('admin/mondriver', [...])
 6 SYSTEMPATH\CodeIgniter.php(941): App\Controllers\MonitoringControllers->mondriver()
 7 SYSTEMPATH\CodeIgniter.php(502): CodeIgniter\CodeIgniter->runController(Object(App\Controllers\MonitoringControllers))
 8 SYSTEMPATH\CodeIgniter.php(361): CodeIgniter\CodeIgniter->handleRequest(null, Object(Config\Cache), false)
 9 FCPATH\index.php(79): CodeIgniter\CodeIgniter->run()
10 SYSTEMPATH\Commands\Server\rewrite.php(47): require_once('C:\\xampp\\htdocs\\sisi\\project-booking-sisi\\public\\index.php')
INFO - 2024-02-17 15:07:44 --> Session: Class initialized using 'CodeIgniter\Session\Handlers\FileHandler' driver.
INFO - 2024-02-17 15:10:58 --> Session: Class initialized using 'CodeIgniter\Session\Handlers\FileHandler' driver.
INFO - 2024-02-17 15:11:03 --> Session: Class initialized using 'CodeIgniter\Session\Handlers\FileHandler' driver.
INFO - 2024-02-17 15:11:03 --> Session: Class initialized using 'CodeIgniter\Session\Handlers\FileHandler' driver.
INFO - 2024-02-17 15:11:14 --> Session: Class initialized using 'CodeIgniter\Session\Handlers\FileHandler' driver.
CRITICAL - 2024-02-17 15:11:21 --> ErrorException: Undefined variable $booking_driver
in APPPATH\Views\admin\mondriver.php on line 30.
 1 APPPATH\Views\admin\mondriver.php(30): CodeIgniter\Debug\Exceptions->errorHandler(2, 'Undefined variable $booking_driver', 'C:\\xampp\\htdocs\\sisi\\project-booking-sisi\\app\\Views\\admin\\mondriver.php', 30)
 2 SYSTEMPATH\View\View.php(228): include('C:\\xampp\\htdocs\\sisi\\project-booking-sisi\\app\\Views\\admin\\mondriver.php')
 3 SYSTEMPATH\View\View.php(231): CodeIgniter\View\View->CodeIgniter\View\{closure}()
 4 SYSTEMPATH\Common.php(1178): CodeIgniter\View\View->render('admin/mondriver', [], true)
 5 APPPATH\Controllers\MonitoringControllers.php(37): view('admin/mondriver', [...])
 6 SYSTEMPATH\CodeIgniter.php(941): App\Controllers\MonitoringControllers->mondriver()
 7 SYSTEMPATH\CodeIgniter.php(502): CodeIgniter\CodeIgniter->runController(Object(App\Controllers\MonitoringControllers))
 8 SYSTEMPATH\CodeIgniter.php(361): CodeIgniter\CodeIgniter->handleRequest(null, Object(Config\Cache), false)
 9 FCPATH\index.php(79): CodeIgniter\CodeIgniter->run()
10 SYSTEMPATH\Commands\Server\rewrite.php(47): require_once('C:\\xampp\\htdocs\\sisi\\project-booking-sisi\\public\\index.php')
CRITICAL - 2024-02-17 15:21:26 --> ErrorException: Undefined variable $bookingDrivers
in APPPATH\Views\admin\mondriver.php on line 30.
 1 APPPATH\Views\admin\mondriver.php(30): CodeIgniter\Debug\Exceptions->errorHandler(2, 'Undefined variable $bookingDrivers', 'C:\\xampp\\htdocs\\sisi\\project-booking-sisi\\app\\Views\\admin\\mondriver.php', 30)
 2 SYSTEMPATH\View\View.php(228): include('C:\\xampp\\htdocs\\sisi\\project-booking-sisi\\app\\Views\\admin\\mondriver.php')
 3 SYSTEMPATH\View\View.php(231): CodeIgniter\View\View->CodeIgniter\View\{closure}()
 4 SYSTEMPATH\Common.php(1178): CodeIgniter\View\View->render('admin/mondriver', [], true)
 5 APPPATH\Controllers\MonitoringControllers.php(37): view('admin/mondriver', [...])
 6 SYSTEMPATH\CodeIgniter.php(941): App\Controllers\MonitoringControllers->mondriver()
 7 SYSTEMPATH\CodeIgniter.php(502): CodeIgniter\CodeIgniter->runController(Object(App\Controllers\MonitoringControllers))
 8 SYSTEMPATH\CodeIgniter.php(361): CodeIgniter\CodeIgniter->handleRequest(null, Object(Config\Cache), false)
 9 FCPATH\index.php(79): CodeIgniter\CodeIgniter->run()
10 SYSTEMPATH\Commands\Server\rewrite.php(47): require_once('C:\\xampp\\htdocs\\sisi\\project-booking-sisi\\public\\index.php')
INFO - 2024-02-17 15:26:52 --> Session: Class initialized using 'CodeIgniter\Session\Handlers\FileHandler' driver.
CRITICAL - 2024-02-17 15:27:15 --> ErrorException: Undefined variable $booking_driver
in APPPATH\Views\admin\mondriver.php on line 30.
 1 APPPATH\Views\admin\mondriver.php(30): CodeIgniter\Debug\Exceptions->errorHandler(2, 'Undefined variable $booking_driver', 'C:\\xampp\\htdocs\\sisi\\project-booking-sisi\\app\\Views\\admin\\mondriver.php', 30)
 2 SYSTEMPATH\View\View.php(228): include('C:\\xampp\\htdocs\\sisi\\project-booking-sisi\\app\\Views\\admin\\mondriver.php')
 3 SYSTEMPATH\View\View.php(231): CodeIgniter\View\View->CodeIgniter\View\{closure}()
 4 SYSTEMPATH\Common.php(1178): CodeIgniter\View\View->render('admin/mondriver', [], true)
 5 APPPATH\Controllers\MonitoringControllers.php(37): view('admin/mondriver', [...])
 6 SYSTEMPATH\CodeIgniter.php(941): App\Controllers\MonitoringControllers->mondriver()
 7 SYSTEMPATH\CodeIgniter.php(502): CodeIgniter\CodeIgniter->runController(Object(App\Controllers\MonitoringControllers))
 8 SYSTEMPATH\CodeIgniter.php(361): CodeIgniter\CodeIgniter->handleRequest(null, Object(Config\Cache), false)
 9 FCPATH\index.php(79): CodeIgniter\CodeIgniter->run()
10 SYSTEMPATH\Commands\Server\rewrite.php(47): require_once('C:\\xampp\\htdocs\\sisi\\project-booking-sisi\\public\\index.php')
CRITICAL - 2024-02-17 15:31:25 --> ErrorException: Undefined variable $booking_driver
in APPPATH\Views\admin\mondriver.php on line 30.
 1 APPPATH\Views\admin\mondriver.php(30): CodeIgniter\Debug\Exceptions->errorHandler(2, 'Undefined variable $booking_driver', 'C:\\xampp\\htdocs\\sisi\\project-booking-sisi\\app\\Views\\admin\\mondriver.php', 30)
 2 SYSTEMPATH\View\View.php(228): include('C:\\xampp\\htdocs\\sisi\\project-booking-sisi\\app\\Views\\admin\\mondriver.php')
 3 SYSTEMPATH\View\View.php(231): CodeIgniter\View\View->CodeIgniter\View\{closure}()
 4 SYSTEMPATH\Common.php(1178): CodeIgniter\View\View->render('admin/mondriver', [], true)
 5 APPPATH\Controllers\MonitoringControllers.php(37): view('admin/mondriver', [...])
 6 SYSTEMPATH\CodeIgniter.php(941): App\Controllers\MonitoringControllers->mondriver()
 7 SYSTEMPATH\CodeIgniter.php(502): CodeIgniter\CodeIgniter->runController(Object(App\Controllers\MonitoringControllers))
 8 SYSTEMPATH\CodeIgniter.php(361): CodeIgniter\CodeIgniter->handleRequest(null, Object(Config\Cache), false)
 9 FCPATH\index.php(79): CodeIgniter\CodeIgniter->run()
10 SYSTEMPATH\Commands\Server\rewrite.php(47): require_once('C:\\xampp\\htdocs\\sisi\\project-booking-sisi\\public\\index.php')
CRITICAL - 2024-02-17 16:09:14 --> ErrorException: Undefined variable $bookingDrivers
in APPPATH\Views\admin\mondriver.php on line 30.
 1 APPPATH\Views\admin\mondriver.php(30): CodeIgniter\Debug\Exceptions->errorHandler(2, 'Undefined variable $bookingDrivers', 'C:\\xampp\\htdocs\\sisi\\project-booking-sisi\\app\\Views\\admin\\mondriver.php', 30)
 2 SYSTEMPATH\View\View.php(228): include('C:\\xampp\\htdocs\\sisi\\project-booking-sisi\\app\\Views\\admin\\mondriver.php')
 3 SYSTEMPATH\View\View.php(231): CodeIgniter\View\View->CodeIgniter\View\{closure}()
 4 SYSTEMPATH\Common.php(1178): CodeIgniter\View\View->render('admin/mondriver', [], true)
 5 APPPATH\Controllers\MonitoringControllers.php(37): view('admin/mondriver', [...])
 6 SYSTEMPATH\CodeIgniter.php(941): App\Controllers\MonitoringControllers->mondriver()
 7 SYSTEMPATH\CodeIgniter.php(502): CodeIgniter\CodeIgniter->runController(Object(App\Controllers\MonitoringControllers))
 8 SYSTEMPATH\CodeIgniter.php(361): CodeIgniter\CodeIgniter->handleRequest(null, Object(Config\Cache), false)
 9 FCPATH\index.php(79): CodeIgniter\CodeIgniter->run()
10 SYSTEMPATH\Commands\Server\rewrite.php(47): require_once('C:\\xampp\\htdocs\\sisi\\project-booking-sisi\\public\\index.php')
