INFO - 2024-02-09 14:13:53 --> Session: Class initialized using 'CodeIgniter\Session\Handlers\FileHandler' driver.
INFO - 2024-02-09 14:14:11 --> Session: Class initialized using 'CodeIgniter\Session\Handlers\FileHandler' driver.
INFO - 2024-02-09 14:14:11 --> Session: Class initialized using 'CodeIgniter\Session\Handlers\FileHandler' driver.
INFO - 2024-02-09 14:14:21 --> Session: Class initialized using 'CodeIgniter\Session\Handlers\FileHandler' driver.
INFO - 2024-02-09 14:14:21 --> Session: Class initialized using 'CodeIgniter\Session\Handlers\FileHandler' driver.
CRITICAL - 2024-02-09 14:28:38 --> ErrorException: Trying to access array offset on value of type null
in APPPATH\Views\admin\detail_booking_driver.php on line 63.
 1 APPPATH\Views\admin\detail_booking_driver.php(63): CodeIgniter\Debug\Exceptions->errorHandler(2, 'Trying to access array offset on value of type null', 'H:\\ACA\\K TO P\\project\\app\\Views\\admin\\detail_booking_driver.php', 63)
 2 SYSTEMPATH\View\View.php(228): include('H:\\ACA\\K TO P\\project\\app\\Views\\admin\\detail_booking_driver.php')
 3 SYSTEMPATH\View\View.php(231): CodeIgniter\View\View->CodeIgniter\View\{closure}()
 4 SYSTEMPATH\Common.php(1178): CodeIgniter\View\View->render('admin/detail_booking_driver', [], true)
 5 APPPATH\Controllers\BokDriver.php(42): view('admin/detail_booking_driver', [...])
 6 SYSTEMPATH\CodeIgniter.php(941): App\Controllers\BokDriver->detail_booking_driver('{$bookingId}')
 7 SYSTEMPATH\CodeIgniter.php(502): CodeIgniter\CodeIgniter->runController(Object(App\Controllers\BokDriver))
 8 SYSTEMPATH\CodeIgniter.php(361): CodeIgniter\CodeIgniter->handleRequest(null, Object(Config\Cache), false)
 9 FCPATH\index.php(79): CodeIgniter\CodeIgniter->run()
10 SYSTEMPATH\Commands\Server\rewrite.php(47): require_once('H:\\ACA\\K TO P\\project\\public\\index.php')
INFO - 2024-02-09 14:35:49 --> Session: Class initialized using 'CodeIgniter\Session\Handlers\FileHandler' driver.
INFO - 2024-02-09 14:35:54 --> Session: Class initialized using 'CodeIgniter\Session\Handlers\FileHandler' driver.
INFO - 2024-02-09 14:36:04 --> Session: Class initialized using 'CodeIgniter\Session\Handlers\FileHandler' driver.
INFO - 2024-02-09 14:36:11 --> Session: Class initialized using 'CodeIgniter\Session\Handlers\FileHandler' driver.
INFO - 2024-02-09 14:36:17 --> Session: Class initialized using 'CodeIgniter\Session\Handlers\FileHandler' driver.
INFO - 2024-02-09 14:43:21 --> Session: Class initialized using 'CodeIgniter\Session\Handlers\FileHandler' driver.
INFO - 2024-02-09 14:55:27 --> Session: Class initialized using 'CodeIgniter\Session\Handlers\FileHandler' driver.
CRITICAL - 2024-02-09 14:58:39 --> ErrorException: Undefined property: App\Controllers\BokDriver::$validation
in APPPATH\Controllers\BokDriver.php on line 61.
 1 APPPATH\Controllers\BokDriver.php(61): CodeIgniter\Debug\Exceptions->errorHandler(2, 'Undefined property: App\\Controllers\\BokDriver::$validation', 'H:\\ACA\\K TO P\\project\\app\\Controllers\\BokDriver.php', 61)
 2 SYSTEMPATH\CodeIgniter.php(941): App\Controllers\BokDriver->process_approval('BD_002')
 3 SYSTEMPATH\CodeIgniter.php(502): CodeIgniter\CodeIgniter->runController(Object(App\Controllers\BokDriver))
 4 SYSTEMPATH\CodeIgniter.php(361): CodeIgniter\CodeIgniter->handleRequest(null, Object(Config\Cache), false)
 5 FCPATH\index.php(79): CodeIgniter\CodeIgniter->run()
 6 SYSTEMPATH\Commands\Server\rewrite.php(47): require_once('H:\\ACA\\K TO P\\project\\public\\index.php')
INFO - 2024-02-09 15:00:11 --> Session: Class initialized using 'CodeIgniter\Session\Handlers\FileHandler' driver.
INFO - 2024-02-09 15:00:14 --> Session: Class initialized using 'CodeIgniter\Session\Handlers\FileHandler' driver.
INFO - 2024-02-09 15:00:15 --> Session: Class initialized using 'CodeIgniter\Session\Handlers\FileHandler' driver.
INFO - 2024-02-09 15:01:42 --> Session: Class initialized using 'CodeIgniter\Session\Handlers\FileHandler' driver.
CRITICAL - 2024-02-09 15:01:42 --> ErrorException: Array to string conversion
in APPPATH\Views\admin\detail_booking_driver.php on line 67.
 1 APPPATH\Views\admin\detail_booking_driver.php(67): CodeIgniter\Debug\Exceptions->errorHandler(2, 'Array to string conversion', 'H:\\ACA\\K TO P\\project\\app\\Views\\admin\\detail_booking_driver.php', 67)
 2 SYSTEMPATH\View\View.php(228): include('H:\\ACA\\K TO P\\project\\app\\Views\\admin\\detail_booking_driver.php')
 3 SYSTEMPATH\View\View.php(231): CodeIgniter\View\View->CodeIgniter\View\{closure}()
 4 SYSTEMPATH\Common.php(1178): CodeIgniter\View\View->render('admin/detail_booking_driver', [], true)
 5 APPPATH\Controllers\BokDriver.php(42): view('admin/detail_booking_driver', [...])
 6 SYSTEMPATH\CodeIgniter.php(941): App\Controllers\BokDriver->detail_booking_driver('BD_002')
 7 SYSTEMPATH\CodeIgniter.php(502): CodeIgniter\CodeIgniter->runController(Object(App\Controllers\BokDriver))
 8 SYSTEMPATH\CodeIgniter.php(361): CodeIgniter\CodeIgniter->handleRequest(null, Object(Config\Cache), false)
 9 FCPATH\index.php(79): CodeIgniter\CodeIgniter->run()
10 SYSTEMPATH\Commands\Server\rewrite.php(47): require_once('H:\\ACA\\K TO P\\project\\public\\index.php')
INFO - 2024-02-09 15:02:24 --> Session: Class initialized using 'CodeIgniter\Session\Handlers\FileHandler' driver.
INFO - 2024-02-09 15:02:48 --> Session: Class initialized using 'CodeIgniter\Session\Handlers\FileHandler' driver.
INFO - 2024-02-09 15:02:50 --> Session: Class initialized using 'CodeIgniter\Session\Handlers\FileHandler' driver.
INFO - 2024-02-09 15:02:50 --> Session: Class initialized using 'CodeIgniter\Session\Handlers\FileHandler' driver.
CRITICAL - 2024-02-09 15:12:09 --> ErrorException: Undefined array key "id_booking_ruangan"
in APPPATH\Views\admin\BookRoom.php on line 97.
 1 APPPATH\Views\admin\BookRoom.php(97): CodeIgniter\Debug\Exceptions->errorHandler(2, 'Undefined array key "id_booking_ruangan"', 'H:\\ACA\\K TO P\\project\\app\\Views\\admin\\BookRoom.php', 97)
 2 SYSTEMPATH\View\View.php(228): include('H:\\ACA\\K TO P\\project\\app\\Views\\admin\\BookRoom.php')
 3 SYSTEMPATH\View\View.php(231): CodeIgniter\View\View->CodeIgniter\View\{closure}()
 4 SYSTEMPATH\Common.php(1178): CodeIgniter\View\View->render('admin/BookRoom', [], true)
 5 APPPATH\Controllers\BokRoomController.php(16): view('admin/BookRoom', [...])
 6 SYSTEMPATH\CodeIgniter.php(941): App\Controllers\BokRoomController->booking_room()
 7 SYSTEMPATH\CodeIgniter.php(502): CodeIgniter\CodeIgniter->runController(Object(App\Controllers\BokRoomController))
 8 SYSTEMPATH\CodeIgniter.php(361): CodeIgniter\CodeIgniter->handleRequest(null, Object(Config\Cache), false)
 9 FCPATH\index.php(79): CodeIgniter\CodeIgniter->run()
10 SYSTEMPATH\Commands\Server\rewrite.php(47): require_once('H:\\ACA\\K TO P\\project\\public\\index.php')
CRITICAL - 2024-02-09 15:17:29 --> ErrorException: Undefined variable $bookingDriver
in APPPATH\Views\admin\BookRoom.php on line 100.
 1 APPPATH\Views\admin\BookRoom.php(100): CodeIgniter\Debug\Exceptions->errorHandler(2, 'Undefined variable $bookingDriver', 'H:\\ACA\\K TO P\\project\\app\\Views\\admin\\BookRoom.php', 100)
 2 SYSTEMPATH\View\View.php(228): include('H:\\ACA\\K TO P\\project\\app\\Views\\admin\\BookRoom.php')
 3 SYSTEMPATH\View\View.php(231): CodeIgniter\View\View->CodeIgniter\View\{closure}()
 4 SYSTEMPATH\Common.php(1178): CodeIgniter\View\View->render('admin/BookRoom', [], true)
 5 APPPATH\Controllers\BokRoomController.php(16): view('admin/BookRoom', [...])
 6 SYSTEMPATH\CodeIgniter.php(941): App\Controllers\BokRoomController->booking_room()
 7 SYSTEMPATH\CodeIgniter.php(502): CodeIgniter\CodeIgniter->runController(Object(App\Controllers\BokRoomController))
 8 SYSTEMPATH\CodeIgniter.php(361): CodeIgniter\CodeIgniter->handleRequest(null, Object(Config\Cache), false)
 9 FCPATH\index.php(79): CodeIgniter\CodeIgniter->run()
10 SYSTEMPATH\Commands\Server\rewrite.php(47): require_once('H:\\ACA\\K TO P\\project\\public\\index.php')
INFO - 2024-02-09 15:23:06 --> Session: Class initialized using 'CodeIgniter\Session\Handlers\FileHandler' driver.
