INFO - 2024-02-15 04:13:14 --> Session: Class initialized using 'CodeIgniter\Session\Handlers\FileHandler' driver.
INFO - 2024-02-15 04:13:28 --> Session: Class initialized using 'CodeIgniter\Session\Handlers\FileHandler' driver.
INFO - 2024-02-15 04:13:28 --> Session: Class initialized using 'CodeIgniter\Session\Handlers\FileHandler' driver.
INFO - 2024-02-15 04:13:39 --> Session: Class initialized using 'CodeIgniter\Session\Handlers\FileHandler' driver.
INFO - 2024-02-15 04:13:39 --> Session: Class initialized using 'CodeIgniter\Session\Handlers\FileHandler' driver.
INFO - 2024-02-15 04:15:33 --> Session: Class initialized using 'CodeIgniter\Session\Handlers\FileHandler' driver.
INFO - 2024-02-15 04:15:33 --> Session: Class initialized using 'CodeIgniter\Session\Handlers\FileHandler' driver.
INFO - 2024-02-15 04:16:33 --> Session: Class initialized using 'CodeIgniter\Session\Handlers\FileHandler' driver.
INFO - 2024-02-15 04:16:33 --> Session: Class initialized using 'CodeIgniter\Session\Handlers\FileHandler' driver.
INFO - 2024-02-15 04:16:50 --> Session: Class initialized using 'CodeIgniter\Session\Handlers\FileHandler' driver.
INFO - 2024-02-15 04:16:50 --> Session: Class initialized using 'CodeIgniter\Session\Handlers\FileHandler' driver.
INFO - 2024-02-15 04:21:53 --> Session: Class initialized using 'CodeIgniter\Session\Handlers\FileHandler' driver.
INFO - 2024-02-15 04:21:53 --> Session: Class initialized using 'CodeIgniter\Session\Handlers\FileHandler' driver.
CRITICAL - 2024-02-15 04:35:16 --> ErrorException: Undefined variable $keyword
in APPPATH\Views\admin\Driver.php on line 20.
 1 APPPATH\Views\admin\Driver.php(20): CodeIgniter\Debug\Exceptions->errorHandler(2, 'Undefined variable $keyword', 'H:\\ACA\\K TO P\\project-booking-sisi\\app\\Views\\admin\\Driver.php', 20)
 2 SYSTEMPATH\View\View.php(228): include('H:\\ACA\\K TO P\\project-booking-sisi\\app\\Views\\admin\\Driver.php')
 3 SYSTEMPATH\View\View.php(231): CodeIgniter\View\View->CodeIgniter\View\{closure}()
 4 SYSTEMPATH\Common.php(1178): CodeIgniter\View\View->render('admin/Driver', [], true)
 5 APPPATH\Controllers\Driver.php(16): view('admin/Driver', [...])
 6 SYSTEMPATH\CodeIgniter.php(941): App\Controllers\Driver->index()
 7 SYSTEMPATH\CodeIgniter.php(502): CodeIgniter\CodeIgniter->runController(Object(App\Controllers\Driver))
 8 SYSTEMPATH\CodeIgniter.php(361): CodeIgniter\CodeIgniter->handleRequest(null, Object(Config\Cache), false)
 9 FCPATH\index.php(79): CodeIgniter\CodeIgniter->run()
10 SYSTEMPATH\Commands\Server\rewrite.php(47): require_once('H:\\ACA\\K TO P\\project-booking-sisi\\public\\index.php')
INFO - 2024-02-15 04:37:58 --> Session: Class initialized using 'CodeIgniter\Session\Handlers\FileHandler' driver.
CRITICAL - 2024-02-15 04:42:16 --> TypeError: count(): Argument #1 ($value) must be of type Countable|array, null given
in APPPATH\Views\admin\User.php on line 9.
 1 SYSTEMPATH\View\View.php(228): include()
 2 SYSTEMPATH\View\View.php(231): CodeIgniter\View\View->CodeIgniter\View\{closure}()
 3 SYSTEMPATH\Common.php(1178): CodeIgniter\View\View->render('admin/User', [], true)
 4 APPPATH\Controllers\Auth.php(24): view('admin/User', [...])
 5 SYSTEMPATH\CodeIgniter.php(941): App\Controllers\Auth->index()
 6 SYSTEMPATH\CodeIgniter.php(502): CodeIgniter\CodeIgniter->runController(Object(App\Controllers\Auth))
 7 SYSTEMPATH\CodeIgniter.php(361): CodeIgniter\CodeIgniter->handleRequest(null, Object(Config\Cache), false)
 8 FCPATH\index.php(79): CodeIgniter\CodeIgniter->run()
 9 SYSTEMPATH\Commands\Server\rewrite.php(47): require_once('H:\\ACA\\K TO P\\project-booking-sisi\\public\\index.php')
CRITICAL - 2024-02-15 04:42:59 --> TypeError: count(): Argument #1 ($value) must be of type Countable|array, null given
in APPPATH\Views\admin\User.php on line 9.
 1 SYSTEMPATH\View\View.php(228): include()
 2 SYSTEMPATH\View\View.php(231): CodeIgniter\View\View->CodeIgniter\View\{closure}()
 3 SYSTEMPATH\Common.php(1178): CodeIgniter\View\View->render('admin/User', [], true)
 4 APPPATH\Controllers\Auth.php(24): view('admin/User', [...])
 5 SYSTEMPATH\CodeIgniter.php(941): App\Controllers\Auth->index()
 6 SYSTEMPATH\CodeIgniter.php(502): CodeIgniter\CodeIgniter->runController(Object(App\Controllers\Auth))
 7 SYSTEMPATH\CodeIgniter.php(361): CodeIgniter\CodeIgniter->handleRequest(null, Object(Config\Cache), false)
 8 FCPATH\index.php(79): CodeIgniter\CodeIgniter->run()
 9 SYSTEMPATH\Commands\Server\rewrite.php(47): require_once('H:\\ACA\\K TO P\\project-booking-sisi\\public\\index.php')
CRITICAL - 2024-02-15 04:43:00 --> TypeError: count(): Argument #1 ($value) must be of type Countable|array, null given
in APPPATH\Views\admin\User.php on line 9.
 1 SYSTEMPATH\View\View.php(228): include()
 2 SYSTEMPATH\View\View.php(231): CodeIgniter\View\View->CodeIgniter\View\{closure}()
 3 SYSTEMPATH\Common.php(1178): CodeIgniter\View\View->render('admin/User', [], true)
 4 APPPATH\Controllers\Auth.php(24): view('admin/User', [...])
 5 SYSTEMPATH\CodeIgniter.php(941): App\Controllers\Auth->index()
 6 SYSTEMPATH\CodeIgniter.php(502): CodeIgniter\CodeIgniter->runController(Object(App\Controllers\Auth))
 7 SYSTEMPATH\CodeIgniter.php(361): CodeIgniter\CodeIgniter->handleRequest(null, Object(Config\Cache), false)
 8 FCPATH\index.php(79): CodeIgniter\CodeIgniter->run()
 9 SYSTEMPATH\Commands\Server\rewrite.php(47): require_once('H:\\ACA\\K TO P\\project-booking-sisi\\public\\index.php')
CRITICAL - 2024-02-15 04:43:25 --> TypeError: count(): Argument #1 ($value) must be of type Countable|array, null given
in APPPATH\Views\admin\User.php on line 9.
 1 SYSTEMPATH\View\View.php(228): include()
 2 SYSTEMPATH\View\View.php(231): CodeIgniter\View\View->CodeIgniter\View\{closure}()
 3 SYSTEMPATH\Common.php(1178): CodeIgniter\View\View->render('admin/User', [], true)
 4 APPPATH\Controllers\Auth.php(24): view('admin/User', [...])
 5 SYSTEMPATH\CodeIgniter.php(941): App\Controllers\Auth->index()
 6 SYSTEMPATH\CodeIgniter.php(502): CodeIgniter\CodeIgniter->runController(Object(App\Controllers\Auth))
 7 SYSTEMPATH\CodeIgniter.php(361): CodeIgniter\CodeIgniter->handleRequest(null, Object(Config\Cache), false)
 8 FCPATH\index.php(79): CodeIgniter\CodeIgniter->run()
 9 SYSTEMPATH\Commands\Server\rewrite.php(47): require_once('H:\\ACA\\K TO P\\project-booking-sisi\\public\\index.php')
CRITICAL - 2024-02-15 04:43:25 --> [Caused by] ErrorException: Undefined variable $room
in APPPATH\Views\admin\User.php on line 9.
 1 APPPATH\Views\admin\User.php(9): CodeIgniter\Debug\Exceptions->errorHandler(2, 'Undefined variable $room', 'H:\\ACA\\K TO P\\project-booking-sisi\\app\\Views\\admin\\User.php', 9)
 2 SYSTEMPATH\View\View.php(228): include('H:\\ACA\\K TO P\\project-booking-sisi\\app\\Views\\admin\\User.php')
 3 SYSTEMPATH\View\View.php(231): CodeIgniter\View\View->CodeIgniter\View\{closure}()
 4 SYSTEMPATH\Common.php(1178): CodeIgniter\View\View->render('admin/User', [], true)
 5 APPPATH\Controllers\Auth.php(24): view('admin/User', [...])
 6 SYSTEMPATH\CodeIgniter.php(941): App\Controllers\Auth->index()
 7 SYSTEMPATH\CodeIgniter.php(502): CodeIgniter\CodeIgniter->runController(Object(App\Controllers\Auth))
 8 SYSTEMPATH\CodeIgniter.php(361): CodeIgniter\CodeIgniter->handleRequest(null, Object(Config\Cache), false)
 9 FCPATH\index.php(79): CodeIgniter\CodeIgniter->run()
10 SYSTEMPATH\Commands\Server\rewrite.php(47): require_once('H:\\ACA\\K TO P\\project-booking-sisi\\public\\index.php')
CRITICAL - 2024-02-15 04:43:26 --> TypeError: count(): Argument #1 ($value) must be of type Countable|array, null given
in APPPATH\Views\admin\User.php on line 9.
 1 SYSTEMPATH\View\View.php(228): include()
 2 SYSTEMPATH\View\View.php(231): CodeIgniter\View\View->CodeIgniter\View\{closure}()
 3 SYSTEMPATH\Common.php(1178): CodeIgniter\View\View->render('admin/User', [], true)
 4 APPPATH\Controllers\Auth.php(24): view('admin/User', [...])
 5 SYSTEMPATH\CodeIgniter.php(941): App\Controllers\Auth->index()
 6 SYSTEMPATH\CodeIgniter.php(502): CodeIgniter\CodeIgniter->runController(Object(App\Controllers\Auth))
 7 SYSTEMPATH\CodeIgniter.php(361): CodeIgniter\CodeIgniter->handleRequest(null, Object(Config\Cache), false)
 8 FCPATH\index.php(79): CodeIgniter\CodeIgniter->run()
 9 SYSTEMPATH\Commands\Server\rewrite.php(47): require_once('H:\\ACA\\K TO P\\project-booking-sisi\\public\\index.php')
CRITICAL - 2024-02-15 04:43:26 --> [Caused by] ErrorException: Undefined variable $room
in APPPATH\Views\admin\User.php on line 9.
 1 APPPATH\Views\admin\User.php(9): CodeIgniter\Debug\Exceptions->errorHandler(2, 'Undefined variable $room', 'H:\\ACA\\K TO P\\project-booking-sisi\\app\\Views\\admin\\User.php', 9)
 2 SYSTEMPATH\View\View.php(228): include('H:\\ACA\\K TO P\\project-booking-sisi\\app\\Views\\admin\\User.php')
 3 SYSTEMPATH\View\View.php(231): CodeIgniter\View\View->CodeIgniter\View\{closure}()
 4 SYSTEMPATH\Common.php(1178): CodeIgniter\View\View->render('admin/User', [], true)
 5 APPPATH\Controllers\Auth.php(24): view('admin/User', [...])
 6 SYSTEMPATH\CodeIgniter.php(941): App\Controllers\Auth->index()
 7 SYSTEMPATH\CodeIgniter.php(502): CodeIgniter\CodeIgniter->runController(Object(App\Controllers\Auth))
 8 SYSTEMPATH\CodeIgniter.php(361): CodeIgniter\CodeIgniter->handleRequest(null, Object(Config\Cache), false)
 9 FCPATH\index.php(79): CodeIgniter\CodeIgniter->run()
10 SYSTEMPATH\Commands\Server\rewrite.php(47): require_once('H:\\ACA\\K TO P\\project-booking-sisi\\public\\index.php')
CRITICAL - 2024-02-15 04:43:27 --> TypeError: count(): Argument #1 ($value) must be of type Countable|array, null given
in APPPATH\Views\admin\User.php on line 9.
 1 SYSTEMPATH\View\View.php(228): include()
 2 SYSTEMPATH\View\View.php(231): CodeIgniter\View\View->CodeIgniter\View\{closure}()
 3 SYSTEMPATH\Common.php(1178): CodeIgniter\View\View->render('admin/User', [], true)
 4 APPPATH\Controllers\Auth.php(24): view('admin/User', [...])
 5 SYSTEMPATH\CodeIgniter.php(941): App\Controllers\Auth->index()
 6 SYSTEMPATH\CodeIgniter.php(502): CodeIgniter\CodeIgniter->runController(Object(App\Controllers\Auth))
 7 SYSTEMPATH\CodeIgniter.php(361): CodeIgniter\CodeIgniter->handleRequest(null, Object(Config\Cache), false)
 8 FCPATH\index.php(79): CodeIgniter\CodeIgniter->run()
 9 SYSTEMPATH\Commands\Server\rewrite.php(47): require_once('H:\\ACA\\K TO P\\project-booking-sisi\\public\\index.php')
CRITICAL - 2024-02-15 04:43:27 --> [Caused by] ErrorException: Undefined variable $room
in APPPATH\Views\admin\User.php on line 9.
 1 APPPATH\Views\admin\User.php(9): CodeIgniter\Debug\Exceptions->errorHandler(2, 'Undefined variable $room', 'H:\\ACA\\K TO P\\project-booking-sisi\\app\\Views\\admin\\User.php', 9)
 2 SYSTEMPATH\View\View.php(228): include('H:\\ACA\\K TO P\\project-booking-sisi\\app\\Views\\admin\\User.php')
 3 SYSTEMPATH\View\View.php(231): CodeIgniter\View\View->CodeIgniter\View\{closure}()
 4 SYSTEMPATH\Common.php(1178): CodeIgniter\View\View->render('admin/User', [], true)
 5 APPPATH\Controllers\Auth.php(24): view('admin/User', [...])
 6 SYSTEMPATH\CodeIgniter.php(941): App\Controllers\Auth->index()
 7 SYSTEMPATH\CodeIgniter.php(502): CodeIgniter\CodeIgniter->runController(Object(App\Controllers\Auth))
 8 SYSTEMPATH\CodeIgniter.php(361): CodeIgniter\CodeIgniter->handleRequest(null, Object(Config\Cache), false)
 9 FCPATH\index.php(79): CodeIgniter\CodeIgniter->run()
10 SYSTEMPATH\Commands\Server\rewrite.php(47): require_once('H:\\ACA\\K TO P\\project-booking-sisi\\public\\index.php')
CRITICAL - 2024-02-15 04:43:39 --> TypeError: count(): Argument #1 ($value) must be of type Countable|array, null given
in APPPATH\Views\admin\User.php on line 9.
 1 SYSTEMPATH\View\View.php(228): include()
 2 SYSTEMPATH\View\View.php(231): CodeIgniter\View\View->CodeIgniter\View\{closure}()
 3 SYSTEMPATH\Common.php(1178): CodeIgniter\View\View->render('admin/User', [], true)
 4 APPPATH\Controllers\Auth.php(24): view('admin/User', [...])
 5 SYSTEMPATH\CodeIgniter.php(941): App\Controllers\Auth->index()
 6 SYSTEMPATH\CodeIgniter.php(502): CodeIgniter\CodeIgniter->runController(Object(App\Controllers\Auth))
 7 SYSTEMPATH\CodeIgniter.php(361): CodeIgniter\CodeIgniter->handleRequest(null, Object(Config\Cache), false)
 8 FCPATH\index.php(79): CodeIgniter\CodeIgniter->run()
 9 SYSTEMPATH\Commands\Server\rewrite.php(47): require_once('H:\\ACA\\K TO P\\project-booking-sisi\\public\\index.php')
CRITICAL - 2024-02-15 04:43:40 --> TypeError: count(): Argument #1 ($value) must be of type Countable|array, null given
in APPPATH\Views\admin\User.php on line 9.
 1 SYSTEMPATH\View\View.php(228): include()
 2 SYSTEMPATH\View\View.php(231): CodeIgniter\View\View->CodeIgniter\View\{closure}()
 3 SYSTEMPATH\Common.php(1178): CodeIgniter\View\View->render('admin/User', [], true)
 4 APPPATH\Controllers\Auth.php(24): view('admin/User', [...])
 5 SYSTEMPATH\CodeIgniter.php(941): App\Controllers\Auth->index()
 6 SYSTEMPATH\CodeIgniter.php(502): CodeIgniter\CodeIgniter->runController(Object(App\Controllers\Auth))
 7 SYSTEMPATH\CodeIgniter.php(361): CodeIgniter\CodeIgniter->handleRequest(null, Object(Config\Cache), false)
 8 FCPATH\index.php(79): CodeIgniter\CodeIgniter->run()
 9 SYSTEMPATH\Commands\Server\rewrite.php(47): require_once('H:\\ACA\\K TO P\\project-booking-sisi\\public\\index.php')
CRITICAL - 2024-02-15 04:43:46 --> ErrorException: Undefined variable $keyword
in APPPATH\Views\admin\User.php on line 16.
 1 APPPATH\Views\admin\User.php(16): CodeIgniter\Debug\Exceptions->errorHandler(2, 'Undefined variable $keyword', 'H:\\ACA\\K TO P\\project-booking-sisi\\app\\Views\\admin\\User.php', 16)
 2 SYSTEMPATH\View\View.php(228): include('H:\\ACA\\K TO P\\project-booking-sisi\\app\\Views\\admin\\User.php')
 3 SYSTEMPATH\View\View.php(231): CodeIgniter\View\View->CodeIgniter\View\{closure}()
 4 SYSTEMPATH\Common.php(1178): CodeIgniter\View\View->render('admin/User', [], true)
 5 APPPATH\Controllers\Auth.php(24): view('admin/User', [...])
 6 SYSTEMPATH\CodeIgniter.php(941): App\Controllers\Auth->index()
 7 SYSTEMPATH\CodeIgniter.php(502): CodeIgniter\CodeIgniter->runController(Object(App\Controllers\Auth))
 8 SYSTEMPATH\CodeIgniter.php(361): CodeIgniter\CodeIgniter->handleRequest(null, Object(Config\Cache), false)
 9 FCPATH\index.php(79): CodeIgniter\CodeIgniter->run()
10 SYSTEMPATH\Commands\Server\rewrite.php(47): require_once('H:\\ACA\\K TO P\\project-booking-sisi\\public\\index.php')
CRITICAL - 2024-02-15 04:43:47 --> ErrorException: Undefined variable $keyword
in APPPATH\Views\admin\User.php on line 16.
 1 APPPATH\Views\admin\User.php(16): CodeIgniter\Debug\Exceptions->errorHandler(2, 'Undefined variable $keyword', 'H:\\ACA\\K TO P\\project-booking-sisi\\app\\Views\\admin\\User.php', 16)
 2 SYSTEMPATH\View\View.php(228): include('H:\\ACA\\K TO P\\project-booking-sisi\\app\\Views\\admin\\User.php')
 3 SYSTEMPATH\View\View.php(231): CodeIgniter\View\View->CodeIgniter\View\{closure}()
 4 SYSTEMPATH\Common.php(1178): CodeIgniter\View\View->render('admin/User', [], true)
 5 APPPATH\Controllers\Auth.php(24): view('admin/User', [...])
 6 SYSTEMPATH\CodeIgniter.php(941): App\Controllers\Auth->index()
 7 SYSTEMPATH\CodeIgniter.php(502): CodeIgniter\CodeIgniter->runController(Object(App\Controllers\Auth))
 8 SYSTEMPATH\CodeIgniter.php(361): CodeIgniter\CodeIgniter->handleRequest(null, Object(Config\Cache), false)
 9 FCPATH\index.php(79): CodeIgniter\CodeIgniter->run()
10 SYSTEMPATH\Commands\Server\rewrite.php(47): require_once('H:\\ACA\\K TO P\\project-booking-sisi\\public\\index.php')
CRITICAL - 2024-02-15 04:45:22 --> ErrorException: Undefined variable $keyword
in APPPATH\Views\admin\User.php on line 16.
 1 APPPATH\Views\admin\User.php(16): CodeIgniter\Debug\Exceptions->errorHandler(2, 'Undefined variable $keyword', 'H:\\ACA\\K TO P\\project-booking-sisi\\app\\Views\\admin\\User.php', 16)
 2 SYSTEMPATH\View\View.php(228): include('H:\\ACA\\K TO P\\project-booking-sisi\\app\\Views\\admin\\User.php')
 3 SYSTEMPATH\View\View.php(231): CodeIgniter\View\View->CodeIgniter\View\{closure}()
 4 SYSTEMPATH\Common.php(1178): CodeIgniter\View\View->render('admin/User', [], true)
 5 APPPATH\Controllers\Auth.php(24): view('admin/User', [...])
 6 SYSTEMPATH\CodeIgniter.php(941): App\Controllers\Auth->index()
 7 SYSTEMPATH\CodeIgniter.php(502): CodeIgniter\CodeIgniter->runController(Object(App\Controllers\Auth))
 8 SYSTEMPATH\CodeIgniter.php(361): CodeIgniter\CodeIgniter->handleRequest(null, Object(Config\Cache), false)
 9 FCPATH\index.php(79): CodeIgniter\CodeIgniter->run()
10 SYSTEMPATH\Commands\Server\rewrite.php(47): require_once('H:\\ACA\\K TO P\\project-booking-sisi\\public\\index.php')
CRITICAL - 2024-02-15 04:46:22 --> ErrorException: Undefined variable $keyword
in APPPATH\Views\admin\User.php on line 16.
 1 APPPATH\Views\admin\User.php(16): CodeIgniter\Debug\Exceptions->errorHandler(2, 'Undefined variable $keyword', 'H:\\ACA\\K TO P\\project-booking-sisi\\app\\Views\\admin\\User.php', 16)
 2 SYSTEMPATH\View\View.php(228): include('H:\\ACA\\K TO P\\project-booking-sisi\\app\\Views\\admin\\User.php')
 3 SYSTEMPATH\View\View.php(231): CodeIgniter\View\View->CodeIgniter\View\{closure}()
 4 SYSTEMPATH\Common.php(1178): CodeIgniter\View\View->render('admin/User', [], true)
 5 APPPATH\Controllers\Auth.php(22): view('admin/User', [...])
 6 SYSTEMPATH\CodeIgniter.php(941): App\Controllers\Auth->index()
 7 SYSTEMPATH\CodeIgniter.php(502): CodeIgniter\CodeIgniter->runController(Object(App\Controllers\Auth))
 8 SYSTEMPATH\CodeIgniter.php(361): CodeIgniter\CodeIgniter->handleRequest(null, Object(Config\Cache), false)
 9 FCPATH\index.php(79): CodeIgniter\CodeIgniter->run()
10 SYSTEMPATH\Commands\Server\rewrite.php(47): require_once('H:\\ACA\\K TO P\\project-booking-sisi\\public\\index.php')
CRITICAL - 2024-02-15 04:46:23 --> ErrorException: Undefined variable $keyword
in APPPATH\Views\admin\User.php on line 16.
 1 APPPATH\Views\admin\User.php(16): CodeIgniter\Debug\Exceptions->errorHandler(2, 'Undefined variable $keyword', 'H:\\ACA\\K TO P\\project-booking-sisi\\app\\Views\\admin\\User.php', 16)
 2 SYSTEMPATH\View\View.php(228): include('H:\\ACA\\K TO P\\project-booking-sisi\\app\\Views\\admin\\User.php')
 3 SYSTEMPATH\View\View.php(231): CodeIgniter\View\View->CodeIgniter\View\{closure}()
 4 SYSTEMPATH\Common.php(1178): CodeIgniter\View\View->render('admin/User', [], true)
 5 APPPATH\Controllers\Auth.php(22): view('admin/User', [...])
 6 SYSTEMPATH\CodeIgniter.php(941): App\Controllers\Auth->index()
 7 SYSTEMPATH\CodeIgniter.php(502): CodeIgniter\CodeIgniter->runController(Object(App\Controllers\Auth))
 8 SYSTEMPATH\CodeIgniter.php(361): CodeIgniter\CodeIgniter->handleRequest(null, Object(Config\Cache), false)
 9 FCPATH\index.php(79): CodeIgniter\CodeIgniter->run()
10 SYSTEMPATH\Commands\Server\rewrite.php(47): require_once('H:\\ACA\\K TO P\\project-booking-sisi\\public\\index.php')
CRITICAL - 2024-02-15 04:47:28 --> ErrorException: Undefined variable $start_index
in APPPATH\Views\admin\User.php on line 46.
 1 APPPATH\Views\admin\User.php(46): CodeIgniter\Debug\Exceptions->errorHandler(2, 'Undefined variable $start_index', 'H:\\ACA\\K TO P\\project-booking-sisi\\app\\Views\\admin\\User.php', 46)
 2 SYSTEMPATH\View\View.php(228): include('H:\\ACA\\K TO P\\project-booking-sisi\\app\\Views\\admin\\User.php')
 3 SYSTEMPATH\View\View.php(231): CodeIgniter\View\View->CodeIgniter\View\{closure}()
 4 SYSTEMPATH\Common.php(1178): CodeIgniter\View\View->render('admin/User', [], true)
 5 APPPATH\Controllers\Auth.php(22): view('admin/User', [...])
 6 SYSTEMPATH\CodeIgniter.php(941): App\Controllers\Auth->index()
 7 SYSTEMPATH\CodeIgniter.php(502): CodeIgniter\CodeIgniter->runController(Object(App\Controllers\Auth))
 8 SYSTEMPATH\CodeIgniter.php(361): CodeIgniter\CodeIgniter->handleRequest(null, Object(Config\Cache), false)
 9 FCPATH\index.php(79): CodeIgniter\CodeIgniter->run()
10 SYSTEMPATH\Commands\Server\rewrite.php(47): require_once('H:\\ACA\\K TO P\\project-booking-sisi\\public\\index.php')
CRITICAL - 2024-02-15 04:47:29 --> ErrorException: Undefined variable $start_index
in APPPATH\Views\admin\User.php on line 46.
 1 APPPATH\Views\admin\User.php(46): CodeIgniter\Debug\Exceptions->errorHandler(2, 'Undefined variable $start_index', 'H:\\ACA\\K TO P\\project-booking-sisi\\app\\Views\\admin\\User.php', 46)
 2 SYSTEMPATH\View\View.php(228): include('H:\\ACA\\K TO P\\project-booking-sisi\\app\\Views\\admin\\User.php')
 3 SYSTEMPATH\View\View.php(231): CodeIgniter\View\View->CodeIgniter\View\{closure}()
 4 SYSTEMPATH\Common.php(1178): CodeIgniter\View\View->render('admin/User', [], true)
 5 APPPATH\Controllers\Auth.php(22): view('admin/User', [...])
 6 SYSTEMPATH\CodeIgniter.php(941): App\Controllers\Auth->index()
 7 SYSTEMPATH\CodeIgniter.php(502): CodeIgniter\CodeIgniter->runController(Object(App\Controllers\Auth))
 8 SYSTEMPATH\CodeIgniter.php(361): CodeIgniter\CodeIgniter->handleRequest(null, Object(Config\Cache), false)
 9 FCPATH\index.php(79): CodeIgniter\CodeIgniter->run()
10 SYSTEMPATH\Commands\Server\rewrite.php(47): require_once('H:\\ACA\\K TO P\\project-booking-sisi\\public\\index.php')
CRITICAL - 2024-02-15 04:49:00 --> ErrorException: Undefined variable $keyword
in APPPATH\Views\admin\User.php on line 21.
 1 APPPATH\Views\admin\User.php(21): CodeIgniter\Debug\Exceptions->errorHandler(2, 'Undefined variable $keyword', 'H:\\ACA\\K TO P\\project-booking-sisi\\app\\Views\\admin\\User.php', 21)
 2 SYSTEMPATH\View\View.php(228): include('H:\\ACA\\K TO P\\project-booking-sisi\\app\\Views\\admin\\User.php')
 3 SYSTEMPATH\View\View.php(231): CodeIgniter\View\View->CodeIgniter\View\{closure}()
 4 SYSTEMPATH\Common.php(1178): CodeIgniter\View\View->render('admin/User', [], true)
 5 APPPATH\Controllers\Auth.php(22): view('admin/User', [...])
 6 SYSTEMPATH\CodeIgniter.php(941): App\Controllers\Auth->index()
 7 SYSTEMPATH\CodeIgniter.php(502): CodeIgniter\CodeIgniter->runController(Object(App\Controllers\Auth))
 8 SYSTEMPATH\CodeIgniter.php(361): CodeIgniter\CodeIgniter->handleRequest(null, Object(Config\Cache), false)
 9 FCPATH\index.php(79): CodeIgniter\CodeIgniter->run()
10 SYSTEMPATH\Commands\Server\rewrite.php(47): require_once('H:\\ACA\\K TO P\\project-booking-sisi\\public\\index.php')
CRITICAL - 2024-02-15 04:49:02 --> ErrorException: Undefined variable $keyword
in APPPATH\Views\admin\User.php on line 21.
 1 APPPATH\Views\admin\User.php(21): CodeIgniter\Debug\Exceptions->errorHandler(2, 'Undefined variable $keyword', 'H:\\ACA\\K TO P\\project-booking-sisi\\app\\Views\\admin\\User.php', 21)
 2 SYSTEMPATH\View\View.php(228): include('H:\\ACA\\K TO P\\project-booking-sisi\\app\\Views\\admin\\User.php')
 3 SYSTEMPATH\View\View.php(231): CodeIgniter\View\View->CodeIgniter\View\{closure}()
 4 SYSTEMPATH\Common.php(1178): CodeIgniter\View\View->render('admin/User', [], true)
 5 APPPATH\Controllers\Auth.php(22): view('admin/User', [...])
 6 SYSTEMPATH\CodeIgniter.php(941): App\Controllers\Auth->index()
 7 SYSTEMPATH\CodeIgniter.php(502): CodeIgniter\CodeIgniter->runController(Object(App\Controllers\Auth))
 8 SYSTEMPATH\CodeIgniter.php(361): CodeIgniter\CodeIgniter->handleRequest(null, Object(Config\Cache), false)
 9 FCPATH\index.php(79): CodeIgniter\CodeIgniter->run()
10 SYSTEMPATH\Commands\Server\rewrite.php(47): require_once('H:\\ACA\\K TO P\\project-booking-sisi\\public\\index.php')
CRITICAL - 2024-02-15 04:50:24 --> ErrorException: Undefined variable $keyword
in APPPATH\Views\admin\User.php on line 21.
 1 APPPATH\Views\admin\User.php(21): CodeIgniter\Debug\Exceptions->errorHandler(2, 'Undefined variable $keyword', 'H:\\ACA\\K TO P\\project-booking-sisi\\app\\Views\\admin\\User.php', 21)
 2 SYSTEMPATH\View\View.php(228): include('H:\\ACA\\K TO P\\project-booking-sisi\\app\\Views\\admin\\User.php')
 3 SYSTEMPATH\View\View.php(231): CodeIgniter\View\View->CodeIgniter\View\{closure}()
 4 SYSTEMPATH\Common.php(1178): CodeIgniter\View\View->render('admin/User', [], true)
 5 APPPATH\Controllers\Auth.php(22): view('admin/User', [...])
 6 SYSTEMPATH\CodeIgniter.php(941): App\Controllers\Auth->index()
 7 SYSTEMPATH\CodeIgniter.php(502): CodeIgniter\CodeIgniter->runController(Object(App\Controllers\Auth))
 8 SYSTEMPATH\CodeIgniter.php(361): CodeIgniter\CodeIgniter->handleRequest(null, Object(Config\Cache), false)
 9 FCPATH\index.php(79): CodeIgniter\CodeIgniter->run()
10 SYSTEMPATH\Commands\Server\rewrite.php(47): require_once('H:\\ACA\\K TO P\\project-booking-sisi\\public\\index.php')
CRITICAL - 2024-02-15 04:50:25 --> ErrorException: Undefined variable $keyword
in APPPATH\Views\admin\User.php on line 21.
 1 APPPATH\Views\admin\User.php(21): CodeIgniter\Debug\Exceptions->errorHandler(2, 'Undefined variable $keyword', 'H:\\ACA\\K TO P\\project-booking-sisi\\app\\Views\\admin\\User.php', 21)
 2 SYSTEMPATH\View\View.php(228): include('H:\\ACA\\K TO P\\project-booking-sisi\\app\\Views\\admin\\User.php')
 3 SYSTEMPATH\View\View.php(231): CodeIgniter\View\View->CodeIgniter\View\{closure}()
 4 SYSTEMPATH\Common.php(1178): CodeIgniter\View\View->render('admin/User', [], true)
 5 APPPATH\Controllers\Auth.php(22): view('admin/User', [...])
 6 SYSTEMPATH\CodeIgniter.php(941): App\Controllers\Auth->index()
 7 SYSTEMPATH\CodeIgniter.php(502): CodeIgniter\CodeIgniter->runController(Object(App\Controllers\Auth))
 8 SYSTEMPATH\CodeIgniter.php(361): CodeIgniter\CodeIgniter->handleRequest(null, Object(Config\Cache), false)
 9 FCPATH\index.php(79): CodeIgniter\CodeIgniter->run()
10 SYSTEMPATH\Commands\Server\rewrite.php(47): require_once('H:\\ACA\\K TO P\\project-booking-sisi\\public\\index.php')
CRITICAL - 2024-02-15 04:50:39 --> ErrorException: Undefined variable $keyword
in APPPATH\Views\admin\User.php on line 21.
 1 APPPATH\Views\admin\User.php(21): CodeIgniter\Debug\Exceptions->errorHandler(2, 'Undefined variable $keyword', 'H:\\ACA\\K TO P\\project-booking-sisi\\app\\Views\\admin\\User.php', 21)
 2 SYSTEMPATH\View\View.php(228): include('H:\\ACA\\K TO P\\project-booking-sisi\\app\\Views\\admin\\User.php')
 3 SYSTEMPATH\View\View.php(231): CodeIgniter\View\View->CodeIgniter\View\{closure}()
 4 SYSTEMPATH\Common.php(1178): CodeIgniter\View\View->render('admin/User', [], true)
 5 APPPATH\Controllers\Auth.php(22): view('admin/User', [...])
 6 SYSTEMPATH\CodeIgniter.php(941): App\Controllers\Auth->index()
 7 SYSTEMPATH\CodeIgniter.php(502): CodeIgniter\CodeIgniter->runController(Object(App\Controllers\Auth))
 8 SYSTEMPATH\CodeIgniter.php(361): CodeIgniter\CodeIgniter->handleRequest(null, Object(Config\Cache), false)
 9 FCPATH\index.php(79): CodeIgniter\CodeIgniter->run()
10 SYSTEMPATH\Commands\Server\rewrite.php(47): require_once('H:\\ACA\\K TO P\\project-booking-sisi\\public\\index.php')
CRITICAL - 2024-02-15 04:50:41 --> ErrorException: Undefined variable $keyword
in APPPATH\Views\admin\User.php on line 21.
 1 APPPATH\Views\admin\User.php(21): CodeIgniter\Debug\Exceptions->errorHandler(2, 'Undefined variable $keyword', 'H:\\ACA\\K TO P\\project-booking-sisi\\app\\Views\\admin\\User.php', 21)
 2 SYSTEMPATH\View\View.php(228): include('H:\\ACA\\K TO P\\project-booking-sisi\\app\\Views\\admin\\User.php')
 3 SYSTEMPATH\View\View.php(231): CodeIgniter\View\View->CodeIgniter\View\{closure}()
 4 SYSTEMPATH\Common.php(1178): CodeIgniter\View\View->render('admin/User', [], true)
 5 APPPATH\Controllers\Auth.php(22): view('admin/User', [...])
 6 SYSTEMPATH\CodeIgniter.php(941): App\Controllers\Auth->index()
 7 SYSTEMPATH\CodeIgniter.php(502): CodeIgniter\CodeIgniter->runController(Object(App\Controllers\Auth))
 8 SYSTEMPATH\CodeIgniter.php(361): CodeIgniter\CodeIgniter->handleRequest(null, Object(Config\Cache), false)
 9 FCPATH\index.php(79): CodeIgniter\CodeIgniter->run()
10 SYSTEMPATH\Commands\Server\rewrite.php(47): require_once('H:\\ACA\\K TO P\\project-booking-sisi\\public\\index.php')
CRITICAL - 2024-02-15 04:50:42 --> ErrorException: Undefined variable $keyword
in APPPATH\Views\admin\User.php on line 21.
 1 APPPATH\Views\admin\User.php(21): CodeIgniter\Debug\Exceptions->errorHandler(2, 'Undefined variable $keyword', 'H:\\ACA\\K TO P\\project-booking-sisi\\app\\Views\\admin\\User.php', 21)
 2 SYSTEMPATH\View\View.php(228): include('H:\\ACA\\K TO P\\project-booking-sisi\\app\\Views\\admin\\User.php')
 3 SYSTEMPATH\View\View.php(231): CodeIgniter\View\View->CodeIgniter\View\{closure}()
 4 SYSTEMPATH\Common.php(1178): CodeIgniter\View\View->render('admin/User', [], true)
 5 APPPATH\Controllers\Auth.php(22): view('admin/User', [...])
 6 SYSTEMPATH\CodeIgniter.php(941): App\Controllers\Auth->index()
 7 SYSTEMPATH\CodeIgniter.php(502): CodeIgniter\CodeIgniter->runController(Object(App\Controllers\Auth))
 8 SYSTEMPATH\CodeIgniter.php(361): CodeIgniter\CodeIgniter->handleRequest(null, Object(Config\Cache), false)
 9 FCPATH\index.php(79): CodeIgniter\CodeIgniter->run()
10 SYSTEMPATH\Commands\Server\rewrite.php(47): require_once('H:\\ACA\\K TO P\\project-booking-sisi\\public\\index.php')
CRITICAL - 2024-02-15 04:50:43 --> ErrorException: Undefined variable $keyword
in APPPATH\Views\admin\User.php on line 21.
 1 APPPATH\Views\admin\User.php(21): CodeIgniter\Debug\Exceptions->errorHandler(2, 'Undefined variable $keyword', 'H:\\ACA\\K TO P\\project-booking-sisi\\app\\Views\\admin\\User.php', 21)
 2 SYSTEMPATH\View\View.php(228): include('H:\\ACA\\K TO P\\project-booking-sisi\\app\\Views\\admin\\User.php')
 3 SYSTEMPATH\View\View.php(231): CodeIgniter\View\View->CodeIgniter\View\{closure}()
 4 SYSTEMPATH\Common.php(1178): CodeIgniter\View\View->render('admin/User', [], true)
 5 APPPATH\Controllers\Auth.php(22): view('admin/User', [...])
 6 SYSTEMPATH\CodeIgniter.php(941): App\Controllers\Auth->index()
 7 SYSTEMPATH\CodeIgniter.php(502): CodeIgniter\CodeIgniter->runController(Object(App\Controllers\Auth))
 8 SYSTEMPATH\CodeIgniter.php(361): CodeIgniter\CodeIgniter->handleRequest(null, Object(Config\Cache), false)
 9 FCPATH\index.php(79): CodeIgniter\CodeIgniter->run()
10 SYSTEMPATH\Commands\Server\rewrite.php(47): require_once('H:\\ACA\\K TO P\\project-booking-sisi\\public\\index.php')
CRITICAL - 2024-02-15 04:50:46 --> ErrorException: Undefined variable $keyword
in APPPATH\Views\admin\User.php on line 21.
 1 APPPATH\Views\admin\User.php(21): CodeIgniter\Debug\Exceptions->errorHandler(2, 'Undefined variable $keyword', 'H:\\ACA\\K TO P\\project-booking-sisi\\app\\Views\\admin\\User.php', 21)
 2 SYSTEMPATH\View\View.php(228): include('H:\\ACA\\K TO P\\project-booking-sisi\\app\\Views\\admin\\User.php')
 3 SYSTEMPATH\View\View.php(231): CodeIgniter\View\View->CodeIgniter\View\{closure}()
 4 SYSTEMPATH\Common.php(1178): CodeIgniter\View\View->render('admin/User', [], true)
 5 APPPATH\Controllers\Auth.php(22): view('admin/User', [...])
 6 SYSTEMPATH\CodeIgniter.php(941): App\Controllers\Auth->index()
 7 SYSTEMPATH\CodeIgniter.php(502): CodeIgniter\CodeIgniter->runController(Object(App\Controllers\Auth))
 8 SYSTEMPATH\CodeIgniter.php(361): CodeIgniter\CodeIgniter->handleRequest(null, Object(Config\Cache), false)
 9 FCPATH\index.php(79): CodeIgniter\CodeIgniter->run()
10 SYSTEMPATH\Commands\Server\rewrite.php(47): require_once('H:\\ACA\\K TO P\\project-booking-sisi\\public\\index.php')
CRITICAL - 2024-02-15 06:07:54 --> ErrorException: Undefined variable $ruanganmodel
in APPPATH\Controllers\HistoryControllers.php on line 47.
 1 APPPATH\Controllers\HistoryControllers.php(47): CodeIgniter\Debug\Exceptions->errorHandler(2, 'Undefined variable $ruanganmodel', 'H:\\ACA\\K TO P\\project-booking-sisi\\app\\Controllers\\HistoryControllers.php', 47)
 2 SYSTEMPATH\CodeIgniter.php(941): App\Controllers\HistoryControllers->dashboard()
 3 SYSTEMPATH\CodeIgniter.php(502): CodeIgniter\CodeIgniter->runController(Object(App\Controllers\HistoryControllers))
 4 SYSTEMPATH\CodeIgniter.php(361): CodeIgniter\CodeIgniter->handleRequest(null, Object(Config\Cache), false)
 5 FCPATH\index.php(79): CodeIgniter\CodeIgniter->run()
 6 SYSTEMPATH\Commands\Server\rewrite.php(47): require_once('H:\\ACA\\K TO P\\project-booking-sisi\\public\\index.php')
CRITICAL - 2024-02-15 06:09:50 --> ErrorException: Array to string conversion
in APPPATH\Views\admin\dashboard_admin.php on line 25.
 1 APPPATH\Views\admin\dashboard_admin.php(25): CodeIgniter\Debug\Exceptions->errorHandler(2, 'Array to string conversion', 'H:\\ACA\\K TO P\\project-booking-sisi\\app\\Views\\admin\\dashboard_admin.php', 25)
 2 SYSTEMPATH\View\View.php(228): include('H:\\ACA\\K TO P\\project-booking-sisi\\app\\Views\\admin\\dashboard_admin.php')
 3 SYSTEMPATH\View\View.php(231): CodeIgniter\View\View->CodeIgniter\View\{closure}()
 4 SYSTEMPATH\Common.php(1178): CodeIgniter\View\View->render('admin/dashboard_admin', [], true)
 5 APPPATH\Controllers\HistoryControllers.php(57): view('admin/dashboard_admin', [...])
 6 SYSTEMPATH\CodeIgniter.php(941): App\Controllers\HistoryControllers->dashboard()
 7 SYSTEMPATH\CodeIgniter.php(502): CodeIgniter\CodeIgniter->runController(Object(App\Controllers\HistoryControllers))
 8 SYSTEMPATH\CodeIgniter.php(361): CodeIgniter\CodeIgniter->handleRequest(null, Object(Config\Cache), false)
 9 FCPATH\index.php(79): CodeIgniter\CodeIgniter->run()
10 SYSTEMPATH\Commands\Server\rewrite.php(47): require_once('H:\\ACA\\K TO P\\project-booking-sisi\\public\\index.php')
CRITICAL - 2024-02-15 06:09:51 --> ErrorException: Array to string conversion
in APPPATH\Views\admin\dashboard_admin.php on line 25.
 1 APPPATH\Views\admin\dashboard_admin.php(25): CodeIgniter\Debug\Exceptions->errorHandler(2, 'Array to string conversion', 'H:\\ACA\\K TO P\\project-booking-sisi\\app\\Views\\admin\\dashboard_admin.php', 25)
 2 SYSTEMPATH\View\View.php(228): include('H:\\ACA\\K TO P\\project-booking-sisi\\app\\Views\\admin\\dashboard_admin.php')
 3 SYSTEMPATH\View\View.php(231): CodeIgniter\View\View->CodeIgniter\View\{closure}()
 4 SYSTEMPATH\Common.php(1178): CodeIgniter\View\View->render('admin/dashboard_admin', [], true)
 5 APPPATH\Controllers\HistoryControllers.php(57): view('admin/dashboard_admin', [...])
 6 SYSTEMPATH\CodeIgniter.php(941): App\Controllers\HistoryControllers->dashboard()
 7 SYSTEMPATH\CodeIgniter.php(502): CodeIgniter\CodeIgniter->runController(Object(App\Controllers\HistoryControllers))
 8 SYSTEMPATH\CodeIgniter.php(361): CodeIgniter\CodeIgniter->handleRequest(null, Object(Config\Cache), false)
 9 FCPATH\index.php(79): CodeIgniter\CodeIgniter->run()
10 SYSTEMPATH\Commands\Server\rewrite.php(47): require_once('H:\\ACA\\K TO P\\project-booking-sisi\\public\\index.php')
CRITICAL - 2024-02-15 06:09:53 --> ErrorException: Array to string conversion
in APPPATH\Views\admin\dashboard_admin.php on line 25.
 1 APPPATH\Views\admin\dashboard_admin.php(25): CodeIgniter\Debug\Exceptions->errorHandler(2, 'Array to string conversion', 'H:\\ACA\\K TO P\\project-booking-sisi\\app\\Views\\admin\\dashboard_admin.php', 25)
 2 SYSTEMPATH\View\View.php(228): include('H:\\ACA\\K TO P\\project-booking-sisi\\app\\Views\\admin\\dashboard_admin.php')
 3 SYSTEMPATH\View\View.php(231): CodeIgniter\View\View->CodeIgniter\View\{closure}()
 4 SYSTEMPATH\Common.php(1178): CodeIgniter\View\View->render('admin/dashboard_admin', [], true)
 5 APPPATH\Controllers\HistoryControllers.php(57): view('admin/dashboard_admin', [...])
 6 SYSTEMPATH\CodeIgniter.php(941): App\Controllers\HistoryControllers->dashboard()
 7 SYSTEMPATH\CodeIgniter.php(502): CodeIgniter\CodeIgniter->runController(Object(App\Controllers\HistoryControllers))
 8 SYSTEMPATH\CodeIgniter.php(361): CodeIgniter\CodeIgniter->handleRequest(null, Object(Config\Cache), false)
 9 FCPATH\index.php(79): CodeIgniter\CodeIgniter->run()
10 SYSTEMPATH\Commands\Server\rewrite.php(47): require_once('H:\\ACA\\K TO P\\project-booking-sisi\\public\\index.php')
CRITICAL - 2024-02-15 06:10:24 --> ErrorException: Array to string conversion
in APPPATH\Views\admin\dashboard_admin.php on line 25.
 1 APPPATH\Views\admin\dashboard_admin.php(25): CodeIgniter\Debug\Exceptions->errorHandler(2, 'Array to string conversion', 'H:\\ACA\\K TO P\\project-booking-sisi\\app\\Views\\admin\\dashboard_admin.php', 25)
 2 SYSTEMPATH\View\View.php(228): include('H:\\ACA\\K TO P\\project-booking-sisi\\app\\Views\\admin\\dashboard_admin.php')
 3 SYSTEMPATH\View\View.php(231): CodeIgniter\View\View->CodeIgniter\View\{closure}()
 4 SYSTEMPATH\Common.php(1178): CodeIgniter\View\View->render('admin/dashboard_admin', [], true)
 5 APPPATH\Controllers\HistoryControllers.php(56): view('admin/dashboard_admin', [...])
 6 SYSTEMPATH\CodeIgniter.php(941): App\Controllers\HistoryControllers->dashboard()
 7 SYSTEMPATH\CodeIgniter.php(502): CodeIgniter\CodeIgniter->runController(Object(App\Controllers\HistoryControllers))
 8 SYSTEMPATH\CodeIgniter.php(361): CodeIgniter\CodeIgniter->handleRequest(null, Object(Config\Cache), false)
 9 FCPATH\index.php(79): CodeIgniter\CodeIgniter->run()
10 SYSTEMPATH\Commands\Server\rewrite.php(47): require_once('H:\\ACA\\K TO P\\project-booking-sisi\\public\\index.php')
CRITICAL - 2024-02-15 06:10:25 --> ErrorException: Array to string conversion
in APPPATH\Views\admin\dashboard_admin.php on line 25.
 1 APPPATH\Views\admin\dashboard_admin.php(25): CodeIgniter\Debug\Exceptions->errorHandler(2, 'Array to string conversion', 'H:\\ACA\\K TO P\\project-booking-sisi\\app\\Views\\admin\\dashboard_admin.php', 25)
 2 SYSTEMPATH\View\View.php(228): include('H:\\ACA\\K TO P\\project-booking-sisi\\app\\Views\\admin\\dashboard_admin.php')
 3 SYSTEMPATH\View\View.php(231): CodeIgniter\View\View->CodeIgniter\View\{closure}()
 4 SYSTEMPATH\Common.php(1178): CodeIgniter\View\View->render('admin/dashboard_admin', [], true)
 5 APPPATH\Controllers\HistoryControllers.php(56): view('admin/dashboard_admin', [...])
 6 SYSTEMPATH\CodeIgniter.php(941): App\Controllers\HistoryControllers->dashboard()
 7 SYSTEMPATH\CodeIgniter.php(502): CodeIgniter\CodeIgniter->runController(Object(App\Controllers\HistoryControllers))
 8 SYSTEMPATH\CodeIgniter.php(361): CodeIgniter\CodeIgniter->handleRequest(null, Object(Config\Cache), false)
 9 FCPATH\index.php(79): CodeIgniter\CodeIgniter->run()
10 SYSTEMPATH\Commands\Server\rewrite.php(47): require_once('H:\\ACA\\K TO P\\project-booking-sisi\\public\\index.php')
CRITICAL - 2024-02-15 06:10:34 --> ErrorException: Undefined variable $keyword
in APPPATH\Views\admin\dashboard_admin.php on line 39.
 1 APPPATH\Views\admin\dashboard_admin.php(39): CodeIgniter\Debug\Exceptions->errorHandler(2, 'Undefined variable $keyword', 'H:\\ACA\\K TO P\\project-booking-sisi\\app\\Views\\admin\\dashboard_admin.php', 39)
 2 SYSTEMPATH\View\View.php(228): include('H:\\ACA\\K TO P\\project-booking-sisi\\app\\Views\\admin\\dashboard_admin.php')
 3 SYSTEMPATH\View\View.php(231): CodeIgniter\View\View->CodeIgniter\View\{closure}()
 4 SYSTEMPATH\Common.php(1178): CodeIgniter\View\View->render('admin/dashboard_admin', [], true)
 5 APPPATH\Controllers\HistoryControllers.php(49): view('admin/dashboard_admin', [...])
 6 SYSTEMPATH\CodeIgniter.php(941): App\Controllers\HistoryControllers->dashboard()
 7 SYSTEMPATH\CodeIgniter.php(502): CodeIgniter\CodeIgniter->runController(Object(App\Controllers\HistoryControllers))
 8 SYSTEMPATH\CodeIgniter.php(361): CodeIgniter\CodeIgniter->handleRequest(null, Object(Config\Cache), false)
 9 FCPATH\index.php(79): CodeIgniter\CodeIgniter->run()
10 SYSTEMPATH\Commands\Server\rewrite.php(47): require_once('H:\\ACA\\K TO P\\project-booking-sisi\\public\\index.php')
CRITICAL - 2024-02-15 06:12:00 --> ErrorException: Array to string conversion
in APPPATH\Views\admin\dashboard_admin.php on line 10.
 1 APPPATH\Views\admin\dashboard_admin.php(10): CodeIgniter\Debug\Exceptions->errorHandler(2, 'Array to string conversion', 'H:\\ACA\\K TO P\\project-booking-sisi\\app\\Views\\admin\\dashboard_admin.php', 10)
 2 SYSTEMPATH\View\View.php(228): include('H:\\ACA\\K TO P\\project-booking-sisi\\app\\Views\\admin\\dashboard_admin.php')
 3 SYSTEMPATH\View\View.php(231): CodeIgniter\View\View->CodeIgniter\View\{closure}()
 4 SYSTEMPATH\Common.php(1178): CodeIgniter\View\View->render('admin/dashboard_admin', [], true)
 5 APPPATH\Controllers\HistoryControllers.php(54): view('admin/dashboard_admin', [...])
 6 SYSTEMPATH\CodeIgniter.php(941): App\Controllers\HistoryControllers->dashboard()
 7 SYSTEMPATH\CodeIgniter.php(502): CodeIgniter\CodeIgniter->runController(Object(App\Controllers\HistoryControllers))
 8 SYSTEMPATH\CodeIgniter.php(361): CodeIgniter\CodeIgniter->handleRequest(null, Object(Config\Cache), false)
 9 FCPATH\index.php(79): CodeIgniter\CodeIgniter->run()
10 SYSTEMPATH\Commands\Server\rewrite.php(47): require_once('H:\\ACA\\K TO P\\project-booking-sisi\\public\\index.php')
INFO - 2024-02-15 06:27:34 --> Session: Class initialized using 'CodeIgniter\Session\Handlers\FileHandler' driver.
INFO - 2024-02-15 06:27:36 --> Session: Class initialized using 'CodeIgniter\Session\Handlers\FileHandler' driver.
INFO - 2024-02-15 06:27:53 --> Session: Class initialized using 'CodeIgniter\Session\Handlers\FileHandler' driver.
INFO - 2024-02-15 06:28:29 --> Session: Class initialized using 'CodeIgniter\Session\Handlers\FileHandler' driver.
INFO - 2024-02-15 06:28:33 --> Session: Class initialized using 'CodeIgniter\Session\Handlers\FileHandler' driver.
INFO - 2024-02-15 06:28:33 --> Session: Class initialized using 'CodeIgniter\Session\Handlers\FileHandler' driver.
INFO - 2024-02-15 06:28:40 --> Session: Class initialized using 'CodeIgniter\Session\Handlers\FileHandler' driver.
INFO - 2024-02-15 06:28:48 --> Session: Class initialized using 'CodeIgniter\Session\Handlers\FileHandler' driver.
INFO - 2024-02-15 06:29:51 --> Session: Class initialized using 'CodeIgniter\Session\Handlers\FileHandler' driver.
CRITICAL - 2024-02-15 06:29:51 --> ErrorException: Undefined array key "nama"
in APPPATH\Views\admin\detail_booking_driver.php on line 19.
 1 APPPATH\Views\admin\detail_booking_driver.php(19): CodeIgniter\Debug\Exceptions->errorHandler(2, 'Undefined array key "nama"', 'H:\\ACA\\K TO P\\project-booking-sisi\\app\\Views\\admin\\detail_booking_driver.php', 19)
 2 SYSTEMPATH\View\View.php(228): include('H:\\ACA\\K TO P\\project-booking-sisi\\app\\Views\\admin\\detail_booking_driver.php')
 3 SYSTEMPATH\View\View.php(231): CodeIgniter\View\View->CodeIgniter\View\{closure}()
 4 SYSTEMPATH\Common.php(1178): CodeIgniter\View\View->render('admin/detail_booking_driver', [], true)
 5 APPPATH\Controllers\BokDriver.php(46): view('admin/detail_booking_driver', [...])
 6 SYSTEMPATH\CodeIgniter.php(941): App\Controllers\BokDriver->detail_booking_driver('BD_001')
 7 SYSTEMPATH\CodeIgniter.php(502): CodeIgniter\CodeIgniter->runController(Object(App\Controllers\BokDriver))
 8 SYSTEMPATH\CodeIgniter.php(361): CodeIgniter\CodeIgniter->handleRequest(null, Object(Config\Cache), false)
 9 FCPATH\index.php(79): CodeIgniter\CodeIgniter->run()
10 SYSTEMPATH\Commands\Server\rewrite.php(47): require_once('H:\\ACA\\K TO P\\project-booking-sisi\\public\\index.php')
INFO - 2024-02-15 06:30:28 --> Session: Class initialized using 'CodeIgniter\Session\Handlers\FileHandler' driver.
INFO - 2024-02-15 06:30:41 --> Session: Class initialized using 'CodeIgniter\Session\Handlers\FileHandler' driver.
INFO - 2024-02-15 06:31:29 --> Session: Class initialized using 'CodeIgniter\Session\Handlers\FileHandler' driver.
INFO - 2024-02-15 06:32:15 --> Session: Class initialized using 'CodeIgniter\Session\Handlers\FileHandler' driver.
INFO - 2024-02-15 06:36:27 --> Session: Class initialized using 'CodeIgniter\Session\Handlers\FileHandler' driver.
INFO - 2024-02-15 06:36:29 --> Session: Class initialized using 'CodeIgniter\Session\Handlers\FileHandler' driver.
INFO - 2024-02-15 06:36:30 --> Session: Class initialized using 'CodeIgniter\Session\Handlers\FileHandler' driver.
INFO - 2024-02-15 06:36:37 --> Session: Class initialized using 'CodeIgniter\Session\Handlers\FileHandler' driver.
INFO - 2024-02-15 06:36:40 --> Session: Class initialized using 'CodeIgniter\Session\Handlers\FileHandler' driver.
INFO - 2024-02-15 06:36:40 --> Session: Class initialized using 'CodeIgniter\Session\Handlers\FileHandler' driver.
INFO - 2024-02-15 06:36:49 --> Session: Class initialized using 'CodeIgniter\Session\Handlers\FileHandler' driver.
INFO - 2024-02-15 06:36:52 --> Session: Class initialized using 'CodeIgniter\Session\Handlers\FileHandler' driver.
INFO - 2024-02-15 06:36:52 --> Session: Class initialized using 'CodeIgniter\Session\Handlers\FileHandler' driver.
CRITICAL - 2024-02-15 06:37:04 --> ErrorException: Undefined array key "nama"
in APPPATH\Views\admin\monruangan.php on line 34.
 1 APPPATH\Views\admin\monruangan.php(34): CodeIgniter\Debug\Exceptions->errorHandler(2, 'Undefined array key "nama"', 'H:\\ACA\\K TO P\\project-booking-sisi\\app\\Views\\admin\\monruangan.php', 34)
 2 SYSTEMPATH\View\View.php(228): include('H:\\ACA\\K TO P\\project-booking-sisi\\app\\Views\\admin\\monruangan.php')
 3 SYSTEMPATH\View\View.php(231): CodeIgniter\View\View->CodeIgniter\View\{closure}()
 4 SYSTEMPATH\Common.php(1178): CodeIgniter\View\View->render('admin/monruangan', [], true)
 5 APPPATH\Controllers\HistoryControllers.php(18): view('admin/monruangan', [...])
 6 SYSTEMPATH\CodeIgniter.php(941): App\Controllers\HistoryControllers->monruangan()
 7 SYSTEMPATH\CodeIgniter.php(502): CodeIgniter\CodeIgniter->runController(Object(App\Controllers\HistoryControllers))
 8 SYSTEMPATH\CodeIgniter.php(361): CodeIgniter\CodeIgniter->handleRequest(null, Object(Config\Cache), false)
 9 FCPATH\index.php(79): CodeIgniter\CodeIgniter->run()
10 SYSTEMPATH\Commands\Server\rewrite.php(47): require_once('H:\\ACA\\K TO P\\project-booking-sisi\\public\\index.php')
CRITICAL - 2024-02-15 06:37:11 --> ErrorException: Undefined array key "nama"
in APPPATH\Views\admin\mondriver.php on line 34.
 1 APPPATH\Views\admin\mondriver.php(34): CodeIgniter\Debug\Exceptions->errorHandler(2, 'Undefined array key "nama"', 'H:\\ACA\\K TO P\\project-booking-sisi\\app\\Views\\admin\\mondriver.php', 34)
 2 SYSTEMPATH\View\View.php(228): include('H:\\ACA\\K TO P\\project-booking-sisi\\app\\Views\\admin\\mondriver.php')
 3 SYSTEMPATH\View\View.php(231): CodeIgniter\View\View->CodeIgniter\View\{closure}()
 4 SYSTEMPATH\Common.php(1178): CodeIgniter\View\View->render('admin/mondriver', [], true)
 5 APPPATH\Controllers\HistoryControllers.php(28): view('admin/mondriver', [...])
 6 SYSTEMPATH\CodeIgniter.php(941): App\Controllers\HistoryControllers->mondriver()
 7 SYSTEMPATH\CodeIgniter.php(502): CodeIgniter\CodeIgniter->runController(Object(App\Controllers\HistoryControllers))
 8 SYSTEMPATH\CodeIgniter.php(361): CodeIgniter\CodeIgniter->handleRequest(null, Object(Config\Cache), false)
 9 FCPATH\index.php(79): CodeIgniter\CodeIgniter->run()
10 SYSTEMPATH\Commands\Server\rewrite.php(47): require_once('H:\\ACA\\K TO P\\project-booking-sisi\\public\\index.php')
INFO - 2024-02-15 07:32:09 --> Session: Class initialized using 'CodeIgniter\Session\Handlers\FileHandler' driver.
INFO - 2024-02-15 07:34:33 --> Session: Class initialized using 'CodeIgniter\Session\Handlers\FileHandler' driver.
INFO - 2024-02-15 07:34:54 --> Session: Class initialized using 'CodeIgniter\Session\Handlers\FileHandler' driver.
INFO - 2024-02-15 07:35:58 --> Session: Class initialized using 'CodeIgniter\Session\Handlers\FileHandler' driver.
INFO - 2024-02-15 07:37:03 --> Session: Class initialized using 'CodeIgniter\Session\Handlers\FileHandler' driver.
INFO - 2024-02-15 07:37:34 --> Session: Class initialized using 'CodeIgniter\Session\Handlers\FileHandler' driver.
INFO - 2024-02-15 07:37:59 --> Session: Class initialized using 'CodeIgniter\Session\Handlers\FileHandler' driver.
INFO - 2024-02-15 07:38:46 --> Session: Class initialized using 'CodeIgniter\Session\Handlers\FileHandler' driver.
CRITICAL - 2024-02-15 07:39:58 --> ErrorException: Undefined variable $users
in APPPATH\Views\admin\ubah_password.php on line 7.
 1 APPPATH\Views\admin\ubah_password.php(7): CodeIgniter\Debug\Exceptions->errorHandler(2, 'Undefined variable $users', 'H:\\ACA\\K TO P\\project-booking-sisi\\app\\Views\\admin\\ubah_password.php', 7)
 2 SYSTEMPATH\View\View.php(228): include('H:\\ACA\\K TO P\\project-booking-sisi\\app\\Views\\admin\\ubah_password.php')
 3 SYSTEMPATH\View\View.php(231): CodeIgniter\View\View->CodeIgniter\View\{closure}()
 4 SYSTEMPATH\Common.php(1178): CodeIgniter\View\View->render('admin/ubah_password', [], true)
 5 APPPATH\Controllers\Auth.php(170): view('admin/ubah_password')
 6 SYSTEMPATH\CodeIgniter.php(941): App\Controllers\Auth->update_password()
 7 SYSTEMPATH\CodeIgniter.php(502): CodeIgniter\CodeIgniter->runController(Object(App\Controllers\Auth))
 8 SYSTEMPATH\CodeIgniter.php(361): CodeIgniter\CodeIgniter->handleRequest(null, Object(Config\Cache), false)
 9 FCPATH\index.php(79): CodeIgniter\CodeIgniter->run()
10 SYSTEMPATH\Commands\Server\rewrite.php(47): require_once('H:\\ACA\\K TO P\\project-booking-sisi\\public\\index.php')
INFO - 2024-02-15 07:50:27 --> Session: Class initialized using 'CodeIgniter\Session\Handlers\FileHandler' driver.
INFO - 2024-02-15 07:50:43 --> Session: Class initialized using 'CodeIgniter\Session\Handlers\FileHandler' driver.
INFO - 2024-02-15 07:50:43 --> Session: Class initialized using 'CodeIgniter\Session\Handlers\FileHandler' driver.
INFO - 2024-02-15 07:59:41 --> Session: Class initialized using 'CodeIgniter\Session\Handlers\FileHandler' driver.
CRITICAL - 2024-02-15 08:11:54 --> ErrorException: Undefined variable $username
in APPPATH\Controllers\Auth.php on line 151.
 1 APPPATH\Controllers\Auth.php(151): CodeIgniter\Debug\Exceptions->errorHandler(2, 'Undefined variable $username', 'H:\\ACA\\K TO P\\project-booking-sisi\\app\\Controllers\\Auth.php', 151)
 2 SYSTEMPATH\CodeIgniter.php(941): App\Controllers\Auth->update_password()
 3 SYSTEMPATH\CodeIgniter.php(502): CodeIgniter\CodeIgniter->runController(Object(App\Controllers\Auth))
 4 SYSTEMPATH\CodeIgniter.php(361): CodeIgniter\CodeIgniter->handleRequest(null, Object(Config\Cache), false)
 5 FCPATH\index.php(79): CodeIgniter\CodeIgniter->run()
 6 SYSTEMPATH\Commands\Server\rewrite.php(47): require_once('H:\\ACA\\K TO P\\project-booking-sisi\\public\\index.php')
CRITICAL - 2024-02-15 08:13:05 --> ErrorException: Undefined variable $username
in APPPATH\Controllers\Auth.php on line 151.
 1 APPPATH\Controllers\Auth.php(151): CodeIgniter\Debug\Exceptions->errorHandler(2, 'Undefined variable $username', 'H:\\ACA\\K TO P\\project-booking-sisi\\app\\Controllers\\Auth.php', 151)
 2 SYSTEMPATH\CodeIgniter.php(941): App\Controllers\Auth->update_password()
 3 SYSTEMPATH\CodeIgniter.php(502): CodeIgniter\CodeIgniter->runController(Object(App\Controllers\Auth))
 4 SYSTEMPATH\CodeIgniter.php(361): CodeIgniter\CodeIgniter->handleRequest(null, Object(Config\Cache), false)
 5 FCPATH\index.php(79): CodeIgniter\CodeIgniter->run()
 6 SYSTEMPATH\Commands\Server\rewrite.php(47): require_once('H:\\ACA\\K TO P\\project-booking-sisi\\public\\index.php')
CRITICAL - 2024-02-15 08:13:06 --> ErrorException: Undefined variable $username
in APPPATH\Controllers\Auth.php on line 151.
 1 APPPATH\Controllers\Auth.php(151): CodeIgniter\Debug\Exceptions->errorHandler(2, 'Undefined variable $username', 'H:\\ACA\\K TO P\\project-booking-sisi\\app\\Controllers\\Auth.php', 151)
 2 SYSTEMPATH\CodeIgniter.php(941): App\Controllers\Auth->update_password()
 3 SYSTEMPATH\CodeIgniter.php(502): CodeIgniter\CodeIgniter->runController(Object(App\Controllers\Auth))
 4 SYSTEMPATH\CodeIgniter.php(361): CodeIgniter\CodeIgniter->handleRequest(null, Object(Config\Cache), false)
 5 FCPATH\index.php(79): CodeIgniter\CodeIgniter->run()
 6 SYSTEMPATH\Commands\Server\rewrite.php(47): require_once('H:\\ACA\\K TO P\\project-booking-sisi\\public\\index.php')
CRITICAL - 2024-02-15 08:13:46 --> ArgumentCountError: Too few arguments to function App\Controllers\Auth::update_password(), 0 passed in H:\ACA\K TO P\project-booking-sisi\system\CodeIgniter.php on line 941 and exactly 1 expected
in APPPATH\Controllers\Auth.php on line 148.
 1 SYSTEMPATH\CodeIgniter.php(941): App\Controllers\Auth->update_password()
 2 SYSTEMPATH\CodeIgniter.php(502): CodeIgniter\CodeIgniter->runController(Object(App\Controllers\Auth))
 3 SYSTEMPATH\CodeIgniter.php(361): CodeIgniter\CodeIgniter->handleRequest(null, Object(Config\Cache), false)
 4 FCPATH\index.php(79): CodeIgniter\CodeIgniter->run()
 5 SYSTEMPATH\Commands\Server\rewrite.php(47): require_once('H:\\ACA\\K TO P\\project-booking-sisi\\public\\index.php')
CRITICAL - 2024-02-15 08:15:00 --> ArgumentCountError: Too few arguments to function App\Controllers\Auth::update_password(), 0 passed in H:\ACA\K TO P\project-booking-sisi\system\CodeIgniter.php on line 941 and exactly 1 expected
in APPPATH\Controllers\Auth.php on line 148.
 1 SYSTEMPATH\CodeIgniter.php(941): App\Controllers\Auth->update_password()
 2 SYSTEMPATH\CodeIgniter.php(502): CodeIgniter\CodeIgniter->runController(Object(App\Controllers\Auth))
 3 SYSTEMPATH\CodeIgniter.php(361): CodeIgniter\CodeIgniter->handleRequest(null, Object(Config\Cache), false)
 4 FCPATH\index.php(79): CodeIgniter\CodeIgniter->run()
 5 SYSTEMPATH\Commands\Server\rewrite.php(47): require_once('H:\\ACA\\K TO P\\project-booking-sisi\\public\\index.php')
INFO - 2024-02-15 08:16:10 --> Session: Class initialized using 'CodeIgniter\Session\Handlers\FileHandler' driver.
INFO - 2024-02-15 08:16:10 --> Session: Class initialized using 'CodeIgniter\Session\Handlers\FileHandler' driver.
INFO - 2024-02-15 08:16:11 --> Session: Class initialized using 'CodeIgniter\Session\Handlers\FileHandler' driver.
INFO - 2024-02-15 08:16:11 --> Session: Class initialized using 'CodeIgniter\Session\Handlers\FileHandler' driver.
INFO - 2024-02-15 08:16:11 --> Session: Class initialized using 'CodeIgniter\Session\Handlers\FileHandler' driver.
INFO - 2024-02-15 08:16:11 --> Session: Class initialized using 'CodeIgniter\Session\Handlers\FileHandler' driver.
INFO - 2024-02-15 08:16:12 --> Session: Class initialized using 'CodeIgniter\Session\Handlers\FileHandler' driver.
INFO - 2024-02-15 08:16:12 --> Session: Class initialized using 'CodeIgniter\Session\Handlers\FileHandler' driver.
INFO - 2024-02-15 08:16:12 --> Session: Class initialized using 'CodeIgniter\Session\Handlers\FileHandler' driver.
INFO - 2024-02-15 08:16:12 --> Session: Class initialized using 'CodeIgniter\Session\Handlers\FileHandler' driver.
INFO - 2024-02-15 08:16:12 --> Session: Class initialized using 'CodeIgniter\Session\Handlers\FileHandler' driver.
INFO - 2024-02-15 08:16:13 --> Session: Class initialized using 'CodeIgniter\Session\Handlers\FileHandler' driver.
INFO - 2024-02-15 08:16:13 --> Session: Class initialized using 'CodeIgniter\Session\Handlers\FileHandler' driver.
INFO - 2024-02-15 08:16:13 --> Session: Class initialized using 'CodeIgniter\Session\Handlers\FileHandler' driver.
INFO - 2024-02-15 08:16:13 --> Session: Class initialized using 'CodeIgniter\Session\Handlers\FileHandler' driver.
INFO - 2024-02-15 08:16:13 --> Session: Class initialized using 'CodeIgniter\Session\Handlers\FileHandler' driver.
INFO - 2024-02-15 08:16:14 --> Session: Class initialized using 'CodeIgniter\Session\Handlers\FileHandler' driver.
INFO - 2024-02-15 08:16:14 --> Session: Class initialized using 'CodeIgniter\Session\Handlers\FileHandler' driver.
INFO - 2024-02-15 08:16:14 --> Session: Class initialized using 'CodeIgniter\Session\Handlers\FileHandler' driver.
INFO - 2024-02-15 08:16:14 --> Session: Class initialized using 'CodeIgniter\Session\Handlers\FileHandler' driver.
INFO - 2024-02-15 08:16:15 --> Session: Class initialized using 'CodeIgniter\Session\Handlers\FileHandler' driver.
INFO - 2024-02-15 08:16:16 --> Session: Class initialized using 'CodeIgniter\Session\Handlers\FileHandler' driver.
INFO - 2024-02-15 08:16:16 --> Session: Class initialized using 'CodeIgniter\Session\Handlers\FileHandler' driver.
INFO - 2024-02-15 08:16:16 --> Session: Class initialized using 'CodeIgniter\Session\Handlers\FileHandler' driver.
INFO - 2024-02-15 08:16:16 --> Session: Class initialized using 'CodeIgniter\Session\Handlers\FileHandler' driver.
INFO - 2024-02-15 08:16:17 --> Session: Class initialized using 'CodeIgniter\Session\Handlers\FileHandler' driver.
INFO - 2024-02-15 08:16:17 --> Session: Class initialized using 'CodeIgniter\Session\Handlers\FileHandler' driver.
INFO - 2024-02-15 08:16:17 --> Session: Class initialized using 'CodeIgniter\Session\Handlers\FileHandler' driver.
INFO - 2024-02-15 08:16:17 --> Session: Class initialized using 'CodeIgniter\Session\Handlers\FileHandler' driver.
INFO - 2024-02-15 08:16:17 --> Session: Class initialized using 'CodeIgniter\Session\Handlers\FileHandler' driver.
INFO - 2024-02-15 08:16:18 --> Session: Class initialized using 'CodeIgniter\Session\Handlers\FileHandler' driver.
INFO - 2024-02-15 08:16:18 --> Session: Class initialized using 'CodeIgniter\Session\Handlers\FileHandler' driver.
INFO - 2024-02-15 08:16:18 --> Session: Class initialized using 'CodeIgniter\Session\Handlers\FileHandler' driver.
INFO - 2024-02-15 08:16:18 --> Session: Class initialized using 'CodeIgniter\Session\Handlers\FileHandler' driver.
INFO - 2024-02-15 08:16:18 --> Session: Class initialized using 'CodeIgniter\Session\Handlers\FileHandler' driver.
INFO - 2024-02-15 08:16:19 --> Session: Class initialized using 'CodeIgniter\Session\Handlers\FileHandler' driver.
INFO - 2024-02-15 08:16:19 --> Session: Class initialized using 'CodeIgniter\Session\Handlers\FileHandler' driver.
INFO - 2024-02-15 08:16:19 --> Session: Class initialized using 'CodeIgniter\Session\Handlers\FileHandler' driver.
INFO - 2024-02-15 08:16:19 --> Session: Class initialized using 'CodeIgniter\Session\Handlers\FileHandler' driver.
INFO - 2024-02-15 08:16:19 --> Session: Class initialized using 'CodeIgniter\Session\Handlers\FileHandler' driver.
INFO - 2024-02-15 08:16:28 --> Session: Class initialized using 'CodeIgniter\Session\Handlers\FileHandler' driver.
INFO - 2024-02-15 08:16:28 --> Session: Class initialized using 'CodeIgniter\Session\Handlers\FileHandler' driver.
INFO - 2024-02-15 08:16:28 --> Session: Class initialized using 'CodeIgniter\Session\Handlers\FileHandler' driver.
INFO - 2024-02-15 08:16:28 --> Session: Class initialized using 'CodeIgniter\Session\Handlers\FileHandler' driver.
INFO - 2024-02-15 08:16:28 --> Session: Class initialized using 'CodeIgniter\Session\Handlers\FileHandler' driver.
INFO - 2024-02-15 08:16:28 --> Session: Class initialized using 'CodeIgniter\Session\Handlers\FileHandler' driver.
INFO - 2024-02-15 08:16:28 --> Session: Class initialized using 'CodeIgniter\Session\Handlers\FileHandler' driver.
INFO - 2024-02-15 08:16:29 --> Session: Class initialized using 'CodeIgniter\Session\Handlers\FileHandler' driver.
INFO - 2024-02-15 08:16:29 --> Session: Class initialized using 'CodeIgniter\Session\Handlers\FileHandler' driver.
INFO - 2024-02-15 08:16:29 --> Session: Class initialized using 'CodeIgniter\Session\Handlers\FileHandler' driver.
INFO - 2024-02-15 08:16:29 --> Session: Class initialized using 'CodeIgniter\Session\Handlers\FileHandler' driver.
INFO - 2024-02-15 08:16:29 --> Session: Class initialized using 'CodeIgniter\Session\Handlers\FileHandler' driver.
INFO - 2024-02-15 08:16:29 --> Session: Class initialized using 'CodeIgniter\Session\Handlers\FileHandler' driver.
INFO - 2024-02-15 08:16:30 --> Session: Class initialized using 'CodeIgniter\Session\Handlers\FileHandler' driver.
INFO - 2024-02-15 08:16:30 --> Session: Class initialized using 'CodeIgniter\Session\Handlers\FileHandler' driver.
INFO - 2024-02-15 08:16:30 --> Session: Class initialized using 'CodeIgniter\Session\Handlers\FileHandler' driver.
INFO - 2024-02-15 08:16:30 --> Session: Class initialized using 'CodeIgniter\Session\Handlers\FileHandler' driver.
INFO - 2024-02-15 08:16:30 --> Session: Class initialized using 'CodeIgniter\Session\Handlers\FileHandler' driver.
INFO - 2024-02-15 08:16:30 --> Session: Class initialized using 'CodeIgniter\Session\Handlers\FileHandler' driver.
INFO - 2024-02-15 08:16:31 --> Session: Class initialized using 'CodeIgniter\Session\Handlers\FileHandler' driver.
INFO - 2024-02-15 08:16:32 --> Session: Class initialized using 'CodeIgniter\Session\Handlers\FileHandler' driver.
INFO - 2024-02-15 08:16:32 --> Session: Class initialized using 'CodeIgniter\Session\Handlers\FileHandler' driver.
INFO - 2024-02-15 08:16:32 --> Session: Class initialized using 'CodeIgniter\Session\Handlers\FileHandler' driver.
INFO - 2024-02-15 08:16:32 --> Session: Class initialized using 'CodeIgniter\Session\Handlers\FileHandler' driver.
INFO - 2024-02-15 08:16:42 --> Session: Class initialized using 'CodeIgniter\Session\Handlers\FileHandler' driver.
INFO - 2024-02-15 08:16:47 --> Session: Class initialized using 'CodeIgniter\Session\Handlers\FileHandler' driver.
INFO - 2024-02-15 08:16:47 --> Session: Class initialized using 'CodeIgniter\Session\Handlers\FileHandler' driver.
INFO - 2024-02-15 08:16:47 --> Session: Class initialized using 'CodeIgniter\Session\Handlers\FileHandler' driver.
INFO - 2024-02-15 08:16:47 --> Session: Class initialized using 'CodeIgniter\Session\Handlers\FileHandler' driver.
INFO - 2024-02-15 08:16:47 --> Session: Class initialized using 'CodeIgniter\Session\Handlers\FileHandler' driver.
INFO - 2024-02-15 08:16:47 --> Session: Class initialized using 'CodeIgniter\Session\Handlers\FileHandler' driver.
INFO - 2024-02-15 08:16:48 --> Session: Class initialized using 'CodeIgniter\Session\Handlers\FileHandler' driver.
INFO - 2024-02-15 08:16:48 --> Session: Class initialized using 'CodeIgniter\Session\Handlers\FileHandler' driver.
INFO - 2024-02-15 08:16:48 --> Session: Class initialized using 'CodeIgniter\Session\Handlers\FileHandler' driver.
INFO - 2024-02-15 08:16:48 --> Session: Class initialized using 'CodeIgniter\Session\Handlers\FileHandler' driver.
INFO - 2024-02-15 08:16:48 --> Session: Class initialized using 'CodeIgniter\Session\Handlers\FileHandler' driver.
INFO - 2024-02-15 08:16:48 --> Session: Class initialized using 'CodeIgniter\Session\Handlers\FileHandler' driver.
INFO - 2024-02-15 08:16:49 --> Session: Class initialized using 'CodeIgniter\Session\Handlers\FileHandler' driver.
INFO - 2024-02-15 08:16:49 --> Session: Class initialized using 'CodeIgniter\Session\Handlers\FileHandler' driver.
INFO - 2024-02-15 08:16:49 --> Session: Class initialized using 'CodeIgniter\Session\Handlers\FileHandler' driver.
INFO - 2024-02-15 08:16:49 --> Session: Class initialized using 'CodeIgniter\Session\Handlers\FileHandler' driver.
INFO - 2024-02-15 08:16:50 --> Session: Class initialized using 'CodeIgniter\Session\Handlers\FileHandler' driver.
INFO - 2024-02-15 08:16:50 --> Session: Class initialized using 'CodeIgniter\Session\Handlers\FileHandler' driver.
INFO - 2024-02-15 08:16:50 --> Session: Class initialized using 'CodeIgniter\Session\Handlers\FileHandler' driver.
INFO - 2024-02-15 08:16:50 --> Session: Class initialized using 'CodeIgniter\Session\Handlers\FileHandler' driver.
INFO - 2024-02-15 08:16:50 --> Session: Class initialized using 'CodeIgniter\Session\Handlers\FileHandler' driver.
CRITICAL - 2024-02-15 08:19:39 --> ParseError: Unmatched ')'
in APPPATH\Config\Routes.php on line 13.
 1 SYSTEMPATH\CodeIgniter.php(810): CodeIgniter\Router\RouteCollection->loadRoutes()
 2 SYSTEMPATH\CodeIgniter.php(450): CodeIgniter\CodeIgniter->tryToRouteIt(null)
 3 SYSTEMPATH\CodeIgniter.php(361): CodeIgniter\CodeIgniter->handleRequest(null, Object(Config\Cache), false)
 4 FCPATH\index.php(79): CodeIgniter\CodeIgniter->run()
 5 SYSTEMPATH\Commands\Server\rewrite.php(47): require_once('H:\\ACA\\K TO P\\project-booking-sisi\\public\\index.php')
CRITICAL - 2024-02-15 08:19:42 --> ParseError: Unmatched ')'
in APPPATH\Config\Routes.php on line 13.
 1 SYSTEMPATH\CodeIgniter.php(810): CodeIgniter\Router\RouteCollection->loadRoutes()
 2 SYSTEMPATH\CodeIgniter.php(450): CodeIgniter\CodeIgniter->tryToRouteIt(null)
 3 SYSTEMPATH\CodeIgniter.php(361): CodeIgniter\CodeIgniter->handleRequest(null, Object(Config\Cache), false)
 4 FCPATH\index.php(79): CodeIgniter\CodeIgniter->run()
 5 SYSTEMPATH\Commands\Server\rewrite.php(47): require_once('H:\\ACA\\K TO P\\project-booking-sisi\\public\\index.php')
CRITICAL - 2024-02-15 08:22:13 --> ErrorException: Undefined variable $user
in APPPATH\Views\admin\ubah_password.php on line 7.
 1 APPPATH\Views\admin\ubah_password.php(7): CodeIgniter\Debug\Exceptions->errorHandler(2, 'Undefined variable $user', 'H:\\ACA\\K TO P\\project-booking-sisi\\app\\Views\\admin\\ubah_password.php', 7)
 2 SYSTEMPATH\View\View.php(228): include('H:\\ACA\\K TO P\\project-booking-sisi\\app\\Views\\admin\\ubah_password.php')
 3 SYSTEMPATH\View\View.php(231): CodeIgniter\View\View->CodeIgniter\View\{closure}()
 4 SYSTEMPATH\Common.php(1178): CodeIgniter\View\View->render('admin/ubah_password', [], true)
 5 APPPATH\Controllers\Auth.php(157): view('admin/ubah_password', [...])
 6 SYSTEMPATH\CodeIgniter.php(941): App\Controllers\Auth->update_password('212313131')
 7 SYSTEMPATH\CodeIgniter.php(502): CodeIgniter\CodeIgniter->runController(Object(App\Controllers\Auth))
 8 SYSTEMPATH\CodeIgniter.php(361): CodeIgniter\CodeIgniter->handleRequest(null, Object(Config\Cache), false)
 9 FCPATH\index.php(79): CodeIgniter\CodeIgniter->run()
10 SYSTEMPATH\Commands\Server\rewrite.php(47): require_once('H:\\ACA\\K TO P\\project-booking-sisi\\public\\index.php')
INFO - 2024-02-15 08:25:11 --> Session: Class initialized using 'CodeIgniter\Session\Handlers\FileHandler' driver.
INFO - 2024-02-15 08:25:43 --> Session: Class initialized using 'CodeIgniter\Session\Handlers\FileHandler' driver.
INFO - 2024-02-15 08:25:43 --> Session: Class initialized using 'CodeIgniter\Session\Handlers\FileHandler' driver.
INFO - 2024-02-15 08:25:52 --> Session: Class initialized using 'CodeIgniter\Session\Handlers\FileHandler' driver.
INFO - 2024-02-15 08:25:53 --> Session: Class initialized using 'CodeIgniter\Session\Handlers\FileHandler' driver.
INFO - 2024-02-15 08:26:39 --> Session: Class initialized using 'CodeIgniter\Session\Handlers\FileHandler' driver.
INFO - 2024-02-15 08:26:39 --> Session: Class initialized using 'CodeIgniter\Session\Handlers\FileHandler' driver.
INFO - 2024-02-15 08:26:45 --> Session: Class initialized using 'CodeIgniter\Session\Handlers\FileHandler' driver.
INFO - 2024-02-15 08:26:45 --> Session: Class initialized using 'CodeIgniter\Session\Handlers\FileHandler' driver.
INFO - 2024-02-15 08:29:04 --> Session: Class initialized using 'CodeIgniter\Session\Handlers\FileHandler' driver.
INFO - 2024-02-15 08:29:15 --> Session: Class initialized using 'CodeIgniter\Session\Handlers\FileHandler' driver.
INFO - 2024-02-15 08:29:22 --> Session: Class initialized using 'CodeIgniter\Session\Handlers\FileHandler' driver.
INFO - 2024-02-15 08:29:22 --> Session: Class initialized using 'CodeIgniter\Session\Handlers\FileHandler' driver.
INFO - 2024-02-15 08:29:36 --> Session: Class initialized using 'CodeIgniter\Session\Handlers\FileHandler' driver.
INFO - 2024-02-15 08:29:36 --> Session: Class initialized using 'CodeIgniter\Session\Handlers\FileHandler' driver.
INFO - 2024-02-15 08:29:43 --> Session: Class initialized using 'CodeIgniter\Session\Handlers\FileHandler' driver.
INFO - 2024-02-15 08:29:43 --> Session: Class initialized using 'CodeIgniter\Session\Handlers\FileHandler' driver.
INFO - 2024-02-15 08:30:00 --> Session: Class initialized using 'CodeIgniter\Session\Handlers\FileHandler' driver.
INFO - 2024-02-15 08:30:00 --> Session: Class initialized using 'CodeIgniter\Session\Handlers\FileHandler' driver.
