INFO - 2024-02-18 02:08:10 --> Session: Class initialized using 'CodeIgniter\Session\Handlers\FileHandler' driver.
CRITICAL - 2024-02-18 02:11:13 --> ErrorException: Undefined variable $bookingDrivers
in APPPATH\Views\admin\mondriver.php on line 30.
 1 APPPATH\Views\admin\mondriver.php(30): CodeIgniter\Debug\Exceptions->errorHandler(2, 'Undefined variable $bookingDrivers', 'C:\\xampp\\htdocs\\sisi\\project-booking-sisi\\app\\Views\\admin\\mondriver.php', 30)
 2 SYSTEMPATH\View\View.php(228): include('C:\\xampp\\htdocs\\sisi\\project-booking-sisi\\app\\Views\\admin\\mondriver.php')
 3 SYSTEMPATH\View\View.php(231): CodeIgniter\View\View->CodeIgniter\View\{closure}()
 4 SYSTEMPATH\Common.php(1178): CodeIgniter\View\View->render('admin/mondriver', [], true)
 5 APPPATH\Controllers\MonitoringControllers.php(37): view('admin/mondriver', [...])
 6 SYSTEMPATH\CodeIgniter.php(941): App\Controllers\MonitoringControllers->mondriver()
 7 SYSTEMPATH\CodeIgniter.php(502): CodeIgniter\CodeIgniter->runController(Object(App\Controllers\MonitoringControllers))
 8 SYSTEMPATH\CodeIgniter.php(361): CodeIgniter\CodeIgniter->handleRequest(null, Object(Config\Cache), false)
 9 FCPATH\index.php(79): CodeIgniter\CodeIgniter->run()
10 SYSTEMPATH\Commands\Server\rewrite.php(47): require_once('C:\\xampp\\htdocs\\sisi\\project-booking-sisi\\public\\index.php')
CRITICAL - 2024-02-18 03:06:09 --> ErrorException: Undefined variable $monitoring_driver
in APPPATH\Views\admin\mondriver.php on line 30.
 1 APPPATH\Views\admin\mondriver.php(30): CodeIgniter\Debug\Exceptions->errorHandler(2, 'Undefined variable $monitoring_driver', 'C:\\xampp\\htdocs\\sisi\\project-booking-sisi\\app\\Views\\admin\\mondriver.php', 30)
 2 SYSTEMPATH\View\View.php(228): include('C:\\xampp\\htdocs\\sisi\\project-booking-sisi\\app\\Views\\admin\\mondriver.php')
 3 SYSTEMPATH\View\View.php(231): CodeIgniter\View\View->CodeIgniter\View\{closure}()
 4 SYSTEMPATH\Common.php(1178): CodeIgniter\View\View->render('admin/mondriver', [], true)
 5 APPPATH\Controllers\MonitoringControllers.php(37): view('admin/mondriver', [...])
 6 SYSTEMPATH\CodeIgniter.php(941): App\Controllers\MonitoringControllers->mondriver()
 7 SYSTEMPATH\CodeIgniter.php(502): CodeIgniter\CodeIgniter->runController(Object(App\Controllers\MonitoringControllers))
 8 SYSTEMPATH\CodeIgniter.php(361): CodeIgniter\CodeIgniter->handleRequest(null, Object(Config\Cache), false)
 9 FCPATH\index.php(79): CodeIgniter\CodeIgniter->run()
10 SYSTEMPATH\Commands\Server\rewrite.php(47): require_once('C:\\xampp\\htdocs\\sisi\\project-booking-sisi\\public\\index.php')
INFO - 2024-02-18 03:07:02 --> Session: Class initialized using 'CodeIgniter\Session\Handlers\FileHandler' driver.
INFO - 2024-02-18 03:07:22 --> Session: Class initialized using 'CodeIgniter\Session\Handlers\FileHandler' driver.
CRITICAL - 2024-02-18 03:07:38 --> ErrorException: Undefined variable $monitoring_driver
in APPPATH\Views\admin\mondriver.php on line 30.
 1 APPPATH\Views\admin\mondriver.php(30): CodeIgniter\Debug\Exceptions->errorHandler(2, 'Undefined variable $monitoring_driver', 'C:\\xampp\\htdocs\\sisi\\project-booking-sisi\\app\\Views\\admin\\mondriver.php', 30)
 2 SYSTEMPATH\View\View.php(228): include('C:\\xampp\\htdocs\\sisi\\project-booking-sisi\\app\\Views\\admin\\mondriver.php')
 3 SYSTEMPATH\View\View.php(231): CodeIgniter\View\View->CodeIgniter\View\{closure}()
 4 SYSTEMPATH\Common.php(1178): CodeIgniter\View\View->render('admin/mondriver', [], true)
 5 APPPATH\Controllers\MonitoringControllers.php(37): view('admin/mondriver', [...])
 6 SYSTEMPATH\CodeIgniter.php(941): App\Controllers\MonitoringControllers->mondriver()
 7 SYSTEMPATH\CodeIgniter.php(502): CodeIgniter\CodeIgniter->runController(Object(App\Controllers\MonitoringControllers))
 8 SYSTEMPATH\CodeIgniter.php(361): CodeIgniter\CodeIgniter->handleRequest(null, Object(Config\Cache), false)
 9 FCPATH\index.php(79): CodeIgniter\CodeIgniter->run()
10 SYSTEMPATH\Commands\Server\rewrite.php(47): require_once('C:\\xampp\\htdocs\\sisi\\project-booking-sisi\\public\\index.php')
CRITICAL - 2024-02-18 03:14:27 --> ErrorException: Undefined variable $bookingDrivers
in APPPATH\Views\admin\mondriver.php on line 30.
 1 APPPATH\Views\admin\mondriver.php(30): CodeIgniter\Debug\Exceptions->errorHandler(2, 'Undefined variable $bookingDrivers', 'C:\\xampp\\htdocs\\sisi\\project-booking-sisi\\app\\Views\\admin\\mondriver.php', 30)
 2 SYSTEMPATH\View\View.php(228): include('C:\\xampp\\htdocs\\sisi\\project-booking-sisi\\app\\Views\\admin\\mondriver.php')
 3 SYSTEMPATH\View\View.php(231): CodeIgniter\View\View->CodeIgniter\View\{closure}()
 4 SYSTEMPATH\Common.php(1178): CodeIgniter\View\View->render('admin/mondriver', [], true)
 5 APPPATH\Controllers\MonitoringControllers.php(37): view('admin/mondriver', [...])
 6 SYSTEMPATH\CodeIgniter.php(941): App\Controllers\MonitoringControllers->mondriver()
 7 SYSTEMPATH\CodeIgniter.php(502): CodeIgniter\CodeIgniter->runController(Object(App\Controllers\MonitoringControllers))
 8 SYSTEMPATH\CodeIgniter.php(361): CodeIgniter\CodeIgniter->handleRequest(null, Object(Config\Cache), false)
 9 FCPATH\index.php(79): CodeIgniter\CodeIgniter->run()
10 SYSTEMPATH\Commands\Server\rewrite.php(47): require_once('C:\\xampp\\htdocs\\sisi\\project-booking-sisi\\public\\index.php')
CRITICAL - 2024-02-18 03:18:48 --> ErrorException: Undefined variable $index
in APPPATH\Views\admin\mondriver.php on line 32.
 1 APPPATH\Views\admin\mondriver.php(32): CodeIgniter\Debug\Exceptions->errorHandler(2, 'Undefined variable $index', 'C:\\xampp\\htdocs\\sisi\\project-booking-sisi\\app\\Views\\admin\\mondriver.php', 32)
 2 SYSTEMPATH\View\View.php(228): include('C:\\xampp\\htdocs\\sisi\\project-booking-sisi\\app\\Views\\admin\\mondriver.php')
 3 SYSTEMPATH\View\View.php(231): CodeIgniter\View\View->CodeIgniter\View\{closure}()
 4 SYSTEMPATH\Common.php(1178): CodeIgniter\View\View->render('admin/mondriver', [], true)
 5 APPPATH\Controllers\MonitoringControllers.php(37): view('admin/mondriver', [...])
 6 SYSTEMPATH\CodeIgniter.php(941): App\Controllers\MonitoringControllers->mondriver()
 7 SYSTEMPATH\CodeIgniter.php(502): CodeIgniter\CodeIgniter->runController(Object(App\Controllers\MonitoringControllers))
 8 SYSTEMPATH\CodeIgniter.php(361): CodeIgniter\CodeIgniter->handleRequest(null, Object(Config\Cache), false)
 9 FCPATH\index.php(79): CodeIgniter\CodeIgniter->run()
10 SYSTEMPATH\Commands\Server\rewrite.php(47): require_once('C:\\xampp\\htdocs\\sisi\\project-booking-sisi\\public\\index.php')
CRITICAL - 2024-02-18 03:30:06 --> ErrorException: Undefined array key "kode_booking"
in APPPATH\Views\admin\mondriver.php on line 34.
 1 APPPATH\Views\admin\mondriver.php(34): CodeIgniter\Debug\Exceptions->errorHandler(2, 'Undefined array key "kode_booking"', 'C:\\xampp\\htdocs\\sisi\\project-booking-sisi\\app\\Views\\admin\\mondriver.php', 34)
 2 SYSTEMPATH\View\View.php(228): include('C:\\xampp\\htdocs\\sisi\\project-booking-sisi\\app\\Views\\admin\\mondriver.php')
 3 SYSTEMPATH\View\View.php(231): CodeIgniter\View\View->CodeIgniter\View\{closure}()
 4 SYSTEMPATH\Common.php(1178): CodeIgniter\View\View->render('admin/mondriver', [], true)
 5 APPPATH\Controllers\MonitoringControllers.php(35): view('admin/mondriver', [...])
 6 SYSTEMPATH\CodeIgniter.php(941): App\Controllers\MonitoringControllers->mondriver()
 7 SYSTEMPATH\CodeIgniter.php(502): CodeIgniter\CodeIgniter->runController(Object(App\Controllers\MonitoringControllers))
 8 SYSTEMPATH\CodeIgniter.php(361): CodeIgniter\CodeIgniter->handleRequest(null, Object(Config\Cache), false)
 9 FCPATH\index.php(79): CodeIgniter\CodeIgniter->run()
10 SYSTEMPATH\Commands\Server\rewrite.php(47): require_once('C:\\xampp\\htdocs\\sisi\\project-booking-sisi\\public\\index.php')
CRITICAL - 2024-02-18 03:44:37 --> ErrorException: Undefined variable $bookingDrivers
in APPPATH\Views\admin\detail_mondriver.php on line 12.
 1 APPPATH\Views\admin\detail_mondriver.php(12): CodeIgniter\Debug\Exceptions->errorHandler(2, 'Undefined variable $bookingDrivers', 'C:\\xampp\\htdocs\\sisi\\project-booking-sisi\\app\\Views\\admin\\detail_mondriver.php', 12)
 2 SYSTEMPATH\View\View.php(228): include('C:\\xampp\\htdocs\\sisi\\project-booking-sisi\\app\\Views\\admin\\detail_mondriver.php')
 3 SYSTEMPATH\View\View.php(231): CodeIgniter\View\View->CodeIgniter\View\{closure}()
 4 SYSTEMPATH\Common.php(1178): CodeIgniter\View\View->render('admin/detail_mondriver', [], true)
 5 APPPATH\Controllers\MonitoringControllers.php(45): view('admin/detail_mondriver', [...])
 6 SYSTEMPATH\CodeIgniter.php(941): App\Controllers\MonitoringControllers->detail_mondriver()
 7 SYSTEMPATH\CodeIgniter.php(502): CodeIgniter\CodeIgniter->runController(Object(App\Controllers\MonitoringControllers))
 8 SYSTEMPATH\CodeIgniter.php(361): CodeIgniter\CodeIgniter->handleRequest(null, Object(Config\Cache), false)
 9 FCPATH\index.php(79): CodeIgniter\CodeIgniter->run()
10 SYSTEMPATH\Commands\Server\rewrite.php(47): require_once('C:\\xampp\\htdocs\\sisi\\project-booking-sisi\\public\\index.php')
CRITICAL - 2024-02-18 03:48:24 --> ErrorException: Undefined variable $bookdriver
in APPPATH\Views\admin\detail_mondriver.php on line 12.
 1 APPPATH\Views\admin\detail_mondriver.php(12): CodeIgniter\Debug\Exceptions->errorHandler(2, 'Undefined variable $bookdriver', 'C:\\xampp\\htdocs\\sisi\\project-booking-sisi\\app\\Views\\admin\\detail_mondriver.php', 12)
 2 SYSTEMPATH\View\View.php(228): include('C:\\xampp\\htdocs\\sisi\\project-booking-sisi\\app\\Views\\admin\\detail_mondriver.php')
 3 SYSTEMPATH\View\View.php(231): CodeIgniter\View\View->CodeIgniter\View\{closure}()
 4 SYSTEMPATH\Common.php(1178): CodeIgniter\View\View->render('admin/detail_mondriver', [], true)
 5 APPPATH\Controllers\MonitoringControllers.php(45): view('admin/detail_mondriver', [...])
 6 SYSTEMPATH\CodeIgniter.php(941): App\Controllers\MonitoringControllers->detail_mondriver()
 7 SYSTEMPATH\CodeIgniter.php(502): CodeIgniter\CodeIgniter->runController(Object(App\Controllers\MonitoringControllers))
 8 SYSTEMPATH\CodeIgniter.php(361): CodeIgniter\CodeIgniter->handleRequest(null, Object(Config\Cache), false)
 9 FCPATH\index.php(79): CodeIgniter\CodeIgniter->run()
10 SYSTEMPATH\Commands\Server\rewrite.php(47): require_once('C:\\xampp\\htdocs\\sisi\\project-booking-sisi\\public\\index.php')
CRITICAL - 2024-02-18 03:50:23 --> ErrorException: Undefined variable $bookdriver
in APPPATH\Views\admin\detail_mondriver.php on line 17.
 1 APPPATH\Views\admin\detail_mondriver.php(17): CodeIgniter\Debug\Exceptions->errorHandler(2, 'Undefined variable $bookdriver', 'C:\\xampp\\htdocs\\sisi\\project-booking-sisi\\app\\Views\\admin\\detail_mondriver.php', 17)
 2 SYSTEMPATH\View\View.php(228): include('C:\\xampp\\htdocs\\sisi\\project-booking-sisi\\app\\Views\\admin\\detail_mondriver.php')
 3 SYSTEMPATH\View\View.php(231): CodeIgniter\View\View->CodeIgniter\View\{closure}()
 4 SYSTEMPATH\Common.php(1178): CodeIgniter\View\View->render('admin/detail_mondriver', [], true)
 5 APPPATH\Controllers\MonitoringControllers.php(45): view('admin/detail_mondriver', [...])
 6 SYSTEMPATH\CodeIgniter.php(941): App\Controllers\MonitoringControllers->detail_mondriver()
 7 SYSTEMPATH\CodeIgniter.php(502): CodeIgniter\CodeIgniter->runController(Object(App\Controllers\MonitoringControllers))
 8 SYSTEMPATH\CodeIgniter.php(361): CodeIgniter\CodeIgniter->handleRequest(null, Object(Config\Cache), false)
 9 FCPATH\index.php(79): CodeIgniter\CodeIgniter->run()
10 SYSTEMPATH\Commands\Server\rewrite.php(47): require_once('C:\\xampp\\htdocs\\sisi\\project-booking-sisi\\public\\index.php')
CRITICAL - 2024-02-18 03:52:11 --> ErrorException: Undefined variable $bookdriver
in APPPATH\Views\admin\detail_mondriver.php on line 17.
 1 APPPATH\Views\admin\detail_mondriver.php(17): CodeIgniter\Debug\Exceptions->errorHandler(2, 'Undefined variable $bookdriver', 'C:\\xampp\\htdocs\\sisi\\project-booking-sisi\\app\\Views\\admin\\detail_mondriver.php', 17)
 2 SYSTEMPATH\View\View.php(228): include('C:\\xampp\\htdocs\\sisi\\project-booking-sisi\\app\\Views\\admin\\detail_mondriver.php')
 3 SYSTEMPATH\View\View.php(231): CodeIgniter\View\View->CodeIgniter\View\{closure}()
 4 SYSTEMPATH\Common.php(1178): CodeIgniter\View\View->render('admin/detail_mondriver', [], true)
 5 APPPATH\Controllers\MonitoringControllers.php(45): view('admin/detail_mondriver', [...])
 6 SYSTEMPATH\CodeIgniter.php(941): App\Controllers\MonitoringControllers->detail_mondriver()
 7 SYSTEMPATH\CodeIgniter.php(502): CodeIgniter\CodeIgniter->runController(Object(App\Controllers\MonitoringControllers))
 8 SYSTEMPATH\CodeIgniter.php(361): CodeIgniter\CodeIgniter->handleRequest(null, Object(Config\Cache), false)
 9 FCPATH\index.php(79): CodeIgniter\CodeIgniter->run()
10 SYSTEMPATH\Commands\Server\rewrite.php(47): require_once('C:\\xampp\\htdocs\\sisi\\project-booking-sisi\\public\\index.php')
CRITICAL - 2024-02-18 03:52:13 --> ErrorException: Undefined variable $bookdriver
in APPPATH\Views\admin\detail_mondriver.php on line 17.
 1 APPPATH\Views\admin\detail_mondriver.php(17): CodeIgniter\Debug\Exceptions->errorHandler(2, 'Undefined variable $bookdriver', 'C:\\xampp\\htdocs\\sisi\\project-booking-sisi\\app\\Views\\admin\\detail_mondriver.php', 17)
 2 SYSTEMPATH\View\View.php(228): include('C:\\xampp\\htdocs\\sisi\\project-booking-sisi\\app\\Views\\admin\\detail_mondriver.php')
 3 SYSTEMPATH\View\View.php(231): CodeIgniter\View\View->CodeIgniter\View\{closure}()
 4 SYSTEMPATH\Common.php(1178): CodeIgniter\View\View->render('admin/detail_mondriver', [], true)
 5 APPPATH\Controllers\MonitoringControllers.php(45): view('admin/detail_mondriver', [...])
 6 SYSTEMPATH\CodeIgniter.php(941): App\Controllers\MonitoringControllers->detail_mondriver()
 7 SYSTEMPATH\CodeIgniter.php(502): CodeIgniter\CodeIgniter->runController(Object(App\Controllers\MonitoringControllers))
 8 SYSTEMPATH\CodeIgniter.php(361): CodeIgniter\CodeIgniter->handleRequest(null, Object(Config\Cache), false)
 9 FCPATH\index.php(79): CodeIgniter\CodeIgniter->run()
10 SYSTEMPATH\Commands\Server\rewrite.php(47): require_once('C:\\xampp\\htdocs\\sisi\\project-booking-sisi\\public\\index.php')
CRITICAL - 2024-02-18 03:52:13 --> ErrorException: Undefined variable $bookdriver
in APPPATH\Views\admin\detail_mondriver.php on line 17.
 1 APPPATH\Views\admin\detail_mondriver.php(17): CodeIgniter\Debug\Exceptions->errorHandler(2, 'Undefined variable $bookdriver', 'C:\\xampp\\htdocs\\sisi\\project-booking-sisi\\app\\Views\\admin\\detail_mondriver.php', 17)
 2 SYSTEMPATH\View\View.php(228): include('C:\\xampp\\htdocs\\sisi\\project-booking-sisi\\app\\Views\\admin\\detail_mondriver.php')
 3 SYSTEMPATH\View\View.php(231): CodeIgniter\View\View->CodeIgniter\View\{closure}()
 4 SYSTEMPATH\Common.php(1178): CodeIgniter\View\View->render('admin/detail_mondriver', [], true)
 5 APPPATH\Controllers\MonitoringControllers.php(45): view('admin/detail_mondriver', [...])
 6 SYSTEMPATH\CodeIgniter.php(941): App\Controllers\MonitoringControllers->detail_mondriver()
 7 SYSTEMPATH\CodeIgniter.php(502): CodeIgniter\CodeIgniter->runController(Object(App\Controllers\MonitoringControllers))
 8 SYSTEMPATH\CodeIgniter.php(361): CodeIgniter\CodeIgniter->handleRequest(null, Object(Config\Cache), false)
 9 FCPATH\index.php(79): CodeIgniter\CodeIgniter->run()
10 SYSTEMPATH\Commands\Server\rewrite.php(47): require_once('C:\\xampp\\htdocs\\sisi\\project-booking-sisi\\public\\index.php')
CRITICAL - 2024-02-18 03:52:14 --> ErrorException: Undefined variable $bookdriver
in APPPATH\Views\admin\detail_mondriver.php on line 17.
 1 APPPATH\Views\admin\detail_mondriver.php(17): CodeIgniter\Debug\Exceptions->errorHandler(2, 'Undefined variable $bookdriver', 'C:\\xampp\\htdocs\\sisi\\project-booking-sisi\\app\\Views\\admin\\detail_mondriver.php', 17)
 2 SYSTEMPATH\View\View.php(228): include('C:\\xampp\\htdocs\\sisi\\project-booking-sisi\\app\\Views\\admin\\detail_mondriver.php')
 3 SYSTEMPATH\View\View.php(231): CodeIgniter\View\View->CodeIgniter\View\{closure}()
 4 SYSTEMPATH\Common.php(1178): CodeIgniter\View\View->render('admin/detail_mondriver', [], true)
 5 APPPATH\Controllers\MonitoringControllers.php(45): view('admin/detail_mondriver', [...])
 6 SYSTEMPATH\CodeIgniter.php(941): App\Controllers\MonitoringControllers->detail_mondriver()
 7 SYSTEMPATH\CodeIgniter.php(502): CodeIgniter\CodeIgniter->runController(Object(App\Controllers\MonitoringControllers))
 8 SYSTEMPATH\CodeIgniter.php(361): CodeIgniter\CodeIgniter->handleRequest(null, Object(Config\Cache), false)
 9 FCPATH\index.php(79): CodeIgniter\CodeIgniter->run()
10 SYSTEMPATH\Commands\Server\rewrite.php(47): require_once('C:\\xampp\\htdocs\\sisi\\project-booking-sisi\\public\\index.php')
CRITICAL - 2024-02-18 03:56:56 --> ErrorException: Undefined array key "section"
in APPPATH\Views\admin\detail_mondriver.php on line 17.
 1 APPPATH\Views\admin\detail_mondriver.php(17): CodeIgniter\Debug\Exceptions->errorHandler(2, 'Undefined array key "section"', 'C:\\xampp\\htdocs\\sisi\\project-booking-sisi\\app\\Views\\admin\\detail_mondriver.php', 17)
 2 SYSTEMPATH\View\View.php(228): include('C:\\xampp\\htdocs\\sisi\\project-booking-sisi\\app\\Views\\admin\\detail_mondriver.php')
 3 SYSTEMPATH\View\View.php(231): CodeIgniter\View\View->CodeIgniter\View\{closure}()
 4 SYSTEMPATH\Common.php(1178): CodeIgniter\View\View->render('admin/detail_mondriver', [], true)
 5 APPPATH\Controllers\MonitoringControllers.php(43): view('admin/detail_mondriver', [...])
 6 SYSTEMPATH\CodeIgniter.php(941): App\Controllers\MonitoringControllers->detail_mondriver()
 7 SYSTEMPATH\CodeIgniter.php(502): CodeIgniter\CodeIgniter->runController(Object(App\Controllers\MonitoringControllers))
 8 SYSTEMPATH\CodeIgniter.php(361): CodeIgniter\CodeIgniter->handleRequest(null, Object(Config\Cache), false)
 9 FCPATH\index.php(79): CodeIgniter\CodeIgniter->run()
10 SYSTEMPATH\Commands\Server\rewrite.php(47): require_once('C:\\xampp\\htdocs\\sisi\\project-booking-sisi\\public\\index.php')
CRITICAL - 2024-02-18 03:56:57 --> ErrorException: Undefined array key "section"
in APPPATH\Views\admin\detail_mondriver.php on line 17.
 1 APPPATH\Views\admin\detail_mondriver.php(17): CodeIgniter\Debug\Exceptions->errorHandler(2, 'Undefined array key "section"', 'C:\\xampp\\htdocs\\sisi\\project-booking-sisi\\app\\Views\\admin\\detail_mondriver.php', 17)
 2 SYSTEMPATH\View\View.php(228): include('C:\\xampp\\htdocs\\sisi\\project-booking-sisi\\app\\Views\\admin\\detail_mondriver.php')
 3 SYSTEMPATH\View\View.php(231): CodeIgniter\View\View->CodeIgniter\View\{closure}()
 4 SYSTEMPATH\Common.php(1178): CodeIgniter\View\View->render('admin/detail_mondriver', [], true)
 5 APPPATH\Controllers\MonitoringControllers.php(43): view('admin/detail_mondriver', [...])
 6 SYSTEMPATH\CodeIgniter.php(941): App\Controllers\MonitoringControllers->detail_mondriver()
 7 SYSTEMPATH\CodeIgniter.php(502): CodeIgniter\CodeIgniter->runController(Object(App\Controllers\MonitoringControllers))
 8 SYSTEMPATH\CodeIgniter.php(361): CodeIgniter\CodeIgniter->handleRequest(null, Object(Config\Cache), false)
 9 FCPATH\index.php(79): CodeIgniter\CodeIgniter->run()
10 SYSTEMPATH\Commands\Server\rewrite.php(47): require_once('C:\\xampp\\htdocs\\sisi\\project-booking-sisi\\public\\index.php')
CRITICAL - 2024-02-18 03:56:57 --> ErrorException: Undefined array key "section"
in APPPATH\Views\admin\detail_mondriver.php on line 17.
 1 APPPATH\Views\admin\detail_mondriver.php(17): CodeIgniter\Debug\Exceptions->errorHandler(2, 'Undefined array key "section"', 'C:\\xampp\\htdocs\\sisi\\project-booking-sisi\\app\\Views\\admin\\detail_mondriver.php', 17)
 2 SYSTEMPATH\View\View.php(228): include('C:\\xampp\\htdocs\\sisi\\project-booking-sisi\\app\\Views\\admin\\detail_mondriver.php')
 3 SYSTEMPATH\View\View.php(231): CodeIgniter\View\View->CodeIgniter\View\{closure}()
 4 SYSTEMPATH\Common.php(1178): CodeIgniter\View\View->render('admin/detail_mondriver', [], true)
 5 APPPATH\Controllers\MonitoringControllers.php(43): view('admin/detail_mondriver', [...])
 6 SYSTEMPATH\CodeIgniter.php(941): App\Controllers\MonitoringControllers->detail_mondriver()
 7 SYSTEMPATH\CodeIgniter.php(502): CodeIgniter\CodeIgniter->runController(Object(App\Controllers\MonitoringControllers))
 8 SYSTEMPATH\CodeIgniter.php(361): CodeIgniter\CodeIgniter->handleRequest(null, Object(Config\Cache), false)
 9 FCPATH\index.php(79): CodeIgniter\CodeIgniter->run()
10 SYSTEMPATH\Commands\Server\rewrite.php(47): require_once('C:\\xampp\\htdocs\\sisi\\project-booking-sisi\\public\\index.php')
CRITICAL - 2024-02-18 03:57:08 --> ErrorException: Undefined array key "section"
in APPPATH\Views\admin\detail_mondriver.php on line 17.
 1 APPPATH\Views\admin\detail_mondriver.php(17): CodeIgniter\Debug\Exceptions->errorHandler(2, 'Undefined array key "section"', 'C:\\xampp\\htdocs\\sisi\\project-booking-sisi\\app\\Views\\admin\\detail_mondriver.php', 17)
 2 SYSTEMPATH\View\View.php(228): include('C:\\xampp\\htdocs\\sisi\\project-booking-sisi\\app\\Views\\admin\\detail_mondriver.php')
 3 SYSTEMPATH\View\View.php(231): CodeIgniter\View\View->CodeIgniter\View\{closure}()
 4 SYSTEMPATH\Common.php(1178): CodeIgniter\View\View->render('admin/detail_mondriver', [], true)
 5 APPPATH\Controllers\MonitoringControllers.php(43): view('admin/detail_mondriver', [...])
 6 SYSTEMPATH\CodeIgniter.php(941): App\Controllers\MonitoringControllers->detail_mondriver()
 7 SYSTEMPATH\CodeIgniter.php(502): CodeIgniter\CodeIgniter->runController(Object(App\Controllers\MonitoringControllers))
 8 SYSTEMPATH\CodeIgniter.php(361): CodeIgniter\CodeIgniter->handleRequest(null, Object(Config\Cache), false)
 9 FCPATH\index.php(79): CodeIgniter\CodeIgniter->run()
10 SYSTEMPATH\Commands\Server\rewrite.php(47): require_once('C:\\xampp\\htdocs\\sisi\\project-booking-sisi\\public\\index.php')
CRITICAL - 2024-02-18 04:00:36 --> ArgumentCountError: Too few arguments to function App\Controllers\MonitoringControllers::detail_mondriver(), 0 passed in C:\xampp\htdocs\sisi\project-booking-sisi\system\CodeIgniter.php on line 941 and exactly 1 expected
in APPPATH\Controllers\MonitoringControllers.php on line 38.
 1 SYSTEMPATH\CodeIgniter.php(941): App\Controllers\MonitoringControllers->detail_mondriver()
 2 SYSTEMPATH\CodeIgniter.php(502): CodeIgniter\CodeIgniter->runController(Object(App\Controllers\MonitoringControllers))
 3 SYSTEMPATH\CodeIgniter.php(361): CodeIgniter\CodeIgniter->handleRequest(null, Object(Config\Cache), false)
 4 FCPATH\index.php(79): CodeIgniter\CodeIgniter->run()
 5 SYSTEMPATH\Commands\Server\rewrite.php(47): require_once('C:\\xampp\\htdocs\\sisi\\project-booking-sisi\\public\\index.php')
CRITICAL - 2024-02-18 04:01:01 --> ArgumentCountError: Too few arguments to function App\Controllers\MonitoringControllers::detail_mondriver(), 0 passed in C:\xampp\htdocs\sisi\project-booking-sisi\system\CodeIgniter.php on line 941 and exactly 1 expected
in APPPATH\Controllers\MonitoringControllers.php on line 38.
 1 SYSTEMPATH\CodeIgniter.php(941): App\Controllers\MonitoringControllers->detail_mondriver()
 2 SYSTEMPATH\CodeIgniter.php(502): CodeIgniter\CodeIgniter->runController(Object(App\Controllers\MonitoringControllers))
 3 SYSTEMPATH\CodeIgniter.php(361): CodeIgniter\CodeIgniter->handleRequest(null, Object(Config\Cache), false)
 4 FCPATH\index.php(79): CodeIgniter\CodeIgniter->run()
 5 SYSTEMPATH\Commands\Server\rewrite.php(47): require_once('C:\\xampp\\htdocs\\sisi\\project-booking-sisi\\public\\index.php')
CRITICAL - 2024-02-18 04:01:04 --> ArgumentCountError: Too few arguments to function App\Controllers\MonitoringControllers::detail_mondriver(), 0 passed in C:\xampp\htdocs\sisi\project-booking-sisi\system\CodeIgniter.php on line 941 and exactly 1 expected
in APPPATH\Controllers\MonitoringControllers.php on line 38.
 1 SYSTEMPATH\CodeIgniter.php(941): App\Controllers\MonitoringControllers->detail_mondriver()
 2 SYSTEMPATH\CodeIgniter.php(502): CodeIgniter\CodeIgniter->runController(Object(App\Controllers\MonitoringControllers))
 3 SYSTEMPATH\CodeIgniter.php(361): CodeIgniter\CodeIgniter->handleRequest(null, Object(Config\Cache), false)
 4 FCPATH\index.php(79): CodeIgniter\CodeIgniter->run()
 5 SYSTEMPATH\Commands\Server\rewrite.php(47): require_once('C:\\xampp\\htdocs\\sisi\\project-booking-sisi\\public\\index.php')
CRITICAL - 2024-02-18 04:01:04 --> ArgumentCountError: Too few arguments to function App\Controllers\MonitoringControllers::detail_mondriver(), 0 passed in C:\xampp\htdocs\sisi\project-booking-sisi\system\CodeIgniter.php on line 941 and exactly 1 expected
in APPPATH\Controllers\MonitoringControllers.php on line 38.
 1 SYSTEMPATH\CodeIgniter.php(941): App\Controllers\MonitoringControllers->detail_mondriver()
 2 SYSTEMPATH\CodeIgniter.php(502): CodeIgniter\CodeIgniter->runController(Object(App\Controllers\MonitoringControllers))
 3 SYSTEMPATH\CodeIgniter.php(361): CodeIgniter\CodeIgniter->handleRequest(null, Object(Config\Cache), false)
 4 FCPATH\index.php(79): CodeIgniter\CodeIgniter->run()
 5 SYSTEMPATH\Commands\Server\rewrite.php(47): require_once('C:\\xampp\\htdocs\\sisi\\project-booking-sisi\\public\\index.php')
CRITICAL - 2024-02-18 04:01:05 --> ArgumentCountError: Too few arguments to function App\Controllers\MonitoringControllers::detail_mondriver(), 0 passed in C:\xampp\htdocs\sisi\project-booking-sisi\system\CodeIgniter.php on line 941 and exactly 1 expected
in APPPATH\Controllers\MonitoringControllers.php on line 38.
 1 SYSTEMPATH\CodeIgniter.php(941): App\Controllers\MonitoringControllers->detail_mondriver()
 2 SYSTEMPATH\CodeIgniter.php(502): CodeIgniter\CodeIgniter->runController(Object(App\Controllers\MonitoringControllers))
 3 SYSTEMPATH\CodeIgniter.php(361): CodeIgniter\CodeIgniter->handleRequest(null, Object(Config\Cache), false)
 4 FCPATH\index.php(79): CodeIgniter\CodeIgniter->run()
 5 SYSTEMPATH\Commands\Server\rewrite.php(47): require_once('C:\\xampp\\htdocs\\sisi\\project-booking-sisi\\public\\index.php')
CRITICAL - 2024-02-18 04:01:05 --> ArgumentCountError: Too few arguments to function App\Controllers\MonitoringControllers::detail_mondriver(), 0 passed in C:\xampp\htdocs\sisi\project-booking-sisi\system\CodeIgniter.php on line 941 and exactly 1 expected
in APPPATH\Controllers\MonitoringControllers.php on line 38.
 1 SYSTEMPATH\CodeIgniter.php(941): App\Controllers\MonitoringControllers->detail_mondriver()
 2 SYSTEMPATH\CodeIgniter.php(502): CodeIgniter\CodeIgniter->runController(Object(App\Controllers\MonitoringControllers))
 3 SYSTEMPATH\CodeIgniter.php(361): CodeIgniter\CodeIgniter->handleRequest(null, Object(Config\Cache), false)
 4 FCPATH\index.php(79): CodeIgniter\CodeIgniter->run()
 5 SYSTEMPATH\Commands\Server\rewrite.php(47): require_once('C:\\xampp\\htdocs\\sisi\\project-booking-sisi\\public\\index.php')
CRITICAL - 2024-02-18 04:01:05 --> ArgumentCountError: Too few arguments to function App\Controllers\MonitoringControllers::detail_mondriver(), 0 passed in C:\xampp\htdocs\sisi\project-booking-sisi\system\CodeIgniter.php on line 941 and exactly 1 expected
in APPPATH\Controllers\MonitoringControllers.php on line 38.
 1 SYSTEMPATH\CodeIgniter.php(941): App\Controllers\MonitoringControllers->detail_mondriver()
 2 SYSTEMPATH\CodeIgniter.php(502): CodeIgniter\CodeIgniter->runController(Object(App\Controllers\MonitoringControllers))
 3 SYSTEMPATH\CodeIgniter.php(361): CodeIgniter\CodeIgniter->handleRequest(null, Object(Config\Cache), false)
 4 FCPATH\index.php(79): CodeIgniter\CodeIgniter->run()
 5 SYSTEMPATH\Commands\Server\rewrite.php(47): require_once('C:\\xampp\\htdocs\\sisi\\project-booking-sisi\\public\\index.php')
CRITICAL - 2024-02-18 04:01:06 --> ArgumentCountError: Too few arguments to function App\Controllers\MonitoringControllers::detail_mondriver(), 0 passed in C:\xampp\htdocs\sisi\project-booking-sisi\system\CodeIgniter.php on line 941 and exactly 1 expected
in APPPATH\Controllers\MonitoringControllers.php on line 38.
 1 SYSTEMPATH\CodeIgniter.php(941): App\Controllers\MonitoringControllers->detail_mondriver()
 2 SYSTEMPATH\CodeIgniter.php(502): CodeIgniter\CodeIgniter->runController(Object(App\Controllers\MonitoringControllers))
 3 SYSTEMPATH\CodeIgniter.php(361): CodeIgniter\CodeIgniter->handleRequest(null, Object(Config\Cache), false)
 4 FCPATH\index.php(79): CodeIgniter\CodeIgniter->run()
 5 SYSTEMPATH\Commands\Server\rewrite.php(47): require_once('C:\\xampp\\htdocs\\sisi\\project-booking-sisi\\public\\index.php')
CRITICAL - 2024-02-18 04:01:06 --> ArgumentCountError: Too few arguments to function App\Controllers\MonitoringControllers::detail_mondriver(), 0 passed in C:\xampp\htdocs\sisi\project-booking-sisi\system\CodeIgniter.php on line 941 and exactly 1 expected
in APPPATH\Controllers\MonitoringControllers.php on line 38.
 1 SYSTEMPATH\CodeIgniter.php(941): App\Controllers\MonitoringControllers->detail_mondriver()
 2 SYSTEMPATH\CodeIgniter.php(502): CodeIgniter\CodeIgniter->runController(Object(App\Controllers\MonitoringControllers))
 3 SYSTEMPATH\CodeIgniter.php(361): CodeIgniter\CodeIgniter->handleRequest(null, Object(Config\Cache), false)
 4 FCPATH\index.php(79): CodeIgniter\CodeIgniter->run()
 5 SYSTEMPATH\Commands\Server\rewrite.php(47): require_once('C:\\xampp\\htdocs\\sisi\\project-booking-sisi\\public\\index.php')
CRITICAL - 2024-02-18 04:01:06 --> ArgumentCountError: Too few arguments to function App\Controllers\MonitoringControllers::detail_mondriver(), 0 passed in C:\xampp\htdocs\sisi\project-booking-sisi\system\CodeIgniter.php on line 941 and exactly 1 expected
in APPPATH\Controllers\MonitoringControllers.php on line 38.
 1 SYSTEMPATH\CodeIgniter.php(941): App\Controllers\MonitoringControllers->detail_mondriver()
 2 SYSTEMPATH\CodeIgniter.php(502): CodeIgniter\CodeIgniter->runController(Object(App\Controllers\MonitoringControllers))
 3 SYSTEMPATH\CodeIgniter.php(361): CodeIgniter\CodeIgniter->handleRequest(null, Object(Config\Cache), false)
 4 FCPATH\index.php(79): CodeIgniter\CodeIgniter->run()
 5 SYSTEMPATH\Commands\Server\rewrite.php(47): require_once('C:\\xampp\\htdocs\\sisi\\project-booking-sisi\\public\\index.php')
CRITICAL - 2024-02-18 04:01:07 --> ArgumentCountError: Too few arguments to function App\Controllers\MonitoringControllers::detail_mondriver(), 0 passed in C:\xampp\htdocs\sisi\project-booking-sisi\system\CodeIgniter.php on line 941 and exactly 1 expected
in APPPATH\Controllers\MonitoringControllers.php on line 38.
 1 SYSTEMPATH\CodeIgniter.php(941): App\Controllers\MonitoringControllers->detail_mondriver()
 2 SYSTEMPATH\CodeIgniter.php(502): CodeIgniter\CodeIgniter->runController(Object(App\Controllers\MonitoringControllers))
 3 SYSTEMPATH\CodeIgniter.php(361): CodeIgniter\CodeIgniter->handleRequest(null, Object(Config\Cache), false)
 4 FCPATH\index.php(79): CodeIgniter\CodeIgniter->run()
 5 SYSTEMPATH\Commands\Server\rewrite.php(47): require_once('C:\\xampp\\htdocs\\sisi\\project-booking-sisi\\public\\index.php')
INFO - 2024-02-18 04:03:10 --> Session: Class initialized using 'CodeIgniter\Session\Handlers\FileHandler' driver.
INFO - 2024-02-18 04:04:28 --> Session: Class initialized using 'CodeIgniter\Session\Handlers\FileHandler' driver.
INFO - 2024-02-18 04:04:43 --> Session: Class initialized using 'CodeIgniter\Session\Handlers\FileHandler' driver.
INFO - 2024-02-18 04:04:52 --> Session: Class initialized using 'CodeIgniter\Session\Handlers\FileHandler' driver.
INFO - 2024-02-18 04:04:52 --> Session: Class initialized using 'CodeIgniter\Session\Handlers\FileHandler' driver.
INFO - 2024-02-18 04:05:37 --> Session: Class initialized using 'CodeIgniter\Session\Handlers\FileHandler' driver.
INFO - 2024-02-18 04:05:52 --> Session: Class initialized using 'CodeIgniter\Session\Handlers\FileHandler' driver.
INFO - 2024-02-18 04:05:54 --> Session: Class initialized using 'CodeIgniter\Session\Handlers\FileHandler' driver.
INFO - 2024-02-18 04:06:03 --> Session: Class initialized using 'CodeIgniter\Session\Handlers\FileHandler' driver.
INFO - 2024-02-18 04:06:05 --> Session: Class initialized using 'CodeIgniter\Session\Handlers\FileHandler' driver.
INFO - 2024-02-18 04:06:43 --> Session: Class initialized using 'CodeIgniter\Session\Handlers\FileHandler' driver.
INFO - 2024-02-18 04:06:44 --> Session: Class initialized using 'CodeIgniter\Session\Handlers\FileHandler' driver.
INFO - 2024-02-18 04:06:47 --> Session: Class initialized using 'CodeIgniter\Session\Handlers\FileHandler' driver.
INFO - 2024-02-18 04:06:52 --> Session: Class initialized using 'CodeIgniter\Session\Handlers\FileHandler' driver.
INFO - 2024-02-18 04:07:11 --> Session: Class initialized using 'CodeIgniter\Session\Handlers\FileHandler' driver.
INFO - 2024-02-18 04:07:24 --> Session: Class initialized using 'CodeIgniter\Session\Handlers\FileHandler' driver.
INFO - 2024-02-18 04:09:22 --> Session: Class initialized using 'CodeIgniter\Session\Handlers\FileHandler' driver.
