INFO - 2024-02-13 04:16:47 --> Session: Class initialized using 'CodeIgniter\Session\Handlers\FileHandler' driver.
INFO - 2024-02-13 04:17:01 --> Session: Class initialized using 'CodeIgniter\Session\Handlers\FileHandler' driver.
INFO - 2024-02-13 04:17:17 --> Session: Class initialized using 'CodeIgniter\Session\Handlers\FileHandler' driver.
INFO - 2024-02-13 04:17:59 --> Session: Class initialized using 'CodeIgniter\Session\Handlers\FileHandler' driver.
INFO - 2024-02-13 04:18:23 --> Session: Class initialized using 'CodeIgniter\Session\Handlers\FileHandler' driver.
CRITICAL - 2024-02-13 04:34:32 --> DivisionByZeroError: Division by zero
in APPPATH\Views\admin\ruangan.php on line 38.
 1 SYSTEMPATH\View\View.php(228): include()
 2 SYSTEMPATH\View\View.php(231): CodeIgniter\View\View->CodeIgniter\View\{closure}()
 3 SYSTEMPATH\Common.php(1178): CodeIgniter\View\View->render('admin/ruangan', [], true)
 4 APPPATH\Controllers\RuanganControllers.php(22): view('admin/ruangan', [...])
 5 SYSTEMPATH\CodeIgniter.php(941): App\Controllers\RuanganControllers->index()
 6 SYSTEMPATH\CodeIgniter.php(502): CodeIgniter\CodeIgniter->runController(Object(App\Controllers\RuanganControllers))
 7 SYSTEMPATH\CodeIgniter.php(361): CodeIgniter\CodeIgniter->handleRequest(null, Object(Config\Cache), false)
 8 FCPATH\index.php(79): CodeIgniter\CodeIgniter->run()
 9 SYSTEMPATH\Commands\Server\rewrite.php(47): require_once('H:\\ACA\\K TO P\\project-booking-sisi\\public\\index.php')
CRITICAL - 2024-02-13 04:34:32 --> [Caused by] ErrorException: Undefined variable $items_per_page
in APPPATH\Views\admin\ruangan.php on line 38.
 1 APPPATH\Views\admin\ruangan.php(38): CodeIgniter\Debug\Exceptions->errorHandler(2, 'Undefined variable $items_per_page', 'H:\\ACA\\K TO P\\project-booking-sisi\\app\\Views\\admin\\ruangan.php', 38)
 2 SYSTEMPATH\View\View.php(228): include('H:\\ACA\\K TO P\\project-booking-sisi\\app\\Views\\admin\\ruangan.php')
 3 SYSTEMPATH\View\View.php(231): CodeIgniter\View\View->CodeIgniter\View\{closure}()
 4 SYSTEMPATH\Common.php(1178): CodeIgniter\View\View->render('admin/ruangan', [], true)
 5 APPPATH\Controllers\RuanganControllers.php(22): view('admin/ruangan', [...])
 6 SYSTEMPATH\CodeIgniter.php(941): App\Controllers\RuanganControllers->index()
 7 SYSTEMPATH\CodeIgniter.php(502): CodeIgniter\CodeIgniter->runController(Object(App\Controllers\RuanganControllers))
 8 SYSTEMPATH\CodeIgniter.php(361): CodeIgniter\CodeIgniter->handleRequest(null, Object(Config\Cache), false)
 9 FCPATH\index.php(79): CodeIgniter\CodeIgniter->run()
10 SYSTEMPATH\Commands\Server\rewrite.php(47): require_once('H:\\ACA\\K TO P\\project-booking-sisi\\public\\index.php')
CRITICAL - 2024-02-13 04:39:03 --> ErrorException: Undefined array key "nama"
in APPPATH\Views\admin\monruangan.php on line 34.
 1 APPPATH\Views\admin\monruangan.php(34): CodeIgniter\Debug\Exceptions->errorHandler(2, 'Undefined array key "nama"', 'H:\\ACA\\K TO P\\project-booking-sisi\\app\\Views\\admin\\monruangan.php', 34)
 2 SYSTEMPATH\View\View.php(228): include('H:\\ACA\\K TO P\\project-booking-sisi\\app\\Views\\admin\\monruangan.php')
 3 SYSTEMPATH\View\View.php(231): CodeIgniter\View\View->CodeIgniter\View\{closure}()
 4 SYSTEMPATH\Common.php(1178): CodeIgniter\View\View->render('admin/monruangan', [], true)
 5 APPPATH\Controllers\HistoryControllers.php(18): view('admin/monruangan', [...])
 6 SYSTEMPATH\CodeIgniter.php(941): App\Controllers\HistoryControllers->monruangan()
 7 SYSTEMPATH\CodeIgniter.php(502): CodeIgniter\CodeIgniter->runController(Object(App\Controllers\HistoryControllers))
 8 SYSTEMPATH\CodeIgniter.php(361): CodeIgniter\CodeIgniter->handleRequest(null, Object(Config\Cache), false)
 9 FCPATH\index.php(79): CodeIgniter\CodeIgniter->run()
10 SYSTEMPATH\Commands\Server\rewrite.php(47): require_once('H:\\ACA\\K TO P\\project-booking-sisi\\public\\index.php')
CRITICAL - 2024-02-13 04:39:09 --> ErrorException: Undefined array key "nama"
in APPPATH\Views\admin\mondriver.php on line 34.
 1 APPPATH\Views\admin\mondriver.php(34): CodeIgniter\Debug\Exceptions->errorHandler(2, 'Undefined array key "nama"', 'H:\\ACA\\K TO P\\project-booking-sisi\\app\\Views\\admin\\mondriver.php', 34)
 2 SYSTEMPATH\View\View.php(228): include('H:\\ACA\\K TO P\\project-booking-sisi\\app\\Views\\admin\\mondriver.php')
 3 SYSTEMPATH\View\View.php(231): CodeIgniter\View\View->CodeIgniter\View\{closure}()
 4 SYSTEMPATH\Common.php(1178): CodeIgniter\View\View->render('admin/mondriver', [], true)
 5 APPPATH\Controllers\HistoryControllers.php(28): view('admin/mondriver', [...])
 6 SYSTEMPATH\CodeIgniter.php(941): App\Controllers\HistoryControllers->mondriver()
 7 SYSTEMPATH\CodeIgniter.php(502): CodeIgniter\CodeIgniter->runController(Object(App\Controllers\HistoryControllers))
 8 SYSTEMPATH\CodeIgniter.php(361): CodeIgniter\CodeIgniter->handleRequest(null, Object(Config\Cache), false)
 9 FCPATH\index.php(79): CodeIgniter\CodeIgniter->run()
10 SYSTEMPATH\Commands\Server\rewrite.php(47): require_once('H:\\ACA\\K TO P\\project-booking-sisi\\public\\index.php')
CRITICAL - 2024-02-13 04:53:08 --> CodeIgniter\View\Exceptions\ViewException: Invalid file: "admin/templet/header.php"
in SYSTEMPATH\Exceptions\FrameworkException.php on line 39.
 1 SYSTEMPATH\View\View.php(216): CodeIgniter\Exceptions\FrameworkException::forInvalidFile('admin/templet/header.php')
 2 SYSTEMPATH\Common.php(1178): CodeIgniter\View\View->render('admin/templet/header', [], true)
 3 APPPATH\Views\admin\detail_booking_room.php(2): view('admin/templet/header')
 4 SYSTEMPATH\View\View.php(228): include('H:\\ACA\\K TO P\\project-booking-sisi\\app\\Views\\admin\\detail_booking_room.php')
 5 SYSTEMPATH\View\View.php(231): CodeIgniter\View\View->CodeIgniter\View\{closure}()
 6 SYSTEMPATH\Common.php(1178): CodeIgniter\View\View->render('admin/detail_booking_room', [], true)
 7 APPPATH\Controllers\BokRoomController.php(32): view('admin/detail_booking_room', [...])
 8 SYSTEMPATH\CodeIgniter.php(941): App\Controllers\BokRoomController->request_detail('BR_001')
 9 SYSTEMPATH\CodeIgniter.php(502): CodeIgniter\CodeIgniter->runController(Object(App\Controllers\BokRoomController))
10 SYSTEMPATH\CodeIgniter.php(361): CodeIgniter\CodeIgniter->handleRequest(null, Object(Config\Cache), false)
11 FCPATH\index.php(79): CodeIgniter\CodeIgniter->run()
12 SYSTEMPATH\Commands\Server\rewrite.php(47): require_once('H:\\ACA\\K TO P\\project-booking-sisi\\public\\index.php')
INFO - 2024-02-13 04:53:38 --> Session: Class initialized using 'CodeIgniter\Session\Handlers\FileHandler' driver.
INFO - 2024-02-13 04:53:43 --> Session: Class initialized using 'CodeIgniter\Session\Handlers\FileHandler' driver.
INFO - 2024-02-13 04:53:43 --> Session: Class initialized using 'CodeIgniter\Session\Handlers\FileHandler' driver.
INFO - 2024-02-13 05:02:01 --> Session: Class initialized using 'CodeIgniter\Session\Handlers\FileHandler' driver.
INFO - 2024-02-13 05:02:10 --> Session: Class initialized using 'CodeIgniter\Session\Handlers\FileHandler' driver.
INFO - 2024-02-13 05:02:11 --> Session: Class initialized using 'CodeIgniter\Session\Handlers\FileHandler' driver.
INFO - 2024-02-13 05:02:20 --> Session: Class initialized using 'CodeIgniter\Session\Handlers\FileHandler' driver.
INFO - 2024-02-13 05:02:20 --> Session: Class initialized using 'CodeIgniter\Session\Handlers\FileHandler' driver.
INFO - 2024-02-13 05:02:28 --> Session: Class initialized using 'CodeIgniter\Session\Handlers\FileHandler' driver.
INFO - 2024-02-13 05:02:28 --> Session: Class initialized using 'CodeIgniter\Session\Handlers\FileHandler' driver.
INFO - 2024-02-13 05:02:37 --> Session: Class initialized using 'CodeIgniter\Session\Handlers\FileHandler' driver.
INFO - 2024-02-13 05:02:58 --> Session: Class initialized using 'CodeIgniter\Session\Handlers\FileHandler' driver.
INFO - 2024-02-13 05:02:58 --> Session: Class initialized using 'CodeIgniter\Session\Handlers\FileHandler' driver.
CRITICAL - 2024-02-13 07:15:42 --> ErrorException: Undefined variable $totalBookingRuangan
in APPPATH\Views\admin\dashboard_admin.php on line 8.
 1 APPPATH\Views\admin\dashboard_admin.php(8): CodeIgniter\Debug\Exceptions->errorHandler(2, 'Undefined variable $totalBookingRuangan', 'H:\\ACA\\K TO P\\project-booking-sisi\\app\\Views\\admin\\dashboard_admin.php', 8)
 2 SYSTEMPATH\View\View.php(228): include('H:\\ACA\\K TO P\\project-booking-sisi\\app\\Views\\admin\\dashboard_admin.php')
 3 SYSTEMPATH\View\View.php(231): CodeIgniter\View\View->CodeIgniter\View\{closure}()
 4 SYSTEMPATH\Common.php(1178): CodeIgniter\View\View->render('admin/dashboard_admin', [], true)
 5 APPPATH\Controllers\HistoryControllers.php(35): view('admin/dashboard_admin', [...])
 6 SYSTEMPATH\CodeIgniter.php(941): App\Controllers\HistoryControllers->dashboard()
 7 SYSTEMPATH\CodeIgniter.php(502): CodeIgniter\CodeIgniter->runController(Object(App\Controllers\HistoryControllers))
 8 SYSTEMPATH\CodeIgniter.php(361): CodeIgniter\CodeIgniter->handleRequest(null, Object(Config\Cache), false)
 9 FCPATH\index.php(79): CodeIgniter\CodeIgniter->run()
10 SYSTEMPATH\Commands\Server\rewrite.php(47): require_once('H:\\ACA\\K TO P\\project-booking-sisi\\public\\index.php')
CRITICAL - 2024-02-13 07:16:03 --> ErrorException: Undefined variable $totalBookingRuangan
in APPPATH\Views\admin\dashboard_admin.php on line 8.
 1 APPPATH\Views\admin\dashboard_admin.php(8): CodeIgniter\Debug\Exceptions->errorHandler(2, 'Undefined variable $totalBookingRuangan', 'H:\\ACA\\K TO P\\project-booking-sisi\\app\\Views\\admin\\dashboard_admin.php', 8)
 2 SYSTEMPATH\View\View.php(228): include('H:\\ACA\\K TO P\\project-booking-sisi\\app\\Views\\admin\\dashboard_admin.php')
 3 SYSTEMPATH\View\View.php(231): CodeIgniter\View\View->CodeIgniter\View\{closure}()
 4 SYSTEMPATH\Common.php(1178): CodeIgniter\View\View->render('admin/dashboard_admin', [], true)
 5 APPPATH\Controllers\HistoryControllers.php(35): view('admin/dashboard_admin', [...])
 6 SYSTEMPATH\CodeIgniter.php(941): App\Controllers\HistoryControllers->dashboard()
 7 SYSTEMPATH\CodeIgniter.php(502): CodeIgniter\CodeIgniter->runController(Object(App\Controllers\HistoryControllers))
 8 SYSTEMPATH\CodeIgniter.php(361): CodeIgniter\CodeIgniter->handleRequest(null, Object(Config\Cache), false)
 9 FCPATH\index.php(79): CodeIgniter\CodeIgniter->run()
10 SYSTEMPATH\Commands\Server\rewrite.php(47): require_once('H:\\ACA\\K TO P\\project-booking-sisi\\public\\index.php')
CRITICAL - 2024-02-13 07:16:04 --> ErrorException: Undefined variable $totalBookingRuangan
in APPPATH\Views\admin\dashboard_admin.php on line 8.
 1 APPPATH\Views\admin\dashboard_admin.php(8): CodeIgniter\Debug\Exceptions->errorHandler(2, 'Undefined variable $totalBookingRuangan', 'H:\\ACA\\K TO P\\project-booking-sisi\\app\\Views\\admin\\dashboard_admin.php', 8)
 2 SYSTEMPATH\View\View.php(228): include('H:\\ACA\\K TO P\\project-booking-sisi\\app\\Views\\admin\\dashboard_admin.php')
 3 SYSTEMPATH\View\View.php(231): CodeIgniter\View\View->CodeIgniter\View\{closure}()
 4 SYSTEMPATH\Common.php(1178): CodeIgniter\View\View->render('admin/dashboard_admin', [], true)
 5 APPPATH\Controllers\HistoryControllers.php(35): view('admin/dashboard_admin', [...])
 6 SYSTEMPATH\CodeIgniter.php(941): App\Controllers\HistoryControllers->dashboard()
 7 SYSTEMPATH\CodeIgniter.php(502): CodeIgniter\CodeIgniter->runController(Object(App\Controllers\HistoryControllers))
 8 SYSTEMPATH\CodeIgniter.php(361): CodeIgniter\CodeIgniter->handleRequest(null, Object(Config\Cache), false)
 9 FCPATH\index.php(79): CodeIgniter\CodeIgniter->run()
10 SYSTEMPATH\Commands\Server\rewrite.php(47): require_once('H:\\ACA\\K TO P\\project-booking-sisi\\public\\index.php')
CRITICAL - 2024-02-13 07:16:22 --> ErrorException: Undefined variable $totalBookingRuangan
in APPPATH\Views\admin\dashboard_admin.php on line 8.
 1 APPPATH\Views\admin\dashboard_admin.php(8): CodeIgniter\Debug\Exceptions->errorHandler(2, 'Undefined variable $totalBookingRuangan', 'H:\\ACA\\K TO P\\project-booking-sisi\\app\\Views\\admin\\dashboard_admin.php', 8)
 2 SYSTEMPATH\View\View.php(228): include('H:\\ACA\\K TO P\\project-booking-sisi\\app\\Views\\admin\\dashboard_admin.php')
 3 SYSTEMPATH\View\View.php(231): CodeIgniter\View\View->CodeIgniter\View\{closure}()
 4 SYSTEMPATH\Common.php(1178): CodeIgniter\View\View->render('admin/dashboard_admin', [], true)
 5 APPPATH\Controllers\HistoryControllers.php(35): view('admin/dashboard_admin', [...])
 6 SYSTEMPATH\CodeIgniter.php(941): App\Controllers\HistoryControllers->dashboard()
 7 SYSTEMPATH\CodeIgniter.php(502): CodeIgniter\CodeIgniter->runController(Object(App\Controllers\HistoryControllers))
 8 SYSTEMPATH\CodeIgniter.php(361): CodeIgniter\CodeIgniter->handleRequest(null, Object(Config\Cache), false)
 9 FCPATH\index.php(79): CodeIgniter\CodeIgniter->run()
10 SYSTEMPATH\Commands\Server\rewrite.php(47): require_once('H:\\ACA\\K TO P\\project-booking-sisi\\public\\index.php')
CRITICAL - 2024-02-13 07:16:23 --> ErrorException: Undefined variable $totalBookingRuangan
in APPPATH\Views\admin\dashboard_admin.php on line 8.
 1 APPPATH\Views\admin\dashboard_admin.php(8): CodeIgniter\Debug\Exceptions->errorHandler(2, 'Undefined variable $totalBookingRuangan', 'H:\\ACA\\K TO P\\project-booking-sisi\\app\\Views\\admin\\dashboard_admin.php', 8)
 2 SYSTEMPATH\View\View.php(228): include('H:\\ACA\\K TO P\\project-booking-sisi\\app\\Views\\admin\\dashboard_admin.php')
 3 SYSTEMPATH\View\View.php(231): CodeIgniter\View\View->CodeIgniter\View\{closure}()
 4 SYSTEMPATH\Common.php(1178): CodeIgniter\View\View->render('admin/dashboard_admin', [], true)
 5 APPPATH\Controllers\HistoryControllers.php(35): view('admin/dashboard_admin', [...])
 6 SYSTEMPATH\CodeIgniter.php(941): App\Controllers\HistoryControllers->dashboard()
 7 SYSTEMPATH\CodeIgniter.php(502): CodeIgniter\CodeIgniter->runController(Object(App\Controllers\HistoryControllers))
 8 SYSTEMPATH\CodeIgniter.php(361): CodeIgniter\CodeIgniter->handleRequest(null, Object(Config\Cache), false)
 9 FCPATH\index.php(79): CodeIgniter\CodeIgniter->run()
10 SYSTEMPATH\Commands\Server\rewrite.php(47): require_once('H:\\ACA\\K TO P\\project-booking-sisi\\public\\index.php')
CRITICAL - 2024-02-13 07:16:47 --> ErrorException: Undefined variable $totalBookingRuangan
in APPPATH\Views\admin\dashboard_admin.php on line 8.
 1 APPPATH\Views\admin\dashboard_admin.php(8): CodeIgniter\Debug\Exceptions->errorHandler(2, 'Undefined variable $totalBookingRuangan', 'H:\\ACA\\K TO P\\project-booking-sisi\\app\\Views\\admin\\dashboard_admin.php', 8)
 2 SYSTEMPATH\View\View.php(228): include('H:\\ACA\\K TO P\\project-booking-sisi\\app\\Views\\admin\\dashboard_admin.php')
 3 SYSTEMPATH\View\View.php(231): CodeIgniter\View\View->CodeIgniter\View\{closure}()
 4 SYSTEMPATH\Common.php(1178): CodeIgniter\View\View->render('admin/dashboard_admin', [], true)
 5 APPPATH\Controllers\HistoryControllers.php(35): view('admin/dashboard_admin', [...])
 6 SYSTEMPATH\CodeIgniter.php(941): App\Controllers\HistoryControllers->dashboard()
 7 SYSTEMPATH\CodeIgniter.php(502): CodeIgniter\CodeIgniter->runController(Object(App\Controllers\HistoryControllers))
 8 SYSTEMPATH\CodeIgniter.php(361): CodeIgniter\CodeIgniter->handleRequest(null, Object(Config\Cache), false)
 9 FCPATH\index.php(79): CodeIgniter\CodeIgniter->run()
10 SYSTEMPATH\Commands\Server\rewrite.php(47): require_once('H:\\ACA\\K TO P\\project-booking-sisi\\public\\index.php')
CRITICAL - 2024-02-13 07:16:47 --> ErrorException: Undefined variable $totalBookingRuangan
in APPPATH\Views\admin\dashboard_admin.php on line 8.
 1 APPPATH\Views\admin\dashboard_admin.php(8): CodeIgniter\Debug\Exceptions->errorHandler(2, 'Undefined variable $totalBookingRuangan', 'H:\\ACA\\K TO P\\project-booking-sisi\\app\\Views\\admin\\dashboard_admin.php', 8)
 2 SYSTEMPATH\View\View.php(228): include('H:\\ACA\\K TO P\\project-booking-sisi\\app\\Views\\admin\\dashboard_admin.php')
 3 SYSTEMPATH\View\View.php(231): CodeIgniter\View\View->CodeIgniter\View\{closure}()
 4 SYSTEMPATH\Common.php(1178): CodeIgniter\View\View->render('admin/dashboard_admin', [], true)
 5 APPPATH\Controllers\HistoryControllers.php(35): view('admin/dashboard_admin', [...])
 6 SYSTEMPATH\CodeIgniter.php(941): App\Controllers\HistoryControllers->dashboard()
 7 SYSTEMPATH\CodeIgniter.php(502): CodeIgniter\CodeIgniter->runController(Object(App\Controllers\HistoryControllers))
 8 SYSTEMPATH\CodeIgniter.php(361): CodeIgniter\CodeIgniter->handleRequest(null, Object(Config\Cache), false)
 9 FCPATH\index.php(79): CodeIgniter\CodeIgniter->run()
10 SYSTEMPATH\Commands\Server\rewrite.php(47): require_once('H:\\ACA\\K TO P\\project-booking-sisi\\public\\index.php')
CRITICAL - 2024-02-13 07:17:10 --> ErrorException: Undefined variable $totalBookingRuangan
in APPPATH\Views\admin\dashboard_admin.php on line 8.
 1 APPPATH\Views\admin\dashboard_admin.php(8): CodeIgniter\Debug\Exceptions->errorHandler(2, 'Undefined variable $totalBookingRuangan', 'H:\\ACA\\K TO P\\project-booking-sisi\\app\\Views\\admin\\dashboard_admin.php', 8)
 2 SYSTEMPATH\View\View.php(228): include('H:\\ACA\\K TO P\\project-booking-sisi\\app\\Views\\admin\\dashboard_admin.php')
 3 SYSTEMPATH\View\View.php(231): CodeIgniter\View\View->CodeIgniter\View\{closure}()
 4 SYSTEMPATH\Common.php(1178): CodeIgniter\View\View->render('admin/dashboard_admin', [], true)
 5 APPPATH\Controllers\HistoryControllers.php(35): view('admin/dashboard_admin', [...])
 6 SYSTEMPATH\CodeIgniter.php(941): App\Controllers\HistoryControllers->dashboard()
 7 SYSTEMPATH\CodeIgniter.php(502): CodeIgniter\CodeIgniter->runController(Object(App\Controllers\HistoryControllers))
 8 SYSTEMPATH\CodeIgniter.php(361): CodeIgniter\CodeIgniter->handleRequest(null, Object(Config\Cache), false)
 9 FCPATH\index.php(79): CodeIgniter\CodeIgniter->run()
10 SYSTEMPATH\Commands\Server\rewrite.php(47): require_once('H:\\ACA\\K TO P\\project-booking-sisi\\public\\index.php')
CRITICAL - 2024-02-13 07:17:11 --> ErrorException: Undefined variable $totalBookingRuangan
in APPPATH\Views\admin\dashboard_admin.php on line 8.
 1 APPPATH\Views\admin\dashboard_admin.php(8): CodeIgniter\Debug\Exceptions->errorHandler(2, 'Undefined variable $totalBookingRuangan', 'H:\\ACA\\K TO P\\project-booking-sisi\\app\\Views\\admin\\dashboard_admin.php', 8)
 2 SYSTEMPATH\View\View.php(228): include('H:\\ACA\\K TO P\\project-booking-sisi\\app\\Views\\admin\\dashboard_admin.php')
 3 SYSTEMPATH\View\View.php(231): CodeIgniter\View\View->CodeIgniter\View\{closure}()
 4 SYSTEMPATH\Common.php(1178): CodeIgniter\View\View->render('admin/dashboard_admin', [], true)
 5 APPPATH\Controllers\HistoryControllers.php(35): view('admin/dashboard_admin', [...])
 6 SYSTEMPATH\CodeIgniter.php(941): App\Controllers\HistoryControllers->dashboard()
 7 SYSTEMPATH\CodeIgniter.php(502): CodeIgniter\CodeIgniter->runController(Object(App\Controllers\HistoryControllers))
 8 SYSTEMPATH\CodeIgniter.php(361): CodeIgniter\CodeIgniter->handleRequest(null, Object(Config\Cache), false)
 9 FCPATH\index.php(79): CodeIgniter\CodeIgniter->run()
10 SYSTEMPATH\Commands\Server\rewrite.php(47): require_once('H:\\ACA\\K TO P\\project-booking-sisi\\public\\index.php')
CRITICAL - 2024-02-13 07:17:12 --> ErrorException: Undefined variable $totalBookingRuangan
in APPPATH\Views\admin\dashboard_admin.php on line 8.
 1 APPPATH\Views\admin\dashboard_admin.php(8): CodeIgniter\Debug\Exceptions->errorHandler(2, 'Undefined variable $totalBookingRuangan', 'H:\\ACA\\K TO P\\project-booking-sisi\\app\\Views\\admin\\dashboard_admin.php', 8)
 2 SYSTEMPATH\View\View.php(228): include('H:\\ACA\\K TO P\\project-booking-sisi\\app\\Views\\admin\\dashboard_admin.php')
 3 SYSTEMPATH\View\View.php(231): CodeIgniter\View\View->CodeIgniter\View\{closure}()
 4 SYSTEMPATH\Common.php(1178): CodeIgniter\View\View->render('admin/dashboard_admin', [], true)
 5 APPPATH\Controllers\HistoryControllers.php(35): view('admin/dashboard_admin', [...])
 6 SYSTEMPATH\CodeIgniter.php(941): App\Controllers\HistoryControllers->dashboard()
 7 SYSTEMPATH\CodeIgniter.php(502): CodeIgniter\CodeIgniter->runController(Object(App\Controllers\HistoryControllers))
 8 SYSTEMPATH\CodeIgniter.php(361): CodeIgniter\CodeIgniter->handleRequest(null, Object(Config\Cache), false)
 9 FCPATH\index.php(79): CodeIgniter\CodeIgniter->run()
10 SYSTEMPATH\Commands\Server\rewrite.php(47): require_once('H:\\ACA\\K TO P\\project-booking-sisi\\public\\index.php')
CRITICAL - 2024-02-13 07:17:35 --> ErrorException: Undefined variable $totalBookingRuangan
in APPPATH\Views\admin\dashboard_admin.php on line 8.
 1 APPPATH\Views\admin\dashboard_admin.php(8): CodeIgniter\Debug\Exceptions->errorHandler(2, 'Undefined variable $totalBookingRuangan', 'H:\\ACA\\K TO P\\project-booking-sisi\\app\\Views\\admin\\dashboard_admin.php', 8)
 2 SYSTEMPATH\View\View.php(228): include('H:\\ACA\\K TO P\\project-booking-sisi\\app\\Views\\admin\\dashboard_admin.php')
 3 SYSTEMPATH\View\View.php(231): CodeIgniter\View\View->CodeIgniter\View\{closure}()
 4 SYSTEMPATH\Common.php(1178): CodeIgniter\View\View->render('admin/dashboard_admin', [], true)
 5 APPPATH\Controllers\HistoryControllers.php(35): view('admin/dashboard_admin', [...])
 6 SYSTEMPATH\CodeIgniter.php(941): App\Controllers\HistoryControllers->dashboard()
 7 SYSTEMPATH\CodeIgniter.php(502): CodeIgniter\CodeIgniter->runController(Object(App\Controllers\HistoryControllers))
 8 SYSTEMPATH\CodeIgniter.php(361): CodeIgniter\CodeIgniter->handleRequest(null, Object(Config\Cache), false)
 9 FCPATH\index.php(79): CodeIgniter\CodeIgniter->run()
10 SYSTEMPATH\Commands\Server\rewrite.php(47): require_once('H:\\ACA\\K TO P\\project-booking-sisi\\public\\index.php')
CRITICAL - 2024-02-13 07:17:52 --> ErrorException: Undefined variable $totalBookingRuangan
in APPPATH\Views\admin\dashboard_admin.php on line 8.
 1 APPPATH\Views\admin\dashboard_admin.php(8): CodeIgniter\Debug\Exceptions->errorHandler(2, 'Undefined variable $totalBookingRuangan', 'H:\\ACA\\K TO P\\project-booking-sisi\\app\\Views\\admin\\dashboard_admin.php', 8)
 2 SYSTEMPATH\View\View.php(228): include('H:\\ACA\\K TO P\\project-booking-sisi\\app\\Views\\admin\\dashboard_admin.php')
 3 SYSTEMPATH\View\View.php(231): CodeIgniter\View\View->CodeIgniter\View\{closure}()
 4 SYSTEMPATH\Common.php(1178): CodeIgniter\View\View->render('admin/dashboard_admin', [], true)
 5 APPPATH\Controllers\HistoryControllers.php(35): view('admin/dashboard_admin', [...])
 6 SYSTEMPATH\CodeIgniter.php(941): App\Controllers\HistoryControllers->dashboard()
 7 SYSTEMPATH\CodeIgniter.php(502): CodeIgniter\CodeIgniter->runController(Object(App\Controllers\HistoryControllers))
 8 SYSTEMPATH\CodeIgniter.php(361): CodeIgniter\CodeIgniter->handleRequest(null, Object(Config\Cache), false)
 9 FCPATH\index.php(79): CodeIgniter\CodeIgniter->run()
10 SYSTEMPATH\Commands\Server\rewrite.php(47): require_once('H:\\ACA\\K TO P\\project-booking-sisi\\public\\index.php')
CRITICAL - 2024-02-13 07:18:09 --> ErrorException: Undefined variable $totalBookingRuangan
in APPPATH\Views\admin\dashboard_admin.php on line 8.
 1 APPPATH\Views\admin\dashboard_admin.php(8): CodeIgniter\Debug\Exceptions->errorHandler(2, 'Undefined variable $totalBookingRuangan', 'H:\\ACA\\K TO P\\project-booking-sisi\\app\\Views\\admin\\dashboard_admin.php', 8)
 2 SYSTEMPATH\View\View.php(228): include('H:\\ACA\\K TO P\\project-booking-sisi\\app\\Views\\admin\\dashboard_admin.php')
 3 SYSTEMPATH\View\View.php(231): CodeIgniter\View\View->CodeIgniter\View\{closure}()
 4 SYSTEMPATH\Common.php(1178): CodeIgniter\View\View->render('admin/dashboard_admin', [], true)
 5 APPPATH\Controllers\HistoryControllers.php(35): view('admin/dashboard_admin', [...])
 6 SYSTEMPATH\CodeIgniter.php(941): App\Controllers\HistoryControllers->dashboard()
 7 SYSTEMPATH\CodeIgniter.php(502): CodeIgniter\CodeIgniter->runController(Object(App\Controllers\HistoryControllers))
 8 SYSTEMPATH\CodeIgniter.php(361): CodeIgniter\CodeIgniter->handleRequest(null, Object(Config\Cache), false)
 9 FCPATH\index.php(79): CodeIgniter\CodeIgniter->run()
10 SYSTEMPATH\Commands\Server\rewrite.php(47): require_once('H:\\ACA\\K TO P\\project-booking-sisi\\public\\index.php')
CRITICAL - 2024-02-13 07:18:10 --> ErrorException: Undefined variable $totalBookingRuangan
in APPPATH\Views\admin\dashboard_admin.php on line 8.
 1 APPPATH\Views\admin\dashboard_admin.php(8): CodeIgniter\Debug\Exceptions->errorHandler(2, 'Undefined variable $totalBookingRuangan', 'H:\\ACA\\K TO P\\project-booking-sisi\\app\\Views\\admin\\dashboard_admin.php', 8)
 2 SYSTEMPATH\View\View.php(228): include('H:\\ACA\\K TO P\\project-booking-sisi\\app\\Views\\admin\\dashboard_admin.php')
 3 SYSTEMPATH\View\View.php(231): CodeIgniter\View\View->CodeIgniter\View\{closure}()
 4 SYSTEMPATH\Common.php(1178): CodeIgniter\View\View->render('admin/dashboard_admin', [], true)
 5 APPPATH\Controllers\HistoryControllers.php(35): view('admin/dashboard_admin', [...])
 6 SYSTEMPATH\CodeIgniter.php(941): App\Controllers\HistoryControllers->dashboard()
 7 SYSTEMPATH\CodeIgniter.php(502): CodeIgniter\CodeIgniter->runController(Object(App\Controllers\HistoryControllers))
 8 SYSTEMPATH\CodeIgniter.php(361): CodeIgniter\CodeIgniter->handleRequest(null, Object(Config\Cache), false)
 9 FCPATH\index.php(79): CodeIgniter\CodeIgniter->run()
10 SYSTEMPATH\Commands\Server\rewrite.php(47): require_once('H:\\ACA\\K TO P\\project-booking-sisi\\public\\index.php')
CRITICAL - 2024-02-13 07:18:11 --> ErrorException: Undefined variable $totalBookingRuangan
in APPPATH\Views\admin\dashboard_admin.php on line 8.
 1 APPPATH\Views\admin\dashboard_admin.php(8): CodeIgniter\Debug\Exceptions->errorHandler(2, 'Undefined variable $totalBookingRuangan', 'H:\\ACA\\K TO P\\project-booking-sisi\\app\\Views\\admin\\dashboard_admin.php', 8)
 2 SYSTEMPATH\View\View.php(228): include('H:\\ACA\\K TO P\\project-booking-sisi\\app\\Views\\admin\\dashboard_admin.php')
 3 SYSTEMPATH\View\View.php(231): CodeIgniter\View\View->CodeIgniter\View\{closure}()
 4 SYSTEMPATH\Common.php(1178): CodeIgniter\View\View->render('admin/dashboard_admin', [], true)
 5 APPPATH\Controllers\HistoryControllers.php(35): view('admin/dashboard_admin', [...])
 6 SYSTEMPATH\CodeIgniter.php(941): App\Controllers\HistoryControllers->dashboard()
 7 SYSTEMPATH\CodeIgniter.php(502): CodeIgniter\CodeIgniter->runController(Object(App\Controllers\HistoryControllers))
 8 SYSTEMPATH\CodeIgniter.php(361): CodeIgniter\CodeIgniter->handleRequest(null, Object(Config\Cache), false)
 9 FCPATH\index.php(79): CodeIgniter\CodeIgniter->run()
10 SYSTEMPATH\Commands\Server\rewrite.php(47): require_once('H:\\ACA\\K TO P\\project-booking-sisi\\public\\index.php')
CRITICAL - 2024-02-13 07:18:54 --> ErrorException: Undefined variable $totalBookingRuangan
in APPPATH\Views\admin\dashboard_admin.php on line 8.
 1 APPPATH\Views\admin\dashboard_admin.php(8): CodeIgniter\Debug\Exceptions->errorHandler(2, 'Undefined variable $totalBookingRuangan', 'H:\\ACA\\K TO P\\project-booking-sisi\\app\\Views\\admin\\dashboard_admin.php', 8)
 2 SYSTEMPATH\View\View.php(228): include('H:\\ACA\\K TO P\\project-booking-sisi\\app\\Views\\admin\\dashboard_admin.php')
 3 SYSTEMPATH\View\View.php(231): CodeIgniter\View\View->CodeIgniter\View\{closure}()
 4 SYSTEMPATH\Common.php(1178): CodeIgniter\View\View->render('admin/dashboard_admin', [], true)
 5 APPPATH\Controllers\HistoryControllers.php(35): view('admin/dashboard_admin', [...])
 6 SYSTEMPATH\CodeIgniter.php(941): App\Controllers\HistoryControllers->dashboard()
 7 SYSTEMPATH\CodeIgniter.php(502): CodeIgniter\CodeIgniter->runController(Object(App\Controllers\HistoryControllers))
 8 SYSTEMPATH\CodeIgniter.php(361): CodeIgniter\CodeIgniter->handleRequest(null, Object(Config\Cache), false)
 9 FCPATH\index.php(79): CodeIgniter\CodeIgniter->run()
10 SYSTEMPATH\Commands\Server\rewrite.php(47): require_once('H:\\ACA\\K TO P\\project-booking-sisi\\public\\index.php')
CRITICAL - 2024-02-13 07:18:55 --> ErrorException: Undefined variable $totalBookingRuangan
in APPPATH\Views\admin\dashboard_admin.php on line 8.
 1 APPPATH\Views\admin\dashboard_admin.php(8): CodeIgniter\Debug\Exceptions->errorHandler(2, 'Undefined variable $totalBookingRuangan', 'H:\\ACA\\K TO P\\project-booking-sisi\\app\\Views\\admin\\dashboard_admin.php', 8)
 2 SYSTEMPATH\View\View.php(228): include('H:\\ACA\\K TO P\\project-booking-sisi\\app\\Views\\admin\\dashboard_admin.php')
 3 SYSTEMPATH\View\View.php(231): CodeIgniter\View\View->CodeIgniter\View\{closure}()
 4 SYSTEMPATH\Common.php(1178): CodeIgniter\View\View->render('admin/dashboard_admin', [], true)
 5 APPPATH\Controllers\HistoryControllers.php(35): view('admin/dashboard_admin', [...])
 6 SYSTEMPATH\CodeIgniter.php(941): App\Controllers\HistoryControllers->dashboard()
 7 SYSTEMPATH\CodeIgniter.php(502): CodeIgniter\CodeIgniter->runController(Object(App\Controllers\HistoryControllers))
 8 SYSTEMPATH\CodeIgniter.php(361): CodeIgniter\CodeIgniter->handleRequest(null, Object(Config\Cache), false)
 9 FCPATH\index.php(79): CodeIgniter\CodeIgniter->run()
10 SYSTEMPATH\Commands\Server\rewrite.php(47): require_once('H:\\ACA\\K TO P\\project-booking-sisi\\public\\index.php')
CRITICAL - 2024-02-13 07:18:56 --> ErrorException: Undefined variable $totalBookingRuangan
in APPPATH\Views\admin\dashboard_admin.php on line 8.
 1 APPPATH\Views\admin\dashboard_admin.php(8): CodeIgniter\Debug\Exceptions->errorHandler(2, 'Undefined variable $totalBookingRuangan', 'H:\\ACA\\K TO P\\project-booking-sisi\\app\\Views\\admin\\dashboard_admin.php', 8)
 2 SYSTEMPATH\View\View.php(228): include('H:\\ACA\\K TO P\\project-booking-sisi\\app\\Views\\admin\\dashboard_admin.php')
 3 SYSTEMPATH\View\View.php(231): CodeIgniter\View\View->CodeIgniter\View\{closure}()
 4 SYSTEMPATH\Common.php(1178): CodeIgniter\View\View->render('admin/dashboard_admin', [], true)
 5 APPPATH\Controllers\HistoryControllers.php(35): view('admin/dashboard_admin', [...])
 6 SYSTEMPATH\CodeIgniter.php(941): App\Controllers\HistoryControllers->dashboard()
 7 SYSTEMPATH\CodeIgniter.php(502): CodeIgniter\CodeIgniter->runController(Object(App\Controllers\HistoryControllers))
 8 SYSTEMPATH\CodeIgniter.php(361): CodeIgniter\CodeIgniter->handleRequest(null, Object(Config\Cache), false)
 9 FCPATH\index.php(79): CodeIgniter\CodeIgniter->run()
10 SYSTEMPATH\Commands\Server\rewrite.php(47): require_once('H:\\ACA\\K TO P\\project-booking-sisi\\public\\index.php')
CRITICAL - 2024-02-13 07:19:38 --> ErrorException: Undefined variable $totalBookingRuangan
in APPPATH\Views\admin\dashboard_admin.php on line 8.
 1 APPPATH\Views\admin\dashboard_admin.php(8): CodeIgniter\Debug\Exceptions->errorHandler(2, 'Undefined variable $totalBookingRuangan', 'H:\\ACA\\K TO P\\project-booking-sisi\\app\\Views\\admin\\dashboard_admin.php', 8)
 2 SYSTEMPATH\View\View.php(228): include('H:\\ACA\\K TO P\\project-booking-sisi\\app\\Views\\admin\\dashboard_admin.php')
 3 SYSTEMPATH\View\View.php(231): CodeIgniter\View\View->CodeIgniter\View\{closure}()
 4 SYSTEMPATH\Common.php(1178): CodeIgniter\View\View->render('admin/dashboard_admin', [], true)
 5 APPPATH\Controllers\HistoryControllers.php(35): view('admin/dashboard_admin', [...])
 6 SYSTEMPATH\CodeIgniter.php(941): App\Controllers\HistoryControllers->dashboard()
 7 SYSTEMPATH\CodeIgniter.php(502): CodeIgniter\CodeIgniter->runController(Object(App\Controllers\HistoryControllers))
 8 SYSTEMPATH\CodeIgniter.php(361): CodeIgniter\CodeIgniter->handleRequest(null, Object(Config\Cache), false)
 9 FCPATH\index.php(79): CodeIgniter\CodeIgniter->run()
10 SYSTEMPATH\Commands\Server\rewrite.php(47): require_once('H:\\ACA\\K TO P\\project-booking-sisi\\public\\index.php')
CRITICAL - 2024-02-13 07:19:38 --> ErrorException: Undefined variable $totalBookingRuangan
in APPPATH\Views\admin\dashboard_admin.php on line 8.
 1 APPPATH\Views\admin\dashboard_admin.php(8): CodeIgniter\Debug\Exceptions->errorHandler(2, 'Undefined variable $totalBookingRuangan', 'H:\\ACA\\K TO P\\project-booking-sisi\\app\\Views\\admin\\dashboard_admin.php', 8)
 2 SYSTEMPATH\View\View.php(228): include('H:\\ACA\\K TO P\\project-booking-sisi\\app\\Views\\admin\\dashboard_admin.php')
 3 SYSTEMPATH\View\View.php(231): CodeIgniter\View\View->CodeIgniter\View\{closure}()
 4 SYSTEMPATH\Common.php(1178): CodeIgniter\View\View->render('admin/dashboard_admin', [], true)
 5 APPPATH\Controllers\HistoryControllers.php(35): view('admin/dashboard_admin', [...])
 6 SYSTEMPATH\CodeIgniter.php(941): App\Controllers\HistoryControllers->dashboard()
 7 SYSTEMPATH\CodeIgniter.php(502): CodeIgniter\CodeIgniter->runController(Object(App\Controllers\HistoryControllers))
 8 SYSTEMPATH\CodeIgniter.php(361): CodeIgniter\CodeIgniter->handleRequest(null, Object(Config\Cache), false)
 9 FCPATH\index.php(79): CodeIgniter\CodeIgniter->run()
10 SYSTEMPATH\Commands\Server\rewrite.php(47): require_once('H:\\ACA\\K TO P\\project-booking-sisi\\public\\index.php')
CRITICAL - 2024-02-13 07:19:39 --> ErrorException: Undefined variable $totalBookingRuangan
in APPPATH\Views\admin\dashboard_admin.php on line 8.
 1 APPPATH\Views\admin\dashboard_admin.php(8): CodeIgniter\Debug\Exceptions->errorHandler(2, 'Undefined variable $totalBookingRuangan', 'H:\\ACA\\K TO P\\project-booking-sisi\\app\\Views\\admin\\dashboard_admin.php', 8)
 2 SYSTEMPATH\View\View.php(228): include('H:\\ACA\\K TO P\\project-booking-sisi\\app\\Views\\admin\\dashboard_admin.php')
 3 SYSTEMPATH\View\View.php(231): CodeIgniter\View\View->CodeIgniter\View\{closure}()
 4 SYSTEMPATH\Common.php(1178): CodeIgniter\View\View->render('admin/dashboard_admin', [], true)
 5 APPPATH\Controllers\HistoryControllers.php(35): view('admin/dashboard_admin', [...])
 6 SYSTEMPATH\CodeIgniter.php(941): App\Controllers\HistoryControllers->dashboard()
 7 SYSTEMPATH\CodeIgniter.php(502): CodeIgniter\CodeIgniter->runController(Object(App\Controllers\HistoryControllers))
 8 SYSTEMPATH\CodeIgniter.php(361): CodeIgniter\CodeIgniter->handleRequest(null, Object(Config\Cache), false)
 9 FCPATH\index.php(79): CodeIgniter\CodeIgniter->run()
10 SYSTEMPATH\Commands\Server\rewrite.php(47): require_once('H:\\ACA\\K TO P\\project-booking-sisi\\public\\index.php')
CRITICAL - 2024-02-13 07:22:14 --> ErrorException: Undefined variable $totalBookingRuangan
in APPPATH\Views\admin\dashboard_admin.php on line 8.
 1 APPPATH\Views\admin\dashboard_admin.php(8): CodeIgniter\Debug\Exceptions->errorHandler(2, 'Undefined variable $totalBookingRuangan', 'H:\\ACA\\K TO P\\project-booking-sisi\\app\\Views\\admin\\dashboard_admin.php', 8)
 2 SYSTEMPATH\View\View.php(228): include('H:\\ACA\\K TO P\\project-booking-sisi\\app\\Views\\admin\\dashboard_admin.php')
 3 SYSTEMPATH\View\View.php(231): CodeIgniter\View\View->CodeIgniter\View\{closure}()
 4 SYSTEMPATH\Common.php(1178): CodeIgniter\View\View->render('admin/dashboard_admin', [], true)
 5 APPPATH\Controllers\HistoryControllers.php(35): view('admin/dashboard_admin', [...])
 6 SYSTEMPATH\CodeIgniter.php(941): App\Controllers\HistoryControllers->dashboard()
 7 SYSTEMPATH\CodeIgniter.php(502): CodeIgniter\CodeIgniter->runController(Object(App\Controllers\HistoryControllers))
 8 SYSTEMPATH\CodeIgniter.php(361): CodeIgniter\CodeIgniter->handleRequest(null, Object(Config\Cache), false)
 9 FCPATH\index.php(79): CodeIgniter\CodeIgniter->run()
10 SYSTEMPATH\Commands\Server\rewrite.php(47): require_once('H:\\ACA\\K TO P\\project-booking-sisi\\public\\index.php')
CRITICAL - 2024-02-13 07:22:15 --> ErrorException: Undefined variable $totalBookingRuangan
in APPPATH\Views\admin\dashboard_admin.php on line 8.
 1 APPPATH\Views\admin\dashboard_admin.php(8): CodeIgniter\Debug\Exceptions->errorHandler(2, 'Undefined variable $totalBookingRuangan', 'H:\\ACA\\K TO P\\project-booking-sisi\\app\\Views\\admin\\dashboard_admin.php', 8)
 2 SYSTEMPATH\View\View.php(228): include('H:\\ACA\\K TO P\\project-booking-sisi\\app\\Views\\admin\\dashboard_admin.php')
 3 SYSTEMPATH\View\View.php(231): CodeIgniter\View\View->CodeIgniter\View\{closure}()
 4 SYSTEMPATH\Common.php(1178): CodeIgniter\View\View->render('admin/dashboard_admin', [], true)
 5 APPPATH\Controllers\HistoryControllers.php(35): view('admin/dashboard_admin', [...])
 6 SYSTEMPATH\CodeIgniter.php(941): App\Controllers\HistoryControllers->dashboard()
 7 SYSTEMPATH\CodeIgniter.php(502): CodeIgniter\CodeIgniter->runController(Object(App\Controllers\HistoryControllers))
 8 SYSTEMPATH\CodeIgniter.php(361): CodeIgniter\CodeIgniter->handleRequest(null, Object(Config\Cache), false)
 9 FCPATH\index.php(79): CodeIgniter\CodeIgniter->run()
10 SYSTEMPATH\Commands\Server\rewrite.php(47): require_once('H:\\ACA\\K TO P\\project-booking-sisi\\public\\index.php')
CRITICAL - 2024-02-13 07:22:15 --> ErrorException: Undefined variable $totalBookingRuangan
in APPPATH\Views\admin\dashboard_admin.php on line 8.
 1 APPPATH\Views\admin\dashboard_admin.php(8): CodeIgniter\Debug\Exceptions->errorHandler(2, 'Undefined variable $totalBookingRuangan', 'H:\\ACA\\K TO P\\project-booking-sisi\\app\\Views\\admin\\dashboard_admin.php', 8)
 2 SYSTEMPATH\View\View.php(228): include('H:\\ACA\\K TO P\\project-booking-sisi\\app\\Views\\admin\\dashboard_admin.php')
 3 SYSTEMPATH\View\View.php(231): CodeIgniter\View\View->CodeIgniter\View\{closure}()
 4 SYSTEMPATH\Common.php(1178): CodeIgniter\View\View->render('admin/dashboard_admin', [], true)
 5 APPPATH\Controllers\HistoryControllers.php(35): view('admin/dashboard_admin', [...])
 6 SYSTEMPATH\CodeIgniter.php(941): App\Controllers\HistoryControllers->dashboard()
 7 SYSTEMPATH\CodeIgniter.php(502): CodeIgniter\CodeIgniter->runController(Object(App\Controllers\HistoryControllers))
 8 SYSTEMPATH\CodeIgniter.php(361): CodeIgniter\CodeIgniter->handleRequest(null, Object(Config\Cache), false)
 9 FCPATH\index.php(79): CodeIgniter\CodeIgniter->run()
10 SYSTEMPATH\Commands\Server\rewrite.php(47): require_once('H:\\ACA\\K TO P\\project-booking-sisi\\public\\index.php')
CRITICAL - 2024-02-13 07:22:15 --> ErrorException: Undefined variable $totalBookingRuangan
in APPPATH\Views\admin\dashboard_admin.php on line 8.
 1 APPPATH\Views\admin\dashboard_admin.php(8): CodeIgniter\Debug\Exceptions->errorHandler(2, 'Undefined variable $totalBookingRuangan', 'H:\\ACA\\K TO P\\project-booking-sisi\\app\\Views\\admin\\dashboard_admin.php', 8)
 2 SYSTEMPATH\View\View.php(228): include('H:\\ACA\\K TO P\\project-booking-sisi\\app\\Views\\admin\\dashboard_admin.php')
 3 SYSTEMPATH\View\View.php(231): CodeIgniter\View\View->CodeIgniter\View\{closure}()
 4 SYSTEMPATH\Common.php(1178): CodeIgniter\View\View->render('admin/dashboard_admin', [], true)
 5 APPPATH\Controllers\HistoryControllers.php(35): view('admin/dashboard_admin', [...])
 6 SYSTEMPATH\CodeIgniter.php(941): App\Controllers\HistoryControllers->dashboard()
 7 SYSTEMPATH\CodeIgniter.php(502): CodeIgniter\CodeIgniter->runController(Object(App\Controllers\HistoryControllers))
 8 SYSTEMPATH\CodeIgniter.php(361): CodeIgniter\CodeIgniter->handleRequest(null, Object(Config\Cache), false)
 9 FCPATH\index.php(79): CodeIgniter\CodeIgniter->run()
10 SYSTEMPATH\Commands\Server\rewrite.php(47): require_once('H:\\ACA\\K TO P\\project-booking-sisi\\public\\index.php')
CRITICAL - 2024-02-13 07:23:08 --> ErrorException: Undefined variable $totalBookingRuangan
in APPPATH\Views\admin\dashboard_admin.php on line 8.
 1 APPPATH\Views\admin\dashboard_admin.php(8): CodeIgniter\Debug\Exceptions->errorHandler(2, 'Undefined variable $totalBookingRuangan', 'H:\\ACA\\K TO P\\project-booking-sisi\\app\\Views\\admin\\dashboard_admin.php', 8)
 2 SYSTEMPATH\View\View.php(228): include('H:\\ACA\\K TO P\\project-booking-sisi\\app\\Views\\admin\\dashboard_admin.php')
 3 SYSTEMPATH\View\View.php(231): CodeIgniter\View\View->CodeIgniter\View\{closure}()
 4 SYSTEMPATH\Common.php(1178): CodeIgniter\View\View->render('admin/dashboard_admin', [], true)
 5 APPPATH\Controllers\HistoryControllers.php(35): view('admin/dashboard_admin', [...])
 6 SYSTEMPATH\CodeIgniter.php(941): App\Controllers\HistoryControllers->dashboard()
 7 SYSTEMPATH\CodeIgniter.php(502): CodeIgniter\CodeIgniter->runController(Object(App\Controllers\HistoryControllers))
 8 SYSTEMPATH\CodeIgniter.php(361): CodeIgniter\CodeIgniter->handleRequest(null, Object(Config\Cache), false)
 9 FCPATH\index.php(79): CodeIgniter\CodeIgniter->run()
10 SYSTEMPATH\Commands\Server\rewrite.php(47): require_once('H:\\ACA\\K TO P\\project-booking-sisi\\public\\index.php')
CRITICAL - 2024-02-13 07:27:13 --> ErrorException: Undefined variable $totalPages
in APPPATH\Views\admin\dashboard_admin.php on line 90.
 1 APPPATH\Views\admin\dashboard_admin.php(90): CodeIgniter\Debug\Exceptions->errorHandler(2, 'Undefined variable $totalPages', 'H:\\ACA\\K TO P\\project-booking-sisi\\app\\Views\\admin\\dashboard_admin.php', 90)
 2 SYSTEMPATH\View\View.php(228): include('H:\\ACA\\K TO P\\project-booking-sisi\\app\\Views\\admin\\dashboard_admin.php')
 3 SYSTEMPATH\View\View.php(231): CodeIgniter\View\View->CodeIgniter\View\{closure}()
 4 SYSTEMPATH\Common.php(1178): CodeIgniter\View\View->render('admin/dashboard_admin', [], true)
 5 APPPATH\Controllers\HistoryControllers.php(46): view('admin/dashboard_admin', [...])
 6 SYSTEMPATH\CodeIgniter.php(941): App\Controllers\HistoryControllers->dashboard()
 7 SYSTEMPATH\CodeIgniter.php(502): CodeIgniter\CodeIgniter->runController(Object(App\Controllers\HistoryControllers))
 8 SYSTEMPATH\CodeIgniter.php(361): CodeIgniter\CodeIgniter->handleRequest(null, Object(Config\Cache), false)
 9 FCPATH\index.php(79): CodeIgniter\CodeIgniter->run()
10 SYSTEMPATH\Commands\Server\rewrite.php(47): require_once('H:\\ACA\\K TO P\\project-booking-sisi\\public\\index.php')
CRITICAL - 2024-02-13 07:27:53 --> DivisionByZeroError: Division by zero
in APPPATH\Views\admin\dashboard_admin.php on line 89.
 1 SYSTEMPATH\View\View.php(228): include()
 2 SYSTEMPATH\View\View.php(231): CodeIgniter\View\View->CodeIgniter\View\{closure}()
 3 SYSTEMPATH\Common.php(1178): CodeIgniter\View\View->render('admin/dashboard_admin', [], true)
 4 APPPATH\Controllers\HistoryControllers.php(46): view('admin/dashboard_admin', [...])
 5 SYSTEMPATH\CodeIgniter.php(941): App\Controllers\HistoryControllers->dashboard()
 6 SYSTEMPATH\CodeIgniter.php(502): CodeIgniter\CodeIgniter->runController(Object(App\Controllers\HistoryControllers))
 7 SYSTEMPATH\CodeIgniter.php(361): CodeIgniter\CodeIgniter->handleRequest(null, Object(Config\Cache), false)
 8 FCPATH\index.php(79): CodeIgniter\CodeIgniter->run()
 9 SYSTEMPATH\Commands\Server\rewrite.php(47): require_once('H:\\ACA\\K TO P\\project-booking-sisi\\public\\index.php')
CRITICAL - 2024-02-13 07:27:53 --> [Caused by] ErrorException: Undefined variable $totalRecords
in APPPATH\Views\admin\dashboard_admin.php on line 89.
 1 APPPATH\Views\admin\dashboard_admin.php(89): CodeIgniter\Debug\Exceptions->errorHandler(2, 'Undefined variable $totalRecords', 'H:\\ACA\\K TO P\\project-booking-sisi\\app\\Views\\admin\\dashboard_admin.php', 89)
 2 SYSTEMPATH\View\View.php(228): include('H:\\ACA\\K TO P\\project-booking-sisi\\app\\Views\\admin\\dashboard_admin.php')
 3 SYSTEMPATH\View\View.php(231): CodeIgniter\View\View->CodeIgniter\View\{closure}()
 4 SYSTEMPATH\Common.php(1178): CodeIgniter\View\View->render('admin/dashboard_admin', [], true)
 5 APPPATH\Controllers\HistoryControllers.php(46): view('admin/dashboard_admin', [...])
 6 SYSTEMPATH\CodeIgniter.php(941): App\Controllers\HistoryControllers->dashboard()
 7 SYSTEMPATH\CodeIgniter.php(502): CodeIgniter\CodeIgniter->runController(Object(App\Controllers\HistoryControllers))
 8 SYSTEMPATH\CodeIgniter.php(361): CodeIgniter\CodeIgniter->handleRequest(null, Object(Config\Cache), false)
 9 FCPATH\index.php(79): CodeIgniter\CodeIgniter->run()
10 SYSTEMPATH\Commands\Server\rewrite.php(47): require_once('H:\\ACA\\K TO P\\project-booking-sisi\\public\\index.php')
CRITICAL - 2024-02-13 07:27:54 --> DivisionByZeroError: Division by zero
in APPPATH\Views\admin\dashboard_admin.php on line 89.
 1 SYSTEMPATH\View\View.php(228): include()
 2 SYSTEMPATH\View\View.php(231): CodeIgniter\View\View->CodeIgniter\View\{closure}()
 3 SYSTEMPATH\Common.php(1178): CodeIgniter\View\View->render('admin/dashboard_admin', [], true)
 4 APPPATH\Controllers\HistoryControllers.php(46): view('admin/dashboard_admin', [...])
 5 SYSTEMPATH\CodeIgniter.php(941): App\Controllers\HistoryControllers->dashboard()
 6 SYSTEMPATH\CodeIgniter.php(502): CodeIgniter\CodeIgniter->runController(Object(App\Controllers\HistoryControllers))
 7 SYSTEMPATH\CodeIgniter.php(361): CodeIgniter\CodeIgniter->handleRequest(null, Object(Config\Cache), false)
 8 FCPATH\index.php(79): CodeIgniter\CodeIgniter->run()
 9 SYSTEMPATH\Commands\Server\rewrite.php(47): require_once('H:\\ACA\\K TO P\\project-booking-sisi\\public\\index.php')
CRITICAL - 2024-02-13 07:27:54 --> [Caused by] ErrorException: Undefined variable $totalRecords
in APPPATH\Views\admin\dashboard_admin.php on line 89.
 1 APPPATH\Views\admin\dashboard_admin.php(89): CodeIgniter\Debug\Exceptions->errorHandler(2, 'Undefined variable $totalRecords', 'H:\\ACA\\K TO P\\project-booking-sisi\\app\\Views\\admin\\dashboard_admin.php', 89)
 2 SYSTEMPATH\View\View.php(228): include('H:\\ACA\\K TO P\\project-booking-sisi\\app\\Views\\admin\\dashboard_admin.php')
 3 SYSTEMPATH\View\View.php(231): CodeIgniter\View\View->CodeIgniter\View\{closure}()
 4 SYSTEMPATH\Common.php(1178): CodeIgniter\View\View->render('admin/dashboard_admin', [], true)
 5 APPPATH\Controllers\HistoryControllers.php(46): view('admin/dashboard_admin', [...])
 6 SYSTEMPATH\CodeIgniter.php(941): App\Controllers\HistoryControllers->dashboard()
 7 SYSTEMPATH\CodeIgniter.php(502): CodeIgniter\CodeIgniter->runController(Object(App\Controllers\HistoryControllers))
 8 SYSTEMPATH\CodeIgniter.php(361): CodeIgniter\CodeIgniter->handleRequest(null, Object(Config\Cache), false)
 9 FCPATH\index.php(79): CodeIgniter\CodeIgniter->run()
10 SYSTEMPATH\Commands\Server\rewrite.php(47): require_once('H:\\ACA\\K TO P\\project-booking-sisi\\public\\index.php')
CRITICAL - 2024-02-13 07:27:55 --> DivisionByZeroError: Division by zero
in APPPATH\Views\admin\dashboard_admin.php on line 89.
 1 SYSTEMPATH\View\View.php(228): include()
 2 SYSTEMPATH\View\View.php(231): CodeIgniter\View\View->CodeIgniter\View\{closure}()
 3 SYSTEMPATH\Common.php(1178): CodeIgniter\View\View->render('admin/dashboard_admin', [], true)
 4 APPPATH\Controllers\HistoryControllers.php(46): view('admin/dashboard_admin', [...])
 5 SYSTEMPATH\CodeIgniter.php(941): App\Controllers\HistoryControllers->dashboard()
 6 SYSTEMPATH\CodeIgniter.php(502): CodeIgniter\CodeIgniter->runController(Object(App\Controllers\HistoryControllers))
 7 SYSTEMPATH\CodeIgniter.php(361): CodeIgniter\CodeIgniter->handleRequest(null, Object(Config\Cache), false)
 8 FCPATH\index.php(79): CodeIgniter\CodeIgniter->run()
 9 SYSTEMPATH\Commands\Server\rewrite.php(47): require_once('H:\\ACA\\K TO P\\project-booking-sisi\\public\\index.php')
CRITICAL - 2024-02-13 07:27:55 --> [Caused by] ErrorException: Undefined variable $totalRecords
in APPPATH\Views\admin\dashboard_admin.php on line 89.
 1 APPPATH\Views\admin\dashboard_admin.php(89): CodeIgniter\Debug\Exceptions->errorHandler(2, 'Undefined variable $totalRecords', 'H:\\ACA\\K TO P\\project-booking-sisi\\app\\Views\\admin\\dashboard_admin.php', 89)
 2 SYSTEMPATH\View\View.php(228): include('H:\\ACA\\K TO P\\project-booking-sisi\\app\\Views\\admin\\dashboard_admin.php')
 3 SYSTEMPATH\View\View.php(231): CodeIgniter\View\View->CodeIgniter\View\{closure}()
 4 SYSTEMPATH\Common.php(1178): CodeIgniter\View\View->render('admin/dashboard_admin', [], true)
 5 APPPATH\Controllers\HistoryControllers.php(46): view('admin/dashboard_admin', [...])
 6 SYSTEMPATH\CodeIgniter.php(941): App\Controllers\HistoryControllers->dashboard()
 7 SYSTEMPATH\CodeIgniter.php(502): CodeIgniter\CodeIgniter->runController(Object(App\Controllers\HistoryControllers))
 8 SYSTEMPATH\CodeIgniter.php(361): CodeIgniter\CodeIgniter->handleRequest(null, Object(Config\Cache), false)
 9 FCPATH\index.php(79): CodeIgniter\CodeIgniter->run()
10 SYSTEMPATH\Commands\Server\rewrite.php(47): require_once('H:\\ACA\\K TO P\\project-booking-sisi\\public\\index.php')
CRITICAL - 2024-02-13 07:27:56 --> DivisionByZeroError: Division by zero
in APPPATH\Views\admin\dashboard_admin.php on line 89.
 1 SYSTEMPATH\View\View.php(228): include()
 2 SYSTEMPATH\View\View.php(231): CodeIgniter\View\View->CodeIgniter\View\{closure}()
 3 SYSTEMPATH\Common.php(1178): CodeIgniter\View\View->render('admin/dashboard_admin', [], true)
 4 APPPATH\Controllers\HistoryControllers.php(46): view('admin/dashboard_admin', [...])
 5 SYSTEMPATH\CodeIgniter.php(941): App\Controllers\HistoryControllers->dashboard()
 6 SYSTEMPATH\CodeIgniter.php(502): CodeIgniter\CodeIgniter->runController(Object(App\Controllers\HistoryControllers))
 7 SYSTEMPATH\CodeIgniter.php(361): CodeIgniter\CodeIgniter->handleRequest(null, Object(Config\Cache), false)
 8 FCPATH\index.php(79): CodeIgniter\CodeIgniter->run()
 9 SYSTEMPATH\Commands\Server\rewrite.php(47): require_once('H:\\ACA\\K TO P\\project-booking-sisi\\public\\index.php')
CRITICAL - 2024-02-13 07:27:56 --> [Caused by] ErrorException: Undefined variable $totalRecords
in APPPATH\Views\admin\dashboard_admin.php on line 89.
 1 APPPATH\Views\admin\dashboard_admin.php(89): CodeIgniter\Debug\Exceptions->errorHandler(2, 'Undefined variable $totalRecords', 'H:\\ACA\\K TO P\\project-booking-sisi\\app\\Views\\admin\\dashboard_admin.php', 89)
 2 SYSTEMPATH\View\View.php(228): include('H:\\ACA\\K TO P\\project-booking-sisi\\app\\Views\\admin\\dashboard_admin.php')
 3 SYSTEMPATH\View\View.php(231): CodeIgniter\View\View->CodeIgniter\View\{closure}()
 4 SYSTEMPATH\Common.php(1178): CodeIgniter\View\View->render('admin/dashboard_admin', [], true)
 5 APPPATH\Controllers\HistoryControllers.php(46): view('admin/dashboard_admin', [...])
 6 SYSTEMPATH\CodeIgniter.php(941): App\Controllers\HistoryControllers->dashboard()
 7 SYSTEMPATH\CodeIgniter.php(502): CodeIgniter\CodeIgniter->runController(Object(App\Controllers\HistoryControllers))
 8 SYSTEMPATH\CodeIgniter.php(361): CodeIgniter\CodeIgniter->handleRequest(null, Object(Config\Cache), false)
 9 FCPATH\index.php(79): CodeIgniter\CodeIgniter->run()
10 SYSTEMPATH\Commands\Server\rewrite.php(47): require_once('H:\\ACA\\K TO P\\project-booking-sisi\\public\\index.php')
CRITICAL - 2024-02-13 07:27:56 --> DivisionByZeroError: Division by zero
in APPPATH\Views\admin\dashboard_admin.php on line 89.
 1 SYSTEMPATH\View\View.php(228): include()
 2 SYSTEMPATH\View\View.php(231): CodeIgniter\View\View->CodeIgniter\View\{closure}()
 3 SYSTEMPATH\Common.php(1178): CodeIgniter\View\View->render('admin/dashboard_admin', [], true)
 4 APPPATH\Controllers\HistoryControllers.php(46): view('admin/dashboard_admin', [...])
 5 SYSTEMPATH\CodeIgniter.php(941): App\Controllers\HistoryControllers->dashboard()
 6 SYSTEMPATH\CodeIgniter.php(502): CodeIgniter\CodeIgniter->runController(Object(App\Controllers\HistoryControllers))
 7 SYSTEMPATH\CodeIgniter.php(361): CodeIgniter\CodeIgniter->handleRequest(null, Object(Config\Cache), false)
 8 FCPATH\index.php(79): CodeIgniter\CodeIgniter->run()
 9 SYSTEMPATH\Commands\Server\rewrite.php(47): require_once('H:\\ACA\\K TO P\\project-booking-sisi\\public\\index.php')
CRITICAL - 2024-02-13 07:27:56 --> [Caused by] ErrorException: Undefined variable $totalRecords
in APPPATH\Views\admin\dashboard_admin.php on line 89.
 1 APPPATH\Views\admin\dashboard_admin.php(89): CodeIgniter\Debug\Exceptions->errorHandler(2, 'Undefined variable $totalRecords', 'H:\\ACA\\K TO P\\project-booking-sisi\\app\\Views\\admin\\dashboard_admin.php', 89)
 2 SYSTEMPATH\View\View.php(228): include('H:\\ACA\\K TO P\\project-booking-sisi\\app\\Views\\admin\\dashboard_admin.php')
 3 SYSTEMPATH\View\View.php(231): CodeIgniter\View\View->CodeIgniter\View\{closure}()
 4 SYSTEMPATH\Common.php(1178): CodeIgniter\View\View->render('admin/dashboard_admin', [], true)
 5 APPPATH\Controllers\HistoryControllers.php(46): view('admin/dashboard_admin', [...])
 6 SYSTEMPATH\CodeIgniter.php(941): App\Controllers\HistoryControllers->dashboard()
 7 SYSTEMPATH\CodeIgniter.php(502): CodeIgniter\CodeIgniter->runController(Object(App\Controllers\HistoryControllers))
 8 SYSTEMPATH\CodeIgniter.php(361): CodeIgniter\CodeIgniter->handleRequest(null, Object(Config\Cache), false)
 9 FCPATH\index.php(79): CodeIgniter\CodeIgniter->run()
10 SYSTEMPATH\Commands\Server\rewrite.php(47): require_once('H:\\ACA\\K TO P\\project-booking-sisi\\public\\index.php')
CRITICAL - 2024-02-13 07:28:22 --> ErrorException: Undefined variable $recordsPerPage
in APPPATH\Views\admin\dashboard_admin.php on line 90.
 1 APPPATH\Views\admin\dashboard_admin.php(90): CodeIgniter\Debug\Exceptions->errorHandler(2, 'Undefined variable $recordsPerPage', 'H:\\ACA\\K TO P\\project-booking-sisi\\app\\Views\\admin\\dashboard_admin.php', 90)
 2 SYSTEMPATH\View\View.php(228): include('H:\\ACA\\K TO P\\project-booking-sisi\\app\\Views\\admin\\dashboard_admin.php')
 3 SYSTEMPATH\View\View.php(231): CodeIgniter\View\View->CodeIgniter\View\{closure}()
 4 SYSTEMPATH\Common.php(1178): CodeIgniter\View\View->render('admin/dashboard_admin', [], true)
 5 APPPATH\Controllers\HistoryControllers.php(46): view('admin/dashboard_admin', [...])
 6 SYSTEMPATH\CodeIgniter.php(941): App\Controllers\HistoryControllers->dashboard()
 7 SYSTEMPATH\CodeIgniter.php(502): CodeIgniter\CodeIgniter->runController(Object(App\Controllers\HistoryControllers))
 8 SYSTEMPATH\CodeIgniter.php(361): CodeIgniter\CodeIgniter->handleRequest(null, Object(Config\Cache), false)
 9 FCPATH\index.php(79): CodeIgniter\CodeIgniter->run()
10 SYSTEMPATH\Commands\Server\rewrite.php(47): require_once('H:\\ACA\\K TO P\\project-booking-sisi\\public\\index.php')
CRITICAL - 2024-02-13 07:28:23 --> ErrorException: Undefined variable $recordsPerPage
in APPPATH\Views\admin\dashboard_admin.php on line 90.
 1 APPPATH\Views\admin\dashboard_admin.php(90): CodeIgniter\Debug\Exceptions->errorHandler(2, 'Undefined variable $recordsPerPage', 'H:\\ACA\\K TO P\\project-booking-sisi\\app\\Views\\admin\\dashboard_admin.php', 90)
 2 SYSTEMPATH\View\View.php(228): include('H:\\ACA\\K TO P\\project-booking-sisi\\app\\Views\\admin\\dashboard_admin.php')
 3 SYSTEMPATH\View\View.php(231): CodeIgniter\View\View->CodeIgniter\View\{closure}()
 4 SYSTEMPATH\Common.php(1178): CodeIgniter\View\View->render('admin/dashboard_admin', [], true)
 5 APPPATH\Controllers\HistoryControllers.php(46): view('admin/dashboard_admin', [...])
 6 SYSTEMPATH\CodeIgniter.php(941): App\Controllers\HistoryControllers->dashboard()
 7 SYSTEMPATH\CodeIgniter.php(502): CodeIgniter\CodeIgniter->runController(Object(App\Controllers\HistoryControllers))
 8 SYSTEMPATH\CodeIgniter.php(361): CodeIgniter\CodeIgniter->handleRequest(null, Object(Config\Cache), false)
 9 FCPATH\index.php(79): CodeIgniter\CodeIgniter->run()
10 SYSTEMPATH\Commands\Server\rewrite.php(47): require_once('H:\\ACA\\K TO P\\project-booking-sisi\\public\\index.php')
CRITICAL - 2024-02-13 07:28:23 --> ErrorException: Undefined variable $recordsPerPage
in APPPATH\Views\admin\dashboard_admin.php on line 90.
 1 APPPATH\Views\admin\dashboard_admin.php(90): CodeIgniter\Debug\Exceptions->errorHandler(2, 'Undefined variable $recordsPerPage', 'H:\\ACA\\K TO P\\project-booking-sisi\\app\\Views\\admin\\dashboard_admin.php', 90)
 2 SYSTEMPATH\View\View.php(228): include('H:\\ACA\\K TO P\\project-booking-sisi\\app\\Views\\admin\\dashboard_admin.php')
 3 SYSTEMPATH\View\View.php(231): CodeIgniter\View\View->CodeIgniter\View\{closure}()
 4 SYSTEMPATH\Common.php(1178): CodeIgniter\View\View->render('admin/dashboard_admin', [], true)
 5 APPPATH\Controllers\HistoryControllers.php(46): view('admin/dashboard_admin', [...])
 6 SYSTEMPATH\CodeIgniter.php(941): App\Controllers\HistoryControllers->dashboard()
 7 SYSTEMPATH\CodeIgniter.php(502): CodeIgniter\CodeIgniter->runController(Object(App\Controllers\HistoryControllers))
 8 SYSTEMPATH\CodeIgniter.php(361): CodeIgniter\CodeIgniter->handleRequest(null, Object(Config\Cache), false)
 9 FCPATH\index.php(79): CodeIgniter\CodeIgniter->run()
10 SYSTEMPATH\Commands\Server\rewrite.php(47): require_once('H:\\ACA\\K TO P\\project-booking-sisi\\public\\index.php')
CRITICAL - 2024-02-13 07:28:49 --> ErrorException: Undefined variable $totalRecords
in APPPATH\Views\admin\dashboard_admin.php on line 93.
 1 APPPATH\Views\admin\dashboard_admin.php(93): CodeIgniter\Debug\Exceptions->errorHandler(2, 'Undefined variable $totalRecords', 'H:\\ACA\\K TO P\\project-booking-sisi\\app\\Views\\admin\\dashboard_admin.php', 93)
 2 SYSTEMPATH\View\View.php(228): include('H:\\ACA\\K TO P\\project-booking-sisi\\app\\Views\\admin\\dashboard_admin.php')
 3 SYSTEMPATH\View\View.php(231): CodeIgniter\View\View->CodeIgniter\View\{closure}()
 4 SYSTEMPATH\Common.php(1178): CodeIgniter\View\View->render('admin/dashboard_admin', [], true)
 5 APPPATH\Controllers\HistoryControllers.php(46): view('admin/dashboard_admin', [...])
 6 SYSTEMPATH\CodeIgniter.php(941): App\Controllers\HistoryControllers->dashboard()
 7 SYSTEMPATH\CodeIgniter.php(502): CodeIgniter\CodeIgniter->runController(Object(App\Controllers\HistoryControllers))
 8 SYSTEMPATH\CodeIgniter.php(361): CodeIgniter\CodeIgniter->handleRequest(null, Object(Config\Cache), false)
 9 FCPATH\index.php(79): CodeIgniter\CodeIgniter->run()
10 SYSTEMPATH\Commands\Server\rewrite.php(47): require_once('H:\\ACA\\K TO P\\project-booking-sisi\\public\\index.php')
CRITICAL - 2024-02-13 07:28:50 --> ErrorException: Undefined variable $totalRecords
in APPPATH\Views\admin\dashboard_admin.php on line 93.
 1 APPPATH\Views\admin\dashboard_admin.php(93): CodeIgniter\Debug\Exceptions->errorHandler(2, 'Undefined variable $totalRecords', 'H:\\ACA\\K TO P\\project-booking-sisi\\app\\Views\\admin\\dashboard_admin.php', 93)
 2 SYSTEMPATH\View\View.php(228): include('H:\\ACA\\K TO P\\project-booking-sisi\\app\\Views\\admin\\dashboard_admin.php')
 3 SYSTEMPATH\View\View.php(231): CodeIgniter\View\View->CodeIgniter\View\{closure}()
 4 SYSTEMPATH\Common.php(1178): CodeIgniter\View\View->render('admin/dashboard_admin', [], true)
 5 APPPATH\Controllers\HistoryControllers.php(46): view('admin/dashboard_admin', [...])
 6 SYSTEMPATH\CodeIgniter.php(941): App\Controllers\HistoryControllers->dashboard()
 7 SYSTEMPATH\CodeIgniter.php(502): CodeIgniter\CodeIgniter->runController(Object(App\Controllers\HistoryControllers))
 8 SYSTEMPATH\CodeIgniter.php(361): CodeIgniter\CodeIgniter->handleRequest(null, Object(Config\Cache), false)
 9 FCPATH\index.php(79): CodeIgniter\CodeIgniter->run()
10 SYSTEMPATH\Commands\Server\rewrite.php(47): require_once('H:\\ACA\\K TO P\\project-booking-sisi\\public\\index.php')
CRITICAL - 2024-02-13 07:29:27 --> ErrorException: Undefined variable $currentPage
in APPPATH\Views\admin\dashboard_admin.php on line 103.
 1 APPPATH\Views\admin\dashboard_admin.php(103): CodeIgniter\Debug\Exceptions->errorHandler(2, 'Undefined variable $currentPage', 'H:\\ACA\\K TO P\\project-booking-sisi\\app\\Views\\admin\\dashboard_admin.php', 103)
 2 SYSTEMPATH\View\View.php(228): include('H:\\ACA\\K TO P\\project-booking-sisi\\app\\Views\\admin\\dashboard_admin.php')
 3 SYSTEMPATH\View\View.php(231): CodeIgniter\View\View->CodeIgniter\View\{closure}()
 4 SYSTEMPATH\Common.php(1178): CodeIgniter\View\View->render('admin/dashboard_admin', [], true)
 5 APPPATH\Controllers\HistoryControllers.php(46): view('admin/dashboard_admin', [...])
 6 SYSTEMPATH\CodeIgniter.php(941): App\Controllers\HistoryControllers->dashboard()
 7 SYSTEMPATH\CodeIgniter.php(502): CodeIgniter\CodeIgniter->runController(Object(App\Controllers\HistoryControllers))
 8 SYSTEMPATH\CodeIgniter.php(361): CodeIgniter\CodeIgniter->handleRequest(null, Object(Config\Cache), false)
 9 FCPATH\index.php(79): CodeIgniter\CodeIgniter->run()
10 SYSTEMPATH\Commands\Server\rewrite.php(47): require_once('H:\\ACA\\K TO P\\project-booking-sisi\\public\\index.php')
CRITICAL - 2024-02-13 07:29:28 --> ErrorException: Undefined variable $currentPage
in APPPATH\Views\admin\dashboard_admin.php on line 103.
 1 APPPATH\Views\admin\dashboard_admin.php(103): CodeIgniter\Debug\Exceptions->errorHandler(2, 'Undefined variable $currentPage', 'H:\\ACA\\K TO P\\project-booking-sisi\\app\\Views\\admin\\dashboard_admin.php', 103)
 2 SYSTEMPATH\View\View.php(228): include('H:\\ACA\\K TO P\\project-booking-sisi\\app\\Views\\admin\\dashboard_admin.php')
 3 SYSTEMPATH\View\View.php(231): CodeIgniter\View\View->CodeIgniter\View\{closure}()
 4 SYSTEMPATH\Common.php(1178): CodeIgniter\View\View->render('admin/dashboard_admin', [], true)
 5 APPPATH\Controllers\HistoryControllers.php(46): view('admin/dashboard_admin', [...])
 6 SYSTEMPATH\CodeIgniter.php(941): App\Controllers\HistoryControllers->dashboard()
 7 SYSTEMPATH\CodeIgniter.php(502): CodeIgniter\CodeIgniter->runController(Object(App\Controllers\HistoryControllers))
 8 SYSTEMPATH\CodeIgniter.php(361): CodeIgniter\CodeIgniter->handleRequest(null, Object(Config\Cache), false)
 9 FCPATH\index.php(79): CodeIgniter\CodeIgniter->run()
10 SYSTEMPATH\Commands\Server\rewrite.php(47): require_once('H:\\ACA\\K TO P\\project-booking-sisi\\public\\index.php')
CRITICAL - 2024-02-13 07:31:33 --> BadMethodCallException: Call to undefined method App\Models\UserModel::getUserByName
in SYSTEMPATH\Model.php on line 874.
 1 APPPATH\Controllers\BokDriver.php(41): CodeIgniter\Model->__call('getUserByName', [...])
 2 SYSTEMPATH\CodeIgniter.php(941): App\Controllers\BokDriver->detail_booking_driver('BD_007')
 3 SYSTEMPATH\CodeIgniter.php(502): CodeIgniter\CodeIgniter->runController(Object(App\Controllers\BokDriver))
 4 SYSTEMPATH\CodeIgniter.php(361): CodeIgniter\CodeIgniter->handleRequest(null, Object(Config\Cache), false)
 5 FCPATH\index.php(79): CodeIgniter\CodeIgniter->run()
 6 SYSTEMPATH\Commands\Server\rewrite.php(47): require_once('H:\\ACA\\K TO P\\project-booking-sisi\\public\\index.php')
CRITICAL - 2024-02-13 07:31:38 --> BadMethodCallException: Call to undefined method App\Models\UserModel::getUserByName
in SYSTEMPATH\Model.php on line 874.
 1 APPPATH\Controllers\BokDriver.php(41): CodeIgniter\Model->__call('getUserByName', [...])
 2 SYSTEMPATH\CodeIgniter.php(941): App\Controllers\BokDriver->detail_booking_driver('BD_003')
 3 SYSTEMPATH\CodeIgniter.php(502): CodeIgniter\CodeIgniter->runController(Object(App\Controllers\BokDriver))
 4 SYSTEMPATH\CodeIgniter.php(361): CodeIgniter\CodeIgniter->handleRequest(null, Object(Config\Cache), false)
 5 FCPATH\index.php(79): CodeIgniter\CodeIgniter->run()
 6 SYSTEMPATH\Commands\Server\rewrite.php(47): require_once('H:\\ACA\\K TO P\\project-booking-sisi\\public\\index.php')
CRITICAL - 2024-02-13 07:31:58 --> BadMethodCallException: Call to undefined method App\Models\UserModel::getUserByName
in SYSTEMPATH\Model.php on line 874.
 1 APPPATH\Controllers\BokRoomController.php(38): CodeIgniter\Model->__call('getUserByName', [...])
 2 SYSTEMPATH\CodeIgniter.php(941): App\Controllers\BokRoomController->request_detail('BR_001')
 3 SYSTEMPATH\CodeIgniter.php(502): CodeIgniter\CodeIgniter->runController(Object(App\Controllers\BokRoomController))
 4 SYSTEMPATH\CodeIgniter.php(361): CodeIgniter\CodeIgniter->handleRequest(null, Object(Config\Cache), false)
 5 FCPATH\index.php(79): CodeIgniter\CodeIgniter->run()
 6 SYSTEMPATH\Commands\Server\rewrite.php(47): require_once('H:\\ACA\\K TO P\\project-booking-sisi\\public\\index.php')
CRITICAL - 2024-02-13 07:33:00 --> CodeIgniter\View\Exceptions\ViewException: Invalid file: "admin/templet/header.php"
in SYSTEMPATH\Exceptions\FrameworkException.php on line 39.
 1 SYSTEMPATH\View\View.php(216): CodeIgniter\Exceptions\FrameworkException::forInvalidFile('admin/templet/header.php')
 2 SYSTEMPATH\Common.php(1178): CodeIgniter\View\View->render('admin/templet/header', [], true)
 3 APPPATH\Views\admin\detail_booking_room.php(2): view('admin/templet/header')
 4 SYSTEMPATH\View\View.php(228): include('H:\\ACA\\K TO P\\project-booking-sisi\\app\\Views\\admin\\detail_booking_room.php')
 5 SYSTEMPATH\View\View.php(231): CodeIgniter\View\View->CodeIgniter\View\{closure}()
 6 SYSTEMPATH\Common.php(1178): CodeIgniter\View\View->render('admin/detail_booking_room', [], true)
 7 APPPATH\Controllers\BokRoomController.php(44): view('admin/detail_booking_room', [...])
 8 SYSTEMPATH\CodeIgniter.php(941): App\Controllers\BokRoomController->request_detail('BR_001')
 9 SYSTEMPATH\CodeIgniter.php(502): CodeIgniter\CodeIgniter->runController(Object(App\Controllers\BokRoomController))
10 SYSTEMPATH\CodeIgniter.php(361): CodeIgniter\CodeIgniter->handleRequest(null, Object(Config\Cache), false)
11 FCPATH\index.php(79): CodeIgniter\CodeIgniter->run()
12 SYSTEMPATH\Commands\Server\rewrite.php(47): require_once('H:\\ACA\\K TO P\\project-booking-sisi\\public\\index.php')
CRITICAL - 2024-02-13 07:34:16 --> ErrorException: Undefined variable $bookingDrivers
in APPPATH\Views\admin\detail_booking_room.php on line 7.
 1 APPPATH\Views\admin\detail_booking_room.php(7): CodeIgniter\Debug\Exceptions->errorHandler(2, 'Undefined variable $bookingDrivers', 'H:\\ACA\\K TO P\\project-booking-sisi\\app\\Views\\admin\\detail_booking_room.php', 7)
 2 SYSTEMPATH\View\View.php(228): include('H:\\ACA\\K TO P\\project-booking-sisi\\app\\Views\\admin\\detail_booking_room.php')
 3 SYSTEMPATH\View\View.php(231): CodeIgniter\View\View->CodeIgniter\View\{closure}()
 4 SYSTEMPATH\Common.php(1178): CodeIgniter\View\View->render('admin/detail_booking_room', [], true)
 5 APPPATH\Controllers\BokRoomController.php(44): view('admin/detail_booking_room', [...])
 6 SYSTEMPATH\CodeIgniter.php(941): App\Controllers\BokRoomController->request_detail('BR_001')
 7 SYSTEMPATH\CodeIgniter.php(502): CodeIgniter\CodeIgniter->runController(Object(App\Controllers\BokRoomController))
 8 SYSTEMPATH\CodeIgniter.php(361): CodeIgniter\CodeIgniter->handleRequest(null, Object(Config\Cache), false)
 9 FCPATH\index.php(79): CodeIgniter\CodeIgniter->run()
10 SYSTEMPATH\Commands\Server\rewrite.php(47): require_once('H:\\ACA\\K TO P\\project-booking-sisi\\public\\index.php')
CRITICAL - 2024-02-13 07:34:17 --> ErrorException: Undefined variable $bookingDrivers
in APPPATH\Views\admin\detail_booking_room.php on line 7.
 1 APPPATH\Views\admin\detail_booking_room.php(7): CodeIgniter\Debug\Exceptions->errorHandler(2, 'Undefined variable $bookingDrivers', 'H:\\ACA\\K TO P\\project-booking-sisi\\app\\Views\\admin\\detail_booking_room.php', 7)
 2 SYSTEMPATH\View\View.php(228): include('H:\\ACA\\K TO P\\project-booking-sisi\\app\\Views\\admin\\detail_booking_room.php')
 3 SYSTEMPATH\View\View.php(231): CodeIgniter\View\View->CodeIgniter\View\{closure}()
 4 SYSTEMPATH\Common.php(1178): CodeIgniter\View\View->render('admin/detail_booking_room', [], true)
 5 APPPATH\Controllers\BokRoomController.php(44): view('admin/detail_booking_room', [...])
 6 SYSTEMPATH\CodeIgniter.php(941): App\Controllers\BokRoomController->request_detail('BR_001')
 7 SYSTEMPATH\CodeIgniter.php(502): CodeIgniter\CodeIgniter->runController(Object(App\Controllers\BokRoomController))
 8 SYSTEMPATH\CodeIgniter.php(361): CodeIgniter\CodeIgniter->handleRequest(null, Object(Config\Cache), false)
 9 FCPATH\index.php(79): CodeIgniter\CodeIgniter->run()
10 SYSTEMPATH\Commands\Server\rewrite.php(47): require_once('H:\\ACA\\K TO P\\project-booking-sisi\\public\\index.php')
CRITICAL - 2024-02-13 07:34:18 --> ErrorException: Undefined variable $bookingDrivers
in APPPATH\Views\admin\detail_booking_room.php on line 7.
 1 APPPATH\Views\admin\detail_booking_room.php(7): CodeIgniter\Debug\Exceptions->errorHandler(2, 'Undefined variable $bookingDrivers', 'H:\\ACA\\K TO P\\project-booking-sisi\\app\\Views\\admin\\detail_booking_room.php', 7)
 2 SYSTEMPATH\View\View.php(228): include('H:\\ACA\\K TO P\\project-booking-sisi\\app\\Views\\admin\\detail_booking_room.php')
 3 SYSTEMPATH\View\View.php(231): CodeIgniter\View\View->CodeIgniter\View\{closure}()
 4 SYSTEMPATH\Common.php(1178): CodeIgniter\View\View->render('admin/detail_booking_room', [], true)
 5 APPPATH\Controllers\BokRoomController.php(44): view('admin/detail_booking_room', [...])
 6 SYSTEMPATH\CodeIgniter.php(941): App\Controllers\BokRoomController->request_detail('BR_001')
 7 SYSTEMPATH\CodeIgniter.php(502): CodeIgniter\CodeIgniter->runController(Object(App\Controllers\BokRoomController))
 8 SYSTEMPATH\CodeIgniter.php(361): CodeIgniter\CodeIgniter->handleRequest(null, Object(Config\Cache), false)
 9 FCPATH\index.php(79): CodeIgniter\CodeIgniter->run()
10 SYSTEMPATH\Commands\Server\rewrite.php(47): require_once('H:\\ACA\\K TO P\\project-booking-sisi\\public\\index.php')
CRITICAL - 2024-02-13 07:34:18 --> ErrorException: Undefined variable $bookingDrivers
in APPPATH\Views\admin\detail_booking_room.php on line 7.
 1 APPPATH\Views\admin\detail_booking_room.php(7): CodeIgniter\Debug\Exceptions->errorHandler(2, 'Undefined variable $bookingDrivers', 'H:\\ACA\\K TO P\\project-booking-sisi\\app\\Views\\admin\\detail_booking_room.php', 7)
 2 SYSTEMPATH\View\View.php(228): include('H:\\ACA\\K TO P\\project-booking-sisi\\app\\Views\\admin\\detail_booking_room.php')
 3 SYSTEMPATH\View\View.php(231): CodeIgniter\View\View->CodeIgniter\View\{closure}()
 4 SYSTEMPATH\Common.php(1178): CodeIgniter\View\View->render('admin/detail_booking_room', [], true)
 5 APPPATH\Controllers\BokRoomController.php(44): view('admin/detail_booking_room', [...])
 6 SYSTEMPATH\CodeIgniter.php(941): App\Controllers\BokRoomController->request_detail('BR_001')
 7 SYSTEMPATH\CodeIgniter.php(502): CodeIgniter\CodeIgniter->runController(Object(App\Controllers\BokRoomController))
 8 SYSTEMPATH\CodeIgniter.php(361): CodeIgniter\CodeIgniter->handleRequest(null, Object(Config\Cache), false)
 9 FCPATH\index.php(79): CodeIgniter\CodeIgniter->run()
10 SYSTEMPATH\Commands\Server\rewrite.php(47): require_once('H:\\ACA\\K TO P\\project-booking-sisi\\public\\index.php')
CRITICAL - 2024-02-13 07:35:21 --> ErrorException: Undefined variable $bookingDrivers
in APPPATH\Views\admin\detail_booking_room.php on line 7.
 1 APPPATH\Views\admin\detail_booking_room.php(7): CodeIgniter\Debug\Exceptions->errorHandler(2, 'Undefined variable $bookingDrivers', 'H:\\ACA\\K TO P\\project-booking-sisi\\app\\Views\\admin\\detail_booking_room.php', 7)
 2 SYSTEMPATH\View\View.php(228): include('H:\\ACA\\K TO P\\project-booking-sisi\\app\\Views\\admin\\detail_booking_room.php')
 3 SYSTEMPATH\View\View.php(231): CodeIgniter\View\View->CodeIgniter\View\{closure}()
 4 SYSTEMPATH\Common.php(1178): CodeIgniter\View\View->render('admin/detail_booking_room', [], true)
 5 APPPATH\Controllers\BokRoomController.php(44): view('admin/detail_booking_room', [...])
 6 SYSTEMPATH\CodeIgniter.php(941): App\Controllers\BokRoomController->request_detail('BR_001')
 7 SYSTEMPATH\CodeIgniter.php(502): CodeIgniter\CodeIgniter->runController(Object(App\Controllers\BokRoomController))
 8 SYSTEMPATH\CodeIgniter.php(361): CodeIgniter\CodeIgniter->handleRequest(null, Object(Config\Cache), false)
 9 FCPATH\index.php(79): CodeIgniter\CodeIgniter->run()
10 SYSTEMPATH\Commands\Server\rewrite.php(47): require_once('H:\\ACA\\K TO P\\project-booking-sisi\\public\\index.php')
CRITICAL - 2024-02-13 07:35:22 --> ErrorException: Undefined variable $bookingDrivers
in APPPATH\Views\admin\detail_booking_room.php on line 7.
 1 APPPATH\Views\admin\detail_booking_room.php(7): CodeIgniter\Debug\Exceptions->errorHandler(2, 'Undefined variable $bookingDrivers', 'H:\\ACA\\K TO P\\project-booking-sisi\\app\\Views\\admin\\detail_booking_room.php', 7)
 2 SYSTEMPATH\View\View.php(228): include('H:\\ACA\\K TO P\\project-booking-sisi\\app\\Views\\admin\\detail_booking_room.php')
 3 SYSTEMPATH\View\View.php(231): CodeIgniter\View\View->CodeIgniter\View\{closure}()
 4 SYSTEMPATH\Common.php(1178): CodeIgniter\View\View->render('admin/detail_booking_room', [], true)
 5 APPPATH\Controllers\BokRoomController.php(44): view('admin/detail_booking_room', [...])
 6 SYSTEMPATH\CodeIgniter.php(941): App\Controllers\BokRoomController->request_detail('BR_001')
 7 SYSTEMPATH\CodeIgniter.php(502): CodeIgniter\CodeIgniter->runController(Object(App\Controllers\BokRoomController))
 8 SYSTEMPATH\CodeIgniter.php(361): CodeIgniter\CodeIgniter->handleRequest(null, Object(Config\Cache), false)
 9 FCPATH\index.php(79): CodeIgniter\CodeIgniter->run()
10 SYSTEMPATH\Commands\Server\rewrite.php(47): require_once('H:\\ACA\\K TO P\\project-booking-sisi\\public\\index.php')
CRITICAL - 2024-02-13 07:37:30 --> ErrorException: Undefined variable $bookingDrivers
in APPPATH\Views\admin\detail_booking_room.php on line 7.
 1 APPPATH\Views\admin\detail_booking_room.php(7): CodeIgniter\Debug\Exceptions->errorHandler(2, 'Undefined variable $bookingDrivers', 'H:\\ACA\\K TO P\\project-booking-sisi\\app\\Views\\admin\\detail_booking_room.php', 7)
 2 SYSTEMPATH\View\View.php(228): include('H:\\ACA\\K TO P\\project-booking-sisi\\app\\Views\\admin\\detail_booking_room.php')
 3 SYSTEMPATH\View\View.php(231): CodeIgniter\View\View->CodeIgniter\View\{closure}()
 4 SYSTEMPATH\Common.php(1178): CodeIgniter\View\View->render('admin/detail_booking_room', [], true)
 5 APPPATH\Controllers\BokRoomController.php(44): view('admin/detail_booking_room', [...])
 6 SYSTEMPATH\CodeIgniter.php(941): App\Controllers\BokRoomController->request_detail('BR_001')
 7 SYSTEMPATH\CodeIgniter.php(502): CodeIgniter\CodeIgniter->runController(Object(App\Controllers\BokRoomController))
 8 SYSTEMPATH\CodeIgniter.php(361): CodeIgniter\CodeIgniter->handleRequest(null, Object(Config\Cache), false)
 9 FCPATH\index.php(79): CodeIgniter\CodeIgniter->run()
10 SYSTEMPATH\Commands\Server\rewrite.php(47): require_once('H:\\ACA\\K TO P\\project-booking-sisi\\public\\index.php')
CRITICAL - 2024-02-13 07:39:58 --> ErrorException: Undefined variable $bookingDrivers
in APPPATH\Views\admin\detail_booking_room.php on line 7.
 1 APPPATH\Views\admin\detail_booking_room.php(7): CodeIgniter\Debug\Exceptions->errorHandler(2, 'Undefined variable $bookingDrivers', 'H:\\ACA\\K TO P\\project-booking-sisi\\app\\Views\\admin\\detail_booking_room.php', 7)
 2 SYSTEMPATH\View\View.php(228): include('H:\\ACA\\K TO P\\project-booking-sisi\\app\\Views\\admin\\detail_booking_room.php')
 3 SYSTEMPATH\View\View.php(231): CodeIgniter\View\View->CodeIgniter\View\{closure}()
 4 SYSTEMPATH\Common.php(1178): CodeIgniter\View\View->render('admin/detail_booking_room', [], true)
 5 APPPATH\Controllers\BokRoomController.php(44): view('admin/detail_booking_room', [...])
 6 SYSTEMPATH\CodeIgniter.php(941): App\Controllers\BokRoomController->request_detail('BR_001')
 7 SYSTEMPATH\CodeIgniter.php(502): CodeIgniter\CodeIgniter->runController(Object(App\Controllers\BokRoomController))
 8 SYSTEMPATH\CodeIgniter.php(361): CodeIgniter\CodeIgniter->handleRequest(null, Object(Config\Cache), false)
 9 FCPATH\index.php(79): CodeIgniter\CodeIgniter->run()
10 SYSTEMPATH\Commands\Server\rewrite.php(47): require_once('H:\\ACA\\K TO P\\project-booking-sisi\\public\\index.php')
CRITICAL - 2024-02-13 07:39:59 --> ErrorException: Undefined variable $bookingDrivers
in APPPATH\Views\admin\detail_booking_room.php on line 7.
 1 APPPATH\Views\admin\detail_booking_room.php(7): CodeIgniter\Debug\Exceptions->errorHandler(2, 'Undefined variable $bookingDrivers', 'H:\\ACA\\K TO P\\project-booking-sisi\\app\\Views\\admin\\detail_booking_room.php', 7)
 2 SYSTEMPATH\View\View.php(228): include('H:\\ACA\\K TO P\\project-booking-sisi\\app\\Views\\admin\\detail_booking_room.php')
 3 SYSTEMPATH\View\View.php(231): CodeIgniter\View\View->CodeIgniter\View\{closure}()
 4 SYSTEMPATH\Common.php(1178): CodeIgniter\View\View->render('admin/detail_booking_room', [], true)
 5 APPPATH\Controllers\BokRoomController.php(44): view('admin/detail_booking_room', [...])
 6 SYSTEMPATH\CodeIgniter.php(941): App\Controllers\BokRoomController->request_detail('BR_001')
 7 SYSTEMPATH\CodeIgniter.php(502): CodeIgniter\CodeIgniter->runController(Object(App\Controllers\BokRoomController))
 8 SYSTEMPATH\CodeIgniter.php(361): CodeIgniter\CodeIgniter->handleRequest(null, Object(Config\Cache), false)
 9 FCPATH\index.php(79): CodeIgniter\CodeIgniter->run()
10 SYSTEMPATH\Commands\Server\rewrite.php(47): require_once('H:\\ACA\\K TO P\\project-booking-sisi\\public\\index.php')
INFO - 2024-02-13 07:41:28 --> Session: Class initialized using 'CodeIgniter\Session\Handlers\FileHandler' driver.
INFO - 2024-02-13 07:42:26 --> Session: Class initialized using 'CodeIgniter\Session\Handlers\FileHandler' driver.
INFO - 2024-02-13 07:43:51 --> Session: Class initialized using 'CodeIgniter\Session\Handlers\FileHandler' driver.
CRITICAL - 2024-02-13 08:00:28 --> ErrorException: Undefined variable $filteredRoomBookings
in APPPATH\Views\admin\dashboard_admin.php on line 56.
 1 APPPATH\Views\admin\dashboard_admin.php(56): CodeIgniter\Debug\Exceptions->errorHandler(2, 'Undefined variable $filteredRoomBookings', 'H:\\ACA\\K TO P\\project-booking-sisi\\app\\Views\\admin\\dashboard_admin.php', 56)
 2 SYSTEMPATH\View\View.php(228): include('H:\\ACA\\K TO P\\project-booking-sisi\\app\\Views\\admin\\dashboard_admin.php')
 3 SYSTEMPATH\View\View.php(231): CodeIgniter\View\View->CodeIgniter\View\{closure}()
 4 SYSTEMPATH\Common.php(1178): CodeIgniter\View\View->render('admin/dashboard_admin', [], true)
 5 APPPATH\Controllers\HistoryControllers.php(46): view('admin/dashboard_admin', [...])
 6 SYSTEMPATH\CodeIgniter.php(941): App\Controllers\HistoryControllers->dashboard()
 7 SYSTEMPATH\CodeIgniter.php(502): CodeIgniter\CodeIgniter->runController(Object(App\Controllers\HistoryControllers))
 8 SYSTEMPATH\CodeIgniter.php(361): CodeIgniter\CodeIgniter->handleRequest(null, Object(Config\Cache), false)
 9 FCPATH\index.php(79): CodeIgniter\CodeIgniter->run()
10 SYSTEMPATH\Commands\Server\rewrite.php(47): require_once('H:\\ACA\\K TO P\\project-booking-sisi\\public\\index.php')
CRITICAL - 2024-02-13 08:34:40 --> TypeError: view(): Argument #3 ($options) must be of type array, App\Models\RuanganModel given, called in H:\ACA\K TO P\project-booking-sisi\app\Controllers\RuanganControllers.php on line 28
in SYSTEMPATH\Common.php on line 1166.
 1 APPPATH\Controllers\RuanganControllers.php(28): view('admin/ruangan', [...], Object(App\Models\RuanganModel))
 2 SYSTEMPATH\CodeIgniter.php(941): App\Controllers\RuanganControllers->index()
 3 SYSTEMPATH\CodeIgniter.php(502): CodeIgniter\CodeIgniter->runController(Object(App\Controllers\RuanganControllers))
 4 SYSTEMPATH\CodeIgniter.php(361): CodeIgniter\CodeIgniter->handleRequest(null, Object(Config\Cache), false)
 5 FCPATH\index.php(79): CodeIgniter\CodeIgniter->run()
 6 SYSTEMPATH\Commands\Server\rewrite.php(47): require_once('H:\\ACA\\K TO P\\project-booking-sisi\\public\\index.php')
CRITICAL - 2024-02-13 09:02:30 --> ErrorException: Undefined array key "nama"
in APPPATH\Views\admin\monruangan.php on line 34.
 1 APPPATH\Views\admin\monruangan.php(34): CodeIgniter\Debug\Exceptions->errorHandler(2, 'Undefined array key "nama"', 'H:\\ACA\\K TO P\\project-booking-sisi\\app\\Views\\admin\\monruangan.php', 34)
 2 SYSTEMPATH\View\View.php(228): include('H:\\ACA\\K TO P\\project-booking-sisi\\app\\Views\\admin\\monruangan.php')
 3 SYSTEMPATH\View\View.php(231): CodeIgniter\View\View->CodeIgniter\View\{closure}()
 4 SYSTEMPATH\Common.php(1178): CodeIgniter\View\View->render('admin/monruangan', [], true)
 5 APPPATH\Controllers\HistoryControllers.php(18): view('admin/monruangan', [...])
 6 SYSTEMPATH\CodeIgniter.php(941): App\Controllers\HistoryControllers->monruangan()
 7 SYSTEMPATH\CodeIgniter.php(502): CodeIgniter\CodeIgniter->runController(Object(App\Controllers\HistoryControllers))
 8 SYSTEMPATH\CodeIgniter.php(361): CodeIgniter\CodeIgniter->handleRequest(null, Object(Config\Cache), false)
 9 FCPATH\index.php(79): CodeIgniter\CodeIgniter->run()
10 SYSTEMPATH\Commands\Server\rewrite.php(47): require_once('H:\\ACA\\K TO P\\project-booking-sisi\\public\\index.php')
CRITICAL - 2024-02-13 09:04:27 --> ErrorException: Undefined array key "nama"
in APPPATH\Views\admin\monruangan.php on line 34.
 1 APPPATH\Views\admin\monruangan.php(34): CodeIgniter\Debug\Exceptions->errorHandler(2, 'Undefined array key "nama"', 'H:\\ACA\\K TO P\\project-booking-sisi\\app\\Views\\admin\\monruangan.php', 34)
 2 SYSTEMPATH\View\View.php(228): include('H:\\ACA\\K TO P\\project-booking-sisi\\app\\Views\\admin\\monruangan.php')
 3 SYSTEMPATH\View\View.php(231): CodeIgniter\View\View->CodeIgniter\View\{closure}()
 4 SYSTEMPATH\Common.php(1178): CodeIgniter\View\View->render('admin/monruangan', [], true)
 5 APPPATH\Controllers\HistoryControllers.php(18): view('admin/monruangan', [...])
 6 SYSTEMPATH\CodeIgniter.php(941): App\Controllers\HistoryControllers->monruangan()
 7 SYSTEMPATH\CodeIgniter.php(502): CodeIgniter\CodeIgniter->runController(Object(App\Controllers\HistoryControllers))
 8 SYSTEMPATH\CodeIgniter.php(361): CodeIgniter\CodeIgniter->handleRequest(null, Object(Config\Cache), false)
 9 FCPATH\index.php(79): CodeIgniter\CodeIgniter->run()
10 SYSTEMPATH\Commands\Server\rewrite.php(47): require_once('H:\\ACA\\K TO P\\project-booking-sisi\\public\\index.php')
CRITICAL - 2024-02-13 09:15:14 --> TypeError: count(): Argument #1 ($value) must be of type Countable|array, App\Models\RuanganModel given
in APPPATH\Views\admin\ruangan.php on line 28.
 1 SYSTEMPATH\View\View.php(228): include()
 2 SYSTEMPATH\View\View.php(231): CodeIgniter\View\View->CodeIgniter\View\{closure}()
 3 SYSTEMPATH\Common.php(1178): CodeIgniter\View\View->render('admin/ruangan', [], true)
 4 APPPATH\Controllers\RuanganControllers.php(28): view('admin/ruangan', [...])
 5 SYSTEMPATH\CodeIgniter.php(941): App\Controllers\RuanganControllers->index()
 6 SYSTEMPATH\CodeIgniter.php(502): CodeIgniter\CodeIgniter->runController(Object(App\Controllers\RuanganControllers))
 7 SYSTEMPATH\CodeIgniter.php(361): CodeIgniter\CodeIgniter->handleRequest(null, Object(Config\Cache), false)
 8 FCPATH\index.php(79): CodeIgniter\CodeIgniter->run()
 9 SYSTEMPATH\Commands\Server\rewrite.php(47): require_once('H:\\ACA\\K TO P\\project-booking-sisi\\public\\index.php')
CRITICAL - 2024-02-13 09:15:16 --> TypeError: count(): Argument #1 ($value) must be of type Countable|array, App\Models\RuanganModel given
in APPPATH\Views\admin\ruangan.php on line 28.
 1 SYSTEMPATH\View\View.php(228): include()
 2 SYSTEMPATH\View\View.php(231): CodeIgniter\View\View->CodeIgniter\View\{closure}()
 3 SYSTEMPATH\Common.php(1178): CodeIgniter\View\View->render('admin/ruangan', [], true)
 4 APPPATH\Controllers\RuanganControllers.php(28): view('admin/ruangan', [...])
 5 SYSTEMPATH\CodeIgniter.php(941): App\Controllers\RuanganControllers->index()
 6 SYSTEMPATH\CodeIgniter.php(502): CodeIgniter\CodeIgniter->runController(Object(App\Controllers\RuanganControllers))
 7 SYSTEMPATH\CodeIgniter.php(361): CodeIgniter\CodeIgniter->handleRequest(null, Object(Config\Cache), false)
 8 FCPATH\index.php(79): CodeIgniter\CodeIgniter->run()
 9 SYSTEMPATH\Commands\Server\rewrite.php(47): require_once('H:\\ACA\\K TO P\\project-booking-sisi\\public\\index.php')
CRITICAL - 2024-02-13 09:15:16 --> TypeError: count(): Argument #1 ($value) must be of type Countable|array, App\Models\RuanganModel given
in APPPATH\Views\admin\ruangan.php on line 28.
 1 SYSTEMPATH\View\View.php(228): include()
 2 SYSTEMPATH\View\View.php(231): CodeIgniter\View\View->CodeIgniter\View\{closure}()
 3 SYSTEMPATH\Common.php(1178): CodeIgniter\View\View->render('admin/ruangan', [], true)
 4 APPPATH\Controllers\RuanganControllers.php(28): view('admin/ruangan', [...])
 5 SYSTEMPATH\CodeIgniter.php(941): App\Controllers\RuanganControllers->index()
 6 SYSTEMPATH\CodeIgniter.php(502): CodeIgniter\CodeIgniter->runController(Object(App\Controllers\RuanganControllers))
 7 SYSTEMPATH\CodeIgniter.php(361): CodeIgniter\CodeIgniter->handleRequest(null, Object(Config\Cache), false)
 8 FCPATH\index.php(79): CodeIgniter\CodeIgniter->run()
 9 SYSTEMPATH\Commands\Server\rewrite.php(47): require_once('H:\\ACA\\K TO P\\project-booking-sisi\\public\\index.php')
CRITICAL - 2024-02-13 09:15:17 --> TypeError: count(): Argument #1 ($value) must be of type Countable|array, App\Models\RuanganModel given
in APPPATH\Views\admin\ruangan.php on line 28.
 1 SYSTEMPATH\View\View.php(228): include()
 2 SYSTEMPATH\View\View.php(231): CodeIgniter\View\View->CodeIgniter\View\{closure}()
 3 SYSTEMPATH\Common.php(1178): CodeIgniter\View\View->render('admin/ruangan', [], true)
 4 APPPATH\Controllers\RuanganControllers.php(28): view('admin/ruangan', [...])
 5 SYSTEMPATH\CodeIgniter.php(941): App\Controllers\RuanganControllers->index()
 6 SYSTEMPATH\CodeIgniter.php(502): CodeIgniter\CodeIgniter->runController(Object(App\Controllers\RuanganControllers))
 7 SYSTEMPATH\CodeIgniter.php(361): CodeIgniter\CodeIgniter->handleRequest(null, Object(Config\Cache), false)
 8 FCPATH\index.php(79): CodeIgniter\CodeIgniter->run()
 9 SYSTEMPATH\Commands\Server\rewrite.php(47): require_once('H:\\ACA\\K TO P\\project-booking-sisi\\public\\index.php')
CRITICAL - 2024-02-13 09:15:34 --> ParseError: syntax error, unexpected token "public"
in APPPATH\Controllers\RuanganControllers.php on line 32.
 1 SYSTEMPATH\Autoloader\Autoloader.php(288): CodeIgniter\Autoloader\Autoloader->includeFile('H:\\ACA\\K TO P\\project-booking-sisi\\app\\Controllers\\RuanganControllers.php')
 2 SYSTEMPATH\Autoloader\Autoloader.php(266): CodeIgniter\Autoloader\Autoloader->loadInNamespace('App\\Controllers\\RuanganControllers')
 3 [internal function]: CodeIgniter\Autoloader\Autoloader->loadClass('App\\Controllers\\RuanganControllers')
 4 SYSTEMPATH\CodeIgniter.php(899): class_exists('\\App\\Controllers\\RuanganControllers', true)
 5 SYSTEMPATH\CodeIgniter.php(489): CodeIgniter\CodeIgniter->startController()
 6 SYSTEMPATH\CodeIgniter.php(361): CodeIgniter\CodeIgniter->handleRequest(null, Object(Config\Cache), false)
 7 FCPATH\index.php(79): CodeIgniter\CodeIgniter->run()
 8 SYSTEMPATH\Commands\Server\rewrite.php(47): require_once('H:\\ACA\\K TO P\\project-booking-sisi\\public\\index.php')
CRITICAL - 2024-02-13 09:15:37 --> ParseError: syntax error, unexpected token "public"
in APPPATH\Controllers\RuanganControllers.php on line 32.
 1 SYSTEMPATH\Autoloader\Autoloader.php(288): CodeIgniter\Autoloader\Autoloader->includeFile('H:\\ACA\\K TO P\\project-booking-sisi\\app\\Controllers\\RuanganControllers.php')
 2 SYSTEMPATH\Autoloader\Autoloader.php(266): CodeIgniter\Autoloader\Autoloader->loadInNamespace('App\\Controllers\\RuanganControllers')
 3 [internal function]: CodeIgniter\Autoloader\Autoloader->loadClass('App\\Controllers\\RuanganControllers')
 4 SYSTEMPATH\CodeIgniter.php(899): class_exists('\\App\\Controllers\\RuanganControllers', true)
 5 SYSTEMPATH\CodeIgniter.php(489): CodeIgniter\CodeIgniter->startController()
 6 SYSTEMPATH\CodeIgniter.php(361): CodeIgniter\CodeIgniter->handleRequest(null, Object(Config\Cache), false)
 7 FCPATH\index.php(79): CodeIgniter\CodeIgniter->run()
 8 SYSTEMPATH\Commands\Server\rewrite.php(47): require_once('H:\\ACA\\K TO P\\project-booking-sisi\\public\\index.php')
CRITICAL - 2024-02-13 09:17:21 --> ErrorException: Undefined array key "nama"
in APPPATH\Views\admin\monruangan.php on line 34.
 1 APPPATH\Views\admin\monruangan.php(34): CodeIgniter\Debug\Exceptions->errorHandler(2, 'Undefined array key "nama"', 'H:\\ACA\\K TO P\\project-booking-sisi\\app\\Views\\admin\\monruangan.php', 34)
 2 SYSTEMPATH\View\View.php(228): include('H:\\ACA\\K TO P\\project-booking-sisi\\app\\Views\\admin\\monruangan.php')
 3 SYSTEMPATH\View\View.php(231): CodeIgniter\View\View->CodeIgniter\View\{closure}()
 4 SYSTEMPATH\Common.php(1178): CodeIgniter\View\View->render('admin/monruangan', [], true)
 5 APPPATH\Controllers\HistoryControllers.php(18): view('admin/monruangan', [...])
 6 SYSTEMPATH\CodeIgniter.php(941): App\Controllers\HistoryControllers->monruangan()
 7 SYSTEMPATH\CodeIgniter.php(502): CodeIgniter\CodeIgniter->runController(Object(App\Controllers\HistoryControllers))
 8 SYSTEMPATH\CodeIgniter.php(361): CodeIgniter\CodeIgniter->handleRequest(null, Object(Config\Cache), false)
 9 FCPATH\index.php(79): CodeIgniter\CodeIgniter->run()
10 SYSTEMPATH\Commands\Server\rewrite.php(47): require_once('H:\\ACA\\K TO P\\project-booking-sisi\\public\\index.php')
INFO - 2024-02-13 09:27:49 --> Session: Class initialized using 'CodeIgniter\Session\Handlers\FileHandler' driver.
