CRITICAL - 2024-02-06 02:17:35 --> CodeIgniter\View\Exceptions\ViewException: Invalid file: "header.php"
in SYSTEMPATH\Exceptions\FrameworkException.php on line 39.
 1 SYSTEMPATH\View\View.php(216): CodeIgniter\Exceptions\FrameworkException::forInvalidFile('header.php')
 2 SYSTEMPATH\Common.php(1178): CodeIgniter\View\View->render('header', [], true)
 3 APPPATH\Views\login.php(3): view('header')
 4 SYSTEMPATH\View\View.php(228): include('H:\\ACA\\K TO P\\project\\app\\Views\\login.php')
 5 SYSTEMPATH\View\View.php(231): CodeIgniter\View\View->CodeIgniter\View\{closure}()
 6 SYSTEMPATH\Common.php(1178): CodeIgniter\View\View->render('login', [], true)
 7 APPPATH\Controllers\Auth.php(12): view('login')
 8 SYSTEMPATH\CodeIgniter.php(941): App\Controllers\Auth->index()
 9 SYSTEMPATH\CodeIgniter.php(502): CodeIgniter\CodeIgniter->runController(Object(App\Controllers\Auth))
10 SYSTEMPATH\CodeIgniter.php(361): CodeIgniter\CodeIgniter->handleRequest(null, Object(Config\Cache), false)
11 FCPATH\index.php(79): CodeIgniter\CodeIgniter->run()
12 SYSTEMPATH\Commands\Server\rewrite.php(47): require_once('H:\\ACA\\K TO P\\project\\public\\index.php')
CRITICAL - 2024-02-06 02:17:49 --> CodeIgniter\View\Exceptions\ViewException: Invalid file: "templet/header.php"
in SYSTEMPATH\Exceptions\FrameworkException.php on line 39.
 1 SYSTEMPATH\View\View.php(216): CodeIgniter\Exceptions\FrameworkException::forInvalidFile('templet/header.php')
 2 SYSTEMPATH\Common.php(1178): CodeIgniter\View\View->render('templet/header', [], true)
 3 APPPATH\Views\login.php(3): view('templet/header')
 4 SYSTEMPATH\View\View.php(228): include('H:\\ACA\\K TO P\\project\\app\\Views\\login.php')
 5 SYSTEMPATH\View\View.php(231): CodeIgniter\View\View->CodeIgniter\View\{closure}()
 6 SYSTEMPATH\Common.php(1178): CodeIgniter\View\View->render('login', [], true)
 7 APPPATH\Controllers\Auth.php(12): view('login')
 8 SYSTEMPATH\CodeIgniter.php(941): App\Controllers\Auth->index()
 9 SYSTEMPATH\CodeIgniter.php(502): CodeIgniter\CodeIgniter->runController(Object(App\Controllers\Auth))
10 SYSTEMPATH\CodeIgniter.php(361): CodeIgniter\CodeIgniter->handleRequest(null, Object(Config\Cache), false)
11 FCPATH\index.php(79): CodeIgniter\CodeIgniter->run()
12 SYSTEMPATH\Commands\Server\rewrite.php(47): require_once('H:\\ACA\\K TO P\\project\\public\\index.php')
CRITICAL - 2024-02-06 02:17:51 --> CodeIgniter\View\Exceptions\ViewException: Invalid file: "templet/header.php"
in SYSTEMPATH\Exceptions\FrameworkException.php on line 39.
 1 SYSTEMPATH\View\View.php(216): CodeIgniter\Exceptions\FrameworkException::forInvalidFile('templet/header.php')
 2 SYSTEMPATH\Common.php(1178): CodeIgniter\View\View->render('templet/header', [], true)
 3 APPPATH\Views\login.php(3): view('templet/header')
 4 SYSTEMPATH\View\View.php(228): include('H:\\ACA\\K TO P\\project\\app\\Views\\login.php')
 5 SYSTEMPATH\View\View.php(231): CodeIgniter\View\View->CodeIgniter\View\{closure}()
 6 SYSTEMPATH\Common.php(1178): CodeIgniter\View\View->render('login', [], true)
 7 APPPATH\Controllers\Auth.php(12): view('login')
 8 SYSTEMPATH\CodeIgniter.php(941): App\Controllers\Auth->index()
 9 SYSTEMPATH\CodeIgniter.php(502): CodeIgniter\CodeIgniter->runController(Object(App\Controllers\Auth))
10 SYSTEMPATH\CodeIgniter.php(361): CodeIgniter\CodeIgniter->handleRequest(null, Object(Config\Cache), false)
11 FCPATH\index.php(79): CodeIgniter\CodeIgniter->run()
12 SYSTEMPATH\Commands\Server\rewrite.php(47): require_once('H:\\ACA\\K TO P\\project\\public\\index.php')
CRITICAL - 2024-02-06 02:17:51 --> CodeIgniter\View\Exceptions\ViewException: Invalid file: "templet/header.php"
in SYSTEMPATH\Exceptions\FrameworkException.php on line 39.
 1 SYSTEMPATH\View\View.php(216): CodeIgniter\Exceptions\FrameworkException::forInvalidFile('templet/header.php')
 2 SYSTEMPATH\Common.php(1178): CodeIgniter\View\View->render('templet/header', [], true)
 3 APPPATH\Views\login.php(3): view('templet/header')
 4 SYSTEMPATH\View\View.php(228): include('H:\\ACA\\K TO P\\project\\app\\Views\\login.php')
 5 SYSTEMPATH\View\View.php(231): CodeIgniter\View\View->CodeIgniter\View\{closure}()
 6 SYSTEMPATH\Common.php(1178): CodeIgniter\View\View->render('login', [], true)
 7 APPPATH\Controllers\Auth.php(12): view('login')
 8 SYSTEMPATH\CodeIgniter.php(941): App\Controllers\Auth->index()
 9 SYSTEMPATH\CodeIgniter.php(502): CodeIgniter\CodeIgniter->runController(Object(App\Controllers\Auth))
10 SYSTEMPATH\CodeIgniter.php(361): CodeIgniter\CodeIgniter->handleRequest(null, Object(Config\Cache), false)
11 FCPATH\index.php(79): CodeIgniter\CodeIgniter->run()
12 SYSTEMPATH\Commands\Server\rewrite.php(47): require_once('H:\\ACA\\K TO P\\project\\public\\index.php')
CRITICAL - 2024-02-06 02:20:50 --> CodeIgniter\View\Exceptions\ViewException: Invalid file: "templet/admin/header.php"
in SYSTEMPATH\Exceptions\FrameworkException.php on line 39.
 1 SYSTEMPATH\View\View.php(216): CodeIgniter\Exceptions\FrameworkException::forInvalidFile('templet/admin/header.php')
 2 SYSTEMPATH\Common.php(1178): CodeIgniter\View\View->render('templet/admin/header', [], true)
 3 APPPATH\Controllers\Auth.php(12): view('templet/admin/header')
 4 SYSTEMPATH\CodeIgniter.php(941): App\Controllers\Auth->index()
 5 SYSTEMPATH\CodeIgniter.php(502): CodeIgniter\CodeIgniter->runController(Object(App\Controllers\Auth))
 6 SYSTEMPATH\CodeIgniter.php(361): CodeIgniter\CodeIgniter->handleRequest(null, Object(Config\Cache), false)
 7 FCPATH\index.php(79): CodeIgniter\CodeIgniter->run()
 8 SYSTEMPATH\Commands\Server\rewrite.php(47): require_once('H:\\ACA\\K TO P\\project\\public\\index.php')
CRITICAL - 2024-02-06 02:33:11 --> CodeIgniter\View\Exceptions\ViewException: Invalid file: "templet/admin/header.php"
in SYSTEMPATH\Exceptions\FrameworkException.php on line 39.
 1 SYSTEMPATH\View\View.php(216): CodeIgniter\Exceptions\FrameworkException::forInvalidFile('templet/admin/header.php')
 2 SYSTEMPATH\Common.php(1178): CodeIgniter\View\View->render('templet/admin/header', [], true)
 3 APPPATH\Views\admin\BookingRequest.php(2): view('templet/admin/header')
 4 SYSTEMPATH\View\View.php(228): include('H:\\ACA\\K TO P\\project\\app\\Views\\admin\\BookingRequest.php')
 5 SYSTEMPATH\View\View.php(231): CodeIgniter\View\View->CodeIgniter\View\{closure}()
 6 SYSTEMPATH\Common.php(1178): CodeIgniter\View\View->render('admin/BookingRequest', [], true)
 7 APPPATH\Controllers\Auth.php(12): view('admin/BookingRequest')
 8 SYSTEMPATH\CodeIgniter.php(941): App\Controllers\Auth->index()
 9 SYSTEMPATH\CodeIgniter.php(502): CodeIgniter\CodeIgniter->runController(Object(App\Controllers\Auth))
10 SYSTEMPATH\CodeIgniter.php(361): CodeIgniter\CodeIgniter->handleRequest(null, Object(Config\Cache), false)
11 FCPATH\index.php(79): CodeIgniter\CodeIgniter->run()
12 SYSTEMPATH\Commands\Server\rewrite.php(47): require_once('H:\\ACA\\K TO P\\project\\public\\index.php')
CRITICAL - 2024-02-06 02:33:41 --> CodeIgniter\View\Exceptions\ViewException: Invalid file: "templet/admin/header.php"
in SYSTEMPATH\Exceptions\FrameworkException.php on line 39.
 1 SYSTEMPATH\View\View.php(216): CodeIgniter\Exceptions\FrameworkException::forInvalidFile('templet/admin/header.php')
 2 SYSTEMPATH\Common.php(1178): CodeIgniter\View\View->render('templet/admin/header', [], true)
 3 APPPATH\Views\admin\BookingRequest.php(2): view('templet/admin/header')
 4 SYSTEMPATH\View\View.php(228): include('H:\\ACA\\K TO P\\project\\app\\Views\\admin\\BookingRequest.php')
 5 SYSTEMPATH\View\View.php(231): CodeIgniter\View\View->CodeIgniter\View\{closure}()
 6 SYSTEMPATH\Common.php(1178): CodeIgniter\View\View->render('admin/BookingRequest', [], true)
 7 APPPATH\Controllers\Auth.php(12): view('admin/BookingRequest')
 8 SYSTEMPATH\CodeIgniter.php(941): App\Controllers\Auth->index()
 9 SYSTEMPATH\CodeIgniter.php(502): CodeIgniter\CodeIgniter->runController(Object(App\Controllers\Auth))
10 SYSTEMPATH\CodeIgniter.php(361): CodeIgniter\CodeIgniter->handleRequest(null, Object(Config\Cache), false)
11 FCPATH\index.php(79): CodeIgniter\CodeIgniter->run()
12 SYSTEMPATH\Commands\Server\rewrite.php(47): require_once('H:\\ACA\\K TO P\\project\\public\\index.php')
CRITICAL - 2024-02-06 02:33:42 --> CodeIgniter\View\Exceptions\ViewException: Invalid file: "templet/admin/header.php"
in SYSTEMPATH\Exceptions\FrameworkException.php on line 39.
 1 SYSTEMPATH\View\View.php(216): CodeIgniter\Exceptions\FrameworkException::forInvalidFile('templet/admin/header.php')
 2 SYSTEMPATH\Common.php(1178): CodeIgniter\View\View->render('templet/admin/header', [], true)
 3 APPPATH\Views\admin\BookingRequest.php(2): view('templet/admin/header')
 4 SYSTEMPATH\View\View.php(228): include('H:\\ACA\\K TO P\\project\\app\\Views\\admin\\BookingRequest.php')
 5 SYSTEMPATH\View\View.php(231): CodeIgniter\View\View->CodeIgniter\View\{closure}()
 6 SYSTEMPATH\Common.php(1178): CodeIgniter\View\View->render('admin/BookingRequest', [], true)
 7 APPPATH\Controllers\Auth.php(12): view('admin/BookingRequest')
 8 SYSTEMPATH\CodeIgniter.php(941): App\Controllers\Auth->index()
 9 SYSTEMPATH\CodeIgniter.php(502): CodeIgniter\CodeIgniter->runController(Object(App\Controllers\Auth))
10 SYSTEMPATH\CodeIgniter.php(361): CodeIgniter\CodeIgniter->handleRequest(null, Object(Config\Cache), false)
11 FCPATH\index.php(79): CodeIgniter\CodeIgniter->run()
12 SYSTEMPATH\Commands\Server\rewrite.php(47): require_once('H:\\ACA\\K TO P\\project\\public\\index.php')
CRITICAL - 2024-02-06 02:33:43 --> CodeIgniter\View\Exceptions\ViewException: Invalid file: "templet/admin/header.php"
in SYSTEMPATH\Exceptions\FrameworkException.php on line 39.
 1 SYSTEMPATH\View\View.php(216): CodeIgniter\Exceptions\FrameworkException::forInvalidFile('templet/admin/header.php')
 2 SYSTEMPATH\Common.php(1178): CodeIgniter\View\View->render('templet/admin/header', [], true)
 3 APPPATH\Views\admin\BookingRequest.php(2): view('templet/admin/header')
 4 SYSTEMPATH\View\View.php(228): include('H:\\ACA\\K TO P\\project\\app\\Views\\admin\\BookingRequest.php')
 5 SYSTEMPATH\View\View.php(231): CodeIgniter\View\View->CodeIgniter\View\{closure}()
 6 SYSTEMPATH\Common.php(1178): CodeIgniter\View\View->render('admin/BookingRequest', [], true)
 7 APPPATH\Controllers\Auth.php(12): view('admin/BookingRequest')
 8 SYSTEMPATH\CodeIgniter.php(941): App\Controllers\Auth->index()
 9 SYSTEMPATH\CodeIgniter.php(502): CodeIgniter\CodeIgniter->runController(Object(App\Controllers\Auth))
10 SYSTEMPATH\CodeIgniter.php(361): CodeIgniter\CodeIgniter->handleRequest(null, Object(Config\Cache), false)
11 FCPATH\index.php(79): CodeIgniter\CodeIgniter->run()
12 SYSTEMPATH\Commands\Server\rewrite.php(47): require_once('H:\\ACA\\K TO P\\project\\public\\index.php')
ERROR - 2024-02-06 03:05:09 --> Error connecting to the database: mysqli_sql_exception: Access denied for user ''@'localhost' (using password: NO) in H:\ACA\K TO P\project\system\Database\MySQLi\Connection.php:185
Stack trace:
#0 H:\ACA\K TO P\project\system\Database\MySQLi\Connection.php(185): mysqli->real_connect('localhost', '', '', 'sisi', 3306, '', 0)
#1 H:\ACA\K TO P\project\system\Database\BaseConnection.php(392): CodeIgniter\Database\MySQLi\Connection->connect(false)
#2 H:\ACA\K TO P\project\system\Database\BaseConnection.php(575): CodeIgniter\Database\BaseConnection->initialize()
#3 H:\ACA\K TO P\project\system\Database\BaseBuilder.php(1616): CodeIgniter\Database\BaseConnection->query('SELECT *\nFROM `...', Array, false)
#4 H:\ACA\K TO P\project\system\Model.php(242): CodeIgniter\Database\BaseBuilder->get()
#5 H:\ACA\K TO P\project\system\BaseModel.php(638): CodeIgniter\Model->doFindAll(0, 0)
#6 H:\ACA\K TO P\project\app\Controllers\Auth.php(14): CodeIgniter\BaseModel->findAll()
#7 H:\ACA\K TO P\project\system\CodeIgniter.php(941): App\Controllers\Auth->index()
#8 H:\ACA\K TO P\project\system\CodeIgniter.php(502): CodeIgniter\CodeIgniter->runController(Object(App\Controllers\Auth))
#9 H:\ACA\K TO P\project\system\CodeIgniter.php(361): CodeIgniter\CodeIgniter->handleRequest(NULL, Object(Config\Cache), false)
#10 H:\ACA\K TO P\project\public\index.php(79): CodeIgniter\CodeIgniter->run()
#11 H:\ACA\K TO P\project\system\Commands\Server\rewrite.php(47): require_once('H:\\ACA\\K TO P\\p...')
#12 {main}

Next CodeIgniter\Database\Exceptions\DatabaseException: Access denied for user ''@'localhost' (using password: NO) in H:\ACA\K TO P\project\system\Database\MySQLi\Connection.php:229
Stack trace:
#0 H:\ACA\K TO P\project\system\Database\BaseConnection.php(392): CodeIgniter\Database\MySQLi\Connection->connect(false)
#1 H:\ACA\K TO P\project\system\Database\BaseConnection.php(575): CodeIgniter\Database\BaseConnection->initialize()
#2 H:\ACA\K TO P\project\system\Database\BaseBuilder.php(1616): CodeIgniter\Database\BaseConnection->query('SELECT *\nFROM `...', Array, false)
#3 H:\ACA\K TO P\project\system\Model.php(242): CodeIgniter\Database\BaseBuilder->get()
#4 H:\ACA\K TO P\project\system\BaseModel.php(638): CodeIgniter\Model->doFindAll(0, 0)
#5 H:\ACA\K TO P\project\app\Controllers\Auth.php(14): CodeIgniter\BaseModel->findAll()
#6 H:\ACA\K TO P\project\system\CodeIgniter.php(941): App\Controllers\Auth->index()
#7 H:\ACA\K TO P\project\system\CodeIgniter.php(502): CodeIgniter\CodeIgniter->runController(Object(App\Controllers\Auth))
#8 H:\ACA\K TO P\project\system\CodeIgniter.php(361): CodeIgniter\CodeIgniter->handleRequest(NULL, Object(Config\Cache), false)
#9 H:\ACA\K TO P\project\public\index.php(79): CodeIgniter\CodeIgniter->run()
#10 H:\ACA\K TO P\project\system\Commands\Server\rewrite.php(47): require_once('H:\\ACA\\K TO P\\p...')
#11 {main}
CRITICAL - 2024-02-06 03:05:09 --> CodeIgniter\Database\Exceptions\DatabaseException: Unable to connect to the database.
Main connection [MySQLi]: Access denied for user ''@'localhost' (using password: NO)
in SYSTEMPATH\Database\BaseConnection.php on line 428.
 1 SYSTEMPATH\Database\BaseConnection.php(575): CodeIgniter\Database\BaseConnection->initialize()
 2 SYSTEMPATH\Database\BaseBuilder.php(1616): CodeIgniter\Database\BaseConnection->query('SELECT *
FROM `users`', [], false)
 3 SYSTEMPATH\Model.php(242): CodeIgniter\Database\BaseBuilder->get()
 4 SYSTEMPATH\BaseModel.php(638): CodeIgniter\Model->doFindAll(0, 0)
 5 APPPATH\Controllers\Auth.php(14): CodeIgniter\BaseModel->findAll()
 6 SYSTEMPATH\CodeIgniter.php(941): App\Controllers\Auth->index()
 7 SYSTEMPATH\CodeIgniter.php(502): CodeIgniter\CodeIgniter->runController(Object(App\Controllers\Auth))
 8 SYSTEMPATH\CodeIgniter.php(361): CodeIgniter\CodeIgniter->handleRequest(null, Object(Config\Cache), false)
 9 FCPATH\index.php(79): CodeIgniter\CodeIgniter->run()
10 SYSTEMPATH\Commands\Server\rewrite.php(47): require_once('H:\\ACA\\K TO P\\project\\public\\index.php')
CRITICAL - 2024-02-06 03:07:22 --> ErrorException: Undefined variable $counter
in APPPATH\Views\admin\User.php on line 95.
 1 APPPATH\Views\admin\User.php(95): CodeIgniter\Debug\Exceptions->errorHandler(2, 'Undefined variable $counter', 'H:\\ACA\\K TO P\\project\\app\\Views\\admin\\User.php', 95)
 2 SYSTEMPATH\View\View.php(228): include('H:\\ACA\\K TO P\\project\\app\\Views\\admin\\User.php')
 3 SYSTEMPATH\View\View.php(231): CodeIgniter\View\View->CodeIgniter\View\{closure}()
 4 SYSTEMPATH\Common.php(1178): CodeIgniter\View\View->render('admin/User', [], true)
 5 APPPATH\Controllers\Auth.php(16): view('admin/User')
 6 SYSTEMPATH\CodeIgniter.php(941): App\Controllers\Auth->index()
 7 SYSTEMPATH\CodeIgniter.php(502): CodeIgniter\CodeIgniter->runController(Object(App\Controllers\Auth))
 8 SYSTEMPATH\CodeIgniter.php(361): CodeIgniter\CodeIgniter->handleRequest(null, Object(Config\Cache), false)
 9 FCPATH\index.php(79): CodeIgniter\CodeIgniter->run()
10 SYSTEMPATH\Commands\Server\rewrite.php(47): require_once('H:\\ACA\\K TO P\\project\\public\\index.php')
CRITICAL - 2024-02-06 03:07:34 --> ErrorException: Undefined variable $counter
in APPPATH\Views\admin\User.php on line 95.
 1 APPPATH\Views\admin\User.php(95): CodeIgniter\Debug\Exceptions->errorHandler(2, 'Undefined variable $counter', 'H:\\ACA\\K TO P\\project\\app\\Views\\admin\\User.php', 95)
 2 SYSTEMPATH\View\View.php(228): include('H:\\ACA\\K TO P\\project\\app\\Views\\admin\\User.php')
 3 SYSTEMPATH\View\View.php(231): CodeIgniter\View\View->CodeIgniter\View\{closure}()
 4 SYSTEMPATH\Common.php(1178): CodeIgniter\View\View->render('admin/User', [], true)
 5 APPPATH\Controllers\Auth.php(16): view('admin/User')
 6 SYSTEMPATH\CodeIgniter.php(941): App\Controllers\Auth->index()
 7 SYSTEMPATH\CodeIgniter.php(502): CodeIgniter\CodeIgniter->runController(Object(App\Controllers\Auth))
 8 SYSTEMPATH\CodeIgniter.php(361): CodeIgniter\CodeIgniter->handleRequest(null, Object(Config\Cache), false)
 9 FCPATH\index.php(79): CodeIgniter\CodeIgniter->run()
10 SYSTEMPATH\Commands\Server\rewrite.php(47): require_once('H:\\ACA\\K TO P\\project\\public\\index.php')
CRITICAL - 2024-02-06 03:07:39 --> ErrorException: Undefined variable $user
in APPPATH\Views\admin\User.php on line 96.
 1 APPPATH\Views\admin\User.php(96): CodeIgniter\Debug\Exceptions->errorHandler(2, 'Undefined variable $user', 'H:\\ACA\\K TO P\\project\\app\\Views\\admin\\User.php', 96)
 2 SYSTEMPATH\View\View.php(228): include('H:\\ACA\\K TO P\\project\\app\\Views\\admin\\User.php')
 3 SYSTEMPATH\View\View.php(231): CodeIgniter\View\View->CodeIgniter\View\{closure}()
 4 SYSTEMPATH\Common.php(1178): CodeIgniter\View\View->render('admin/User', [], true)
 5 APPPATH\Controllers\Auth.php(16): view('admin/User')
 6 SYSTEMPATH\CodeIgniter.php(941): App\Controllers\Auth->index()
 7 SYSTEMPATH\CodeIgniter.php(502): CodeIgniter\CodeIgniter->runController(Object(App\Controllers\Auth))
 8 SYSTEMPATH\CodeIgniter.php(361): CodeIgniter\CodeIgniter->handleRequest(null, Object(Config\Cache), false)
 9 FCPATH\index.php(79): CodeIgniter\CodeIgniter->run()
10 SYSTEMPATH\Commands\Server\rewrite.php(47): require_once('H:\\ACA\\K TO P\\project\\public\\index.php')
CRITICAL - 2024-02-06 03:07:41 --> ErrorException: Undefined variable $user
in APPPATH\Views\admin\User.php on line 96.
 1 APPPATH\Views\admin\User.php(96): CodeIgniter\Debug\Exceptions->errorHandler(2, 'Undefined variable $user', 'H:\\ACA\\K TO P\\project\\app\\Views\\admin\\User.php', 96)
 2 SYSTEMPATH\View\View.php(228): include('H:\\ACA\\K TO P\\project\\app\\Views\\admin\\User.php')
 3 SYSTEMPATH\View\View.php(231): CodeIgniter\View\View->CodeIgniter\View\{closure}()
 4 SYSTEMPATH\Common.php(1178): CodeIgniter\View\View->render('admin/User', [], true)
 5 APPPATH\Controllers\Auth.php(16): view('admin/User')
 6 SYSTEMPATH\CodeIgniter.php(941): App\Controllers\Auth->index()
 7 SYSTEMPATH\CodeIgniter.php(502): CodeIgniter\CodeIgniter->runController(Object(App\Controllers\Auth))
 8 SYSTEMPATH\CodeIgniter.php(361): CodeIgniter\CodeIgniter->handleRequest(null, Object(Config\Cache), false)
 9 FCPATH\index.php(79): CodeIgniter\CodeIgniter->run()
10 SYSTEMPATH\Commands\Server\rewrite.php(47): require_once('H:\\ACA\\K TO P\\project\\public\\index.php')
CRITICAL - 2024-02-06 03:07:41 --> ErrorException: Undefined variable $user
in APPPATH\Views\admin\User.php on line 96.
 1 APPPATH\Views\admin\User.php(96): CodeIgniter\Debug\Exceptions->errorHandler(2, 'Undefined variable $user', 'H:\\ACA\\K TO P\\project\\app\\Views\\admin\\User.php', 96)
 2 SYSTEMPATH\View\View.php(228): include('H:\\ACA\\K TO P\\project\\app\\Views\\admin\\User.php')
 3 SYSTEMPATH\View\View.php(231): CodeIgniter\View\View->CodeIgniter\View\{closure}()
 4 SYSTEMPATH\Common.php(1178): CodeIgniter\View\View->render('admin/User', [], true)
 5 APPPATH\Controllers\Auth.php(16): view('admin/User')
 6 SYSTEMPATH\CodeIgniter.php(941): App\Controllers\Auth->index()
 7 SYSTEMPATH\CodeIgniter.php(502): CodeIgniter\CodeIgniter->runController(Object(App\Controllers\Auth))
 8 SYSTEMPATH\CodeIgniter.php(361): CodeIgniter\CodeIgniter->handleRequest(null, Object(Config\Cache), false)
 9 FCPATH\index.php(79): CodeIgniter\CodeIgniter->run()
10 SYSTEMPATH\Commands\Server\rewrite.php(47): require_once('H:\\ACA\\K TO P\\project\\public\\index.php')
CRITICAL - 2024-02-06 03:08:20 --> ErrorException: Undefined variable $users
in APPPATH\Views\admin\User.php on line 96.
 1 APPPATH\Views\admin\User.php(96): CodeIgniter\Debug\Exceptions->errorHandler(2, 'Undefined variable $users', 'H:\\ACA\\K TO P\\project\\app\\Views\\admin\\User.php', 96)
 2 SYSTEMPATH\View\View.php(228): include('H:\\ACA\\K TO P\\project\\app\\Views\\admin\\User.php')
 3 SYSTEMPATH\View\View.php(231): CodeIgniter\View\View->CodeIgniter\View\{closure}()
 4 SYSTEMPATH\Common.php(1178): CodeIgniter\View\View->render('admin/User', [], true)
 5 APPPATH\Controllers\Auth.php(16): view('admin/User')
 6 SYSTEMPATH\CodeIgniter.php(941): App\Controllers\Auth->index()
 7 SYSTEMPATH\CodeIgniter.php(502): CodeIgniter\CodeIgniter->runController(Object(App\Controllers\Auth))
 8 SYSTEMPATH\CodeIgniter.php(361): CodeIgniter\CodeIgniter->handleRequest(null, Object(Config\Cache), false)
 9 FCPATH\index.php(79): CodeIgniter\CodeIgniter->run()
10 SYSTEMPATH\Commands\Server\rewrite.php(47): require_once('H:\\ACA\\K TO P\\project\\public\\index.php')
CRITICAL - 2024-02-06 03:08:21 --> ErrorException: Undefined variable $users
in APPPATH\Views\admin\User.php on line 96.
 1 APPPATH\Views\admin\User.php(96): CodeIgniter\Debug\Exceptions->errorHandler(2, 'Undefined variable $users', 'H:\\ACA\\K TO P\\project\\app\\Views\\admin\\User.php', 96)
 2 SYSTEMPATH\View\View.php(228): include('H:\\ACA\\K TO P\\project\\app\\Views\\admin\\User.php')
 3 SYSTEMPATH\View\View.php(231): CodeIgniter\View\View->CodeIgniter\View\{closure}()
 4 SYSTEMPATH\Common.php(1178): CodeIgniter\View\View->render('admin/User', [], true)
 5 APPPATH\Controllers\Auth.php(16): view('admin/User')
 6 SYSTEMPATH\CodeIgniter.php(941): App\Controllers\Auth->index()
 7 SYSTEMPATH\CodeIgniter.php(502): CodeIgniter\CodeIgniter->runController(Object(App\Controllers\Auth))
 8 SYSTEMPATH\CodeIgniter.php(361): CodeIgniter\CodeIgniter->handleRequest(null, Object(Config\Cache), false)
 9 FCPATH\index.php(79): CodeIgniter\CodeIgniter->run()
10 SYSTEMPATH\Commands\Server\rewrite.php(47): require_once('H:\\ACA\\K TO P\\project\\public\\index.php')
CRITICAL - 2024-02-06 03:08:22 --> ErrorException: Undefined variable $users
in APPPATH\Views\admin\User.php on line 96.
 1 APPPATH\Views\admin\User.php(96): CodeIgniter\Debug\Exceptions->errorHandler(2, 'Undefined variable $users', 'H:\\ACA\\K TO P\\project\\app\\Views\\admin\\User.php', 96)
 2 SYSTEMPATH\View\View.php(228): include('H:\\ACA\\K TO P\\project\\app\\Views\\admin\\User.php')
 3 SYSTEMPATH\View\View.php(231): CodeIgniter\View\View->CodeIgniter\View\{closure}()
 4 SYSTEMPATH\Common.php(1178): CodeIgniter\View\View->render('admin/User', [], true)
 5 APPPATH\Controllers\Auth.php(16): view('admin/User')
 6 SYSTEMPATH\CodeIgniter.php(941): App\Controllers\Auth->index()
 7 SYSTEMPATH\CodeIgniter.php(502): CodeIgniter\CodeIgniter->runController(Object(App\Controllers\Auth))
 8 SYSTEMPATH\CodeIgniter.php(361): CodeIgniter\CodeIgniter->handleRequest(null, Object(Config\Cache), false)
 9 FCPATH\index.php(79): CodeIgniter\CodeIgniter->run()
10 SYSTEMPATH\Commands\Server\rewrite.php(47): require_once('H:\\ACA\\K TO P\\project\\public\\index.php')
CRITICAL - 2024-02-06 03:08:54 --> ParseError: syntax error, unexpected end of file
in APPPATH\Views\admin\User.php on line 128.
 1 SYSTEMPATH\View\View.php(231): CodeIgniter\View\View->CodeIgniter\View\{closure}()
 2 SYSTEMPATH\Common.php(1178): CodeIgniter\View\View->render('admin/User', [], true)
 3 APPPATH\Controllers\Auth.php(16): view('admin/User')
 4 SYSTEMPATH\CodeIgniter.php(941): App\Controllers\Auth->index()
 5 SYSTEMPATH\CodeIgniter.php(502): CodeIgniter\CodeIgniter->runController(Object(App\Controllers\Auth))
 6 SYSTEMPATH\CodeIgniter.php(361): CodeIgniter\CodeIgniter->handleRequest(null, Object(Config\Cache), false)
 7 FCPATH\index.php(79): CodeIgniter\CodeIgniter->run()
 8 SYSTEMPATH\Commands\Server\rewrite.php(47): require_once('H:\\ACA\\K TO P\\project\\public\\index.php')
CRITICAL - 2024-02-06 03:09:01 --> ParseError: syntax error, unexpected end of file
in APPPATH\Views\admin\User.php on line 126.
 1 SYSTEMPATH\View\View.php(231): CodeIgniter\View\View->CodeIgniter\View\{closure}()
 2 SYSTEMPATH\Common.php(1178): CodeIgniter\View\View->render('admin/User', [], true)
 3 APPPATH\Controllers\Auth.php(16): view('admin/User')
 4 SYSTEMPATH\CodeIgniter.php(941): App\Controllers\Auth->index()
 5 SYSTEMPATH\CodeIgniter.php(502): CodeIgniter\CodeIgniter->runController(Object(App\Controllers\Auth))
 6 SYSTEMPATH\CodeIgniter.php(361): CodeIgniter\CodeIgniter->handleRequest(null, Object(Config\Cache), false)
 7 FCPATH\index.php(79): CodeIgniter\CodeIgniter->run()
 8 SYSTEMPATH\Commands\Server\rewrite.php(47): require_once('H:\\ACA\\K TO P\\project\\public\\index.php')
CRITICAL - 2024-02-06 03:09:07 --> ParseError: syntax error, unexpected end of file
in APPPATH\Views\admin\User.php on line 126.
 1 SYSTEMPATH\View\View.php(231): CodeIgniter\View\View->CodeIgniter\View\{closure}()
 2 SYSTEMPATH\Common.php(1178): CodeIgniter\View\View->render('admin/User', [], true)
 3 APPPATH\Controllers\Auth.php(16): view('admin/User')
 4 SYSTEMPATH\CodeIgniter.php(941): App\Controllers\Auth->index()
 5 SYSTEMPATH\CodeIgniter.php(502): CodeIgniter\CodeIgniter->runController(Object(App\Controllers\Auth))
 6 SYSTEMPATH\CodeIgniter.php(361): CodeIgniter\CodeIgniter->handleRequest(null, Object(Config\Cache), false)
 7 FCPATH\index.php(79): CodeIgniter\CodeIgniter->run()
 8 SYSTEMPATH\Commands\Server\rewrite.php(47): require_once('H:\\ACA\\K TO P\\project\\public\\index.php')
CRITICAL - 2024-02-06 03:09:12 --> ParseError: syntax error, unexpected end of file
in APPPATH\Views\admin\User.php on line 125.
 1 SYSTEMPATH\View\View.php(231): CodeIgniter\View\View->CodeIgniter\View\{closure}()
 2 SYSTEMPATH\Common.php(1178): CodeIgniter\View\View->render('admin/User', [], true)
 3 APPPATH\Controllers\Auth.php(16): view('admin/User')
 4 SYSTEMPATH\CodeIgniter.php(941): App\Controllers\Auth->index()
 5 SYSTEMPATH\CodeIgniter.php(502): CodeIgniter\CodeIgniter->runController(Object(App\Controllers\Auth))
 6 SYSTEMPATH\CodeIgniter.php(361): CodeIgniter\CodeIgniter->handleRequest(null, Object(Config\Cache), false)
 7 FCPATH\index.php(79): CodeIgniter\CodeIgniter->run()
 8 SYSTEMPATH\Commands\Server\rewrite.php(47): require_once('H:\\ACA\\K TO P\\project\\public\\index.php')
CRITICAL - 2024-02-06 03:09:34 --> ErrorException: Undefined variable $users
in APPPATH\Views\admin\User.php on line 95.
 1 APPPATH\Views\admin\User.php(95): CodeIgniter\Debug\Exceptions->errorHandler(2, 'Undefined variable $users', 'H:\\ACA\\K TO P\\project\\app\\Views\\admin\\User.php', 95)
 2 SYSTEMPATH\View\View.php(228): include('H:\\ACA\\K TO P\\project\\app\\Views\\admin\\User.php')
 3 SYSTEMPATH\View\View.php(231): CodeIgniter\View\View->CodeIgniter\View\{closure}()
 4 SYSTEMPATH\Common.php(1178): CodeIgniter\View\View->render('admin/User', [], true)
 5 APPPATH\Controllers\Auth.php(16): view('admin/User')
 6 SYSTEMPATH\CodeIgniter.php(941): App\Controllers\Auth->index()
 7 SYSTEMPATH\CodeIgniter.php(502): CodeIgniter\CodeIgniter->runController(Object(App\Controllers\Auth))
 8 SYSTEMPATH\CodeIgniter.php(361): CodeIgniter\CodeIgniter->handleRequest(null, Object(Config\Cache), false)
 9 FCPATH\index.php(79): CodeIgniter\CodeIgniter->run()
10 SYSTEMPATH\Commands\Server\rewrite.php(47): require_once('H:\\ACA\\K TO P\\project\\public\\index.php')
CRITICAL - 2024-02-06 03:09:54 --> ErrorException: Undefined variable $users
in APPPATH\Views\admin\User.php on line 95.
 1 APPPATH\Views\admin\User.php(95): CodeIgniter\Debug\Exceptions->errorHandler(2, 'Undefined variable $users', 'H:\\ACA\\K TO P\\project\\app\\Views\\admin\\User.php', 95)
 2 SYSTEMPATH\View\View.php(228): include('H:\\ACA\\K TO P\\project\\app\\Views\\admin\\User.php')
 3 SYSTEMPATH\View\View.php(231): CodeIgniter\View\View->CodeIgniter\View\{closure}()
 4 SYSTEMPATH\Common.php(1178): CodeIgniter\View\View->render('admin/User', [], true)
 5 APPPATH\Controllers\Auth.php(16): view('admin/User')
 6 SYSTEMPATH\CodeIgniter.php(941): App\Controllers\Auth->index()
 7 SYSTEMPATH\CodeIgniter.php(502): CodeIgniter\CodeIgniter->runController(Object(App\Controllers\Auth))
 8 SYSTEMPATH\CodeIgniter.php(361): CodeIgniter\CodeIgniter->handleRequest(null, Object(Config\Cache), false)
 9 FCPATH\index.php(79): CodeIgniter\CodeIgniter->run()
10 SYSTEMPATH\Commands\Server\rewrite.php(47): require_once('H:\\ACA\\K TO P\\project\\public\\index.php')
CRITICAL - 2024-02-06 03:09:55 --> ErrorException: Undefined variable $users
in APPPATH\Views\admin\User.php on line 95.
 1 APPPATH\Views\admin\User.php(95): CodeIgniter\Debug\Exceptions->errorHandler(2, 'Undefined variable $users', 'H:\\ACA\\K TO P\\project\\app\\Views\\admin\\User.php', 95)
 2 SYSTEMPATH\View\View.php(228): include('H:\\ACA\\K TO P\\project\\app\\Views\\admin\\User.php')
 3 SYSTEMPATH\View\View.php(231): CodeIgniter\View\View->CodeIgniter\View\{closure}()
 4 SYSTEMPATH\Common.php(1178): CodeIgniter\View\View->render('admin/User', [], true)
 5 APPPATH\Controllers\Auth.php(16): view('admin/User')
 6 SYSTEMPATH\CodeIgniter.php(941): App\Controllers\Auth->index()
 7 SYSTEMPATH\CodeIgniter.php(502): CodeIgniter\CodeIgniter->runController(Object(App\Controllers\Auth))
 8 SYSTEMPATH\CodeIgniter.php(361): CodeIgniter\CodeIgniter->handleRequest(null, Object(Config\Cache), false)
 9 FCPATH\index.php(79): CodeIgniter\CodeIgniter->run()
10 SYSTEMPATH\Commands\Server\rewrite.php(47): require_once('H:\\ACA\\K TO P\\project\\public\\index.php')
CRITICAL - 2024-02-06 03:09:55 --> ErrorException: Undefined variable $users
in APPPATH\Views\admin\User.php on line 95.
 1 APPPATH\Views\admin\User.php(95): CodeIgniter\Debug\Exceptions->errorHandler(2, 'Undefined variable $users', 'H:\\ACA\\K TO P\\project\\app\\Views\\admin\\User.php', 95)
 2 SYSTEMPATH\View\View.php(228): include('H:\\ACA\\K TO P\\project\\app\\Views\\admin\\User.php')
 3 SYSTEMPATH\View\View.php(231): CodeIgniter\View\View->CodeIgniter\View\{closure}()
 4 SYSTEMPATH\Common.php(1178): CodeIgniter\View\View->render('admin/User', [], true)
 5 APPPATH\Controllers\Auth.php(16): view('admin/User')
 6 SYSTEMPATH\CodeIgniter.php(941): App\Controllers\Auth->index()
 7 SYSTEMPATH\CodeIgniter.php(502): CodeIgniter\CodeIgniter->runController(Object(App\Controllers\Auth))
 8 SYSTEMPATH\CodeIgniter.php(361): CodeIgniter\CodeIgniter->handleRequest(null, Object(Config\Cache), false)
 9 FCPATH\index.php(79): CodeIgniter\CodeIgniter->run()
10 SYSTEMPATH\Commands\Server\rewrite.php(47): require_once('H:\\ACA\\K TO P\\project\\public\\index.php')
CRITICAL - 2024-02-06 03:11:10 --> ErrorException: Undefined variable $users
in APPPATH\Views\admin\User.php on line 95.
 1 APPPATH\Views\admin\User.php(95): CodeIgniter\Debug\Exceptions->errorHandler(2, 'Undefined variable $users', 'H:\\ACA\\K TO P\\project\\app\\Views\\admin\\User.php', 95)
 2 SYSTEMPATH\View\View.php(228): include('H:\\ACA\\K TO P\\project\\app\\Views\\admin\\User.php')
 3 SYSTEMPATH\View\View.php(231): CodeIgniter\View\View->CodeIgniter\View\{closure}()
 4 SYSTEMPATH\Common.php(1178): CodeIgniter\View\View->render('admin/User', [], true)
 5 APPPATH\Controllers\Auth.php(16): view('admin/User')
 6 SYSTEMPATH\CodeIgniter.php(941): App\Controllers\Auth->index()
 7 SYSTEMPATH\CodeIgniter.php(502): CodeIgniter\CodeIgniter->runController(Object(App\Controllers\Auth))
 8 SYSTEMPATH\CodeIgniter.php(361): CodeIgniter\CodeIgniter->handleRequest(null, Object(Config\Cache), false)
 9 FCPATH\index.php(79): CodeIgniter\CodeIgniter->run()
10 SYSTEMPATH\Commands\Server\rewrite.php(47): require_once('H:\\ACA\\K TO P\\project\\public\\index.php')
CRITICAL - 2024-02-06 03:11:26 --> ErrorException: Undefined variable $users
in APPPATH\Views\admin\User.php on line 95.
 1 APPPATH\Views\admin\User.php(95): CodeIgniter\Debug\Exceptions->errorHandler(2, 'Undefined variable $users', 'H:\\ACA\\K TO P\\project\\app\\Views\\admin\\User.php', 95)
 2 SYSTEMPATH\View\View.php(228): include('H:\\ACA\\K TO P\\project\\app\\Views\\admin\\User.php')
 3 SYSTEMPATH\View\View.php(231): CodeIgniter\View\View->CodeIgniter\View\{closure}()
 4 SYSTEMPATH\Common.php(1178): CodeIgniter\View\View->render('admin/User', [], true)
 5 APPPATH\Controllers\Auth.php(16): view('admin/User')
 6 SYSTEMPATH\CodeIgniter.php(941): App\Controllers\Auth->index()
 7 SYSTEMPATH\CodeIgniter.php(502): CodeIgniter\CodeIgniter->runController(Object(App\Controllers\Auth))
 8 SYSTEMPATH\CodeIgniter.php(361): CodeIgniter\CodeIgniter->handleRequest(null, Object(Config\Cache), false)
 9 FCPATH\index.php(79): CodeIgniter\CodeIgniter->run()
10 SYSTEMPATH\Commands\Server\rewrite.php(47): require_once('H:\\ACA\\K TO P\\project\\public\\index.php')
CRITICAL - 2024-02-06 03:11:44 --> ErrorException: Undefined variable $users
in APPPATH\Views\admin\User.php on line 95.
 1 APPPATH\Views\admin\User.php(95): CodeIgniter\Debug\Exceptions->errorHandler(2, 'Undefined variable $users', 'H:\\ACA\\K TO P\\project\\app\\Views\\admin\\User.php', 95)
 2 SYSTEMPATH\View\View.php(228): include('H:\\ACA\\K TO P\\project\\app\\Views\\admin\\User.php')
 3 SYSTEMPATH\View\View.php(231): CodeIgniter\View\View->CodeIgniter\View\{closure}()
 4 SYSTEMPATH\Common.php(1178): CodeIgniter\View\View->render('admin/User', [], true)
 5 APPPATH\Controllers\Auth.php(16): view('admin/User')
 6 SYSTEMPATH\CodeIgniter.php(941): App\Controllers\Auth->index()
 7 SYSTEMPATH\CodeIgniter.php(502): CodeIgniter\CodeIgniter->runController(Object(App\Controllers\Auth))
 8 SYSTEMPATH\CodeIgniter.php(361): CodeIgniter\CodeIgniter->handleRequest(null, Object(Config\Cache), false)
 9 FCPATH\index.php(79): CodeIgniter\CodeIgniter->run()
10 SYSTEMPATH\Commands\Server\rewrite.php(47): require_once('H:\\ACA\\K TO P\\project\\public\\index.php')
CRITICAL - 2024-02-06 03:12:15 --> ErrorException: Undefined array key "nama"
in APPPATH\Views\admin\User.php on line 100.
 1 APPPATH\Views\admin\User.php(100): CodeIgniter\Debug\Exceptions->errorHandler(2, 'Undefined array key "nama"', 'H:\\ACA\\K TO P\\project\\app\\Views\\admin\\User.php', 100)
 2 SYSTEMPATH\View\View.php(228): include('H:\\ACA\\K TO P\\project\\app\\Views\\admin\\User.php')
 3 SYSTEMPATH\View\View.php(231): CodeIgniter\View\View->CodeIgniter\View\{closure}()
 4 SYSTEMPATH\Common.php(1178): CodeIgniter\View\View->render('admin/User', [], true)
 5 APPPATH\Controllers\Auth.php(16): view('admin/User', [...])
 6 SYSTEMPATH\CodeIgniter.php(941): App\Controllers\Auth->index()
 7 SYSTEMPATH\CodeIgniter.php(502): CodeIgniter\CodeIgniter->runController(Object(App\Controllers\Auth))
 8 SYSTEMPATH\CodeIgniter.php(361): CodeIgniter\CodeIgniter->handleRequest(null, Object(Config\Cache), false)
 9 FCPATH\index.php(79): CodeIgniter\CodeIgniter->run()
10 SYSTEMPATH\Commands\Server\rewrite.php(47): require_once('H:\\ACA\\K TO P\\project\\public\\index.php')
CRITICAL - 2024-02-06 03:33:21 --> ErrorException: Undefined variable $user
in APPPATH\Views\admin\ruangan.php on line 95.
 1 APPPATH\Views\admin\ruangan.php(95): CodeIgniter\Debug\Exceptions->errorHandler(2, 'Undefined variable $user', 'H:\\ACA\\K TO P\\project\\app\\Views\\admin\\ruangan.php', 95)
 2 SYSTEMPATH\View\View.php(228): include('H:\\ACA\\K TO P\\project\\app\\Views\\admin\\ruangan.php')
 3 SYSTEMPATH\View\View.php(231): CodeIgniter\View\View->CodeIgniter\View\{closure}()
 4 SYSTEMPATH\Common.php(1178): CodeIgniter\View\View->render('admin/ruangan', [], true)
 5 APPPATH\Controllers\RuanganControllers.php(16): view('admin/ruangan', [...])
 6 SYSTEMPATH\CodeIgniter.php(941): App\Controllers\RuanganControllers->index()
 7 SYSTEMPATH\CodeIgniter.php(502): CodeIgniter\CodeIgniter->runController(Object(App\Controllers\RuanganControllers))
 8 SYSTEMPATH\CodeIgniter.php(361): CodeIgniter\CodeIgniter->handleRequest(null, Object(Config\Cache), false)
 9 FCPATH\index.php(79): CodeIgniter\CodeIgniter->run()
10 SYSTEMPATH\Commands\Server\rewrite.php(47): require_once('H:\\ACA\\K TO P\\project\\public\\index.php')
CRITICAL - 2024-02-06 03:33:22 --> ErrorException: Undefined variable $user
in APPPATH\Views\admin\ruangan.php on line 95.
 1 APPPATH\Views\admin\ruangan.php(95): CodeIgniter\Debug\Exceptions->errorHandler(2, 'Undefined variable $user', 'H:\\ACA\\K TO P\\project\\app\\Views\\admin\\ruangan.php', 95)
 2 SYSTEMPATH\View\View.php(228): include('H:\\ACA\\K TO P\\project\\app\\Views\\admin\\ruangan.php')
 3 SYSTEMPATH\View\View.php(231): CodeIgniter\View\View->CodeIgniter\View\{closure}()
 4 SYSTEMPATH\Common.php(1178): CodeIgniter\View\View->render('admin/ruangan', [], true)
 5 APPPATH\Controllers\RuanganControllers.php(16): view('admin/ruangan', [...])
 6 SYSTEMPATH\CodeIgniter.php(941): App\Controllers\RuanganControllers->index()
 7 SYSTEMPATH\CodeIgniter.php(502): CodeIgniter\CodeIgniter->runController(Object(App\Controllers\RuanganControllers))
 8 SYSTEMPATH\CodeIgniter.php(361): CodeIgniter\CodeIgniter->handleRequest(null, Object(Config\Cache), false)
 9 FCPATH\index.php(79): CodeIgniter\CodeIgniter->run()
10 SYSTEMPATH\Commands\Server\rewrite.php(47): require_once('H:\\ACA\\K TO P\\project\\public\\index.php')
CRITICAL - 2024-02-06 03:33:23 --> ErrorException: Undefined variable $user
in APPPATH\Views\admin\ruangan.php on line 95.
 1 APPPATH\Views\admin\ruangan.php(95): CodeIgniter\Debug\Exceptions->errorHandler(2, 'Undefined variable $user', 'H:\\ACA\\K TO P\\project\\app\\Views\\admin\\ruangan.php', 95)
 2 SYSTEMPATH\View\View.php(228): include('H:\\ACA\\K TO P\\project\\app\\Views\\admin\\ruangan.php')
 3 SYSTEMPATH\View\View.php(231): CodeIgniter\View\View->CodeIgniter\View\{closure}()
 4 SYSTEMPATH\Common.php(1178): CodeIgniter\View\View->render('admin/ruangan', [], true)
 5 APPPATH\Controllers\RuanganControllers.php(16): view('admin/ruangan', [...])
 6 SYSTEMPATH\CodeIgniter.php(941): App\Controllers\RuanganControllers->index()
 7 SYSTEMPATH\CodeIgniter.php(502): CodeIgniter\CodeIgniter->runController(Object(App\Controllers\RuanganControllers))
 8 SYSTEMPATH\CodeIgniter.php(361): CodeIgniter\CodeIgniter->handleRequest(null, Object(Config\Cache), false)
 9 FCPATH\index.php(79): CodeIgniter\CodeIgniter->run()
10 SYSTEMPATH\Commands\Server\rewrite.php(47): require_once('H:\\ACA\\K TO P\\project\\public\\index.php')
CRITICAL - 2024-02-06 04:02:08 --> ParseError: syntax error, unexpected variable "$routes"
in APPPATH\Config\Routes.php on line 11.
 1 SYSTEMPATH\CodeIgniter.php(810): CodeIgniter\Router\RouteCollection->loadRoutes()
 2 SYSTEMPATH\CodeIgniter.php(450): CodeIgniter\CodeIgniter->tryToRouteIt(null)
 3 SYSTEMPATH\CodeIgniter.php(361): CodeIgniter\CodeIgniter->handleRequest(null, Object(Config\Cache), false)
 4 FCPATH\index.php(79): CodeIgniter\CodeIgniter->run()
 5 SYSTEMPATH\Commands\Server\rewrite.php(47): require_once('H:\\ACA\\K TO P\\project\\public\\index.php')
CRITICAL - 2024-02-06 04:15:37 --> ErrorException: Undefined variable $room
in APPPATH\Views\admin\History.php on line 86.
 1 APPPATH\Views\admin\History.php(86): CodeIgniter\Debug\Exceptions->errorHandler(2, 'Undefined variable $room', 'H:\\ACA\\K TO P\\project\\app\\Views\\admin\\History.php', 86)
 2 SYSTEMPATH\View\View.php(228): include('H:\\ACA\\K TO P\\project\\app\\Views\\admin\\History.php')
 3 SYSTEMPATH\View\View.php(231): CodeIgniter\View\View->CodeIgniter\View\{closure}()
 4 SYSTEMPATH\Common.php(1178): CodeIgniter\View\View->render('admin/History', [], true)
 5 APPPATH\Controllers\HistoryControllers.php(20): view('admin/History', [...])
 6 SYSTEMPATH\CodeIgniter.php(941): App\Controllers\HistoryControllers->index()
 7 SYSTEMPATH\CodeIgniter.php(502): CodeIgniter\CodeIgniter->runController(Object(App\Controllers\HistoryControllers))
 8 SYSTEMPATH\CodeIgniter.php(361): CodeIgniter\CodeIgniter->handleRequest(null, Object(Config\Cache), false)
 9 FCPATH\index.php(79): CodeIgniter\CodeIgniter->run()
10 SYSTEMPATH\Commands\Server\rewrite.php(47): require_once('H:\\ACA\\K TO P\\project\\public\\index.php')
CRITICAL - 2024-02-06 06:35:47 --> CodeIgniter\Database\Exceptions\DataException: Allowed fields must be specified for model: "App\Models\Drivermodel"
in SYSTEMPATH\Model.php on line 766.
 1 SYSTEMPATH\Model.php(766): CodeIgniter\Database\Exceptions\DataException::forInvalidAllowedFields('App\\Models\\Drivermodel')
 2 SYSTEMPATH\BaseModel.php(783): CodeIgniter\Model->doProtectFieldsForInsert([...])
 3 SYSTEMPATH\Model.php(744): CodeIgniter\BaseModel->insert([...], true)
 4 APPPATH\Controllers\Driver.php(31): CodeIgniter\Model->insert([...])
 5 SYSTEMPATH\CodeIgniter.php(941): App\Controllers\Driver->simpan_driver()
 6 SYSTEMPATH\CodeIgniter.php(502): CodeIgniter\CodeIgniter->runController(Object(App\Controllers\Driver))
 7 SYSTEMPATH\CodeIgniter.php(361): CodeIgniter\CodeIgniter->handleRequest(null, Object(Config\Cache), false)
 8 FCPATH\index.php(79): CodeIgniter\CodeIgniter->run()
 9 SYSTEMPATH\Commands\Server\rewrite.php(47): require_once('H:\\ACA\\K TO P\\project\\public\\index.php')
CRITICAL - 2024-02-06 06:39:41 --> CodeIgniter\Database\Exceptions\DataException: Allowed fields must be specified for model: "App\Models\Drivermodel"
in SYSTEMPATH\Model.php on line 766.
 1 SYSTEMPATH\Model.php(766): CodeIgniter\Database\Exceptions\DataException::forInvalidAllowedFields('App\\Models\\Drivermodel')
 2 SYSTEMPATH\BaseModel.php(783): CodeIgniter\Model->doProtectFieldsForInsert([...])
 3 SYSTEMPATH\Model.php(744): CodeIgniter\BaseModel->insert([...], true)
 4 APPPATH\Controllers\Driver.php(31): CodeIgniter\Model->insert([...])
 5 SYSTEMPATH\CodeIgniter.php(941): App\Controllers\Driver->simpan_driver()
 6 SYSTEMPATH\CodeIgniter.php(502): CodeIgniter\CodeIgniter->runController(Object(App\Controllers\Driver))
 7 SYSTEMPATH\CodeIgniter.php(361): CodeIgniter\CodeIgniter->handleRequest(null, Object(Config\Cache), false)
 8 FCPATH\index.php(79): CodeIgniter\CodeIgniter->run()
 9 SYSTEMPATH\Commands\Server\rewrite.php(47): require_once('H:\\ACA\\K TO P\\project\\public\\index.php')
CRITICAL - 2024-02-06 06:41:26 --> CodeIgniter\Database\Exceptions\DataException: Allowed fields must be specified for model: "App\Models\Drivermodel"
in SYSTEMPATH\Model.php on line 766.
 1 SYSTEMPATH\Model.php(766): CodeIgniter\Database\Exceptions\DataException::forInvalidAllowedFields('App\\Models\\Drivermodel')
 2 SYSTEMPATH\BaseModel.php(783): CodeIgniter\Model->doProtectFieldsForInsert([...])
 3 SYSTEMPATH\Model.php(744): CodeIgniter\BaseModel->insert([...], true)
 4 APPPATH\Controllers\Driver.php(31): CodeIgniter\Model->insert([...])
 5 SYSTEMPATH\CodeIgniter.php(941): App\Controllers\Driver->simpan_driver()
 6 SYSTEMPATH\CodeIgniter.php(502): CodeIgniter\CodeIgniter->runController(Object(App\Controllers\Driver))
 7 SYSTEMPATH\CodeIgniter.php(361): CodeIgniter\CodeIgniter->handleRequest(null, Object(Config\Cache), false)
 8 FCPATH\index.php(79): CodeIgniter\CodeIgniter->run()
 9 SYSTEMPATH\Commands\Server\rewrite.php(47): require_once('H:\\ACA\\K TO P\\project\\public\\index.php')
CRITICAL - 2024-02-06 06:41:36 --> CodeIgniter\Database\Exceptions\DataException: Allowed fields must be specified for model: "App\Models\Drivermodel"
in SYSTEMPATH\Model.php on line 766.
 1 SYSTEMPATH\Model.php(766): CodeIgniter\Database\Exceptions\DataException::forInvalidAllowedFields('App\\Models\\Drivermodel')
 2 SYSTEMPATH\BaseModel.php(783): CodeIgniter\Model->doProtectFieldsForInsert([...])
 3 SYSTEMPATH\Model.php(744): CodeIgniter\BaseModel->insert([...], true)
 4 APPPATH\Controllers\Driver.php(31): CodeIgniter\Model->insert([...])
 5 SYSTEMPATH\CodeIgniter.php(941): App\Controllers\Driver->simpan_driver()
 6 SYSTEMPATH\CodeIgniter.php(502): CodeIgniter\CodeIgniter->runController(Object(App\Controllers\Driver))
 7 SYSTEMPATH\CodeIgniter.php(361): CodeIgniter\CodeIgniter->handleRequest(null, Object(Config\Cache), false)
 8 FCPATH\index.php(79): CodeIgniter\CodeIgniter->run()
 9 SYSTEMPATH\Commands\Server\rewrite.php(47): require_once('H:\\ACA\\K TO P\\project\\public\\index.php')
INFO - 2024-02-06 06:55:42 --> Session: Class initialized using 'CodeIgniter\Session\Handlers\FileHandler' driver.
INFO - 2024-02-06 06:57:30 --> Session: Class initialized using 'CodeIgniter\Session\Handlers\FileHandler' driver.
INFO - 2024-02-06 06:57:31 --> Session: Class initialized using 'CodeIgniter\Session\Handlers\FileHandler' driver.
INFO - 2024-02-06 06:57:31 --> Session: Class initialized using 'CodeIgniter\Session\Handlers\FileHandler' driver.
ERROR - 2024-02-06 07:26:15 --> mysqli_sql_exception: Unknown column 'nama' in 'field list' in H:\ACA\K TO P\project\system\Database\MySQLi\Connection.php:306
Stack trace:
#0 H:\ACA\K TO P\project\system\Database\MySQLi\Connection.php(306): mysqli->query('INSERT INTO `us...', 0)
#1 H:\ACA\K TO P\project\system\Database\BaseConnection.php(693): CodeIgniter\Database\MySQLi\Connection->execute('INSERT INTO `us...')
#2 H:\ACA\K TO P\project\system\Database\BaseConnection.php(607): CodeIgniter\Database\BaseConnection->simpleQuery('INSERT INTO `us...')
#3 H:\ACA\K TO P\project\system\Database\BaseBuilder.php(2307): CodeIgniter\Database\BaseConnection->query('INSERT INTO `us...', Array, false)
#4 H:\ACA\K TO P\project\system\Model.php(326): CodeIgniter\Database\BaseBuilder->insert()
#5 H:\ACA\K TO P\project\system\BaseModel.php(802): CodeIgniter\Model->doInsert(Array)
#6 H:\ACA\K TO P\project\system\Model.php(744): CodeIgniter\BaseModel->insert(Array, true)
#7 H:\ACA\K TO P\project\app\Controllers\Auth.php(61): CodeIgniter\Model->insert(Array)
#8 H:\ACA\K TO P\project\system\CodeIgniter.php(941): App\Controllers\Auth->simpanAkun()
#9 H:\ACA\K TO P\project\system\CodeIgniter.php(502): CodeIgniter\CodeIgniter->runController(Object(App\Controllers\Auth))
#10 H:\ACA\K TO P\project\system\CodeIgniter.php(361): CodeIgniter\CodeIgniter->handleRequest(NULL, Object(Config\Cache), false)
#11 H:\ACA\K TO P\project\public\index.php(79): CodeIgniter\CodeIgniter->run()
#12 H:\ACA\K TO P\project\system\Commands\Server\rewrite.php(47): require_once('H:\\ACA\\K TO P\\p...')
#13 {main}
CRITICAL - 2024-02-06 07:26:15 --> CodeIgniter\Database\Exceptions\DatabaseException: Unknown column 'nama' in 'field list'
in SYSTEMPATH\Database\BaseConnection.php on line 647.
 1 SYSTEMPATH\Database\BaseBuilder.php(2307): CodeIgniter\Database\BaseConnection->query('INSERT INTO `users` (`username`, `email`, `nama`, `telp`, `password`, `role`) VALUES (:username:, :email:, :nama:, :telp:, :password:, :role:)', [...], false)
 2 SYSTEMPATH\Model.php(326): CodeIgniter\Database\BaseBuilder->insert()
 3 SYSTEMPATH\BaseModel.php(802): CodeIgniter\Model->doInsert([...])
 4 SYSTEMPATH\Model.php(744): CodeIgniter\BaseModel->insert([...], true)
 5 APPPATH\Controllers\Auth.php(61): CodeIgniter\Model->insert([...])
 6 SYSTEMPATH\CodeIgniter.php(941): App\Controllers\Auth->simpanAkun()
 7 SYSTEMPATH\CodeIgniter.php(502): CodeIgniter\CodeIgniter->runController(Object(App\Controllers\Auth))
 8 SYSTEMPATH\CodeIgniter.php(361): CodeIgniter\CodeIgniter->handleRequest(null, Object(Config\Cache), false)
 9 FCPATH\index.php(79): CodeIgniter\CodeIgniter->run()
10 SYSTEMPATH\Commands\Server\rewrite.php(47): require_once('H:\\ACA\\K TO P\\project\\public\\index.php')
CRITICAL - 2024-02-06 07:26:15 --> [Caused by] CodeIgniter\Database\Exceptions\DatabaseException: Unknown column 'nama' in 'field list'
in SYSTEMPATH\Database\MySQLi\Connection.php on line 311.
 1 SYSTEMPATH\Database\BaseConnection.php(693): CodeIgniter\Database\MySQLi\Connection->execute('INSERT INTO `users` (`username`, `email`, `nama`, `telp`, `password`, `role`) VALUES (\'aca\', \'admin1@gmail.com\', \'aca\', \'085263684212\', \'$2y$10$yk4kn3kGydPWb9vE/UjOAuDojdmMNS6P3wD.wRHRq0m67UVjm7E1e\', \'admin\')')
 2 SYSTEMPATH\Database\BaseConnection.php(607): CodeIgniter\Database\BaseConnection->simpleQuery('INSERT INTO `users` (`username`, `email`, `nama`, `telp`, `password`, `role`) VALUES (\'aca\', \'admin1@gmail.com\', \'aca\', \'085263684212\', \'$2y$10$yk4kn3kGydPWb9vE/UjOAuDojdmMNS6P3wD.wRHRq0m67UVjm7E1e\', \'admin\')')
 3 SYSTEMPATH\Database\BaseBuilder.php(2307): CodeIgniter\Database\BaseConnection->query('INSERT INTO `users` (`username`, `email`, `nama`, `telp`, `password`, `role`) VALUES (:username:, :email:, :nama:, :telp:, :password:, :role:)', [...], false)
 4 SYSTEMPATH\Model.php(326): CodeIgniter\Database\BaseBuilder->insert()
 5 SYSTEMPATH\BaseModel.php(802): CodeIgniter\Model->doInsert([...])
 6 SYSTEMPATH\Model.php(744): CodeIgniter\BaseModel->insert([...], true)
 7 APPPATH\Controllers\Auth.php(61): CodeIgniter\Model->insert([...])
 8 SYSTEMPATH\CodeIgniter.php(941): App\Controllers\Auth->simpanAkun()
 9 SYSTEMPATH\CodeIgniter.php(502): CodeIgniter\CodeIgniter->runController(Object(App\Controllers\Auth))
10 SYSTEMPATH\CodeIgniter.php(361): CodeIgniter\CodeIgniter->handleRequest(null, Object(Config\Cache), false)
11 FCPATH\index.php(79): CodeIgniter\CodeIgniter->run()
12 SYSTEMPATH\Commands\Server\rewrite.php(47): require_once('H:\\ACA\\K TO P\\project\\public\\index.php')
CRITICAL - 2024-02-06 07:26:15 --> [Caused by] mysqli_sql_exception: Unknown column 'nama' in 'field list'
in SYSTEMPATH\Database\MySQLi\Connection.php on line 306.
 1 SYSTEMPATH\Database\MySQLi\Connection.php(306): mysqli->query('INSERT INTO `users` (`username`, `email`, `nama`, `telp`, `password`, `role`) VALUES (\'aca\', \'admin1@gmail.com\', \'aca\', \'085263684212\', \'$2y$10$yk4kn3kGydPWb9vE/UjOAuDojdmMNS6P3wD.wRHRq0m67UVjm7E1e\', \'admin\')', 0)
 2 SYSTEMPATH\Database\BaseConnection.php(693): CodeIgniter\Database\MySQLi\Connection->execute('INSERT INTO `users` (`username`, `email`, `nama`, `telp`, `password`, `role`) VALUES (\'aca\', \'admin1@gmail.com\', \'aca\', \'085263684212\', \'$2y$10$yk4kn3kGydPWb9vE/UjOAuDojdmMNS6P3wD.wRHRq0m67UVjm7E1e\', \'admin\')')
 3 SYSTEMPATH\Database\BaseConnection.php(607): CodeIgniter\Database\BaseConnection->simpleQuery('INSERT INTO `users` (`username`, `email`, `nama`, `telp`, `password`, `role`) VALUES (\'aca\', \'admin1@gmail.com\', \'aca\', \'085263684212\', \'$2y$10$yk4kn3kGydPWb9vE/UjOAuDojdmMNS6P3wD.wRHRq0m67UVjm7E1e\', \'admin\')')
 4 SYSTEMPATH\Database\BaseBuilder.php(2307): CodeIgniter\Database\BaseConnection->query('INSERT INTO `users` (`username`, `email`, `nama`, `telp`, `password`, `role`) VALUES (:username:, :email:, :nama:, :telp:, :password:, :role:)', [...], false)
 5 SYSTEMPATH\Model.php(326): CodeIgniter\Database\BaseBuilder->insert()
 6 SYSTEMPATH\BaseModel.php(802): CodeIgniter\Model->doInsert([...])
 7 SYSTEMPATH\Model.php(744): CodeIgniter\BaseModel->insert([...], true)
 8 APPPATH\Controllers\Auth.php(61): CodeIgniter\Model->insert([...])
 9 SYSTEMPATH\CodeIgniter.php(941): App\Controllers\Auth->simpanAkun()
10 SYSTEMPATH\CodeIgniter.php(502): CodeIgniter\CodeIgniter->runController(Object(App\Controllers\Auth))
11 SYSTEMPATH\CodeIgniter.php(361): CodeIgniter\CodeIgniter->handleRequest(null, Object(Config\Cache), false)
12 FCPATH\index.php(79): CodeIgniter\CodeIgniter->run()
13 SYSTEMPATH\Commands\Server\rewrite.php(47): require_once('H:\\ACA\\K TO P\\project\\public\\index.php')
ERROR - 2024-02-06 07:28:03 --> mysqli_sql_exception: Unknown column 'telp' in 'field list' in H:\ACA\K TO P\project\system\Database\MySQLi\Connection.php:306
Stack trace:
#0 H:\ACA\K TO P\project\system\Database\MySQLi\Connection.php(306): mysqli->query('INSERT INTO `us...', 0)
#1 H:\ACA\K TO P\project\system\Database\BaseConnection.php(693): CodeIgniter\Database\MySQLi\Connection->execute('INSERT INTO `us...')
#2 H:\ACA\K TO P\project\system\Database\BaseConnection.php(607): CodeIgniter\Database\BaseConnection->simpleQuery('INSERT INTO `us...')
#3 H:\ACA\K TO P\project\system\Database\BaseBuilder.php(2307): CodeIgniter\Database\BaseConnection->query('INSERT INTO `us...', Array, false)
#4 H:\ACA\K TO P\project\system\Model.php(326): CodeIgniter\Database\BaseBuilder->insert()
#5 H:\ACA\K TO P\project\system\BaseModel.php(802): CodeIgniter\Model->doInsert(Array)
#6 H:\ACA\K TO P\project\system\Model.php(744): CodeIgniter\BaseModel->insert(Array, true)
#7 H:\ACA\K TO P\project\app\Controllers\Auth.php(61): CodeIgniter\Model->insert(Array)
#8 H:\ACA\K TO P\project\system\CodeIgniter.php(941): App\Controllers\Auth->simpanAkun()
#9 H:\ACA\K TO P\project\system\CodeIgniter.php(502): CodeIgniter\CodeIgniter->runController(Object(App\Controllers\Auth))
#10 H:\ACA\K TO P\project\system\CodeIgniter.php(361): CodeIgniter\CodeIgniter->handleRequest(NULL, Object(Config\Cache), false)
#11 H:\ACA\K TO P\project\public\index.php(79): CodeIgniter\CodeIgniter->run()
#12 H:\ACA\K TO P\project\system\Commands\Server\rewrite.php(47): require_once('H:\\ACA\\K TO P\\p...')
#13 {main}
CRITICAL - 2024-02-06 07:28:03 --> CodeIgniter\Database\Exceptions\DatabaseException: Unknown column 'telp' in 'field list'
in SYSTEMPATH\Database\BaseConnection.php on line 647.
 1 SYSTEMPATH\Database\BaseBuilder.php(2307): CodeIgniter\Database\BaseConnection->query('INSERT INTO `users` (`username`, `email`, `nama`, `telp`, `password`, `role`) VALUES (:username:, :email:, :nama:, :telp:, :password:, :role:)', [...], false)
 2 SYSTEMPATH\Model.php(326): CodeIgniter\Database\BaseBuilder->insert()
 3 SYSTEMPATH\BaseModel.php(802): CodeIgniter\Model->doInsert([...])
 4 SYSTEMPATH\Model.php(744): CodeIgniter\BaseModel->insert([...], true)
 5 APPPATH\Controllers\Auth.php(61): CodeIgniter\Model->insert([...])
 6 SYSTEMPATH\CodeIgniter.php(941): App\Controllers\Auth->simpanAkun()
 7 SYSTEMPATH\CodeIgniter.php(502): CodeIgniter\CodeIgniter->runController(Object(App\Controllers\Auth))
 8 SYSTEMPATH\CodeIgniter.php(361): CodeIgniter\CodeIgniter->handleRequest(null, Object(Config\Cache), false)
 9 FCPATH\index.php(79): CodeIgniter\CodeIgniter->run()
10 SYSTEMPATH\Commands\Server\rewrite.php(47): require_once('H:\\ACA\\K TO P\\project\\public\\index.php')
CRITICAL - 2024-02-06 07:28:03 --> [Caused by] CodeIgniter\Database\Exceptions\DatabaseException: Unknown column 'telp' in 'field list'
in SYSTEMPATH\Database\MySQLi\Connection.php on line 311.
 1 SYSTEMPATH\Database\BaseConnection.php(693): CodeIgniter\Database\MySQLi\Connection->execute('INSERT INTO `users` (`username`, `email`, `nama`, `telp`, `password`, `role`) VALUES (\'aca\', \'admin1@gmail.com\', \'aca\', \'085263684212\', \'$2y$10$lSrMIpXkgjf6uF5LNxFLHObDqSx.fJveelZPM8xPyxXZXfbSBZPdi\', \'admin\')')
 2 SYSTEMPATH\Database\BaseConnection.php(607): CodeIgniter\Database\BaseConnection->simpleQuery('INSERT INTO `users` (`username`, `email`, `nama`, `telp`, `password`, `role`) VALUES (\'aca\', \'admin1@gmail.com\', \'aca\', \'085263684212\', \'$2y$10$lSrMIpXkgjf6uF5LNxFLHObDqSx.fJveelZPM8xPyxXZXfbSBZPdi\', \'admin\')')
 3 SYSTEMPATH\Database\BaseBuilder.php(2307): CodeIgniter\Database\BaseConnection->query('INSERT INTO `users` (`username`, `email`, `nama`, `telp`, `password`, `role`) VALUES (:username:, :email:, :nama:, :telp:, :password:, :role:)', [...], false)
 4 SYSTEMPATH\Model.php(326): CodeIgniter\Database\BaseBuilder->insert()
 5 SYSTEMPATH\BaseModel.php(802): CodeIgniter\Model->doInsert([...])
 6 SYSTEMPATH\Model.php(744): CodeIgniter\BaseModel->insert([...], true)
 7 APPPATH\Controllers\Auth.php(61): CodeIgniter\Model->insert([...])
 8 SYSTEMPATH\CodeIgniter.php(941): App\Controllers\Auth->simpanAkun()
 9 SYSTEMPATH\CodeIgniter.php(502): CodeIgniter\CodeIgniter->runController(Object(App\Controllers\Auth))
10 SYSTEMPATH\CodeIgniter.php(361): CodeIgniter\CodeIgniter->handleRequest(null, Object(Config\Cache), false)
11 FCPATH\index.php(79): CodeIgniter\CodeIgniter->run()
12 SYSTEMPATH\Commands\Server\rewrite.php(47): require_once('H:\\ACA\\K TO P\\project\\public\\index.php')
CRITICAL - 2024-02-06 07:28:03 --> [Caused by] mysqli_sql_exception: Unknown column 'telp' in 'field list'
in SYSTEMPATH\Database\MySQLi\Connection.php on line 306.
 1 SYSTEMPATH\Database\MySQLi\Connection.php(306): mysqli->query('INSERT INTO `users` (`username`, `email`, `nama`, `telp`, `password`, `role`) VALUES (\'aca\', \'admin1@gmail.com\', \'aca\', \'085263684212\', \'$2y$10$lSrMIpXkgjf6uF5LNxFLHObDqSx.fJveelZPM8xPyxXZXfbSBZPdi\', \'admin\')', 0)
 2 SYSTEMPATH\Database\BaseConnection.php(693): CodeIgniter\Database\MySQLi\Connection->execute('INSERT INTO `users` (`username`, `email`, `nama`, `telp`, `password`, `role`) VALUES (\'aca\', \'admin1@gmail.com\', \'aca\', \'085263684212\', \'$2y$10$lSrMIpXkgjf6uF5LNxFLHObDqSx.fJveelZPM8xPyxXZXfbSBZPdi\', \'admin\')')
 3 SYSTEMPATH\Database\BaseConnection.php(607): CodeIgniter\Database\BaseConnection->simpleQuery('INSERT INTO `users` (`username`, `email`, `nama`, `telp`, `password`, `role`) VALUES (\'aca\', \'admin1@gmail.com\', \'aca\', \'085263684212\', \'$2y$10$lSrMIpXkgjf6uF5LNxFLHObDqSx.fJveelZPM8xPyxXZXfbSBZPdi\', \'admin\')')
 4 SYSTEMPATH\Database\BaseBuilder.php(2307): CodeIgniter\Database\BaseConnection->query('INSERT INTO `users` (`username`, `email`, `nama`, `telp`, `password`, `role`) VALUES (:username:, :email:, :nama:, :telp:, :password:, :role:)', [...], false)
 5 SYSTEMPATH\Model.php(326): CodeIgniter\Database\BaseBuilder->insert()
 6 SYSTEMPATH\BaseModel.php(802): CodeIgniter\Model->doInsert([...])
 7 SYSTEMPATH\Model.php(744): CodeIgniter\BaseModel->insert([...], true)
 8 APPPATH\Controllers\Auth.php(61): CodeIgniter\Model->insert([...])
 9 SYSTEMPATH\CodeIgniter.php(941): App\Controllers\Auth->simpanAkun()
10 SYSTEMPATH\CodeIgniter.php(502): CodeIgniter\CodeIgniter->runController(Object(App\Controllers\Auth))
11 SYSTEMPATH\CodeIgniter.php(361): CodeIgniter\CodeIgniter->handleRequest(null, Object(Config\Cache), false)
12 FCPATH\index.php(79): CodeIgniter\CodeIgniter->run()
13 SYSTEMPATH\Commands\Server\rewrite.php(47): require_once('H:\\ACA\\K TO P\\project\\public\\index.php')
CRITICAL - 2024-02-06 07:28:19 --> ErrorException: Undefined array key "name"
in APPPATH\Views\admin\User.php on line 99.
 1 APPPATH\Views\admin\User.php(99): CodeIgniter\Debug\Exceptions->errorHandler(2, 'Undefined array key "name"', 'H:\\ACA\\K TO P\\project\\app\\Views\\admin\\User.php', 99)
 2 SYSTEMPATH\View\View.php(228): include('H:\\ACA\\K TO P\\project\\app\\Views\\admin\\User.php')
 3 SYSTEMPATH\View\View.php(231): CodeIgniter\View\View->CodeIgniter\View\{closure}()
 4 SYSTEMPATH\Common.php(1178): CodeIgniter\View\View->render('admin/User', [], true)
 5 APPPATH\Controllers\Auth.php(16): view('admin/User', [...])
 6 SYSTEMPATH\CodeIgniter.php(941): App\Controllers\Auth->index()
 7 SYSTEMPATH\CodeIgniter.php(502): CodeIgniter\CodeIgniter->runController(Object(App\Controllers\Auth))
 8 SYSTEMPATH\CodeIgniter.php(361): CodeIgniter\CodeIgniter->handleRequest(null, Object(Config\Cache), false)
 9 FCPATH\index.php(79): CodeIgniter\CodeIgniter->run()
10 SYSTEMPATH\Commands\Server\rewrite.php(47): require_once('H:\\ACA\\K TO P\\project\\public\\index.php')
INFO - 2024-02-06 07:29:52 --> Session: Class initialized using 'CodeIgniter\Session\Handlers\FileHandler' driver.
INFO - 2024-02-06 07:35:34 --> Session: Class initialized using 'CodeIgniter\Session\Handlers\FileHandler' driver.
INFO - 2024-02-06 07:41:08 --> Session: Class initialized using 'CodeIgniter\Session\Handlers\FileHandler' driver.
INFO - 2024-02-06 09:09:39 --> Session: Class initialized using 'CodeIgniter\Session\Handlers\FileHandler' driver.
INFO - 2024-02-06 09:15:30 --> Session: Class initialized using 'CodeIgniter\Session\Handlers\FileHandler' driver.
INFO - 2024-02-06 09:15:49 --> Session: Class initialized using 'CodeIgniter\Session\Handlers\FileHandler' driver.
INFO - 2024-02-06 09:17:05 --> Session: Class initialized using 'CodeIgniter\Session\Handlers\FileHandler' driver.
INFO - 2024-02-06 09:21:10 --> Session: Class initialized using 'CodeIgniter\Session\Handlers\FileHandler' driver.
INFO - 2024-02-06 09:21:22 --> Session: Class initialized using 'CodeIgniter\Session\Handlers\FileHandler' driver.
INFO - 2024-02-06 09:27:24 --> Session: Class initialized using 'CodeIgniter\Session\Handlers\FileHandler' driver.
CRITICAL - 2024-02-06 09:29:02 --> ErrorException: Undefined property: App\Controllers\Auth::$session
in APPPATH\Controllers\Auth.php on line 40.
 1 APPPATH\Controllers\Auth.php(40): CodeIgniter\Debug\Exceptions->errorHandler(2, 'Undefined property: App\\Controllers\\Auth::$session', 'H:\\ACA\\K TO P\\project\\app\\Controllers\\Auth.php', 40)
 2 SYSTEMPATH\CodeIgniter.php(941): App\Controllers\Auth->processLogin()
 3 SYSTEMPATH\CodeIgniter.php(502): CodeIgniter\CodeIgniter->runController(Object(App\Controllers\Auth))
 4 SYSTEMPATH\CodeIgniter.php(361): CodeIgniter\CodeIgniter->handleRequest(null, Object(Config\Cache), false)
 5 FCPATH\index.php(79): CodeIgniter\CodeIgniter->run()
 6 SYSTEMPATH\Commands\Server\rewrite.php(47): require_once('H:\\ACA\\K TO P\\project\\public\\index.php')
INFO - 2024-02-06 09:34:37 --> Session: Class initialized using 'CodeIgniter\Session\Handlers\FileHandler' driver.
INFO - 2024-02-06 09:34:39 --> Session: Class initialized using 'CodeIgniter\Session\Handlers\FileHandler' driver.
INFO - 2024-02-06 09:34:46 --> Session: Class initialized using 'CodeIgniter\Session\Handlers\FileHandler' driver.
INFO - 2024-02-06 09:34:49 --> Session: Class initialized using 'CodeIgniter\Session\Handlers\FileHandler' driver.
CRITICAL - 2024-02-06 09:35:28 --> ParseError: syntax error, unexpected token ","
in APPPATH\Controllers\Auth.php on line 40.
 1 SYSTEMPATH\Autoloader\Autoloader.php(288): CodeIgniter\Autoloader\Autoloader->includeFile('H:\\ACA\\K TO P\\project\\app\\Controllers\\Auth.php')
 2 SYSTEMPATH\Autoloader\Autoloader.php(266): CodeIgniter\Autoloader\Autoloader->loadInNamespace('App\\Controllers\\Auth')
 3 [internal function]: CodeIgniter\Autoloader\Autoloader->loadClass('App\\Controllers\\Auth')
 4 SYSTEMPATH\CodeIgniter.php(899): class_exists('\\App\\Controllers\\Auth', true)
 5 SYSTEMPATH\CodeIgniter.php(489): CodeIgniter\CodeIgniter->startController()
 6 SYSTEMPATH\CodeIgniter.php(361): CodeIgniter\CodeIgniter->handleRequest(null, Object(Config\Cache), false)
 7 FCPATH\index.php(79): CodeIgniter\CodeIgniter->run()
 8 SYSTEMPATH\Commands\Server\rewrite.php(47): require_once('H:\\ACA\\K TO P\\project\\public\\index.php')
INFO - 2024-02-06 09:35:56 --> Session: Class initialized using 'CodeIgniter\Session\Handlers\FileHandler' driver.
INFO - 2024-02-06 09:35:56 --> Session: Class initialized using 'CodeIgniter\Session\Handlers\FileHandler' driver.
INFO - 2024-02-06 09:37:21 --> Session: Class initialized using 'CodeIgniter\Session\Handlers\FileHandler' driver.
INFO - 2024-02-06 09:37:24 --> Session: Class initialized using 'CodeIgniter\Session\Handlers\FileHandler' driver.
INFO - 2024-02-06 09:37:28 --> Session: Class initialized using 'CodeIgniter\Session\Handlers\FileHandler' driver.
INFO - 2024-02-06 09:38:46 --> Session: Class initialized using 'CodeIgniter\Session\Handlers\FileHandler' driver.
INFO - 2024-02-06 09:39:55 --> Session: Class initialized using 'CodeIgniter\Session\Handlers\FileHandler' driver.
INFO - 2024-02-06 09:41:27 --> Session: Class initialized using 'CodeIgniter\Session\Handlers\FileHandler' driver.
INFO - 2024-02-06 09:41:27 --> Session: Class initialized using 'CodeIgniter\Session\Handlers\FileHandler' driver.
INFO - 2024-02-06 09:41:32 --> Session: Class initialized using 'CodeIgniter\Session\Handlers\FileHandler' driver.
INFO - 2024-02-06 09:41:32 --> Session: Class initialized using 'CodeIgniter\Session\Handlers\FileHandler' driver.
INFO - 2024-02-06 09:41:36 --> Session: Class initialized using 'CodeIgniter\Session\Handlers\FileHandler' driver.
INFO - 2024-02-06 09:41:36 --> Session: Class initialized using 'CodeIgniter\Session\Handlers\FileHandler' driver.
INFO - 2024-02-06 09:43:46 --> Session: Class initialized using 'CodeIgniter\Session\Handlers\FileHandler' driver.
INFO - 2024-02-06 09:43:50 --> Session: Class initialized using 'CodeIgniter\Session\Handlers\FileHandler' driver.
INFO - 2024-02-06 09:43:50 --> Session: Class initialized using 'CodeIgniter\Session\Handlers\FileHandler' driver.
INFO - 2024-02-06 09:45:46 --> Session: Class initialized using 'CodeIgniter\Session\Handlers\FileHandler' driver.
INFO - 2024-02-06 09:45:51 --> Session: Class initialized using 'CodeIgniter\Session\Handlers\FileHandler' driver.
INFO - 2024-02-06 09:45:51 --> Session: Class initialized using 'CodeIgniter\Session\Handlers\FileHandler' driver.
INFO - 2024-02-06 09:46:57 --> Session: Class initialized using 'CodeIgniter\Session\Handlers\FileHandler' driver.
INFO - 2024-02-06 09:47:01 --> Session: Class initialized using 'CodeIgniter\Session\Handlers\FileHandler' driver.
INFO - 2024-02-06 09:47:01 --> Session: Class initialized using 'CodeIgniter\Session\Handlers\FileHandler' driver.
INFO - 2024-02-06 09:47:24 --> Session: Class initialized using 'CodeIgniter\Session\Handlers\FileHandler' driver.
INFO - 2024-02-06 09:47:24 --> Session: Class initialized using 'CodeIgniter\Session\Handlers\FileHandler' driver.
INFO - 2024-02-06 09:48:31 --> Session: Class initialized using 'CodeIgniter\Session\Handlers\FileHandler' driver.
INFO - 2024-02-06 09:48:32 --> Session: Class initialized using 'CodeIgniter\Session\Handlers\FileHandler' driver.
INFO - 2024-02-06 09:51:20 --> Session: Class initialized using 'CodeIgniter\Session\Handlers\FileHandler' driver.
INFO - 2024-02-06 09:51:23 --> Session: Class initialized using 'CodeIgniter\Session\Handlers\FileHandler' driver.
INFO - 2024-02-06 09:51:23 --> Session: Class initialized using 'CodeIgniter\Session\Handlers\FileHandler' driver.
INFO - 2024-02-06 09:53:05 --> Session: Class initialized using 'CodeIgniter\Session\Handlers\FileHandler' driver.
INFO - 2024-02-06 09:53:23 --> Session: Class initialized using 'CodeIgniter\Session\Handlers\FileHandler' driver.
INFO - 2024-02-06 09:53:23 --> Session: Class initialized using 'CodeIgniter\Session\Handlers\FileHandler' driver.
INFO - 2024-02-06 09:53:39 --> Session: Class initialized using 'CodeIgniter\Session\Handlers\FileHandler' driver.
